000.000 =============================================================
000.000                     Station A                               
000.000 -------------------------------------------------------------
000.000 Protocol.lib, version 4.0, jiangyanjun0718@bupt.edu.cn
000.000 Channel: 8000 bps, 270 ms propagation delay, bit error rate 1.0E-004
000.000 Log file "F:\Code\20250418(network lab1)\Lab1-Windows-VS2017\Example\selective-A.log", TCP port 59144, debug mask 0x07
000.000 Station A is waiting for station B on TCP port 59144 ... Done.
000.964 New epoch: Tue May 06 13:11:51 2025
000.965 =================================================================
000.965 
000.965 Designed by Jiang Yanjun, build: Oct 28 2018  16:37:15
000.966 Send Queue Empty
000.966 Send DATA  0 43, ID 10000, Window  1, PHL Queue 0
001.048 Impose noise on received data, 1/664=1.5E-003
001.216 Send DATA  1 43, ID 10001, Window  2, PHL Queue 28
001.324 Impose noise on received data, 2/2872=7.0E-004
001.476 Send DATA  2 43, ID 10002, Window  3, PHL Queue 36
001.523 Receiver Error 1: Bad CRC checksum
001.523 Send NAK  43
001.756 Send DATA  3 43, ID 10003, Window  4, PHL Queue 18
001.803 Receiver Error 2: Bad CRC checksum
002.019 Send DATA  4 43, ID 10004, Window  5, PHL Queue 20
002.050 Recv DATA  2 43, ID 20002, Window  0  22
002.283 Send DATA  5 43, ID 10005, Window  6, PHL Queue 20
002.314 Recv DATA  3  0, ID 20003, Window  0  22
002.533 Send DATA  6 43, ID 10006, Window  6, PHL Queue 48
002.580 Recv DATA  4  1, ID 20004, Window  0  22
002.798 Send DATA  7 43, ID 10007, Window  6, PHL Queue 46
002.844 Recv DATA  0  2, ID 20000, Window  0  22
003.080 Send DATA  8  0, ID 10008, Window  6, PHL Queue 10
003.110 Recv DATA  5  3, ID 20005, Window  1  23
003.111 Send NAK   0
003.111 Send Half ACK 2 3 4 5
003.360 Send Queue Empty
003.360 Send DATA  9  0, ID 10009, Window  6, PHL Queue 0
003.392 Recv DATA  6  4, ID 20006, Window  1  23
003.608 Send DATA 10  0, ID 10010, Window  6, PHL Queue 32
003.638 Recv DATA  7  5, ID 20007, Window  1  23
003.871 Recv DATA  8  6, ID 20008, Window  1  23
003.871 Send DATA 11  0, ID 10011, Window  5, PHL Queue 34
003.948 Recv NAK   6
003.948 Send DATA  7  0, ID 10007, Window  5, PHL Queue 468
004.168 Recv DATA  9  6, ID 20009, Window  1  23
004.403 Send DATA 12  0, ID 10012, Window  6, PHL Queue 26
004.434 Recv DATA  1  6, ID 20001, Window  1  23
004.435 .... 2 packets received, 1284 bps, 16.06%, Err 2 (7.3e-005)
004.436 Send ACK   9
004.542 Impose noise on received data, 3/28488=1.1E-004
004.666 Send DATA 13  9, ID 10013, Window  7, PHL Queue 42
004.697 Recv DATA 10  6, ID 20010, Window 10  32
004.883 Impose noise on received data, 4/31344=1.3E-004
004.930 Send DATA 14 10, ID 10014, Window  8, PHL Queue 42
004.961 Receiver Error 3: Bad CRC checksum
004.962 Send NAK  10
005.054 Impose noise on received data, 5/32584=1.5E-004
005.222 Recv DATA 12  6, ID 20012, Window 11  33
005.223 Send Queue Empty
005.223 Send DATA 15 10, ID 10015, Window  9, PHL Queue 0
005.252 Recv ACK   8
005.484 Receiver Error 4: Bad CRC checksum
005.485 Send Queue Empty
005.485 Send DATA 16 10, ID 10016, Window  8, PHL Queue 2
005.546 Recv NAK   8
005.546 Send DATA  9 10, ID 10009, Window  8, PHL Queue 440
005.547 Recv Half ACK 10 12
005.749 Recv DATA 14  8, ID 20014, Window 11  33
005.996 Send DATA 17 10, ID 10017, Window  9, PHL Queue 36
006.027 Recv DATA 15  8, ID 20015, Window 11  33
006.273 Send DATA 18 10, ID 10018, Window 10, PHL Queue 10
006.303 Recv DATA 11  8, ID 20011, Window 11  33
006.304 Send ACK  12
006.536 Send DATA 19 12, ID 10019, Window 11, PHL Queue 26
006.567 Recv DATA 16  8, ID 20016, Window 13  35
006.568 Send NAK  12
006.568 Send Half ACK 14 15 16
006.569 Impose noise on received data, 6/44816=1.3E-004
006.801 Send DATA 20 12, ID 10020, Window 12, PHL Queue 44
006.831 Recv DATA 17  8, ID 20017, Window 13  35
006.862 Recv ACK  10
006.940 Timeout DATA 11, retransmit 0
006.940 Send DATA 11 12, ID 10011, Window 10, PHL Queue 294
007.094 Receiver Error 5: Bad CRC checksum
007.125 Recv NAK  10
007.125 Send DATA 11 12, ID 10011, Window 10, PHL Queue 514
007.126 Recv Half ACK 12 13 15 16 17
007.357 Recv DATA 19 10, ID 20019, Window 13  35
007.605 Send DATA 21 12, ID 10021, Window 11, PHL Queue 20
007.636 Recv DATA 20 10, ID 20020, Window 13  35
007.855 Send DATA 22 12, ID 10022, Window 12, PHL Queue 48
007.917 Recv DATA 13 10, ID 20013, Window 13  35
007.917 .... 14 packets received, 4297 bps, 53.72%, Err 6 (1.1e-004)
007.918 Send ACK  17
008.132 Send DATA 23 17, ID 10023, Window 13, PHL Queue 36
008.193 Recv DATA 21 10, ID 20021, Window 18  40
008.194 Send NAK  17
008.194 Send Half ACK 19 20 21
008.224 Recv ACK  13
008.410 Send DATA 24 17, ID 10024, Window 11, PHL Queue 28
008.457 Recv DATA 22 13, ID 20022, Window 18  40
008.581 Impose noise on received data, 7/60928=1.1E-004
008.672 Recv DATA 23 13, ID 20023, Window 18  40
008.674 Send DATA 25 17, ID 10025, Window 12, PHL Queue 28
008.719 Recv NAK  13
008.719 Send DATA 14 17, ID 10014, Window 12, PHL Queue 498
008.720 Recv Half ACK 15 16 17 18 19 20 21
008.981 Receiver Error 6: Bad CRC checksum
009.198 Send DATA 26 17, ID 10026, Window 13, PHL Queue 36
009.229 Recv DATA 25 13, ID 20025, Window 18  40
009.476 Send DATA 27 17, ID 10027, Window 14, PHL Queue 8
009.523 Recv DATA 18 13, ID 20018, Window 18  40
009.524 Send ACK  23
009.738 Recv DATA 26 13, ID 20026, Window 24   2
009.739 Send NAK  23
009.739 Send Half ACK 25 26
009.740 Send DATA 28 23, ID 10028, Window 15, PHL Queue 40
010.002 Send DATA 29 23, ID 10029, Window 16, PHL Queue 44
010.032 Recv DATA 27 13, ID 20027, Window 24   2
010.064 Recv ACK  25
010.126 Impose noise on received data, 8/73176=1.1E-004
010.269 Send DATA 30 23, ID 10030, Window  5, PHL Queue 38
010.301 Recv DATA 28 25, ID 20028, Window 24   2
010.545 Send DATA 31 23, ID 10031, Window  6, PHL Queue 14
010.576 Receiver Error 7: Bad CRC checksum
010.793 Send DATA 32 23, ID 10032, Window  7, PHL Queue 46
010.824 Recv DATA 24 27, ID 20024, Window 24   2
010.826 .... 25 packets received, 5345 bps, 66.81%, Err 8 (1.0e-004)
010.827 Send ACK  28
010.855 Recv NAK  27
010.855 Send DATA 28 28, ID 10028, Window  5, PHL Queue 520
011.116 Recv DATA 30 27, ID 20030, Window 29   7
011.116 Send NAK  28
011.117 Send Half ACK 30
011.348 Send DATA 33 28, ID 10033, Window  6, PHL Queue 22
011.380 Recv DATA 31 27, ID 20031, Window 29   7
011.608 Recv DATA 32 27, ID 20032, Window 29   7
011.609 Send DATA 34 28, ID 10034, Window  7, PHL Queue 28
011.886 Send Queue Empty
011.886 Send DATA 35 28, ID 10035, Window  8, PHL Queue 2
011.917 Recv DATA 33 27, ID 20033, Window 29   7
012.024 Impose noise on received data, 9/88472=1.0E-004
012.132 Send DATA 36 28, ID 10036, Window  9, PHL Queue 38
012.163 Recv DATA 34 27, ID 20034, Window 29   7
012.193 Recv ACK  30
012.393 Send DATA 37 28, ID 10037, Window  7, PHL Queue 44
012.454 Receiver Error 8: Bad CRC checksum
012.515 Recv NAK  30
012.515 Send DATA 31 28, ID 10031, Window  7, PHL Queue 390
012.516 Recv Half ACK 32 33
012.687 Recv DATA 35 30, ID 20035, Window 29   7
012.919 Send DATA 38 28, ID 10038, Window  8, PHL Queue 48
012.967 Recv DATA 36 30, ID 20036, Window 29   7
013.029 Impose noise on received data, 10/96512=1.0E-004
013.184 Send DATA 39 28, ID 10039, Window  9, PHL Queue 46
013.216 Recv DATA 37 30, ID 20037, Window 29   7
013.451 Send DATA 40 28, ID 10040, Window 10, PHL Queue 40
013.482 Receiver Error 9: Bad CRC checksum
013.717 Send DATA 41 28, ID 10041, Window 11, PHL Queue 36
013.749 Recv DATA 39 30, ID 20039, Window 29   7
013.779 Recv ACK  35
013.981 Send DATA 42 28, ID 10042, Window  7, PHL Queue 36
014.043 Recv DATA 40 35, ID 20040, Window 29   7
014.075 Recv NAK  35
014.075 Send DATA 36 28, ID 10036, Window  7, PHL Queue 438
014.076 Recv Half ACK 37 38
014.136 Impose noise on received data, 11/105368=1.0E-004
014.275 Recv DATA 41 35, ID 20041, Window 29   7
014.507 Send DATA 43 28, ID 10043, Window  8, PHL Queue 40
014.570 Receiver Error 10: Bad CRC checksum
014.772 Send DATA  0 28, ID 10044, Window  9, PHL Queue 38
014.835 Recv DATA 42 35, ID 20042, Window 29   7
015.036 Send DATA  1 28, ID 10045, Window 10, PHL Queue 38
015.113 Recv DATA 43 35, ID 20043, Window 29   7
015.316 Send DATA  2 28, ID 10046, Window 11, PHL Queue 6
015.379 Recv DATA  0 35, ID 20044, Window 29   7
015.567 Send DATA  3 28, ID 10047, Window 12, PHL Queue 32
015.613 Recv DATA  1 35, ID 20045, Window 29   7
015.848 Send Queue Empty
015.848 Send DATA  4 28, ID 10048, Window 13, PHL Queue 0
015.880 Recv DATA 29 35, ID 20029, Window 29   7
015.881 .... 30 packets received, 4198 bps, 52.48%, Err 11 (9.2e-005)
015.882 Send ACK  37
016.112 Send DATA  5 37, ID 10049, Window 14, PHL Queue 12
016.144 Recv DATA  2 35, ID 20046, Window 38  16
016.145 Send NAK  37
016.145 Send Half ACK 39 40 41 42 43 0 1 2
016.265 Timeout DATA 39, retransmit 1
016.266 Send DATA 39 37, ID 10039, Window 14, PHL Queue 264
016.297 Impose noise on received data, 12/122528=9.8E-005
016.420 Recv DATA  3 35, ID 20047, Window 38  16
016.637 Send DATA  6 37, ID 10050, Window 15, PHL Queue 48
016.668 Receiver Error 11: Bad CRC checksum
016.762 Impose noise on received data, 13/126376=1.0E-004
016.918 Send DATA  7 37, ID 10051, Window 16, PHL Queue 14
016.949 Recv DATA  5 35, ID 20049, Window 38  16
017.167 Send DATA  8 37, ID 10052, Window 17, PHL Queue 44
017.198 Receiver Error 12: Bad CRC checksum
017.443 Send DATA  9 37, ID 10053, Window 18, PHL Queue 20
017.473 Recv DATA 38 35, ID 20038, Window 38  16
017.474 Send ACK   3
017.552 Timeout DATA 36, retransmit 2
017.553 Send DATA 36  3, ID 10036, Window 18, PHL Queue 344
017.739 Recv DATA  7 35, ID 20051, Window  4  26
017.740 Send NAK   3
017.741 Send Half ACK 5 7
017.984 Send DATA 10  3, ID 10054, Window 19, PHL Queue 26
018.016 Recv DATA  8 35, ID 20052, Window  4  26
018.249 Send DATA 11  3, ID 10055, Window 20, PHL Queue 24
018.250 Recv DATA  9 35, ID 20053, Window  4  26
018.511 Send DATA 12  3, ID 10056, Window 21, PHL Queue 28
018.512 Recv DATA 10 35, ID 20054, Window  4  26
018.771 Recv DATA 11 35, ID 20055, Window  4  26
018.773 Send DATA 13  3, ID 10057, Window 22, PHL Queue 32
018.818 Recv ACK   0
019.050 Recv DATA  4  0, ID 20048, Window  4  26
019.051 .... 49 packets received, 5636 bps, 70.45%, Err 13 (9.0e-005)
019.052 Send ACK   5
019.052 Send DATA 14  5, ID 10058, Window 14, PHL Queue 16
019.082 Recv NAK   0
019.082 Send DATA  1  5, ID 10045, Window 14, PHL Queue 542
019.083 Recv Half ACK 2 3 4 6 7 8 9 10
019.143 Impose noise on received data, 14/145424=9.6E-005
019.317 Recv DATA 12  0, ID 20056, Window  6  28
019.318 Send NAK   5
019.318 Send Half ACK 7 8 9 10 11 12
019.424 Impose noise on received data, 15/147672=1.0E-004
019.592 Send DATA 15  5, ID 10059, Window 15, PHL Queue 18
019.623 Receiver Error 13: Bad CRC checksum
019.854 Receiver Error 14: Bad CRC checksum
019.856 Send DATA 16  5, ID 10060, Window 16, PHL Queue 18
020.117 Recv DATA 15  0, ID 20059, Window  6  28
020.117 Send DATA 17  5, ID 10061, Window 17, PHL Queue 24
020.384 Recv DATA  6  0, ID 20050, Window  6  28
020.385 Send ACK  12
020.385 Send DATA 18 12, ID 10062, Window 18, PHL Queue 30
020.415 Recv ACK   4
020.523 Impose noise on received data, 16/156464=1.0E-004
020.649 Send DATA 19 12, ID 10063, Window 15, PHL Queue 30
020.679 Recv DATA  6  4, ID 20050, Window 13  35
020.680 Discard DATA  6, out of receiving window
020.741 Recv NAK   4
020.741 Send DATA  5 12, ID 10049, Window 15, PHL Queue 404
020.742 Recv Half ACK 6 7 8 9 10 11 12 13 14 15
020.944 Receiver Error 15: Bad CRC checksum
020.944 Send NAK  12
020.944 Send Half ACK 15
021.176 Send DATA 20 12, ID 10064, Window 16, PHL Queue 48
021.207 Recv DATA 17  4, ID 20061, Window 13  35
021.441 Send DATA 21 12, ID 10065, Window 17, PHL Queue 46
021.472 Recv DATA 18  4, ID 20062, Window 13  35
021.707 Send DATA 22 12, ID 10066, Window 18, PHL Queue 42
021.737 Recv DATA 19  4, ID 20063, Window 13  35
021.973 Send DATA 23 12, ID 10067, Window 19, PHL Queue 38
022.004 Recv DATA 20  4, ID 20064, Window 13  35
022.036 Recv ACK  19
022.235 Send DATA 24 12, ID 10068, Window  5, PHL Queue 42
022.267 Recv DATA 13 19, ID 20057, Window 13  35
022.268 .... 58 packets received, 5650 bps, 70.63%, Err 16 (9.4e-005)
022.499 Send DATA 25 13, ID 10069, Window  6, PHL Queue 42
022.531 Recv DATA 21 20, ID 20065, Window 14  36
022.532 Send NAK  13
022.532 Send Half ACK 15 17 18 19 20 21
022.749 Impose noise on received data, 17/174272=9.8E-005
022.780 Send DATA 26 13, ID 10070, Window  6, PHL Queue 34
022.811 Recv DATA 22 21, ID 20066, Window 14  36
023.046 Send DATA 27 13, ID 10071, Window  6, PHL Queue 30
023.077 Receiver Error 16: Bad CRC checksum
023.107 Recv NAK  22
023.107 Send DATA 23 13, ID 10067, Window  6, PHL Queue 496
023.184 Impose noise on received data, 18/177752=1.0E-004
023.338 Recv DATA 24 22, ID 20068, Window 14  36
023.573 Send DATA 28 13, ID 10072, Window  6, PHL Queue 32
023.604 Receiver Error 17: Bad CRC checksum
023.853 Send Queue Empty
023.853 Send DATA 29 13, ID 10073, Window  7, PHL Queue 0
023.885 Recv DATA 14 22, ID 20058, Window 14  36
023.886 Send ACK  15
024.054 Impose noise on received data, 19/184712=1.0E-004
024.115 Recv DATA 16 22, ID 20060, Window 16  38
024.116 Send ACK  22
024.116 Send DATA 30 22, ID 10074, Window  8, PHL Queue 30
024.378 Send DATA 31 22, ID 10075, Window  9, PHL Queue 34
024.409 Receiver Error 18: Bad CRC checksum
024.409 Send NAK  22
024.409 Send Half ACK 24
024.441 Recv ACK  24
024.646 Recv DATA 27 24, ID 20071, Window 23   1
024.647 Send DATA 32 22, ID 10076, Window  8, PHL Queue 40
024.677 Recv NAK  24
024.677 Send DATA 25 22, ID 10069, Window  8, PHL Queue 568
024.678 Recv Half ACK 26 27 28
024.940 Recv DATA 28 24, ID 20072, Window 23   1
025.186 Send DATA 33 22, ID 10077, Window  9, PHL Queue 18
025.217 Recv DATA 29 24, ID 20073, Window 23   1
025.436 Send DATA 34 22, ID 10078, Window 10, PHL Queue 46
025.466 Recv DATA 30 24, ID 20074, Window 23   1
025.701 Send DATA 35 22, ID 10079, Window 11, PHL Queue 44
025.732 Recv DATA 23 24, ID 20067, Window 23   1
025.733 .... 68 packets received, 5687 bps, 71.09%, Err 19 (9.6e-005)
025.735 Send ACK  24
025.981 Send DATA 36 24, ID 10080, Window 12, PHL Queue 26
025.982 Recv DATA 31 24, ID 20075, Window 25   3
025.982 Send NAK  24
025.983 Send Half ACK 27 28 29 30 31
026.013 Recv ACK  28
026.260 Send DATA 37 24, ID 10081, Window  9, PHL Queue 20
026.291 Recv DATA 32 28, ID 20076, Window 25   3
026.322 Recv NAK  28
026.322 Send DATA 29 24, ID 10073, Window  9, PHL Queue 484
026.323 Recv Half ACK 30 31 32
026.522 Recv DATA 33 28, ID 20077, Window 25   3
026.722 Impose noise on received data, 20/206056=9.7E-005
026.784 Recv DATA 34 28, ID 20078, Window 25   3
026.785 Send DATA 38 24, ID 10082, Window 10, PHL Queue 26
027.047 Receiver Error 19: Bad CRC checksum
027.047 Send DATA 39 24, ID 10083, Window 11, PHL Queue 30
027.202 Impose noise on received data, 21/209896=1.0E-004
027.310 Recv DATA 25 28, ID 20069, Window 25   3
027.311 Send DATA 40 25, ID 10084, Window 12, PHL Queue 30
027.482 Impose noise on received data, 22/212136=1.0E-004
027.576 Receiver Error 20: Bad CRC checksum
027.576 Send NAK  25
027.576 Send Half ACK 27 28 29 30 31 32 33 34
027.607 Recv ACK  32
027.607 Send Queue Empty
027.607 Send DATA 41 25, ID 10085, Window  9, PHL Queue 0
027.700 Impose noise on received data, 23/213880=1.1E-004
027.840 Receiver Error 21: Bad CRC checksum
027.857 Send DATA 42 25, ID 10086, Window 10, PHL Queue 24
027.888 Recv NAK  32
027.888 Send DATA 33 25, ID 10077, Window 10, PHL Queue 548
027.889 Recv Half ACK 34 35 36 37 38
028.152 Recv DATA 37 32, ID 20081, Window 26   4
028.385 Recv DATA 38 32, ID 20082, Window 26   4
028.385 Send DATA 43 25, ID 10087, Window 11, PHL Queue 24
028.647 Send DATA  0 25, ID 10088, Window 12, PHL Queue 28
028.678 Recv DATA 26 32, ID 20070, Window 26   4
028.678 .... 71 packets received, 5300 bps, 66.26%, Err 23 (1.0e-004)
028.679 Send ACK  34
028.910 Send DATA  1 34, ID 10089, Window 13, PHL Queue 44
028.941 Recv DATA 39 32, ID 20083, Window 35  13
028.942 Send NAK  34
028.942 Send Half ACK 37 38 39
029.188 Send DATA  2 34, ID 10090, Window 14, PHL Queue 36
029.217 Recv DATA 40 32, ID 20084, Window 35  13
029.467 Recv DATA 41 32, ID 20085, Window 35  13
029.468 Send DATA  3 34, ID 10091, Window 15, PHL Queue 4
029.716 Send DATA  4 34, ID 10092, Window 16, PHL Queue 36
029.747 Recv DATA 42 32, ID 20086, Window 35  13
029.902 Impose noise on received data, 24/231496=1.0E-004
029.978 Recv DATA 43 32, ID 20087, Window 35  13
029.979 Send DATA  5 34, ID 10093, Window 17, PHL Queue 38
030.118 Timeout DATA 39, retransmit 3
030.118 Send DATA 39 34, ID 10083, Window 17, PHL Queue 288
030.242 Receiver Error 22: Bad CRC checksum
030.507 Send DATA  6 34, ID 10094, Window 18, PHL Queue 38
030.508 Recv DATA  0 32, ID 20088, Window 35  13
030.757 Recv DATA  1 32, ID 20089, Window 35  13
030.789 Send Queue Empty
030.789 Send DATA  7 34, ID 10095, Window 19, PHL Queue 2
030.990 Impose noise on received data, 25/240200=1.0E-004
031.037 Send DATA  8 34, ID 10096, Window 20, PHL Queue 34
031.068 Recv DATA 36 32, ID 20080, Window 35  13
031.240 Impose noise on received data, 26/242200=1.1E-004
031.304 Receiver Error 23: Bad CRC checksum
031.304 Send DATA  9 34, ID 10097, Window 21, PHL Queue 28
031.490 Timeout DATA 33, retransmit 4
031.490 Send DATA 33 34, ID 10077, Window 21, PHL Queue 184
031.567 Receiver Error 24: Bad CRC checksum
031.829 Send DATA 10 34, ID 10098, Window 22, PHL Queue 34
031.830 Recv DATA  4 32, ID 20092, Window 35  13
032.030 Impose noise on received data, 27/248520=1.1E-004
032.107 Send DATA 40 34, ID 10084, Window 22, PHL Queue 6
032.108 Rexmit  DATA 40 (Channel IDLE)
032.109 Recv DATA  5 32, ID 20093, Window 35  13
032.153 Impose noise on received data, 28/249408=1.1E-004
032.353 Send DATA 41 34, ID 10085, Window 22, PHL Queue 42
032.354 Rexmit  DATA 41 (Channel IDLE)
032.384 Receiver Error 25: Bad CRC checksum
032.626 Receiver Error 26: Bad CRC checksum
032.626 Send DATA 42 34, ID 10086, Window 22, PHL Queue 24
032.627 Rexmit  DATA 42 (Channel IDLE)
032.658 Recv ACK   0
032.658 Impose noise on received data, 29/253424=1.1E-004
032.871 Recv DATA  8  0, ID 20096, Window 35  13
032.903 Send Queue Empty
032.903 Send DATA 11 34, ID 10099, Window 11, PHL Queue 0
032.934 Receiver Error 27: Bad CRC checksum
033.162 Send DATA 12 34, ID 10100, Window 12, PHL Queue 8
033.164 Recv DATA  9  0, ID 20097, Window 35  13
033.317 Impose noise on received data, 30/258816=1.2E-004
033.411 Send DATA 13 34, ID 10101, Window 13, PHL Queue 38
033.441 Recv DATA 10  0, ID 20098, Window 35  13
033.674 Send DATA 14 34, ID 10102, Window 14, PHL Queue 40
033.704 Receiver Error 28: Bad CRC checksum
033.736 Recv ACK   0
033.953 Send DATA 15 34, ID 10103, Window 15, PHL Queue 10
033.985 Recv DATA 11  0, ID 20099, Window 35  13
034.217 Send DATA 16 34, ID 10104, Window 16, PHL Queue 10
034.219 Recv DATA 12  0, ID 20100, Window 35  13
034.464 Send DATA 17 34, ID 10105, Window 17, PHL Queue 44
034.511 Recv DATA 40  0, ID 20084, Window 35  13
034.512 Discard DATA 40, duplicated data
034.743 Send DATA 18 34, ID 10106, Window 18, PHL Queue 14
034.774 Recv DATA 41  0, ID 20085, Window 35  13
034.775 Discard DATA 41, duplicated data
034.838 Impose noise on received data, 31/270984=1.1E-004
034.900 Timeout DATA 10, retransmit 5
034.901 Send DATA 10 34, ID 10098, Window 18, PHL Queue 228
035.008 Recv DATA 42  0, ID 20086, Window 35  13
035.008 Discard DATA 42, duplicated data
035.255 Send DATA 19 34, ID 10107, Window 19, PHL Queue 46
035.286 Receiver Error 29: Bad CRC checksum
035.427 Impose noise on received data, 32/275696=1.2E-004
035.533 Send DATA 20 34, ID 10108, Window 20, PHL Queue 18
035.564 Recv DATA 37  0, ID 20081, Window 35  13
035.565 Discard DATA 37, duplicated data
035.625 Timeout DATA 1, retransmit 6
035.625 Send DATA  1 34, ID 10089, Window 20, PHL Queue 362
035.808 Impose noise on received data, 33/278744=1.2E-004
035.870 Recv DATA 38  0, ID 20082, Window 35  13
035.871 Discard DATA 38, duplicated data
036.055 Send DATA 21 34, ID 10109, Window 21, PHL Queue 30
036.085 Recv DATA 39  0, ID 20083, Window 35  13
036.086 Discard DATA 39, duplicated data
036.317 Send DATA 22 34, ID 10110, Window 22, PHL Queue 34
036.347 Recv DATA  0  0, ID 20088, Window 35  13
036.348 Discard DATA  0, duplicated data
036.487 Impose noise on received data, 34/284176=1.2E-004
036.582 Send DATA  2 34, ID 10090, Window 22, PHL Queue 32
036.583 Rexmit  DATA  2 (Channel IDLE)
036.612 Recv DATA  1  0, ID 20089, Window 35  13
036.613 Discard DATA  1, duplicated data
036.861 Send Queue Empty
036.861 Send DATA  3 34, ID 10091, Window 22, PHL Queue 2
036.862 Rexmit  DATA  3 (Channel IDLE)
036.891 Recv DATA 36  0, ID 20080, Window 35  13
036.893 Discard DATA 36, duplicated data
037.108 Send DATA  4 34, ID 10092, Window 22, PHL Queue 36
037.109 Rexmit  DATA  4 (Channel IDLE)
037.139 Recv DATA 35  0, ID 20079, Window 35  13
037.139 .... 80 packets received, 4565 bps, 57.06%, Err 34 (1.2e-004)
037.141 Send ACK   1
037.400 Send Queue Empty
037.400 Send DATA  5  1, ID 10093, Window 22, PHL Queue 0
037.401 Rexmit  DATA  5 (Channel IDLE)
037.402 Recv DATA  2  0, ID 20090, Window  2  24
037.650 Send DATA  6  2, ID 10094, Window 22, PHL Queue 22
037.652 Rexmit  DATA  6 (Channel IDLE)
037.682 Recv DATA  3  0, ID 20091, Window  3  25
037.683 Send ACK   5
037.927 Send DATA  7  5, ID 10095, Window 22, PHL Queue 10
037.928 Rexmit  DATA  7 (Channel IDLE)
037.958 Recv DATA  4  0, ID 20092, Window  6  28
037.959 Discard DATA  4, out of receiving window
038.174 Send DATA  8  5, ID 10096, Window 22, PHL Queue 44
038.175 Rexmit  DATA  8 (Channel IDLE)
038.205 Recv DATA  5  0, ID 20093, Window  6  28
038.206 Discard DATA  5, out of receiving window
038.438 Send DATA  9  5, ID 10097, Window 22, PHL Queue 44
038.439 Rexmit  DATA  9 (Channel IDLE)
038.469 Recv DATA 13  0, ID 20101, Window  6  28
038.470 Send NAK   5
038.470 Send Half ACK 8 9 10 11 12 13
038.717 Send DATA 11  5, ID 10099, Window 22, PHL Queue 40
038.717 Rexmit  DATA 11 (Channel IDLE)
038.748 Recv DATA 14  0, ID 20102, Window  6  28
038.979 Recv DATA 15  0, ID 20103, Window  6  28
038.980 Send DATA 12  5, ID 10100, Window 22, PHL Queue 42
038.981 Rexmit  DATA 12 (Channel IDLE)
039.042 Timeout DATA 1, retransmit 7
039.042 Send DATA  1  5, ID 10089, Window 22, PHL Queue 446
039.245 Recv DATA 16  0, ID 20104, Window  6  28
039.507 Recv DATA 17  0, ID 20105, Window  6  28
039.509 Send DATA 13  5, ID 10101, Window 22, PHL Queue 40
039.510 Rexmit  DATA 13 (Channel IDLE)
039.754 Impose noise on received data, 35/310312=1.1E-004
039.785 Send DATA 14  5, ID 10102, Window 22, PHL Queue 16
039.786 Rexmit  DATA 14 (Channel IDLE)
039.786 Recv DATA  6  0, ID 20094, Window  6  28
039.787 .... 95 packets received, 5048 bps, 63.10%, Err 35 (1.1e-004)
040.033 Send DATA 15  6, ID 10103, Window 22, PHL Queue 48
040.034 Rexmit  DATA 15 (Channel IDLE)
040.065 Receiver Error 30: Bad CRC checksum
040.065 Send NAK   6
040.066 Send Half ACK 8 9 10 11 12 13 14 15 16 17
040.314 Send DATA 16  6, ID 10104, Window 22, PHL Queue 48
040.315 Rexmit  DATA 16 (Channel IDLE)
040.346 Recv DATA 19  0, ID 20107, Window  7  29
040.376 Recv ACK  12
040.591 Recv DATA 20 12, ID 20108, Window  7  29
040.592 Send DATA 23  6, ID 10111, Window 11, PHL Queue 22
040.622 Recv ACK  14
040.871 Recv DATA 21 14, ID 20109, Window  7  29
040.872 Send Queue Empty
040.872 Send DATA 24  6, ID 10112, Window 10, PHL Queue 0
041.106 Recv DATA 22 14, ID 20110, Window  7  29
041.107 Send DATA 25  6, ID 10113, Window 11, PHL Queue 46
041.137 Recv ACK  18
041.386 Send DATA 26  6, ID 10114, Window  8, PHL Queue 16
041.417 Recv DATA  7 18, ID 20095, Window  7  29
041.418 Send ACK  17
041.448 Recv NAK  18
041.448 Send DATA 19 17, ID 10107, Window  8, PHL Queue 494
041.450 Recv Half ACK 20 21 22
041.648 Recv DATA 23 18, ID 20111, Window 18  40
041.649 Send NAK  17
041.650 Send Half ACK 19 20 21 22 23
041.912 Recv DATA 24 18, ID 20112, Window 18  40
041.943 Send Queue Empty
041.943 Send DATA 27 17, ID 10115, Window  9, PHL Queue 0
042.193 Recv DATA 25 18, ID 20113, Window 18  40
042.196 Send DATA 28 17, ID 10116, Window 10, PHL Queue 18
042.441 Impose noise on received data, 36/331808=1.1E-004
042.471 Recv DATA 26 18, ID 20114, Window 18  40
042.472 Send Queue Empty
042.472 Send DATA 29 17, ID 10117, Window 11, PHL Queue 0
042.703 Recv DATA 27 18, ID 20115, Window 18  40
042.734 Send Queue Empty
042.734 Send DATA 30 17, ID 10118, Window 12, PHL Queue 0
042.968 Receiver Error 31: Bad CRC checksum
042.999 Send Queue Empty
042.999 Send DATA 31 17, ID 10119, Window 13, PHL Queue 0
043.247 Recv DATA 28 18, ID 20116, Window 18  40
043.248 Send DATA 32 17, ID 10120, Window 14, PHL Queue 26
043.509 Recv DATA 29 18, ID 20117, Window 18  40
043.510 Send DATA 33 17, ID 10121, Window 15, PHL Queue 30
043.647 Timeout DATA 23, retransmit 8
043.648 Send DATA 23 17, ID 10111, Window 15, PHL Queue 284
043.774 Recv DATA 30 18, ID 20118, Window 18  40
044.036 Recv DATA 31 18, ID 20119, Window 18  40
044.037 Send DATA 34 17, ID 10122, Window 16, PHL Queue 32
044.254 Impose noise on received data, 37/346312=1.1E-004
044.285 Recv DATA 32 18, ID 20120, Window 18  40
044.317 Send Queue Empty
044.317 Send DATA 35 17, ID 10123, Window 17, PHL Queue 0
044.549 Receiver Error 32: Bad CRC checksum
044.579 Send DATA 36 17, ID 10124, Window 18, PHL Queue 4
044.811 Recv DATA 34 18, ID 20122, Window 18  40
044.842 Send DATA 37 17, ID 10125, Window 19, PHL Queue 6
044.997 Timeout DATA 19, retransmit 9
044.998 Send DATA 19 17, ID 10107, Window 19, PHL Queue 224
045.107 Recv DATA 24 18, ID 20112, Window 18  40
045.109 Discard DATA 24, duplicated data
045.354 Recv DATA 35 18, ID 20123, Window 18  40
045.355 Send DATA 38 17, ID 10126, Window 20, PHL Queue 36
045.621 Recv DATA 36 18, ID 20124, Window 18  40
045.622 Send DATA 39 17, ID 10127, Window 21, PHL Queue 30
045.697 Impose noise on received data, 38/357856=1.1E-004
045.884 Recv DATA 37 18, ID 20125, Window 18  40
045.885 Send DATA 40 17, ID 10128, Window 22, PHL Queue 32
046.144 Send DATA 24 17, ID 10112, Window 22, PHL Queue 42
046.145 Rexmit  DATA 24 (Channel IDLE)
046.145 Receiver Error 33: Bad CRC checksum
046.189 Recv ACK  26
046.220 Impose noise on received data, 39/362040=1.1E-004
046.406 Recv DATA 18 26, ID 20106, Window 18  40
046.407 .... 107 packets received, 4852 bps, 60.65%, Err 39 (1.1e-004)
046.408 Send ACK  32
046.436 Send Queue Empty
046.436 Send DATA 41 32, ID 10129, Window 15, PHL Queue 0
046.467 Recv NAK  26
046.467 Send DATA 27 32, ID 10115, Window 15, PHL Queue 526
046.468 Recv Half ACK 28 29 30 31 32 33 34 35 37 38
046.701 Receiver Error 34: Bad CRC checksum
046.701 Send NAK  32
046.701 Send Half ACK 34 35 36 37
046.951 Send DATA 42 32, ID 10130, Window 16, PHL Queue 48
046.952 Impose noise on received data, 40/367888=1.1E-004
046.983 Recv DATA 25 26, ID 20113, Window 33  11
046.984 Discard DATA 25, out of receiving window
046.984 Impose noise on received data, 41/368152=1.1E-004
047.215 Receiver Error 35: Bad CRC checksum
047.215 Send DATA 43 32, ID 10131, Window 17, PHL Queue 48
047.480 Receiver Error 36: Bad CRC checksum
047.480 Send DATA  0 32, ID 10132, Window 18, PHL Queue 46
047.757 Send DATA  1 32, ID 10133, Window 19, PHL Queue 20
047.788 Recv DATA 41 26, ID 20129, Window 33  11
047.819 Recv ACK  35
048.004 Recv DATA 33 35, ID 20121, Window 33  11
048.004 Send ACK  37
048.035 Send DATA  2 37, ID 10134, Window 11, PHL Queue 6
048.066 Recv NAK  35
048.066 Send DATA 36 37, ID 10124, Window 11, PHL Queue 532
048.067 Recv Half ACK 37 38 39 40 41 42
048.296 Recv DATA 42 35, ID 20130, Window 38  16
048.298 Send NAK  37
048.298 Send Half ACK 41 42
048.558 Send DATA  3 37, ID 10135, Window 12, PHL Queue 34
048.562 Recv DATA 43 35, ID 20131, Window 38  16
048.822 Recv DATA  0 35, ID 20132, Window 38  16
048.823 Send DATA  4 37, ID 10136, Window 13, PHL Queue 32
049.086 Recv DATA  1 35, ID 20133, Window 38  16
049.088 Send DATA  5 37, ID 10137, Window 14, PHL Queue 30
049.348 Recv DATA  2 35, ID 20134, Window 38  16
049.349 Send DATA  6 37, ID 10138, Window 15, PHL Queue 36
049.378 Recv ACK  42
049.611 Recv DATA 38 42, ID 20126, Window 38  16
049.612 .... 127 packets received, 5378 bps, 67.22%, Err 41 (1.1e-004)
049.613 Send DATA  7 38, ID 10139, Window  9, PHL Queue 36
049.642 Recv NAK  42
049.642 Send DATA 43 38, ID 10131, Window  9, PHL Queue 564
049.643 Recv Half ACK 0 1 2 3
049.905 Recv DATA 39 42, ID 20127, Window 39  17
050.139 Send DATA  8 39, ID 10140, Window 10, PHL Queue 40
050.200 Recv DATA  3 42, ID 20135, Window 40  18
050.201 Send NAK  39
050.202 Send Half ACK 41 42 43 0 1 2 3
050.434 Send DATA  9 39, ID 10141, Window 11, PHL Queue 6
050.465 Recv DATA  4 42, ID 20136, Window 40  18
050.681 Send DATA 10 39, ID 10142, Window 12, PHL Queue 40
050.729 Recv DATA  5 42, ID 20137, Window 40  18
050.933 Impose noise on received data, 42/399616=1.1E-004
050.949 Send DATA 11 39, ID 10143, Window 13, PHL Queue 32
050.980 Recv DATA  6 42, ID 20138, Window 40  18
051.011 Recv ACK   5
051.213 Recv DATA  7  5, ID 20139, Window 40  18
051.215 Send DATA 12 39, ID 10144, Window  7, PHL Queue 28
051.243 Recv NAK   5
051.243 Send DATA  6 39, ID 10138, Window  7, PHL Queue 554
051.244 Recv Half ACK 8
051.524 Recv DATA 40  5, ID 20128, Window 40  18
051.524 Send ACK   7
051.742 Send DATA 13  7, ID 10145, Window  8, PHL Queue 44
051.788 Recv DATA  8  5, ID 20140, Window  8  30
051.790 .... 141 packets received, 5713 bps, 71.42%, Err 42 (1.0e-004)
052.005 Send DATA 14  8, ID 10146, Window  9, PHL Queue 46
052.037 Recv DATA  9  5, ID 20141, Window  9  31
052.270 Send DATA 15  9, ID 10147, Window 10, PHL Queue 44
052.300 Recv DATA 10  5, ID 20142, Window 10  32
052.534 Send DATA 16 10, ID 10148, Window 11, PHL Queue 44
052.564 Recv DATA 11  5, ID 20143, Window 11  33
052.689 Timeout DATA 7, retransmit 10
052.689 Send DATA  7 11, ID 10139, Window 11, PHL Queue 262
052.829 Recv DATA 12  6, ID 20144, Window 12  34
052.859 Recv NAK   6
052.859 Send DATA  7 12, ID 10139, Window 10, PHL Queue 508
052.861 Recv Half ACK 8 9 10 11 13
053.092 Recv DATA 13  6, ID 20145, Window 13  35
053.324 Send DATA 17 13, ID 10149, Window 11, PHL Queue 48
053.386 Recv DATA 14  6, ID 20146, Window 14  36
053.617 Send Queue Empty
053.617 Send DATA 18 14, ID 10150, Window 12, PHL Queue 0
053.648 Recv DATA 15  6, ID 20147, Window 15  37
053.864 Send DATA 19 15, ID 10151, Window 13, PHL Queue 24
053.895 Recv DATA 16  6, ID 20148, Window 16  38
053.896 .... 149 packets received, 5796 bps, 72.45%, Err 42 (9.9e-005)
053.926 Recv ACK  11
054.128 Send DATA 20 16, ID 10152, Window  9, PHL Queue 24
054.159 Recv DATA 17 11, ID 20149, Window 17  39
054.345 Impose noise on received data, 43/427040=1.0E-004
054.392 Send DATA 21 17, ID 10153, Window 10, PHL Queue 24
054.422 Recv DATA 18 11, ID 20150, Window 18  40
054.453 Recv NAK  11
054.453 Send DATA 12 18, ID 10144, Window 10, PHL Queue 490
054.454 Recv Half ACK 13 14 15 16 17
054.703 Receiver Error 37: Bad CRC checksum
054.703 Send NAK  18
054.919 Send DATA 22 18, ID 10154, Window 11, PHL Queue 40
054.967 Recv DATA 20 11, ID 20152, Window 19  41
055.185 Send DATA 23 18, ID 10155, Window 12, PHL Queue 36
055.245 Recv DATA 21 11, ID 20153, Window 19  41
055.448 Send DATA 24 18, ID 10156, Window 13, PHL Queue 38
055.508 Recv DATA 22 11, ID 20154, Window 19  41
055.509 Impose noise on received data, 44/436344=1.0E-004
055.720 Send DATA 25 18, ID 10157, Window 14, PHL Queue 22
055.798 Receiver Error 38: Bad CRC checksum
055.798 Recv ACK  17
055.980 Send DATA 26 18, ID 10158, Window  9, PHL Queue 30
056.058 Recv DATA 19 17, ID 20151, Window 19  41
056.059 .... 152 packets received, 5679 bps, 70.99%, Err 44 (1.0e-004)
056.060 Send ACK  22
056.088 Recv NAK  17
056.088 Send DATA 18 22, ID 10150, Window  9, PHL Queue 412
056.089 Recv Half ACK 20 22
056.301 Recv DATA 24 17, ID 20156, Window 23   1
056.301 Send NAK  22
056.302 Send Half ACK 24
056.519 Send DATA 27 22, ID 10159, Window 10, PHL Queue 38
056.565 Recv DATA 25 17, ID 20157, Window 23   1
056.781 Send DATA 28 22, ID 10160, Window 11, PHL Queue 42
056.827 Recv DATA 26 17, ID 20158, Window 23   1
056.933 Timeout DATA 19, retransmit 11
056.934 Send DATA 19 22, ID 10151, Window 11, PHL Queue 266
