000.000 =============================================================
000.000                     Station B                               
000.000 -------------------------------------------------------------
000.000 Protocol.lib, version 4.0, jiangyanjun0718@bupt.edu.cn
000.000 Channel: 8000 bps, 270 ms propagation delay, bit error rate 1.0E-04
000.000 Log file "F:\Code\20250418(network lab1)\Lab1-Windows-VS2017\debug\datalink-B.log", TCP port 59144, debug mask 0x00
000.000 Station B is connecting station A (TCP port 59144) ... Done.
000.622 New epoch: Tue May  6 22:50:58 2025
000.622 =================================================================
000.622 
000.622 SR-3, 构建时间: May  6 2025  22:50:05
004.339 .... 8 packets received, 4742 bps, 59.28%, Err 5 (1.7e-04)
007.532 .... 15 packets received, 4621 bps, 57.76%, Err 8 (1.5e-04)
010.480 .... 20 packets received, 4268 bps, 53.36%, Err 11 (1.4e-04)
013.640 .... 29 packets received, 4656 bps, 58.20%, Err 12 (1.2e-04)
016.842 .... 37 packets received, 4748 bps, 59.36%, Err 15 (1.2e-04)
018.940 .... 45 packets received, 5104 bps, 63.80%, Err 16 (1.1e-04)
024.747 .... 48 packets received, 4120 bps, 51.49%, Err 19 (9.9e-05)
026.879 .... 59 packets received, 4648 bps, 58.10%, Err 20 (9.5e-05)
030.071 .... 64 packets received, 4491 bps, 56.13%, Err 23 (9.8e-05)
034.305 .... 70 packets received, 4290 bps, 53.62%, Err 28 (1.0e-04)
036.962 .... 79 packets received, 4485 bps, 56.06%, Err 30 (1.0e-04)
039.636 .... 83 packets received, 4386 bps, 54.83%, Err 33 (1.1e-04)
042.280 .... 88 packets received, 4354 bps, 54.42%, Err 36 (1.1e-04)
044.653 .... 95 packets received, 4445 bps, 55.56%, Err 38 (1.1e-04)
046.811 .... 101 packets received, 4504 bps, 56.30%, Err 38 (1.0e-04)
049.982 .... 107 packets received, 4463 bps, 55.79%, Err 41 (1.0e-04)
052.110 .... 114 packets received, 4558 bps, 56.97%, Err 42 (1.0e-04)
057.924 .... 115 packets received, 4129 bps, 51.61%, Err 51 (1.1e-04)
062.410 .... 124 packets received, 4128 bps, 51.59%, Err 52 (1.1e-04)
065.396 .... 133 packets received, 4222 bps, 52.78%, Err 56 (1.1e-04)
068.531 .... 141 packets received, 4269 bps, 53.36%, Err 60 (1.1e-04)
070.633 .... 148 packets received, 4346 bps, 54.32%, Err 62 (1.1e-04)
072.784 .... 152 packets received, 4330 bps, 54.12%, Err 63 (1.1e-04)
075.143 .... 155 packets received, 4275 bps, 53.43%, Err 64 (1.1e-04)
077.240 .... 165 packets received, 4426 bps, 55.32%, Err 67 (1.1e-04)
081.235 .... 166 packets received, 4231 bps, 52.89%, Err 70 (1.1e-04)
083.360 .... 175 packets received, 4346 bps, 54.32%, Err 70 (1.1e-04)
086.821 .... 181 packets received, 4313 bps, 53.92%, Err 73 (1.1e-04)
088.954 .... 188 packets received, 4372 bps, 54.65%, Err 73 (1.0e-04)
091.053 .... 191 packets received, 4338 bps, 54.23%, Err 74 (1.0e-04)
093.215 .... 197 packets received, 4370 bps, 54.62%, Err 75 (1.0e-04)
095.591 .... 205 packets received, 4433 bps, 55.41%, Err 78 (1.0e-04)
098.768 .... 213 packets received, 4457 bps, 55.71%, Err 79 (1.0e-04)
100.858 .... 217 packets received, 4445 bps, 55.57%, Err 80 (1.0e-04)
107.483 .... 223 packets received, 4284 bps, 53.55%, Err 86 (1.0e-04)
109.629 .... 234 packets received, 4407 bps, 55.09%, Err 86 (9.9e-05)
111.737 .... 237 packets received, 4379 bps, 54.73%, Err 89 (1.0e-04)
113.868 .... 241 packets received, 4368 bps, 54.61%, Err 90 (9.9e-05)
116.255 .... 245 packets received, 4349 bps, 54.36%, Err 93 (1.0e-04)
121.334 .... 250 packets received, 4251 bps, 53.13%, Err 96 (9.9e-05)
123.386 .... 259 packets received, 4330 bps, 54.12%, Err 99 (1.0e-04)
126.054 .... 263 packets received, 4303 bps, 53.79%, Err 101 (1.0e-04)
128.173 .... 273 packets received, 4392 bps, 54.90%, Err 101 (9.9e-05)
130.313 .... 276 packets received, 4367 bps, 54.59%, Err 102 (9.8e-05)
133.237 .... 285 packets received, 4410 bps, 55.13%, Err 105 (9.9e-05)
136.937 .... 287 packets received, 4320 bps, 54.00%, Err 113 (1.0e-04)
139.334 .... 296 packets received, 4379 bps, 54.73%, Err 115 (1.0e-04)
141.419 .... 302 packets received, 4401 bps, 55.01%, Err 116 (1.0e-04)
143.528 .... 308 packets received, 4422 bps, 55.28%, Err 116 (1.0e-04)
145.945 .... 313 packets received, 4419 bps, 55.24%, Err 118 (1.0e-04)
148.056 .... 323 packets received, 4495 bps, 56.18%, Err 120 (1.0e-04)
151.509 .... 326 packets received, 4433 bps, 55.41%, Err 125 (1.0e-04)
153.614 .... 333 packets received, 4465 bps, 55.82%, Err 128 (1.0e-04)
155.728 .... 339 packets received, 4484 bps, 56.05%, Err 129 (1.0e-04)
157.845 .... 345 packets received, 4502 bps, 56.27%, Err 131 (1.0e-04)
159.976 .... 351 packets received, 4518 bps, 56.48%, Err 132 (1.0e-04)
165.577 .... 356 packets received, 4427 bps, 55.34%, Err 138 (1.0e-04)
169.808 .... 364 packets received, 4413 bps, 55.16%, Err 141 (1.0e-04)
171.971 .... 372 packets received, 4453 bps, 55.66%, Err 142 (1.0e-04)
176.957 .... 374 packets received, 4350 bps, 54.38%, Err 149 (1.1e-04)
180.663 .... 383 packets received, 4363 bps, 54.54%, Err 153 (1.1e-04)
183.363 .... 391 packets received, 4388 bps, 54.85%, Err 155 (1.1e-04)
185.485 .... 397 packets received, 4404 bps, 55.05%, Err 156 (1.1e-04)
191.026 .... 405 packets received, 4362 bps, 54.53%, Err 160 (1.1e-04)
195.537 .... 414 packets received, 4356 bps, 54.45%, Err 165 (1.1e-04)
197.940 .... 422 packets received, 4386 bps, 54.82%, Err 167 (1.1e-04)
200.564 .... 426 packets received, 4369 bps, 54.62%, Err 170 (1.1e-04)
202.715 .... 434 packets received, 4404 bps, 55.05%, Err 171 (1.1e-04)
205.605 .... 438 packets received, 4382 bps, 54.77%, Err 172 (1.0e-04)
208.232 .... 445 packets received, 4395 bps, 54.94%, Err 173 (1.0e-04)
211.438 .... 455 packets received, 4426 bps, 55.32%, Err 176 (1.0e-04)
213.521 .... 464 packets received, 4469 bps, 55.86%, Err 178 (1.0e-04)
215.910 .... 469 packets received, 4467 bps, 55.84%, Err 180 (1.0e-04)
218.570 .... 477 packets received, 4488 bps, 56.10%, Err 180 (1.0e-04)
220.735 .... 485 packets received, 4518 bps, 56.47%, Err 180 (1.0e-04)
222.815 .... 493 packets received, 4549 bps, 56.87%, Err 180 (1.0e-04)
224.920 .... 501 packets received, 4580 bps, 57.25%, Err 180 (1.0e-04)
227.292 .... 506 packets received, 4577 bps, 57.21%, Err 182 (1.0e-04)
229.420 .... 516 packets received, 4624 bps, 57.80%, Err 183 (1.0e-04)
231.809 .... 521 packets received, 4621 bps, 57.76%, Err 185 (1.0e-04)
234.685 .... 526 packets received, 4608 bps, 57.59%, Err 188 (1.0e-04)
236.846 .... 533 packets received, 4626 bps, 57.83%, Err 190 (1.0e-04)
238.954 .... 539 packets received, 4637 bps, 57.96%, Err 190 (1.0e-04)
242.193 .... 545 packets received, 4625 bps, 57.82%, Err 194 (1.0e-04)
244.310 .... 555 packets received, 4669 bps, 58.37%, Err 195 (1.0e-04)
250.103 .... 561 packets received, 4610 bps, 57.63%, Err 203 (1.0e-04)
253.054 .... 569 packets received, 4621 bps, 57.76%, Err 206 (1.0e-04)
255.435 .... 577 packets received, 4642 bps, 58.03%, Err 208 (1.0e-04)
259.131 .... 580 packets received, 4600 bps, 57.50%, Err 213 (1.0e-04)
261.271 .... 589 packets received, 4633 bps, 57.91%, Err 213 (1.0e-04)
263.435 .... 597 packets received, 4657 bps, 58.21%, Err 213 (1.0e-04)
265.520 .... 604 packets received, 4674 bps, 58.43%, Err 215 (1.0e-04)
267.627 .... 611 packets received, 4691 bps, 58.64%, Err 216 (1.0e-04)
269.792 .... 619 packets received, 4714 bps, 58.93%, Err 216 (1.0e-04)
272.135 .... 624 packets received, 4711 bps, 58.89%, Err 217 (1.0e-04)
279.842 .... 633 packets received, 4647 bps, 58.09%, Err 226 (1.0e-04)
284.618 .... 643 packets received, 4641 bps, 58.01%, Err 230 (1.0e-04)
288.315 .... 652 packets received, 4646 bps, 58.07%, Err 233 (1.0e-04)
290.448 .... 663 packets received, 4689 bps, 58.62%, Err 234 (1.0e-04)
293.103 .... 665 packets received, 4661 bps, 58.26%, Err 236 (1.0e-04)
295.485 .... 673 packets received, 4679 bps, 58.48%, Err 236 (1.0e-04)
298.932 .... 678 packets received, 4659 bps, 58.23%, Err 238 (1.0e-04)
301.845 .... 686 packets received, 4668 bps, 58.35%, Err 240 (1.0e-04)
303.985 .... 696 packets received, 4703 bps, 58.78%, Err 242 (1.0e-04)
306.902 .... 702 packets received, 4698 bps, 58.73%, Err 243 (9.9e-05)
309.850 .... 708 packets received, 4693 bps, 58.66%, Err 248 (1.0e-04)
312.757 .... 715 packets received, 4695 bps, 58.69%, Err 250 (1.0e-04)
314.832 .... 723 packets received, 4716 bps, 58.95%, Err 252 (1.0e-04)
319.880 .... 728 packets received, 4674 bps, 58.42%, Err 258 (1.0e-04)
322.001 .... 737 packets received, 4700 bps, 58.75%, Err 258 (1.0e-04)
324.937 .... 741 packets received, 4683 bps, 58.54%, Err 261 (1.0e-04)
327.048 .... 750 packets received, 4709 bps, 58.87%, Err 263 (1.0e-04)
329.141 .... 757 packets received, 4723 bps, 59.04%, Err 264 (1.0e-04)
331.784 .... 760 packets received, 4704 bps, 58.80%, Err 266 (1.0e-04)
333.904 .... 769 packets received, 4729 bps, 59.11%, Err 268 (1.0e-04)
336.819 .... 772 packets received, 4706 bps, 58.83%, Err 270 (1.0e-04)
338.969 .... 781 packets received, 4731 bps, 59.14%, Err 271 (1.0e-04)
342.952 .... 783 packets received, 4688 bps, 58.60%, Err 274 (1.0e-04)
346.662 .... 792 packets received, 4691 bps, 58.64%, Err 278 (1.0e-04)
348.785 .... 800 packets received, 4709 bps, 58.87%, Err 279 (1.0e-04)
353.808 .... 805 packets received, 4671 bps, 58.39%, Err 283 (1.0e-04)
357.527 .... 814 packets received, 4674 bps, 58.43%, Err 287 (1.0e-04)
359.647 .... 824 packets received, 4704 bps, 58.80%, Err 288 (1.0e-04)
362.291 .... 830 packets received, 4703 bps, 58.79%, Err 290 (1.0e-04)
364.399 .... 840 packets received, 4732 bps, 59.16%, Err 292 (1.0e-04)
366.568 .... 846 packets received, 4738 bps, 59.22%, Err 293 (1.0e-04)
368.969 .... 850 packets received, 4729 bps, 59.12%, Err 295 (1.0e-04)
371.359 .... 857 packets received, 4738 bps, 59.22%, Err 296 (1.0e-04)
376.625 .... 866 packets received, 4720 bps, 59.00%, Err 302 (1.0e-04)
379.030 .... 875 packets received, 4739 bps, 59.24%, Err 303 (1.0e-04)
384.047 .... 880 packets received, 4704 bps, 58.79%, Err 308 (1.0e-04)
386.169 .... 889 packets received, 4726 bps, 59.07%, Err 309 (1.0e-04)
389.068 .... 894 packets received, 4717 bps, 58.96%, Err 313 (1.0e-04)
391.990 .... 901 packets received, 4718 bps, 58.98%, Err 315 (1.0e-04)
394.120 .... 909 packets received, 4734 bps, 59.18%, Err 317 (1.0e-04)
396.273 .... 917 packets received, 4750 bps, 59.37%, Err 317 (1.0e-04)
398.382 .... 925 packets received, 4766 bps, 59.57%, Err 317 (1.0e-04)
400.499 .... 929 packets received, 4761 bps, 59.51%, Err 318 (9.9e-05)
402.660 .... 938 packets received, 4781 bps, 59.77%, Err 322 (1.0e-04)
406.329 .... 939 packets received, 4743 bps, 59.29%, Err 326 (1.0e-04)
408.469 .... 949 packets received, 4768 bps, 59.61%, Err 326 (1.0e-04)
410.584 .... 956 packets received, 4779 bps, 59.74%, Err 327 (1.0e-04)
412.735 .... 963 packets received, 4789 bps, 59.86%, Err 328 (9.9e-05)
417.731 .... 968 packets received, 4756 bps, 59.45%, Err 333 (1.0e-04)
420.674 .... 977 packets received, 4766 bps, 59.58%, Err 334 (9.9e-05)
422.793 .... 981 packets received, 4762 bps, 59.52%, Err 339 (1.0e-04)
426.518 .... 982 packets received, 4725 bps, 59.06%, Err 341 (1.0e-04)
429.686 .... 992 packets received, 4738 bps, 59.22%, Err 344 (1.0e-04)
431.813 .... 999 packets received, 4748 bps, 59.35%, Err 345 (1.0e-04)
433.931 .... 1008 packets received, 4767 bps, 59.59%, Err 346 (1.0e-04)
436.066 .... 1015 packets received, 4777 bps, 59.71%, Err 347 (1.0e-04)
440.034 .... 1016 packets received, 4738 bps, 59.23%, Err 353 (1.0e-04)
442.995 .... 1025 packets received, 4748 bps, 59.35%, Err 354 (1.0e-04)
445.096 .... 1032 packets received, 4758 bps, 59.47%, Err 356 (1.0e-04)
448.038 .... 1035 packets received, 4740 bps, 59.25%, Err 359 (1.0e-04)
450.161 .... 1041 packets received, 4745 bps, 59.32%, Err 360 (1.0e-04)
452.265 .... 1047 packets received, 4750 bps, 59.38%, Err 362 (1.0e-04)
454.378 .... 1054 packets received, 4760 bps, 59.50%, Err 364 (1.0e-04)
457.805 .... 1060 packets received, 4751 bps, 59.39%, Err 368 (1.0e-04)
460.967 .... 1064 packets received, 4736 bps, 59.20%, Err 370 (1.0e-04)
463.110 .... 1071 packets received, 4745 bps, 59.32%, Err 372 (1.0e-04)
466.017 .... 1077 packets received, 4742 bps, 59.28%, Err 376 (1.0e-04)
468.133 .... 1085 packets received, 4756 bps, 59.45%, Err 378 (1.0e-04)
470.262 .... 1090 packets received, 4756 bps, 59.45%, Err 378 (1.0e-04)
472.372 .... 1094 packets received, 4752 bps, 59.40%, Err 381 (1.0e-04)
474.774 .... 1098 packets received, 4745 bps, 59.32%, Err 382 (1.0e-04)
476.921 .... 1104 packets received, 4750 bps, 59.37%, Err 384 (1.0e-04)
479.006 .... 1111 packets received, 4759 bps, 59.49%, Err 385 (1.0e-04)
481.155 .... 1116 packets received, 4759 bps, 59.49%, Err 385 (1.0e-04)
483.778 .... 1121 packets received, 4754 bps, 59.43%, Err 386 (1.0e-04)
489.105 .... 1130 packets received, 4740 bps, 59.25%, Err 392 (1.0e-04)
491.745 .... 1139 packets received, 4752 bps, 59.40%, Err 395 (1.0e-04)
494.682 .... 1146 packets received, 4753 bps, 59.41%, Err 396 (1.0e-04)
497.300 .... 1152 packets received, 4753 bps, 59.41%, Err 397 (1.0e-04)
499.679 .... 1160 packets received, 4763 bps, 59.54%, Err 400 (1.0e-04)
502.347 .... 1167 packets received, 4766 bps, 59.58%, Err 402 (1.0e-04)
504.493 .... 1176 packets received, 4782 bps, 59.78%, Err 403 (1.0e-04)
507.639 .... 1180 packets received, 4769 bps, 59.61%, Err 406 (1.0e-04)
510.586 .... 1189 packets received, 4777 bps, 59.72%, Err 408 (1.0e-04)
513.506 .... 1198 packets received, 4786 bps, 59.83%, Err 412 (1.0e-04)
516.647 .... 1208 packets received, 4797 bps, 59.96%, Err 414 (1.0e-04)
518.782 .... 1218 packets received, 4817 bps, 60.21%, Err 415 (1.0e-04)
524.103 .... 1224 packets received, 4791 bps, 59.89%, Err 421 (1.0e-04)
526.221 .... 1233 packets received, 4807 bps, 60.08%, Err 421 (1.0e-04)
528.310 .... 1239 packets received, 4811 bps, 60.14%, Err 422 (1.0e-04)
530.446 .... 1245 packets received, 4815 bps, 60.19%, Err 424 (1.0e-04)
532.554 .... 1251 packets received, 4819 bps, 60.24%, Err 426 (1.0e-04)
538.695 .... 1252 packets received, 4768 bps, 59.60%, Err 432 (1.0e-04)
540.856 .... 1264 packets received, 4794 bps, 59.93%, Err 432 (1.0e-04)
543.751 .... 1271 packets received, 4795 bps, 59.94%, Err 435 (1.0e-04)
546.390 .... 1278 packets received, 4798 bps, 59.98%, Err 439 (1.0e-04)
549.841 .... 1286 packets received, 4798 bps, 59.97%, Err 440 (1.0e-04)
552.980 .... 1296 packets received, 4808 bps, 60.09%, Err 442 (1.0e-04)
555.118 .... 1305 packets received, 4822 bps, 60.28%, Err 445 (1.0e-04)
557.239 .... 1309 packets received, 4819 bps, 60.23%, Err 446 (1.0e-04)
560.425 .... 1315 packets received, 4813 bps, 60.16%, Err 450 (1.0e-04)
562.578 .... 1324 packets received, 4827 bps, 60.34%, Err 450 (1.0e-04)
564.934 .... 1328 packets received, 4822 bps, 60.27%, Err 451 (1.0e-04)
567.042 .... 1338 packets received, 4840 bps, 60.50%, Err 451 (1.0e-04)
569.159 .... 1346 packets received, 4851 bps, 60.64%, Err 452 (9.9e-05)
571.302 .... 1350 packets received, 4847 bps, 60.59%, Err 454 (9.9e-05)
575.040 .... 1351 packets received, 4819 bps, 60.24%, Err 460 (1.0e-04)
577.126 .... 1360 packets received, 4834 bps, 60.42%, Err 462 (1.0e-04)
579.257 .... 1368 packets received, 4844 bps, 60.55%, Err 463 (1.0e-04)
581.355 .... 1376 packets received, 4855 bps, 60.68%, Err 463 (1.0e-04)
583.476 .... 1380 packets received, 4851 bps, 60.64%, Err 466 (1.0e-04)
586.172 .... 1383 packets received, 4839 bps, 60.49%, Err 471 (1.0e-04)
588.280 .... 1392 packets received, 4853 bps, 60.67%, Err 471 (1.0e-04)
591.176 .... 1398 packets received, 4850 bps, 60.63%, Err 473 (1.0e-04)
593.855 .... 1407 packets received, 4859 bps, 60.74%, Err 475 (1.0e-04)
596.535 .... 1414 packets received, 4862 bps, 60.77%, Err 476 (1.0e-04)
599.665 .... 1420 packets received, 4857 bps, 60.71%, Err 478 (1.0e-04)
601.814 .... 1429 packets received, 4870 bps, 60.88%, Err 479 (1.0e-04)
603.891 .... 1435 packets received, 4874 bps, 60.92%, Err 482 (1.0e-04)
606.034 .... 1441 packets received, 4877 bps, 60.96%, Err 484 (1.0e-04)
609.224 .... 1447 packets received, 4871 bps, 60.89%, Err 486 (1.0e-04)
613.470 .... 1453 packets received, 4858 bps, 60.72%, Err 493 (1.0e-04)
615.839 .... 1462 packets received, 4869 bps, 60.86%, Err 493 (1.0e-04)
621.132 .... 1467 packets received, 4844 bps, 60.55%, Err 498 (1.0e-04)
623.264 .... 1476 packets received, 4857 bps, 60.71%, Err 498 (1.0e-04)
625.914 .... 1479 packets received, 4846 bps, 60.58%, Err 501 (1.0e-04)
628.571 .... 1487 packets received, 4852 bps, 60.65%, Err 504 (1.0e-04)
633.074 .... 1491 packets received, 4830 bps, 60.38%, Err 508 (1.0e-04)
635.224 .... 1502 packets received, 4849 bps, 60.62%, Err 509 (1.0e-04)
638.136 .... 1505 packets received, 4837 bps, 60.46%, Err 512 (1.0e-04)
640.245 .... 1514 packets received, 4850 bps, 60.62%, Err 512 (1.0e-04)
642.649 .... 1519 packets received, 4847 bps, 60.59%, Err 514 (1.0e-04)
645.304 .... 1526 packets received, 4850 bps, 60.62%, Err 516 (1.0e-04)
647.686 .... 1531 packets received, 4848 bps, 60.60%, Err 520 (1.0e-04)
650.056 .... 1535 packets received, 4843 bps, 60.53%, Err 521 (1.0e-04)
652.196 .... 1541 packets received, 4846 bps, 60.57%, Err 521 (1.0e-04)
654.308 .... 1545 packets received, 4842 bps, 60.53%, Err 523 (1.0e-04)
659.356 .... 1549 packets received, 4818 bps, 60.22%, Err 526 (1.0e-04)
662.517 .... 1560 packets received, 4829 bps, 60.36%, Err 529 (1.0e-04)
666.500 .... 1565 packets received, 4815 bps, 60.19%, Err 534 (1.0e-04)
669.416 .... 1574 packets received, 4822 bps, 60.27%, Err 537 (1.0e-04)
673.122 .... 1575 packets received, 4798 bps, 59.98%, Err 540 (1.0e-04)
675.248 .... 1586 packets received, 4817 bps, 60.21%, Err 543 (1.0e-04)
677.370 .... 1594 packets received, 4826 bps, 60.32%, Err 543 (1.0e-04)
679.459 .... 1602 packets received, 4835 bps, 60.44%, Err 543 (1.0e-04)
682.405 .... 1607 packets received, 4829 bps, 60.36%, Err 547 (1.0e-04)
684.758 .... 1618 packets received, 4845 bps, 60.57%, Err 547 (1.0e-04)
686.890 .... 1622 packets received, 4842 bps, 60.53%, Err 549 (1.0e-04)
689.519 .... 1627 packets received, 4839 bps, 60.48%, Err 551 (1.0e-04)
692.732 .... 1637 packets received, 4846 bps, 60.57%, Err 553 (1.0e-04)
695.883 .... 1647 packets received, 4853 bps, 60.67%, Err 557 (1.0e-04)
699.611 .... 1648 packets received, 4830 bps, 60.38%, Err 562 (1.0e-04)
701.726 .... 1657 packets received, 4842 bps, 60.53%, Err 564 (1.0e-04)
704.367 .... 1662 packets received, 4838 bps, 60.48%, Err 565 (1.0e-04)
707.567 .... 1672 packets received, 4846 bps, 60.57%, Err 567 (1.0e-04)
710.190 .... 1681 packets received, 4854 bps, 60.67%, Err 568 (1.0e-04)
713.415 .... 1688 packets received, 4852 bps, 60.65%, Err 573 (1.0e-04)
715.526 .... 1697 packets received, 4863 bps, 60.79%, Err 574 (1.0e-04)
718.977 .... 1701 packets received, 4851 bps, 60.64%, Err 577 (1.0e-04)
721.615 .... 1709 packets received, 4856 bps, 60.70%, Err 579 (1.0e-04)
723.706 .... 1719 packets received, 4871 bps, 60.88%, Err 579 (1.0e-04)
726.393 .... 1725 packets received, 4869 bps, 60.87%, Err 582 (1.0e-04)
728.495 .... 1736 packets received, 4886 bps, 61.08%, Err 582 (1.0e-04)
731.398 .... 1743 packets received, 4887 bps, 61.08%, Err 584 (1.0e-04)
733.529 .... 1753 packets received, 4900 bps, 61.25%, Err 584 (1.0e-04)
737.215 .... 1754 packets received, 4879 bps, 60.98%, Err 589 (1.0e-04)
739.371 .... 1763 packets received, 4889 bps, 61.12%, Err 592 (1.0e-04)
742.535 .... 1770 packets received, 4888 bps, 61.10%, Err 594 (1.0e-04)
745.438 .... 1779 packets received, 4893 bps, 61.17%, Err 597 (1.0e-04)
748.335 .... 1787 packets received, 4896 bps, 61.20%, Err 600 (1.0e-04)
750.474 .... 1794 packets received, 4901 bps, 61.27%, Err 601 (1.0e-04)
753.122 .... 1796 packets received, 4890 bps, 61.12%, Err 603 (1.0e-04)
758.458 .... 1806 packets received, 4882 bps, 61.03%, Err 611 (1.0e-04)
760.552 .... 1815 packets received, 4893 bps, 61.16%, Err 612 (1.0e-04)
762.692 .... 1820 packets received, 4893 bps, 61.16%, Err 613 (1.0e-04)
764.821 .... 1826 packets received, 4895 bps, 61.19%, Err 613 (1.0e-04)
768.245 .... 1832 packets received, 4889 bps, 61.12%, Err 615 (1.0e-04)
770.375 .... 1840 packets received, 4897 bps, 61.21%, Err 616 (1.0e-04)
772.506 .... 1844 packets received, 4894 bps, 61.18%, Err 618 (1.0e-04)
775.414 .... 1850 packets received, 4892 bps, 61.15%, Err 620 (1.0e-04)
778.062 .... 1856 packets received, 4891 bps, 61.14%, Err 622 (1.0e-04)
781.247 .... 1864 packets received, 4892 bps, 61.15%, Err 623 (1.0e-04)
783.340 .... 1870 packets received, 4895 bps, 61.18%, Err 626 (1.0e-04)
789.948 .... 1871 packets received, 4856 bps, 60.70%, Err 633 (1.0e-04)
792.073 .... 1883 packets received, 4874 bps, 60.93%, Err 634 (1.0e-04)
795.296 .... 1890 packets received, 4872 bps, 60.91%, Err 637 (1.0e-04)
797.391 .... 1900 packets received, 4885 bps, 61.07%, Err 637 (1.0e-04)
800.044 .... 1905 packets received, 4882 bps, 61.02%, Err 638 (1.0e-04)
802.426 .... 1916 packets received, 4896 bps, 61.19%, Err 639 (1.0e-04)
804.794 .... 1920 packets received, 4891 bps, 61.14%, Err 643 (1.0e-04)
807.728 .... 1925 packets received, 4886 bps, 61.08%, Err 647 (1.0e-04)
809.861 .... 1932 packets received, 4891 bps, 61.14%, Err 649 (1.0e-04)
812.251 .... 1936 packets received, 4887 bps, 61.08%, Err 651 (1.0e-04)
814.334 .... 1945 packets received, 4897 bps, 61.21%, Err 651 (1.0e-04)
816.753 .... 1949 packets received, 4892 bps, 61.15%, Err 655 (1.0e-04)
820.178 .... 1952 packets received, 4879 bps, 60.99%, Err 659 (1.0e-04)
822.301 .... 1960 packets received, 4887 bps, 61.08%, Err 660 (1.0e-04)
824.420 .... 1969 packets received, 4897 bps, 61.21%, Err 660 (1.0e-04)
827.083 .... 1975 packets received, 4896 bps, 61.20%, Err 661 (1.0e-04)
832.075 .... 1984 packets received, 4888 bps, 61.11%, Err 664 (1.0e-04)
834.212 .... 1995 packets received, 4903 bps, 61.29%, Err 664 (1.0e-04)
837.135 .... 2002 packets received, 4903 bps, 61.29%, Err 666 (1.0e-04)
839.273 .... 2012 packets received, 4915 bps, 61.44%, Err 666 (9.9e-05)
841.381 .... 2018 packets received, 4917 bps, 61.46%, Err 670 (1.0e-04)
843.510 .... 2024 packets received, 4919 bps, 61.49%, Err 672 (1.0e-04)
849.876 .... 2026 packets received, 4887 bps, 61.09%, Err 679 (1.0e-04)
854.613 .... 2035 packets received, 4882 bps, 61.02%, Err 683 (1.0e-04)
856.783 .... 2044 packets received, 4891 bps, 61.14%, Err 684 (1.0e-04)
859.659 .... 2047 packets received, 4882 bps, 61.02%, Err 687 (1.0e-04)
867.628 .... 2055 packets received, 4856 bps, 60.70%, Err 697 (1.0e-04)
870.542 .... 2066 packets received, 4865 bps, 60.82%, Err 700 (1.0e-04)
873.473 .... 2072 packets received, 4863 bps, 60.79%, Err 704 (1.0e-04)
877.940 .... 2079 packets received, 4855 bps, 60.68%, Err 706 (1.0e-04)
881.149 .... 2090 packets received, 4863 bps, 60.78%, Err 707 (1.0e-04)
883.259 .... 2097 packets received, 4867 bps, 60.84%, Err 708 (1.0e-04)
885.397 .... 2108 packets received, 4881 bps, 61.01%, Err 708 (1.0e-04)
888.585 .... 2113 packets received, 4875 bps, 60.94%, Err 711 (1.0e-04)
897.326 .... 2119 packets received, 4841 bps, 60.51%, Err 718 (1.0e-04)
899.463 .... 2131 packets received, 4857 bps, 60.71%, Err 719 (1.0e-04)
901.857 .... 2136 packets received, 4855 bps, 60.69%, Err 723 (1.0e-04)
906.631 .... 2144 packets received, 4848 bps, 60.60%, Err 727 (1.0e-04)
908.729 .... 2156 packets received, 4864 bps, 60.80%, Err 728 (1.0e-04)
910.851 .... 2164 packets received, 4870 bps, 60.88%, Err 728 (1.0e-04)
913.499 .... 2170 packets received, 4870 bps, 60.87%, Err 730 (1.0e-04)
915.615 .... 2179 packets received, 4879 bps, 60.98%, Err 732 (1.0e-04)
917.769 .... 2186 packets received, 4883 bps, 61.03%, Err 733 (1.0e-04)
923.027 .... 2191 packets received, 4866 bps, 60.83%, Err 738 (1.0e-04)
925.156 .... 2202 packets received, 4879 bps, 60.99%, Err 739 (1.0e-04)
927.286 .... 2206 packets received, 4877 bps, 60.96%, Err 741 (1.0e-04)
930.462 .... 2216 packets received, 4882 bps, 61.03%, Err 742 (1.0e-04)
933.662 .... 2223 packets received, 4881 bps, 61.01%, Err 744 (1.0e-04)
936.031 .... 2231 packets received, 4886 bps, 61.07%, Err 747 (1.0e-04)
938.940 .... 2237 packets received, 4884 bps, 61.05%, Err 749 (1.0e-04)
943.435 .... 2243 packets received, 4874 bps, 60.92%, Err 753 (1.0e-04)
945.585 .... 2252 packets received, 4882 bps, 61.03%, Err 755 (1.0e-04)
953.505 .... 2255 packets received, 4848 bps, 60.60%, Err 763 (1.0e-04)
956.978 .... 2265 packets received, 4852 bps, 60.65%, Err 766 (1.0e-04)
960.697 .... 2270 packets received, 4844 bps, 60.55%, Err 771 (1.0e-04)
963.571 .... 2279 packets received, 4848 bps, 60.60%, Err 772 (1.0e-04)
965.708 .... 2282 packets received, 4844 bps, 60.55%, Err 774 (1.0e-04)
969.429 .... 2283 packets received, 4827 bps, 60.34%, Err 781 (1.0e-04)
971.821 .... 2292 packets received, 4835 bps, 60.43%, Err 781 (1.0e-04)
973.928 .... 2298 packets received, 4837 bps, 60.46%, Err 781 (1.0e-04)
978.667 .... 2302 packets received, 4822 bps, 60.27%, Err 786 (1.0e-04)
980.833 .... 2311 packets received, 4830 bps, 60.37%, Err 789 (1.0e-04)
982.923 .... 2318 packets received, 4834 bps, 60.43%, Err 789 (1.0e-04)
985.068 .... 2326 packets received, 4840 bps, 60.50%, Err 789 (1.0e-04)
988.228 .... 2331 packets received, 4835 bps, 60.44%, Err 792 (1.0e-04)
990.629 .... 2339 packets received, 4840 bps, 60.50%, Err 793 (1.0e-04)
993.272 .... 2343 packets received, 4835 bps, 60.44%, Err 795 (1.0e-04)
995.687 .... 2354 packets received, 4846 bps, 60.58%, Err 795 (1.0e-04)
997.794 .... 2360 packets received, 4848 bps, 60.60%, Err 797 (1.0e-04)
999.900 .... 2363 packets received, 4844 bps, 60.55%, Err 800 (1.0e-04)
1002.018 .... 2372 packets received, 4852 bps, 60.65%, Err 800 (1.0e-04)
1004.982 .... 2376 packets received, 4846 bps, 60.58%, Err 801 (1.0e-04)
1007.137 .... 2384 packets received, 4852 bps, 60.65%, Err 802 (1.0e-04)
1011.604 .... 2388 packets received, 4839 bps, 60.48%, Err 810 (1.0e-04)
1013.731 .... 2397 packets received, 4847 bps, 60.58%, Err 810 (1.0e-04)
1015.855 .... 2402 packets received, 4847 bps, 60.58%, Err 811 (1.0e-04)
1017.967 .... 2408 packets received, 4849 bps, 60.61%, Err 812 (1.0e-04)
1020.111 .... 2412 packets received, 4847 bps, 60.58%, Err 814 (1.0e-04)
1022.232 .... 2420 packets received, 4853 bps, 60.66%, Err 814 (1.0e-04)
1024.858 .... 2423 packets received, 4846 bps, 60.58%, Err 816 (1.0e-04)
1027.792 .... 2433 packets received, 4852 bps, 60.65%, Err 817 (9.9e-05)
1030.166 .... 2441 packets received, 4857 bps, 60.71%, Err 821 (1.0e-04)
1032.276 .... 2449 packets received, 4863 bps, 60.79%, Err 824 (1.0e-04)
1037.577 .... 2452 packets received, 4844 bps, 60.55%, Err 829 (1.0e-04)
1042.880 .... 2462 packets received, 4839 bps, 60.49%, Err 832 (1.0e-04)
1045.033 .... 2471 packets received, 4847 bps, 60.58%, Err 832 (1.0e-04)
1048.177 .... 2475 packets received, 4840 bps, 60.50%, Err 835 (1.0e-04)
1050.317 .... 2483 packets received, 4846 bps, 60.57%, Err 839 (1.0e-04)
1053.281 .... 2487 packets received, 4840 bps, 60.50%, Err 841 (1.0e-04)
1055.366 .... 2494 packets received, 4844 bps, 60.55%, Err 843 (1.0e-04)
1057.479 .... 2501 packets received, 4848 bps, 60.60%, Err 845 (1.0e-04)
1059.587 .... 2509 packets received, 4854 bps, 60.67%, Err 846 (1.0e-04)
1062.267 .... 2515 packets received, 4853 bps, 60.66%, Err 850 (1.0e-04)
1064.905 .... 2517 packets received, 4845 bps, 60.56%, Err 851 (1.0e-04)
1067.012 .... 2527 packets received, 4854 bps, 60.68%, Err 852 (1.0e-04)
1072.855 .... 2531 packets received, 4835 bps, 60.44%, Err 858 (1.0e-04)
1074.979 .... 2542 packets received, 4847 bps, 60.59%, Err 858 (1.0e-04)
1077.083 .... 2546 packets received, 4845 bps, 60.56%, Err 861 (1.0e-04)
1080.812 .... 2547 packets received, 4830 bps, 60.38%, Err 866 (1.0e-04)
1082.930 .... 2557 packets received, 4840 bps, 60.50%, Err 869 (1.0e-04)
1085.861 .... 2563 packets received, 4838 bps, 60.47%, Err 870 (1.0e-04)
1088.810 .... 2571 packets received, 4840 bps, 60.50%, Err 871 (1.0e-04)
1090.901 .... 2577 packets received, 4842 bps, 60.52%, Err 873 (1.0e-04)
1093.043 .... 2583 packets received, 4844 bps, 60.55%, Err 874 (1.0e-04)
1096.244 .... 2592 packets received, 4846 bps, 60.58%, Err 876 (1.0e-04)
1099.663 .... 2600 packets received, 4846 bps, 60.58%, Err 880 (1.0e-04)
1102.034 .... 2608 packets received, 4851 bps, 60.63%, Err 880 (1.0e-04)
1104.165 .... 2614 packets received, 4852 bps, 60.65%, Err 881 (1.0e-04)
1106.565 .... 2621 packets received, 4855 bps, 60.68%, Err 882 (1.0e-04)
1109.478 .... 2624 packets received, 4848 bps, 60.59%, Err 886 (1.0e-04)
1115.036 .... 2634 packets received, 4842 bps, 60.52%, Err 892 (1.0e-04)
1117.174 .... 2643 packets received, 4849 bps, 60.61%, Err 895 (1.0e-04)
1119.300 .... 2649 packets received, 4851 bps, 60.63%, Err 898 (1.0e-04)
1122.491 .... 2654 packets received, 4846 bps, 60.58%, Err 901 (1.0e-04)
1124.574 .... 2663 packets received, 4853 bps, 60.67%, Err 901 (1.0e-04)
1126.720 .... 2669 packets received, 4855 bps, 60.69%, Err 902 (1.0e-04)
1128.841 .... 2675 packets received, 4857 bps, 60.71%, Err 902 (1.0e-04)
1130.951 .... 2678 packets received, 4853 bps, 60.67%, Err 904 (1.0e-04)
1133.884 .... 2686 packets received, 4855 bps, 60.69%, Err 905 (1.0e-04)
1137.079 .... 2695 packets received, 4858 bps, 60.72%, Err 910 (1.0e-04)
1139.692 .... 2700 packets received, 4856 bps, 60.70%, Err 912 (1.0e-04)
1141.834 .... 2708 packets received, 4861 bps, 60.76%, Err 913 (1.0e-04)
1144.201 .... 2712 packets received, 4858 bps, 60.72%, Err 916 (1.0e-04)
1146.861 .... 2716 packets received, 4854 bps, 60.67%, Err 919 (1.0e-04)
1149.003 .... 2726 packets received, 4863 bps, 60.78%, Err 920 (1.0e-04)
1151.658 .... 2731 packets received, 4860 bps, 60.75%, Err 924 (1.0e-04)
1153.782 .... 2741 packets received, 4869 bps, 60.86%, Err 924 (1.0e-04)
1163.327 .... 2745 packets received, 4836 bps, 60.45%, Err 936 (1.0e-04)
1166.203 .... 2755 packets received, 4842 bps, 60.52%, Err 940 (1.0e-04)
1168.341 .... 2766 packets received, 4852 bps, 60.65%, Err 940 (1.0e-04)
1170.978 .... 2772 packets received, 4852 bps, 60.65%, Err 942 (1.0e-04)
1173.124 .... 2782 packets received, 4860 bps, 60.75%, Err 943 (1.0e-04)
1175.231 .... 2789 packets received, 4864 bps, 60.80%, Err 945 (1.0e-04)
1177.642 .... 2794 packets received, 4863 bps, 60.78%, Err 948 (1.0e-04)
1180.007 .... 2798 packets received, 4860 bps, 60.75%, Err 949 (1.0e-04)
1182.101 .... 2805 packets received, 4863 bps, 60.79%, Err 950 (1.0e-04)
1185.038 .... 2808 packets received, 4856 bps, 60.71%, Err 951 (1.0e-04)
1187.398 .... 2817 packets received, 4862 bps, 60.78%, Err 951 (1.0e-04)
1190.323 .... 2821 packets received, 4857 bps, 60.72%, Err 955 (1.0e-04)
1195.364 .... 2828 packets received, 4849 bps, 60.61%, Err 960 (1.0e-04)
1197.723 .... 2837 packets received, 4855 bps, 60.68%, Err 960 (1.0e-04)
1199.880 .... 2839 packets received, 4849 bps, 60.62%, Err 962 (1.0e-04)
1202.535 .... 2843 packets received, 4845 bps, 60.57%, Err 964 (1.0e-04)
1205.941 .... 2851 packets received, 4845 bps, 60.57%, Err 970 (1.0e-04)
1208.357 .... 2857 packets received, 4846 bps, 60.57%, Err 971 (1.0e-04)
1211.269 .... 2864 packets received, 4846 bps, 60.57%, Err 973 (1.0e-04)
1213.912 .... 2870 packets received, 4846 bps, 60.57%, Err 974 (1.0e-04)
1216.298 .... 2876 packets received, 4846 bps, 60.58%, Err 976 (1.0e-04)
1218.404 .... 2885 packets received, 4853 bps, 60.66%, Err 978 (1.0e-04)
1221.347 .... 2891 packets received, 4851 bps, 60.64%, Err 980 (1.0e-04)
1224.777 .... 2901 packets received, 4854 bps, 60.68%, Err 983 (1.0e-04)
1226.886 .... 2905 packets received, 4853 bps, 60.66%, Err 984 (1.0e-04)
1229.024 .... 2912 packets received, 4856 bps, 60.70%, Err 985 (1.0e-04)
1231.451 .... 2917 packets received, 4855 bps, 60.68%, Err 987 (1.0e-04)
1238.044 .... 2921 packets received, 4835 bps, 60.44%, Err 994 (1.0e-04)
1240.164 .... 2932 packets received, 4845 bps, 60.57%, Err 994 (1.0e-04)
1242.312 .... 2939 packets received, 4849 bps, 60.61%, Err 996 (1.0e-04)
1244.957 .... 2944 packets received, 4846 bps, 60.58%, Err 999 (1.0e-04)
1247.072 .... 2953 packets received, 4853 bps, 60.66%, Err 1000 (1.0e-04)
1249.189 .... 2961 packets received, 4858 bps, 60.72%, Err 1000 (1.0e-04)
1251.604 .... 2965 packets received, 4855 bps, 60.69%, Err 1001 (1.0e-04)
1254.487 .... 2973 packets received, 4857 bps, 60.71%, Err 1007 (1.0e-04)
1257.689 .... 2981 packets received, 4858 bps, 60.72%, Err 1009 (1.0e-04)
1260.331 .... 2986 packets received, 4856 bps, 60.69%, Err 1011 (1.0e-04)
1262.704 .... 2997 packets received, 4864 bps, 60.80%, Err 1011 (1.0e-04)
1264.822 .... 3003 packets received, 4866 bps, 60.82%, Err 1011 (1.0e-04)
1267.481 .... 3008 packets received, 4864 bps, 60.80%, Err 1013 (1.0e-04)
1269.573 .... 3014 packets received, 4865 bps, 60.82%, Err 1015 (1.0e-04)
1272.772 .... 3019 packets received, 4861 bps, 60.77%, Err 1018 (1.0e-04)
1275.125 .... 3024 packets received, 4860 bps, 60.75%, Err 1020 (1.0e-04)
1277.241 .... 3032 packets received, 4865 bps, 60.81%, Err 1023 (1.0e-04)
1279.388 .... 3037 packets received, 4865 bps, 60.81%, Err 1023 (1.0e-04)
1281.509 .... 3043 packets received, 4866 bps, 60.83%, Err 1023 (1.0e-04)
1286.040 .... 3047 packets received, 4856 bps, 60.70%, Err 1029 (1.0e-04)
1288.159 .... 3056 packets received, 4862 bps, 60.77%, Err 1030 (1.0e-04)
1290.533 .... 3063 packets received, 4864 bps, 60.80%, Err 1030 (1.0e-04)
1293.449 .... 3068 packets received, 4861 bps, 60.76%, Err 1033 (1.0e-04)
1296.909 .... 3074 packets received, 4858 bps, 60.72%, Err 1037 (1.0e-04)
1299.551 .... 3080 packets received, 4857 bps, 60.71%, Err 1040 (1.0e-04)
1302.189 .... 3088 packets received, 4860 bps, 60.75%, Err 1042 (1.0e-04)
1305.142 .... 3096 packets received, 4861 bps, 60.77%, Err 1043 (1.0e-04)
1308.057 .... 3103 packets received, 4862 bps, 60.77%, Err 1045 (1.0e-04)
1310.145 .... 3111 packets received, 4866 bps, 60.83%, Err 1045 (1.0e-04)
1315.742 .... 3114 packets received, 4850 bps, 60.63%, Err 1052 (1.0e-04)
1318.378 .... 3123 packets received, 4855 bps, 60.68%, Err 1054 (1.0e-04)
1320.512 .... 3130 packets received, 4858 bps, 60.72%, Err 1054 (1.0e-04)
1322.610 .... 3133 packets received, 4855 bps, 60.68%, Err 1056 (1.0e-04)
1325.535 .... 3138 packets received, 4852 bps, 60.64%, Err 1057 (1.0e-04)
1327.671 .... 3146 packets received, 4856 bps, 60.70%, Err 1057 (1.0e-04)
1329.794 .... 3152 packets received, 4858 bps, 60.72%, Err 1057 (9.9e-05)
1331.917 .... 3157 packets received, 4858 bps, 60.72%, Err 1061 (1.0e-04)
1335.129 .... 3163 packets received, 4855 bps, 60.69%, Err 1063 (1.0e-04)
1337.480 .... 3172 packets received, 4860 bps, 60.75%, Err 1065 (1.0e-04)
1339.608 .... 3177 packets received, 4860 bps, 60.75%, Err 1065 (9.9e-05)
1341.730 .... 3180 packets received, 4857 bps, 60.71%, Err 1068 (1.0e-04)
1344.896 .... 3187 packets received, 4856 bps, 60.70%, Err 1073 (1.0e-04)
1349.936 .... 3192 packets received, 4846 bps, 60.57%, Err 1078 (1.0e-04)
1352.065 .... 3201 packets received, 4852 bps, 60.65%, Err 1081 (1.0e-04)
1354.761 .... 3205 packets received, 4848 bps, 60.60%, Err 1083 (1.0e-04)
1356.859 .... 3215 packets received, 4856 bps, 60.70%, Err 1083 (1.0e-04)
1359.742 .... 3220 packets received, 4853 bps, 60.66%, Err 1087 (1.0e-04)
1363.730 .... 3222 packets received, 4842 bps, 60.52%, Err 1094 (1.0e-04)
1369.331 .... 3225 packets received, 4826 bps, 60.33%, Err 1103 (1.0e-04)
1371.441 .... 3235 packets received, 4834 bps, 60.43%, Err 1104 (1.0e-04)
1377.054 .... 3236 packets received, 4816 bps, 60.20%, Err 1112 (1.0e-04)
1379.138 .... 3246 packets received, 4823 bps, 60.29%, Err 1114 (1.0e-04)
1381.263 .... 3253 packets received, 4826 bps, 60.33%, Err 1116 (1.0e-04)
1383.412 .... 3261 packets received, 4831 bps, 60.38%, Err 1116 (1.0e-04)
1386.051 .... 3267 packets received, 4830 bps, 60.38%, Err 1117 (1.0e-04)
1395.041 .... 3273 packets received, 4808 bps, 60.10%, Err 1125 (1.0e-04)
1397.978 .... 3283 packets received, 4813 bps, 60.16%, Err 1130 (1.0e-04)
1400.339 .... 3287 packets received, 4810 bps, 60.13%, Err 1132 (1.0e-04)
1403.025 .... 3294 packets received, 4811 bps, 60.14%, Err 1133 (1.0e-04)
1405.112 .... 3300 packets received, 4813 bps, 60.16%, Err 1134 (1.0e-04)
1408.045 .... 3305 packets received, 4810 bps, 60.13%, Err 1136 (1.0e-04)
1410.431 .... 3313 packets received, 4814 bps, 60.17%, Err 1138 (1.0e-04)
1412.525 .... 3322 packets received, 4820 bps, 60.24%, Err 1138 (1.0e-04)
1414.652 .... 3330 packets received, 4824 bps, 60.30%, Err 1141 (1.0e-04)
1416.788 .... 3337 packets received, 4827 bps, 60.33%, Err 1141 (1.0e-04)
1418.892 .... 3345 packets received, 4831 bps, 60.39%, Err 1141 (1.0e-04)
1421.013 .... 3353 packets received, 4835 bps, 60.44%, Err 1141 (1.0e-04)
1423.135 .... 3360 packets received, 4838 bps, 60.48%, Err 1142 (1.0e-04)
1426.050 .... 3366 packets received, 4837 bps, 60.46%, Err 1145 (1.0e-04)
1428.172 .... 3374 packets received, 4841 bps, 60.52%, Err 1145 (1.0e-04)
1431.069 .... 3377 packets received, 4836 bps, 60.45%, Err 1149 (1.0e-04)
1433.171 .... 3384 packets received, 4839 bps, 60.48%, Err 1152 (1.0e-04)
1435.313 .... 3388 packets received, 4837 bps, 60.47%, Err 1153 (1.0e-04)
1437.404 .... 3395 packets received, 4840 bps, 60.50%, Err 1156 (1.0e-04)
1441.674 .... 3396 packets received, 4827 bps, 60.34%, Err 1162 (1.0e-04)
1444.048 .... 3405 packets received, 4832 bps, 60.40%, Err 1165 (1.0e-04)
1446.466 .... 3412 packets received, 4834 bps, 60.42%, Err 1166 (1.0e-04)
1448.574 .... 3418 packets received, 4835 bps, 60.44%, Err 1167 (1.0e-04)
1450.692 .... 3424 packets received, 4837 bps, 60.46%, Err 1167 (1.0e-04)
1452.802 .... 3426 packets received, 4833 bps, 60.41%, Err 1168 (1.0e-04)
1459.168 .... 3432 packets received, 4820 bps, 60.25%, Err 1177 (1.0e-04)
1461.276 .... 3444 packets received, 4830 bps, 60.37%, Err 1179 (1.0e-04)
1463.407 .... 3452 packets received, 4834 bps, 60.42%, Err 1180 (1.0e-04)
1465.528 .... 3459 packets received, 4837 bps, 60.46%, Err 1181 (1.0e-04)
1467.636 .... 3466 packets received, 4840 bps, 60.49%, Err 1183 (1.0e-04)
1469.767 .... 3470 packets received, 4838 bps, 60.48%, Err 1184 (1.0e-04)
1471.884 .... 3480 packets received, 4845 bps, 60.56%, Err 1184 (1.0e-04)
1473.995 .... 3488 packets received, 4849 bps, 60.62%, Err 1184 (1.0e-04)
1476.654 .... 3494 packets received, 4849 bps, 60.61%, Err 1187 (1.0e-04)
1480.100 .... 3501 packets received, 4847 bps, 60.59%, Err 1188 (1.0e-04)
1481.373 TCP Disconnected.
