000.000 =============================================================
000.000                     Station A                               
000.000 -------------------------------------------------------------
000.000 Protocol.lib, version 4.0, jiangyanjun0718@bupt.edu.cn
000.000 Channel: 8000 bps, 270 ms propagation delay, bit error rate 1.0E-04
000.000 Log file "F:\Code\20250418(network lab1)\upload\SR-MAX-A.log", TCP port 59144, debug mask 0x00
000.000 Station A is waiting for station B on TCP port 59144 ... Done.
000.946 New epoch: Tue May  6 16:09:32 2025
000.947 =================================================================
000.947 
000.947 SR-3, 构建时间: May  6 2025  16:05:11
004.684 .... 3 packets received, 1776 bps, 22.20%, Err 4 (1.4e-04)
007.583 .... 13 packets received, 4187 bps, 52.34%, Err 7 (1.3e-04)
009.691 .... 27 packets received, 6531 bps, 81.63%, Err 7 (1.0e-04)
012.086 .... 30 packets received, 5656 bps, 70.71%, Err 9 (1.0e-04)
014.761 .... 41 packets received, 6203 bps, 77.54%, Err 11 (1.0e-04)
016.842 .... 51 packets received, 6688 bps, 83.60%, Err 13 (1.0e-04)
019.247 .... 55 packets received, 6250 bps, 78.13%, Err 14 (9.6e-05)
021.617 .... 64 packets received, 6427 bps, 80.34%, Err 16 (9.7e-05)
036.333 .... 69 packets received, 4025 bps, 50.31%, Err 27 (1.0e-04)
038.459 .... 87 packets received, 4785 bps, 59.81%, Err 30 (1.1e-04)
046.161 .... 91 packets received, 4147 bps, 51.84%, Err 35 (1.1e-04)
048.289 .... 109 packets received, 4743 bps, 59.29%, Err 35 (1.0e-04)
050.968 .... 112 packets received, 4611 bps, 57.64%, Err 38 (1.0e-04)
059.246 .... 121 packets received, 4271 bps, 53.39%, Err 43 (1.0e-04)
061.870 .... 138 packets received, 4660 bps, 58.25%, Err 43 (9.7e-05)
064.013 .... 143 packets received, 4664 bps, 58.30%, Err 44 (9.6e-05)
066.679 .... 149 packets received, 4662 bps, 58.28%, Err 45 (9.4e-05)
068.763 .... 160 packets received, 4852 bps, 60.65%, Err 45 (9.1e-05)
071.695 .... 165 packets received, 4795 bps, 59.94%, Err 51 (9.8e-05)
074.318 .... 168 packets received, 4707 bps, 58.84%, Err 56 (1.0e-04)
076.987 .... 174 packets received, 4704 bps, 58.79%, Err 58 (1.0e-04)
079.357 .... 176 packets received, 4613 bps, 57.67%, Err 58 (1.0e-04)
082.297 .... 184 packets received, 4648 bps, 58.10%, Err 58 (9.7e-05)
085.717 .... 194 packets received, 4702 bps, 58.78%, Err 63 (1.0e-04)
088.891 .... 199 packets received, 4649 bps, 58.11%, Err 64 (9.8e-05)
096.226 .... 209 packets received, 4506 bps, 56.32%, Err 69 (9.9e-05)
098.617 .... 225 packets received, 4731 bps, 59.14%, Err 70 (9.7e-05)
100.744 .... 232 packets received, 4774 bps, 59.68%, Err 72 (9.8e-05)
102.839 .... 240 packets received, 4837 bps, 60.46%, Err 73 (9.7e-05)
106.027 .... 243 packets received, 4749 bps, 59.36%, Err 78 (1.0e-04)
113.136 .... 250 packets received, 4575 bps, 57.19%, Err 83 (1.0e-04)
116.032 .... 265 packets received, 4727 bps, 59.09%, Err 86 (1.0e-04)
124.322 .... 270 packets received, 4492 bps, 56.15%, Err 90 (1.0e-04)
132.291 .... 286 packets received, 4469 bps, 55.86%, Err 96 (1.0e-04)
135.171 .... 295 packets received, 4510 bps, 56.38%, Err 97 (9.9e-05)
137.582 .... 302 packets received, 4536 bps, 56.70%, Err 99 (9.9e-05)
139.651 .... 308 packets received, 4557 bps, 56.96%, Err 100 (9.9e-05)
142.051 .... 312 packets received, 4537 bps, 56.72%, Err 103 (1.0e-04)
144.180 .... 323 packets received, 4627 bps, 57.84%, Err 103 (9.8e-05)
146.832 .... 328 packets received, 4613 bps, 57.67%, Err 104 (9.7e-05)
154.667 .... 335 packets received, 4471 bps, 55.89%, Err 111 (9.9e-05)
157.042 .... 348 packets received, 4574 bps, 57.17%, Err 113 (9.9e-05)
159.169 .... 356 packets received, 4616 bps, 57.70%, Err 113 (9.8e-05)
161.846 .... 360 packets received, 4590 bps, 57.38%, Err 117 (9.9e-05)
164.456 .... 364 packets received, 4567 bps, 57.09%, Err 119 (9.9e-05)
166.563 .... 378 packets received, 4682 bps, 58.53%, Err 120 (9.9e-05)
168.700 .... 386 packets received, 4720 bps, 59.00%, Err 120 (9.7e-05)
171.907 .... 392 packets received, 4704 bps, 58.79%, Err 124 (9.8e-05)
175.077 .... 403 packets received, 4747 bps, 59.34%, Err 126 (9.8e-05)
183.721 .... 413 packets received, 4635 bps, 57.93%, Err 134 (1.0e-04)
186.124 .... 424 packets received, 4696 bps, 58.70%, Err 136 (1.0e-04)
188.251 .... 430 packets received, 4709 bps, 58.86%, Err 137 (9.9e-05)
202.330 .... 436 packets received, 4440 bps, 55.50%, Err 148 (1.0e-04)
205.414 .... 454 packets received, 4554 bps, 56.92%, Err 150 (1.0e-04)
213.929 .... 463 packets received, 4458 bps, 55.72%, Err 157 (1.0e-04)
222.267 .... 478 packets received, 4429 bps, 55.36%, Err 165 (1.0e-04)
231.077 .... 496 packets received, 4419 bps, 55.24%, Err 175 (1.1e-04)
233.166 .... 506 packets received, 4468 bps, 55.85%, Err 178 (1.1e-04)
235.546 .... 512 packets received, 4475 bps, 55.94%, Err 180 (1.1e-04)
237.684 .... 520 packets received, 4504 bps, 56.30%, Err 181 (1.1e-04)
240.105 .... 525 packets received, 4501 bps, 56.26%, Err 182 (1.0e-04)
242.186 .... 535 packets received, 4547 bps, 56.84%, Err 184 (1.0e-04)
245.597 .... 543 packets received, 4551 bps, 56.88%, Err 185 (1.0e-04)
247.730 .... 555 packets received, 4611 bps, 57.64%, Err 185 (1.0e-04)
251.197 .... 563 packets received, 4613 bps, 57.66%, Err 186 (1.0e-04)
259.076 .... 570 packets received, 4527 bps, 56.59%, Err 191 (1.0e-04)
261.989 .... 585 packets received, 4594 bps, 57.43%, Err 192 (1.0e-04)
264.655 .... 589 packets received, 4579 bps, 57.24%, Err 194 (1.0e-04)
267.561 .... 596 packets received, 4583 bps, 57.29%, Err 198 (1.0e-04)
275.218 .... 599 packets received, 4477 bps, 55.97%, Err 203 (1.0e-04)
282.873 .... 617 packets received, 4486 bps, 56.08%, Err 208 (1.0e-04)
285.005 .... 628 packets received, 4532 bps, 56.65%, Err 209 (1.0e-04)
288.193 .... 637 packets received, 4546 bps, 56.83%, Err 211 (1.0e-04)
290.298 .... 644 packets received, 4563 bps, 57.03%, Err 212 (1.0e-04)
293.459 .... 655 packets received, 4590 bps, 57.38%, Err 213 (1.0e-04)
295.864 .... 663 packets received, 4608 bps, 57.61%, Err 214 (1.0e-04)
297.968 .... 674 packets received, 4652 bps, 58.15%, Err 215 (9.9e-05)
305.594 .... 676 packets received, 4549 bps, 56.86%, Err 222 (1.0e-04)
314.293 .... 693 packets received, 4533 bps, 56.67%, Err 229 (1.0e-04)
316.666 .... 701 packets received, 4551 bps, 56.89%, Err 232 (1.0e-04)
319.878 .... 710 packets received, 4563 bps, 57.04%, Err 234 (1.0e-04)
321.965 .... 721 packets received, 4604 bps, 57.55%, Err 235 (1.0e-04)
324.103 .... 728 packets received, 4618 bps, 57.72%, Err 235 (1.0e-04)
327.027 .... 731 packets received, 4595 bps, 57.44%, Err 240 (1.0e-04)
329.961 .... 743 packets received, 4629 bps, 57.86%, Err 241 (1.0e-04)
332.820 .... 753 packets received, 4651 bps, 58.13%, Err 242 (1.0e-04)
334.956 .... 764 packets received, 4688 bps, 58.61%, Err 242 (9.9e-05)
337.068 .... 771 packets received, 4702 bps, 58.77%, Err 243 (9.9e-05)
339.976 .... 778 packets received, 4704 bps, 58.79%, Err 247 (1.0e-04)
342.636 .... 781 packets received, 4685 bps, 58.56%, Err 250 (1.0e-04)
345.820 .... 787 packets received, 4677 bps, 58.47%, Err 253 (1.0e-04)
354.394 .... 794 packets received, 4604 bps, 57.55%, Err 263 (1.0e-04)
357.574 .... 803 packets received, 4615 bps, 57.69%, Err 268 (1.0e-04)
366.252 .... 813 packets received, 4561 bps, 57.02%, Err 276 (1.0e-04)
368.377 .... 830 packets received, 4630 bps, 57.87%, Err 277 (1.0e-04)
370.734 .... 834 packets received, 4622 bps, 57.78%, Err 278 (1.0e-04)
372.909 .... 841 packets received, 4634 bps, 57.92%, Err 279 (1.0e-04)
375.042 .... 853 packets received, 4673 bps, 58.42%, Err 279 (1.0e-04)
377.103 .... 861 packets received, 4691 bps, 58.64%, Err 279 (1.0e-04)
379.236 .... 864 packets received, 4681 bps, 58.51%, Err 280 (1.0e-04)
381.353 .... 876 packets received, 4720 bps, 58.99%, Err 281 (1.0e-04)
383.475 .... 884 packets received, 4736 bps, 59.20%, Err 281 (1.0e-04)
385.626 .... 891 packets received, 4747 bps, 59.34%, Err 282 (1.0e-04)
387.685 .... 899 packets received, 4764 bps, 59.55%, Err 282 (1.0e-04)
389.827 .... 903 packets received, 4759 bps, 59.49%, Err 284 (1.0e-04)
392.470 .... 908 packets received, 4753 bps, 59.41%, Err 287 (1.0e-04)
401.062 .... 915 packets received, 4687 bps, 58.58%, Err 292 (1.0e-04)
408.979 .... 931 packets received, 4676 bps, 58.45%, Err 299 (1.0e-04)
411.122 .... 939 packets received, 4692 bps, 58.64%, Err 302 (1.0e-04)
418.787 .... 946 packets received, 4640 bps, 58.00%, Err 306 (1.0e-04)
421.676 .... 959 packets received, 4671 bps, 58.39%, Err 307 (1.0e-04)
424.850 .... 965 packets received, 4665 bps, 58.32%, Err 309 (1.0e-04)
433.194 .... 969 packets received, 4594 bps, 57.43%, Err 315 (1.0e-04)
436.108 .... 979 packets received, 4610 bps, 57.63%, Err 318 (1.0e-04)
445.333 .... 986 packets received, 4547 bps, 56.84%, Err 326 (1.0e-04)
447.465 .... 1002 packets received, 4599 bps, 57.48%, Err 327 (1.0e-04)
449.831 .... 1006 packets received, 4593 bps, 57.41%, Err 328 (1.0e-04)
451.945 .... 1016 packets received, 4617 bps, 57.71%, Err 329 (1.0e-04)
454.045 .... 1017 packets received, 4600 bps, 57.50%, Err 331 (1.0e-04)
456.710 .... 1024 packets received, 4604 bps, 57.55%, Err 333 (1.0e-04)
463.708 .... 1026 packets received, 4543 bps, 56.79%, Err 336 (1.0e-04)
465.810 .... 1042 packets received, 4593 bps, 57.42%, Err 337 (9.9e-05)
467.962 .... 1048 packets received, 4599 bps, 57.48%, Err 340 (1.0e-04)
470.064 .... 1056 packets received, 4613 bps, 57.66%, Err 340 (9.9e-05)
472.198 .... 1064 packets received, 4627 bps, 57.83%, Err 341 (9.9e-05)
475.384 .... 1066 packets received, 4604 bps, 57.55%, Err 346 (1.0e-04)
478.016 .... 1073 packets received, 4609 bps, 57.61%, Err 348 (1.0e-04)
481.176 .... 1076 packets received, 4591 bps, 57.39%, Err 351 (1.0e-04)
484.085 .... 1083 packets received, 4593 bps, 57.42%, Err 353 (1.0e-04)
486.733 .... 1091 packets received, 4602 bps, 57.53%, Err 353 (9.9e-05)
489.648 .... 1098 packets received, 4604 bps, 57.55%, Err 356 (1.0e-04)
495.978 .... 1105 packets received, 4574 bps, 57.18%, Err 360 (1.0e-04)
499.159 .... 1120 packets received, 4607 bps, 57.58%, Err 364 (1.0e-04)
501.274 .... 1128 packets received, 4620 bps, 57.75%, Err 364 (1.0e-04)
508.658 .... 1130 packets received, 4561 bps, 57.01%, Err 372 (1.0e-04)
511.342 .... 1145 packets received, 4597 bps, 57.46%, Err 372 (1.0e-04)
513.992 .... 1152 packets received, 4601 bps, 57.51%, Err 373 (1.0e-04)
517.128 .... 1160 packets received, 4605 bps, 57.56%, Err 378 (1.0e-04)
519.762 .... 1163 packets received, 4593 bps, 57.42%, Err 380 (1.0e-04)
522.556 .... 1168 packets received, 4588 bps, 57.35%, Err 383 (1.0e-04)
525.311 .... 1178 packets received, 4603 bps, 57.54%, Err 383 (1.0e-04)
528.204 .... 1194 packets received, 4640 bps, 58.00%, Err 385 (1.0e-04)
535.113 .... 1197 packets received, 4592 bps, 57.40%, Err 391 (1.0e-04)
544.192 .... 1207 packets received, 4553 bps, 56.91%, Err 395 (1.0e-04)
547.116 .... 1220 packets received, 4577 bps, 57.21%, Err 398 (1.0e-04)
549.781 .... 1224 packets received, 4570 bps, 57.12%, Err 403 (1.0e-04)
553.223 .... 1226 packets received, 4549 bps, 56.86%, Err 405 (1.0e-04)
556.082 .... 1235 packets received, 4558 bps, 56.98%, Err 406 (1.0e-04)
563.740 .... 1244 packets received, 4529 bps, 56.61%, Err 412 (1.0e-04)
565.833 .... 1257 packets received, 4560 bps, 56.99%, Err 412 (1.0e-04)
567.936 .... 1263 packets received, 4564 bps, 57.05%, Err 413 (1.0e-04)
571.151 .... 1266 packets received, 4549 bps, 56.87%, Err 416 (1.0e-04)
574.050 .... 1278 packets received, 4569 bps, 57.11%, Err 418 (1.0e-04)
586.767 .... 1281 packets received, 4480 bps, 56.01%, Err 426 (1.0e-04)
589.005 .... 1300 packets received, 4530 bps, 56.62%, Err 427 (1.0e-04)
591.121 .... 1308 packets received, 4541 bps, 56.76%, Err 427 (9.9e-05)
593.255 .... 1316 packets received, 4552 bps, 56.91%, Err 428 (9.9e-05)
601.263 .... 1320 packets received, 4505 bps, 56.32%, Err 438 (1.0e-04)
608.243 .... 1323 packets received, 4464 bps, 55.80%, Err 441 (1.0e-04)
615.566 .... 1339 packets received, 4464 bps, 55.80%, Err 446 (1.0e-04)
618.458 .... 1348 packets received, 4473 bps, 55.91%, Err 447 (1.0e-04)
620.588 .... 1357 packets received, 4487 bps, 56.09%, Err 452 (1.0e-04)
622.682 .... 1365 packets received, 4498 bps, 56.23%, Err 452 (1.0e-04)
624.795 .... 1372 packets received, 4506 bps, 56.33%, Err 453 (1.0e-04)
627.436 .... 1378 packets received, 4507 bps, 56.33%, Err 455 (1.0e-04)
629.565 .... 1389 packets received, 4527 bps, 56.59%, Err 456 (1.0e-04)
636.865 .... 1391 packets received, 4482 bps, 56.02%, Err 460 (1.0e-04)
640.036 .... 1407 packets received, 4511 bps, 56.38%, Err 463 (1.0e-04)
647.009 .... 1408 packets received, 4465 bps, 55.82%, Err 471 (1.0e-04)
649.917 .... 1422 packets received, 4489 bps, 56.12%, Err 472 (1.0e-04)
652.048 .... 1429 packets received, 4497 bps, 56.21%, Err 472 (1.0e-04)
654.167 .... 1432 packets received, 4492 bps, 56.14%, Err 475 (1.0e-04)
656.285 .... 1441 packets received, 4505 bps, 56.31%, Err 476 (1.0e-04)
658.929 .... 1444 packets received, 4496 bps, 56.21%, Err 478 (1.0e-04)
661.597 .... 1451 packets received, 4500 bps, 56.25%, Err 480 (1.0e-04)
664.198 .... 1461 packets received, 4513 bps, 56.41%, Err 481 (1.0e-04)
666.343 .... 1473 packets received, 4536 bps, 56.69%, Err 481 (9.9e-05)
669.526 .... 1480 packets received, 4535 bps, 56.69%, Err 483 (9.9e-05)
671.638 .... 1490 packets received, 4552 bps, 56.90%, Err 484 (9.9e-05)
674.825 .... 1498 packets received, 4554 bps, 56.93%, Err 485 (9.9e-05)
682.026 .... 1503 packets received, 4521 bps, 56.52%, Err 496 (1.0e-04)
684.901 .... 1513 packets received, 4532 bps, 56.65%, Err 498 (1.0e-04)
688.368 .... 1521 packets received, 4533 bps, 56.67%, Err 502 (1.0e-04)
690.484 .... 1533 packets received, 4555 bps, 56.94%, Err 502 (1.0e-04)
693.641 .... 1537 packets received, 4546 bps, 56.83%, Err 504 (1.0e-04)
695.746 .... 1551 packets received, 4574 bps, 57.17%, Err 506 (1.0e-04)
698.667 .... 1556 packets received, 4569 bps, 57.11%, Err 510 (1.0e-04)
706.719 .... 1558 packets received, 4523 bps, 56.53%, Err 514 (1.0e-04)
708.821 .... 1577 packets received, 4564 bps, 57.05%, Err 515 (1.0e-04)
711.202 .... 1581 packets received, 4561 bps, 57.01%, Err 518 (1.0e-04)
720.433 .... 1588 packets received, 4522 bps, 56.52%, Err 524 (1.0e-04)
728.386 .... 1604 packets received, 4518 bps, 56.47%, Err 529 (1.0e-04)
730.980 .... 1613 packets received, 4527 bps, 56.58%, Err 530 (1.0e-04)
733.367 .... 1620 packets received, 4532 bps, 56.64%, Err 534 (1.0e-04)
735.514 .... 1626 packets received, 4535 bps, 56.69%, Err 534 (1.0e-04)
748.714 .... 1629 packets received, 4463 bps, 55.79%, Err 547 (1.0e-04)
750.938 .... 1646 packets received, 4496 bps, 56.20%, Err 548 (1.0e-04)
753.028 .... 1654 packets received, 4506 bps, 56.32%, Err 549 (1.0e-04)
755.145 .... 1662 packets received, 4515 bps, 56.43%, Err 549 (1.0e-04)
757.266 .... 1669 packets received, 4521 bps, 56.51%, Err 551 (1.0e-04)
764.391 .... 1670 packets received, 4482 bps, 56.02%, Err 556 (1.0e-04)
767.847 .... 1686 packets received, 4504 bps, 56.30%, Err 557 (1.0e-04)
769.930 .... 1693 packets received, 4511 bps, 56.38%, Err 559 (1.0e-04)
778.328 .... 1696 packets received, 4470 bps, 55.87%, Err 568 (1.0e-04)
781.491 .... 1708 packets received, 4483 bps, 56.04%, Err 571 (1.0e-04)
783.627 .... 1719 packets received, 4500 bps, 56.25%, Err 571 (1.0e-04)
785.709 .... 1727 packets received, 4509 bps, 56.36%, Err 572 (1.0e-04)
787.855 .... 1734 packets received, 4514 bps, 56.43%, Err 572 (1.0e-04)
789.956 .... 1742 packets received, 4523 bps, 56.54%, Err 572 (1.0e-04)
799.136 .... 1748 packets received, 4487 bps, 56.08%, Err 578 (1.0e-04)
806.529 .... 1764 packets received, 4486 bps, 56.08%, Err 583 (1.0e-04)
808.695 .... 1770 packets received, 4489 bps, 56.12%, Err 584 (1.0e-04)
810.797 .... 1780 packets received, 4503 bps, 56.29%, Err 585 (9.9e-05)
818.362 .... 1783 packets received, 4469 bps, 55.86%, Err 594 (1.0e-04)
820.766 .... 1789 packets received, 4471 bps, 55.88%, Err 595 (1.0e-04)
822.879 .... 1800 packets received, 4487 bps, 56.08%, Err 598 (1.0e-04)
825.013 .... 1805 packets received, 4487 bps, 56.09%, Err 599 (1.0e-04)
827.917 .... 1809 packets received, 4482 bps, 56.02%, Err 602 (1.0e-04)
831.387 .... 1819 packets received, 4487 bps, 56.09%, Err 603 (1.0e-04)
839.018 .... 1825 packets received, 4461 bps, 55.77%, Err 609 (1.0e-04)
847.985 .... 1841 packets received, 4453 bps, 55.66%, Err 615 (1.0e-04)
850.631 .... 1851 packets received, 4463 bps, 55.79%, Err 615 (1.0e-04)
858.583 .... 1856 packets received, 4433 bps, 55.42%, Err 621 (1.0e-04)
866.320 .... 1865 packets received, 4415 bps, 55.19%, Err 626 (1.0e-04)
875.876 .... 1874 packets received, 4388 bps, 54.85%, Err 636 (1.0e-04)
878.012 .... 1885 packets received, 4403 bps, 55.04%, Err 637 (1.0e-04)
880.940 .... 1891 packets received, 4402 bps, 55.03%, Err 639 (1.0e-04)
883.034 .... 1900 packets received, 4413 bps, 55.16%, Err 642 (1.0e-04)
885.689 .... 1905 packets received, 4411 bps, 55.14%, Err 646 (1.0e-04)
888.581 .... 1909 packets received, 4406 bps, 55.07%, Err 647 (1.0e-04)
901.070 .... 1916 packets received, 4361 bps, 54.51%, Err 653 (1.0e-04)
904.127 .... 1934 packets received, 4387 bps, 54.83%, Err 655 (1.0e-04)
906.237 .... 1944 packets received, 4399 bps, 54.99%, Err 656 (1.0e-04)
908.860 .... 1946 packets received, 4391 bps, 54.89%, Err 657 (1.0e-04)
911.540 .... 1958 packets received, 4405 bps, 55.06%, Err 659 (1.0e-04)
913.643 .... 1965 packets received, 4411 bps, 55.13%, Err 660 (1.0e-04)
915.786 .... 1972 packets received, 4416 bps, 55.20%, Err 664 (1.0e-04)
918.678 .... 1975 packets received, 4409 bps, 55.11%, Err 666 (1.0e-04)
920.795 .... 1991 packets received, 4434 bps, 55.43%, Err 666 (1.0e-04)
923.707 .... 1998 packets received, 4436 bps, 55.45%, Err 669 (1.0e-04)
925.807 .... 2009 packets received, 4450 bps, 55.63%, Err 669 (1.0e-04)
939.101 .... 2013 packets received, 4396 bps, 54.95%, Err 678 (1.0e-04)
941.126 .... 2031 packets received, 4425 bps, 55.32%, Err 681 (1.0e-04)
944.332 .... 2035 packets received, 4419 bps, 55.24%, Err 683 (1.0e-04)
947.918 .... 2046 packets received, 4426 bps, 55.33%, Err 685 (1.0e-04)
951.066 .... 2055 packets received, 4431 bps, 55.39%, Err 687 (1.0e-04)
959.504 .... 2067 packets received, 4418 bps, 55.22%, Err 694 (1.0e-04)
962.698 .... 2083 packets received, 4437 bps, 55.46%, Err 697 (1.0e-04)
965.332 .... 2088 packets received, 4435 bps, 55.44%, Err 700 (1.0e-04)
967.485 .... 2099 packets received, 4449 bps, 55.61%, Err 701 (1.0e-04)
970.645 .... 2103 packets received, 4443 bps, 55.54%, Err 703 (1.0e-04)
974.081 .... 2112 packets received, 4446 bps, 55.58%, Err 706 (1.0e-04)
976.218 .... 2126 packets received, 4466 bps, 55.82%, Err 706 (1.0e-04)
978.567 .... 2129 packets received, 4461 bps, 55.77%, Err 709 (1.0e-04)
987.237 .... 2133 packets received, 4430 bps, 55.38%, Err 712 (1.0e-04)
989.353 .... 2151 packets received, 4458 bps, 55.73%, Err 713 (1.0e-04)
992.036 .... 2156 packets received, 4456 bps, 55.71%, Err 718 (1.0e-04)
995.198 .... 2158 packets received, 4446 bps, 55.58%, Err 721 (1.0e-04)
998.122 .... 2169 packets received, 4456 bps, 55.70%, Err 723 (1.0e-04)
1000.236 .... 2185 packets received, 4479 bps, 55.99%, Err 723 (1.0e-04)
1003.113 .... 2191 packets received, 4479 bps, 55.98%, Err 727 (1.0e-04)
1006.583 .... 2196 packets received, 4473 bps, 55.92%, Err 729 (1.0e-04)
1009.190 .... 2201 packets received, 4472 bps, 55.90%, Err 730 (1.0e-04)
1011.274 .... 2219 packets received, 4499 bps, 56.24%, Err 730 (1.0e-04)
1014.726 .... 2225 packets received, 4496 bps, 56.20%, Err 735 (1.0e-04)
1017.870 .... 2231 packets received, 4494 bps, 56.18%, Err 737 (1.0e-04)
1020.022 .... 2247 packets received, 4517 bps, 56.46%, Err 737 (1.0e-04)
1022.095 .... 2254 packets received, 4522 bps, 56.52%, Err 737 (9.9e-05)
1030.259 .... 2258 packets received, 4494 bps, 56.17%, Err 744 (1.0e-04)
1033.666 .... 2271 packets received, 4505 bps, 56.31%, Err 750 (1.0e-04)
1035.791 .... 2281 packets received, 4515 bps, 56.44%, Err 750 (1.0e-04)
1038.194 .... 2285 packets received, 4513 bps, 56.41%, Err 753 (1.0e-04)
1041.329 .... 2289 packets received, 4507 bps, 56.34%, Err 757 (1.0e-04)
1044.544 .... 2299 packets received, 4513 bps, 56.41%, Err 759 (1.0e-04)
1046.631 .... 2316 packets received, 4537 bps, 56.71%, Err 759 (1.0e-04)
1049.571 .... 2322 packets received, 4536 bps, 56.70%, Err 763 (1.0e-04)
1052.726 .... 2327 packets received, 4532 bps, 56.65%, Err 764 (1.0e-04)
1055.637 .... 2342 packets received, 4549 bps, 56.86%, Err 765 (1.0e-04)
1057.790 .... 2354 packets received, 4563 bps, 57.04%, Err 766 (1.0e-04)
1060.171 .... 2359 packets received, 4562 bps, 57.03%, Err 768 (1.0e-04)
1067.536 .... 2362 packets received, 4537 bps, 56.71%, Err 778 (1.0e-04)
1069.654 .... 2374 packets received, 4551 bps, 56.88%, Err 778 (1.0e-04)
1071.789 .... 2381 packets received, 4555 bps, 56.94%, Err 779 (1.0e-04)
1074.440 .... 2386 packets received, 4553 bps, 56.91%, Err 780 (1.0e-04)
1077.329 .... 2395 packets received, 4558 bps, 56.98%, Err 782 (1.0e-04)
1079.478 .... 2405 packets received, 4568 bps, 57.10%, Err 783 (1.0e-04)
1081.567 .... 2412 packets received, 4572 bps, 57.16%, Err 783 (1.0e-04)
1083.940 .... 2417 packets received, 4572 bps, 57.15%, Err 784 (9.9e-05)
1086.317 .... 2425 packets received, 4577 bps, 57.21%, Err 786 (9.9e-05)
1088.983 .... 2430 packets received, 4575 bps, 57.19%, Err 791 (1.0e-04)
1096.003 .... 2431 packets received, 4548 bps, 56.85%, Err 795 (1.0e-04)
1098.143 .... 2447 packets received, 4569 bps, 57.11%, Err 799 (1.0e-04)
1100.510 .... 2451 packets received, 4566 bps, 57.08%, Err 800 (1.0e-04)
1102.649 .... 2461 packets received, 4576 bps, 57.20%, Err 802 (1.0e-04)
1105.543 .... 2464 packets received, 4570 bps, 57.12%, Err 804 (1.0e-04)
1112.840 .... 2471 packets received, 4552 bps, 56.91%, Err 812 (1.0e-04)
1115.482 .... 2484 packets received, 4566 bps, 57.07%, Err 814 (1.0e-04)
1118.418 .... 2488 packets received, 4561 bps, 57.01%, Err 816 (1.0e-04)
1121.067 .... 2496 packets received, 4565 bps, 57.06%, Err 817 (1.0e-04)
1123.970 .... 2505 packets received, 4569 bps, 57.12%, Err 821 (1.0e-04)
1126.889 .... 2514 packets received, 4574 bps, 57.17%, Err 822 (1.0e-04)
1130.100 .... 2522 packets received, 4575 bps, 57.19%, Err 827 (1.0e-04)
1132.987 .... 2526 packets received, 4571 bps, 57.14%, Err 827 (1.0e-04)
1135.107 .... 2544 packets received, 4595 bps, 57.44%, Err 828 (1.0e-04)
1137.242 .... 2552 packets received, 4601 bps, 57.51%, Err 828 (1.0e-04)
1140.140 .... 2555 packets received, 4594 bps, 57.43%, Err 831 (1.0e-04)
1142.799 .... 2563 packets received, 4598 bps, 57.48%, Err 833 (1.0e-04)
1149.933 .... 2574 packets received, 4589 bps, 57.36%, Err 838 (1.0e-04)
1152.043 .... 2582 packets received, 4595 bps, 57.44%, Err 840 (1.0e-04)
1154.965 .... 2591 packets received, 4599 bps, 57.49%, Err 842 (1.0e-04)
1158.195 .... 2596 packets received, 4595 bps, 57.44%, Err 844 (1.0e-04)
1172.907 .... 2603 packets received, 4550 bps, 56.87%, Err 852 (1.0e-04)
1176.066 .... 2621 packets received, 4569 bps, 57.11%, Err 856 (1.0e-04)
1178.695 .... 2628 packets received, 4571 bps, 57.14%, Err 858 (1.0e-04)
1180.841 .... 2638 packets received, 4580 bps, 57.25%, Err 859 (1.0e-04)
1189.204 .... 2644 packets received, 4558 bps, 56.98%, Err 867 (1.0e-04)
1192.924 .... 2660 packets received, 4571 bps, 57.14%, Err 868 (1.0e-04)
1200.123 .... 2662 packets received, 4547 bps, 56.84%, Err 875 (1.0e-04)
1202.752 .... 2674 packets received, 4558 bps, 56.97%, Err 877 (1.0e-04)
1204.902 .... 2681 packets received, 4562 bps, 57.02%, Err 877 (1.0e-04)
1207.531 .... 2687 packets received, 4562 bps, 57.02%, Err 880 (1.0e-04)
1209.647 .... 2697 packets received, 4571 bps, 57.13%, Err 880 (1.0e-04)
1212.843 .... 2700 packets received, 4564 bps, 57.05%, Err 884 (1.0e-04)
1214.984 .... 2714 packets received, 4579 bps, 57.24%, Err 885 (1.0e-04)
1218.129 .... 2720 packets received, 4578 bps, 57.22%, Err 887 (1.0e-04)
1220.251 .... 2731 packets received, 4588 bps, 57.35%, Err 887 (1.0e-04)
1222.889 .... 2737 packets received, 4588 bps, 57.35%, Err 888 (1.0e-04)
1230.796 .... 2744 packets received, 4570 bps, 57.13%, Err 892 (9.9e-05)
1232.897 .... 2761 packets received, 4591 bps, 57.39%, Err 893 (9.9e-05)
1242.029 .... 2765 packets received, 4564 bps, 57.05%, Err 897 (9.9e-05)
1245.252 .... 2782 packets received, 4580 bps, 57.25%, Err 900 (9.9e-05)
1252.943 .... 2785 packets received, 4557 bps, 56.96%, Err 910 (1.0e-04)
1255.570 .... 2792 packets received, 4559 bps, 56.98%, Err 913 (1.0e-04)
1259.326 .... 2796 packets received, 4551 bps, 56.89%, Err 914 (1.0e-04)
1261.416 .... 2814 packets received, 4573 bps, 57.16%, Err 915 (1.0e-04)
1264.570 .... 2821 packets received, 4573 bps, 57.16%, Err 922 (1.0e-04)
1267.520 .... 2825 packets received, 4569 bps, 57.11%, Err 924 (1.0e-04)
1270.686 .... 2838 packets received, 4578 bps, 57.23%, Err 926 (1.0e-04)
1283.265 .... 2844 packets received, 4543 bps, 56.79%, Err 937 (1.0e-04)
1285.386 .... 2862 packets received, 4564 bps, 57.05%, Err 938 (1.0e-04)
1287.782 .... 2866 packets received, 4562 bps, 57.03%, Err 940 (1.0e-04)
1290.703 .... 2875 packets received, 4566 bps, 57.08%, Err 941 (1.0e-04)
1299.119 .... 2883 packets received, 4549 bps, 56.87%, Err 944 (1.0e-04)
1306.765 .... 2894 packets received, 4540 bps, 56.75%, Err 950 (1.0e-04)
1309.952 .... 2910 packets received, 4554 bps, 56.92%, Err 952 (1.0e-04)
1328.409 .... 2913 packets received, 4495 bps, 56.19%, Err 965 (1.0e-04)
1331.720 .... 2932 packets received, 4513 bps, 56.41%, Err 969 (1.0e-04)
1334.645 .... 2936 packets received, 4509 bps, 56.37%, Err 972 (1.0e-04)
1342.257 .... 2939 packets received, 4488 bps, 56.10%, Err 978 (1.0e-04)
1344.923 .... 2955 packets received, 4504 bps, 56.30%, Err 980 (1.0e-04)
1347.024 .... 2964 packets received, 4511 bps, 56.38%, Err 980 (1.0e-04)
1350.205 .... 2971 packets received, 4511 bps, 56.38%, Err 982 (1.0e-04)
1352.358 .... 2982 packets received, 4520 bps, 56.50%, Err 982 (1.0e-04)
1361.360 .... 2990 packets received, 4502 bps, 56.28%, Err 989 (1.0e-04)
1369.527 .... 3005 packets received, 4498 bps, 56.22%, Err 996 (1.0e-04)
1372.173 .... 3015 packets received, 4504 bps, 56.30%, Err 997 (1.0e-04)
1374.295 .... 3021 packets received, 4506 bps, 56.32%, Err 998 (1.0e-04)
1376.394 .... 3029 packets received, 4511 bps, 56.39%, Err 998 (1.0e-04)
1379.581 .... 3037 packets received, 4512 bps, 56.41%, Err 1001 (1.0e-04)
1386.660 .... 3039 packets received, 4492 bps, 56.15%, Err 1007 (1.0e-04)
1388.790 .... 3052 packets received, 4505 bps, 56.31%, Err 1008 (1.0e-04)
1402.465 .... 3056 packets received, 4467 bps, 55.83%, Err 1022 (1.0e-04)
1415.296 .... 3067 packets received, 4442 bps, 55.52%, Err 1029 (1.0e-04)
1417.412 .... 3084 packets received, 4460 bps, 55.75%, Err 1030 (1.0e-04)
1420.564 .... 3088 packets received, 4456 bps, 55.70%, Err 1035 (1.0e-04)
1423.226 .... 3092 packets received, 4453 bps, 55.66%, Err 1037 (1.0e-04)
1431.119 .... 3101 packets received, 4441 bps, 55.52%, Err 1041 (1.0e-04)
1433.756 .... 3117 packets received, 4456 bps, 55.70%, Err 1042 (1.0e-04)
1436.162 .... 3121 packets received, 4454 bps, 55.68%, Err 1045 (1.0e-04)
1438.264 .... 3130 packets received, 4461 bps, 55.76%, Err 1045 (1.0e-04)
1446.415 .... 3134 packets received, 4441 bps, 55.52%, Err 1048 (1.0e-04)
1449.337 .... 3152 packets received, 4458 bps, 55.72%, Err 1050 (1.0e-04)
1451.447 .... 3162 packets received, 4465 bps, 55.82%, Err 1051 (1.0e-04)
1454.895 .... 3167 packets received, 4462 bps, 55.77%, Err 1053 (1.0e-04)
1456.999 .... 3181 packets received, 4475 bps, 55.94%, Err 1055 (1.0e-04)
1459.920 .... 3183 packets received, 4469 bps, 55.86%, Err 1057 (1.0e-04)
1462.572 .... 3192 packets received, 4473 bps, 55.92%, Err 1061 (1.0e-04)
1475.966 .... 3197 packets received, 4440 bps, 55.50%, Err 1068 (1.0e-04)
1478.891 .... 3214 packets received, 4455 bps, 55.68%, Err 1071 (1.0e-04)
1487.267 .... 3217 packets received, 4434 bps, 55.42%, Err 1075 (1.0e-04)
1489.415 .... 3233 packets received, 4449 bps, 55.61%, Err 1078 (1.0e-04)
1491.517 .... 3241 packets received, 4454 bps, 55.67%, Err 1078 (1.0e-04)
1500.010 .... 3245 packets received, 4434 bps, 55.43%, Err 1085 (1.0e-04)
1502.689 .... 3262 packets received, 4449 bps, 55.62%, Err 1087 (1.0e-04)
1504.791 .... 3272 packets received, 4457 bps, 55.71%, Err 1088 (1.0e-04)
1507.948 .... 3274 packets received, 4450 bps, 55.63%, Err 1090 (1.0e-04)
1511.138 .... 3288 packets received, 4460 bps, 55.75%, Err 1093 (1.0e-04)
1513.768 .... 3292 packets received, 4457 bps, 55.72%, Err 1095 (1.0e-04)
1515.903 .... 3307 packets received, 4471 bps, 55.89%, Err 1096 (1.0e-04)
1518.011 .... 3314 packets received, 4475 bps, 55.93%, Err 1096 (1.0e-04)
1536.876 .... 3318 packets received, 4425 bps, 55.31%, Err 1109 (1.0e-04)
1543.974 .... 3334 packets received, 4426 bps, 55.32%, Err 1115 (1.0e-04)
1546.586 .... 3347 packets received, 4436 bps, 55.45%, Err 1118 (1.0e-04)
1549.538 .... 3350 packets received, 4431 bps, 55.39%, Err 1120 (1.0e-04)
1562.067 .... 3353 packets received, 4400 bps, 54.99%, Err 1130 (1.0e-04)
1564.153 .... 3371 packets received, 4417 bps, 55.22%, Err 1132 (1.0e-04)
1566.814 .... 3375 packets received, 4415 bps, 55.19%, Err 1135 (1.0e-04)
1569.435 .... 3380 packets received, 4414 bps, 55.18%, Err 1139 (1.0e-04)
1572.114 .... 3388 packets received, 4417 bps, 55.21%, Err 1142 (1.0e-04)
1574.191 .... 3401 packets received, 4428 bps, 55.35%, Err 1142 (1.0e-04)
1576.850 .... 3406 packets received, 4427 bps, 55.34%, Err 1144 (1.0e-04)
1578.990 .... 3417 packets received, 4435 bps, 55.44%, Err 1145 (1.0e-04)
1581.874 .... 3424 packets received, 4436 bps, 55.45%, Err 1147 (1.0e-04)
1583.978 .... 3434 packets received, 4443 bps, 55.54%, Err 1147 (1.0e-04)
1586.408 .... 3439 packets received, 4443 bps, 55.54%, Err 1148 (1.0e-04)
1589.560 .... 3447 packets received, 4445 bps, 55.56%, Err 1150 (1.0e-04)
1592.473 .... 3459 packets received, 4452 bps, 55.65%, Err 1152 (1.0e-04)
1595.662 .... 3469 packets received, 4456 bps, 55.70%, Err 1154 (1.0e-04)
1598.285 .... 3478 packets received, 4460 bps, 55.75%, Err 1156 (1.0e-04)
1600.940 .... 3486 packets received, 4463 bps, 55.79%, Err 1158 (1.0e-04)
1603.058 .... 3496 packets received, 4470 bps, 55.87%, Err 1159 (1.0e-04)
1605.154 .... 3503 packets received, 4473 bps, 55.91%, Err 1159 (1.0e-04)
1613.258 .... 3508 packets received, 4457 bps, 55.71%, Err 1164 (1.0e-04)
1615.893 .... 3521 packets received, 4466 bps, 55.82%, Err 1166 (1.0e-04)
1624.178 .... 3526 packets received, 4449 bps, 55.62%, Err 1175 (1.0e-04)
1627.097 .... 3536 packets received, 4454 bps, 55.68%, Err 1177 (1.0e-04)
1629.218 .... 3546 packets received, 4461 bps, 55.76%, Err 1178 (1.0e-04)
1636.818 .... 3549 packets received, 4444 bps, 55.55%, Err 1186 (1.0e-04)
1639.435 .... 3561 packets received, 4452 bps, 55.65%, Err 1188 (1.0e-04)
1641.526 .... 3568 packets received, 4455 bps, 55.69%, Err 1189 (1.0e-04)
1643.701 .... 3575 packets received, 4458 bps, 55.72%, Err 1189 (1.0e-04)
1646.304 .... 3579 packets received, 4456 bps, 55.69%, Err 1191 (1.0e-04)
1649.774 .... 3589 packets received, 4459 bps, 55.73%, Err 1195 (1.0e-04)
1657.075 .... 3590 packets received, 4440 bps, 55.50%, Err 1199 (1.0e-04)
1659.464 .... 3606 packets received, 4454 bps, 55.67%, Err 1202 (1.0e-04)
1661.568 .... 3613 packets received, 4457 bps, 55.71%, Err 1202 (1.0e-04)
1670.728 .... 3620 packets received, 4441 bps, 55.51%, Err 1211 (1.0e-04)
1678.217 .... 3622 packets received, 4423 bps, 55.29%, Err 1215 (1.0e-04)
1680.479 .... 3641 packets received, 4441 bps, 55.51%, Err 1215 (1.0e-04)
1682.568 .... 3647 packets received, 4442 bps, 55.53%, Err 1215 (1.0e-04)
1685.736 .... 3651 packets received, 4439 bps, 55.49%, Err 1219 (1.0e-04)
1693.450 .... 3659 packets received, 4428 bps, 55.35%, Err 1224 (1.0e-04)
1696.110 .... 3674 packets received, 4439 bps, 55.49%, Err 1226 (1.0e-04)
1699.280 .... 3680 packets received, 4438 bps, 55.48%, Err 1230 (1.0e-04)
1701.941 .... 3688 packets received, 4441 bps, 55.51%, Err 1233 (1.0e-04)
1708.952 .... 3689 packets received, 4424 bps, 55.30%, Err 1240 (1.0e-04)
1711.042 .... 3703 packets received, 4435 bps, 55.44%, Err 1241 (1.0e-04)
1713.737 .... 3708 packets received, 4434 bps, 55.43%, Err 1242 (1.0e-04)
1716.604 .... 3716 packets received, 4437 bps, 55.46%, Err 1244 (1.0e-04)
1719.799 .... 3722 packets received, 4435 bps, 55.44%, Err 1245 (1.0e-04)
1721.905 .... 3738 packets received, 4449 bps, 55.61%, Err 1245 (1.0e-04)
1735.565 .... 3740 packets received, 4416 bps, 55.20%, Err 1252 (1.0e-04)
1738.291 .... 3757 packets received, 4429 bps, 55.37%, Err 1256 (1.0e-04)
1740.363 .... 3767 packets received, 4436 bps, 55.45%, Err 1257 (1.0e-04)
1743.293 .... 3769 packets received, 4431 bps, 55.39%, Err 1261 (1.0e-04)
1746.448 .... 3777 packets received, 4432 bps, 55.40%, Err 1265 (1.0e-04)
1749.135 .... 3781 packets received, 4430 bps, 55.38%, Err 1265 (1.0e-04)
1751.823 .... 3800 packets received, 4446 bps, 55.57%, Err 1267 (1.0e-04)
1758.745 .... 3804 packets received, 4433 bps, 55.41%, Err 1271 (1.0e-04)
1761.405 .... 3819 packets received, 4443 bps, 55.54%, Err 1274 (1.0e-04)
1763.541 .... 3827 packets received, 4447 bps, 55.59%, Err 1275 (1.0e-04)
1766.436 .... 3833 packets received, 4447 bps, 55.59%, Err 1277 (1.0e-04)
1768.567 .... 3840 packets received, 4450 bps, 55.62%, Err 1278 (1.0e-04)
1771.726 .... 3850 packets received, 4453 bps, 55.67%, Err 1281 (1.0e-04)
1774.658 .... 3860 packets received, 4458 bps, 55.72%, Err 1283 (1.0e-04)
1782.429 .... 3867 packets received, 4446 bps, 55.58%, Err 1288 (1.0e-04)
1784.546 .... 3885 packets received, 4462 bps, 55.77%, Err 1289 (1.0e-04)
1786.881 .... 3892 packets received, 4464 bps, 55.80%, Err 1291 (1.0e-04)
1789.562 .... 3894 packets received, 4459 bps, 55.74%, Err 1295 (1.0e-04)
1791.666 .... 3906 packets received, 4468 bps, 55.85%, Err 1296 (1.0e-04)
1794.303 .... 3909 packets received, 4465 bps, 55.81%, Err 1298 (1.0e-04)
1806.771 .... 3914 packets received, 4440 bps, 55.49%, Err 1308 (1.0e-04)
1809.012 .... 3933 packets received, 4456 bps, 55.70%, Err 1309 (1.0e-04)
1816.622 .... 3934 packets received, 4438 bps, 55.48%, Err 1313 (1.0e-04)
1825.605 .... 3950 packets received, 4434 bps, 55.43%, Err 1321 (1.0e-04)
1828.816 .... 3961 packets received, 4439 bps, 55.48%, Err 1323 (1.0e-04)
1830.926 .... 3970 packets received, 4444 bps, 55.55%, Err 1323 (1.0e-04)
1833.065 .... 3978 packets received, 4447 bps, 55.59%, Err 1324 (1.0e-04)
1835.975 .... 3984 packets received, 4447 bps, 55.59%, Err 1327 (1.0e-04)
1839.145 .... 3987 packets received, 4443 bps, 55.53%, Err 1330 (1.0e-04)
1842.358 .... 3993 packets received, 4442 bps, 55.52%, Err 1334 (1.0e-04)
1844.444 .... 3997 packets received, 4441 bps, 55.51%, Err 1336 (1.0e-04)
1847.036 .... 4005 packets received, 4444 bps, 55.55%, Err 1336 (1.0e-04)
1849.200 .... 4015 packets received, 4450 bps, 55.62%, Err 1336 (1.0e-04)
1851.595 .... 4018 packets received, 4447 bps, 55.59%, Err 1338 (1.0e-04)
1853.680 .... 4027 packets received, 4452 bps, 55.65%, Err 1340 (1.0e-04)
1857.129 .... 4030 packets received, 4447 bps, 55.59%, Err 1344 (1.0e-04)
1860.019 .... 4038 packets received, 4449 bps, 55.61%, Err 1346 (1.0e-04)
1862.990 .... 4050 packets received, 4455 bps, 55.69%, Err 1348 (1.0e-04)
1866.202 .... 4059 packets received, 4457 bps, 55.72%, Err 1352 (1.0e-04)
1869.390 .... 4067 packets received, 4458 bps, 55.73%, Err 1354 (1.0e-04)
1872.271 .... 4080 packets received, 4466 bps, 55.82%, Err 1356 (1.0e-04)
1875.452 .... 4087 packets received, 4466 bps, 55.82%, Err 1359 (1.0e-04)
1884.659 .... 4092 packets received, 4450 bps, 55.62%, Err 1367 (1.0e-04)
1886.726 .... 4110 packets received, 4464 bps, 55.80%, Err 1367 (1.0e-04)
1888.855 .... 4118 packets received, 4468 bps, 55.85%, Err 1367 (1.0e-04)
1890.971 .... 4126 packets received, 4472 bps, 55.89%, Err 1368 (1.0e-04)
1893.095 .... 4133 packets received, 4474 bps, 55.93%, Err 1368 (1.0e-04)
1895.746 .... 4138 packets received, 4473 bps, 55.92%, Err 1370 (1.0e-04)
1897.868 .... 4150 packets received, 4481 bps, 56.01%, Err 1370 (1.0e-04)
1900.791 .... 4156 packets received, 4481 bps, 56.01%, Err 1374 (1.0e-04)
1915.787 .... 4160 packets received, 4450 bps, 55.62%, Err 1386 (1.0e-04)
1917.901 .... 4179 packets received, 4465 bps, 55.82%, Err 1386 (1.0e-04)
1920.023 .... 4187 packets received, 4469 bps, 55.86%, Err 1388 (1.0e-04)
1922.158 .... 4194 packets received, 4471 bps, 55.89%, Err 1389 (1.0e-04)
1924.819 .... 4196 packets received, 4467 bps, 55.84%, Err 1394 (1.0e-04)
1933.338 .... 4199 packets received, 4451 bps, 55.64%, Err 1400 (1.0e-04)
1935.572 .... 4218 packets received, 4466 bps, 55.82%, Err 1401 (1.0e-04)
1938.710 .... 4223 packets received, 4464 bps, 55.80%, Err 1402 (1.0e-04)
1940.860 .... 4234 packets received, 4471 bps, 55.88%, Err 1404 (1.0e-04)
1949.359 .... 4236 packets received, 4453 bps, 55.66%, Err 1412 (1.0e-04)
1951.731 .... 4251 packets received, 4463 bps, 55.79%, Err 1413 (1.0e-04)
1953.897 .... 4255 packets received, 4463 bps, 55.78%, Err 1415 (1.0e-04)
1955.975 .... 4259 packets received, 4462 bps, 55.78%, Err 1417 (1.0e-04)
1962.924 .... 4263 packets received, 4451 bps, 55.63%, Err 1424 (1.0e-04)
1966.091 .... 4279 packets received, 4460 bps, 55.75%, Err 1428 (1.0e-04)
1969.059 .... 4281 packets received, 4455 bps, 55.69%, Err 1433 (1.0e-04)
1971.704 .... 4284 packets received, 4453 bps, 55.66%, Err 1436 (1.0e-04)
1974.568 .... 4293 packets received, 4455 bps, 55.69%, Err 1437 (1.0e-04)
1977.462 .... 4300 packets received, 4456 bps, 55.70%, Err 1439 (1.0e-04)
1984.447 .... 4307 packets received, 4448 bps, 55.60%, Err 1446 (1.0e-04)
1987.366 .... 4320 packets received, 4455 bps, 55.68%, Err 1450 (1.0e-04)
1995.920 .... 4325 packets received, 4441 bps, 55.51%, Err 1459 (1.0e-04)
2003.290 .... 4339 packets received, 4439 bps, 55.48%, Err 1463 (1.0e-04)
2006.429 .... 4353 packets received, 4446 bps, 55.57%, Err 1464 (1.0e-04)
2020.660 .... 4362 packets received, 4424 bps, 55.30%, Err 1470 (1.0e-04)
2022.748 .... 4380 packets received, 4437 bps, 55.47%, Err 1470 (1.0e-04)
2024.865 .... 4386 packets received, 4439 bps, 55.48%, Err 1471 (1.0e-04)
2027.774 .... 4392 packets received, 4438 bps, 55.48%, Err 1473 (1.0e-04)
2036.668 .... 4399 packets received, 4426 bps, 55.33%, Err 1477 (1.0e-04)
2039.586 .... 4416 packets received, 4437 bps, 55.46%, Err 1480 (1.0e-04)
2041.726 .... 4427 packets received, 4443 bps, 55.54%, Err 1481 (1.0e-04)
2044.873 .... 4434 packets received, 4443 bps, 55.54%, Err 1483 (1.0e-04)
2046.996 .... 4445 packets received, 4450 bps, 55.62%, Err 1483 (1.0e-04)
2049.103 .... 4453 packets received, 4453 bps, 55.67%, Err 1483 (1.0e-04)
2051.241 .... 4457 packets received, 4453 bps, 55.66%, Err 1485 (1.0e-04)
2053.313 .... 4467 packets received, 4458 bps, 55.73%, Err 1487 (1.0e-04)
2056.234 .... 4473 packets received, 4458 bps, 55.72%, Err 1488 (1.0e-04)
2059.696 .... 4483 packets received, 4460 bps, 55.75%, Err 1492 (1.0e-04)
2061.799 .... 4494 packets received, 4467 bps, 55.83%, Err 1493 (1.0e-04)
2064.715 .... 4500 packets received, 4466 bps, 55.83%, Err 1496 (1.0e-04)
2066.857 .... 4510 packets received, 4472 bps, 55.89%, Err 1497 (1.0e-04)
2068.932 .... 4518 packets received, 4475 bps, 55.94%, Err 1498 (1.0e-04)
2075.808 .... 4519 packets received, 4461 bps, 55.76%, Err 1505 (1.0e-04)
2078.209 .... 4529 packets received, 4466 bps, 55.82%, Err 1507 (1.0e-04)
2080.326 .... 4537 packets received, 4469 bps, 55.86%, Err 1509 (1.0e-04)
2083.244 .... 4543 packets received, 4469 bps, 55.86%, Err 1513 (1.0e-04)
2085.359 .... 4553 packets received, 4474 bps, 55.93%, Err 1514 (1.0e-04)
2087.515 .... 4561 packets received, 4477 bps, 55.97%, Err 1514 (1.0e-04)
2089.590 .... 4569 packets received, 4481 bps, 56.01%, Err 1514 (1.0e-04)
2091.703 .... 4576 packets received, 4483 bps, 56.04%, Err 1516 (1.0e-04)
2094.625 .... 4580 packets received, 4481 bps, 56.01%, Err 1519 (1.0e-04)
2096.731 .... 4592 packets received, 4488 bps, 56.10%, Err 1519 (1.0e-04)
2098.842 .... 4595 packets received, 4486 bps, 56.08%, Err 1521 (1.0e-04)
2101.766 .... 4603 packets received, 4488 bps, 56.10%, Err 1524 (1.0e-04)
2104.660 .... 4607 packets received, 4486 bps, 56.07%, Err 1527 (1.0e-04)
2107.303 .... 4618 packets received, 4491 bps, 56.13%, Err 1528 (1.0e-04)
2109.420 .... 4632 packets received, 4500 bps, 56.25%, Err 1528 (1.0e-04)
2111.797 .... 4637 packets received, 4500 bps, 56.24%, Err 1531 (1.0e-04)
2114.456 .... 4644 packets received, 4501 bps, 56.26%, Err 1534 (1.0e-04)
2116.572 .... 4655 packets received, 4507 bps, 56.33%, Err 1535 (1.0e-04)
2118.688 .... 4662 packets received, 4509 bps, 56.36%, Err 1535 (1.0e-04)
2133.052 .... 4668 packets received, 4484 bps, 56.06%, Err 1549 (1.0e-04)
2135.095 .... 4686 packets received, 4497 bps, 56.22%, Err 1552 (1.0e-04)
2137.272 .... 4692 packets received, 4499 bps, 56.23%, Err 1553 (1.0e-04)
2139.609 .... 4699 packets received, 4500 bps, 56.25%, Err 1553 (1.0e-04)
2141.995 .... 4706 packets received, 4502 bps, 56.28%, Err 1554 (1.0e-04)
2144.913 .... 4709 packets received, 4499 bps, 56.24%, Err 1556 (1.0e-04)
2147.015 .... 4722 packets received, 4507 bps, 56.34%, Err 1556 (1.0e-04)
2149.122 .... 4729 packets received, 4509 bps, 56.36%, Err 1558 (1.0e-04)
2151.779 .... 4734 packets received, 4508 bps, 56.35%, Err 1561 (1.0e-04)
2154.960 .... 4741 packets received, 4508 bps, 56.35%, Err 1564 (1.0e-04)
2157.849 .... 4747 packets received, 4508 bps, 56.35%, Err 1566 (1.0e-04)
2164.909 .... 4750 packets received, 4496 bps, 56.20%, Err 1575 (1.0e-04)
2167.299 .... 4765 packets received, 4505 bps, 56.32%, Err 1579 (1.0e-04)
2169.449 .... 4775 packets received, 4510 bps, 56.38%, Err 1580 (1.0e-04)
2171.523 .... 4782 packets received, 4513 bps, 56.41%, Err 1581 (1.0e-04)
2173.659 .... 4790 packets received, 4516 bps, 56.45%, Err 1581 (1.0e-04)
2177.104 .... 4798 packets received, 4516 bps, 56.45%, Err 1582 (1.0e-04)
2180.526 .... 4810 packets received, 4520 bps, 56.50%, Err 1585 (1.0e-04)
2183.405 .... 4815 packets received, 4519 bps, 56.49%, Err 1586 (1.0e-04)
2191.906 .... 4827 packets received, 4513 bps, 56.41%, Err 1591 (1.0e-04)
2194.053 .... 4839 packets received, 4519 bps, 56.49%, Err 1592 (1.0e-04)
2196.143 .... 4848 packets received, 4523 bps, 56.54%, Err 1594 (1.0e-04)
2198.760 .... 4853 packets received, 4523 bps, 56.53%, Err 1596 (1.0e-04)
2201.965 .... 4861 packets received, 4524 bps, 56.55%, Err 1600 (1.0e-04)
2204.610 .... 4865 packets received, 4522 bps, 56.52%, Err 1600 (1.0e-04)
2207.102 .... 4879 packets received, 4530 bps, 56.62%, Err 1602 (1.0e-04)
2216.087 .... 4888 packets received, 4520 bps, 56.50%, Err 1609 (1.0e-04)
2218.750 .... 4896 packets received, 4522 bps, 56.52%, Err 1610 (1.0e-04)
2220.870 .... 4907 packets received, 4528 bps, 56.59%, Err 1610 (1.0e-04)
2223.223 .... 4914 packets received, 4529 bps, 56.61%, Err 1610 (1.0e-04)
2226.388 .... 4919 packets received, 4527 bps, 56.59%, Err 1612 (1.0e-04)
2228.519 .... 4930 packets received, 4533 bps, 56.66%, Err 1613 (1.0e-04)
2237.703 .... 4935 packets received, 4519 bps, 56.49%, Err 1625 (1.0e-04)
2246.031 .... 4947 packets received, 4513 bps, 56.42%, Err 1631 (1.0e-04)
2249.019 .... 4959 packets received, 4518 bps, 56.48%, Err 1635 (1.0e-04)
2251.169 .... 4966 packets received, 4520 bps, 56.50%, Err 1637 (1.0e-04)
2253.533 .... 4970 packets received, 4519 bps, 56.49%, Err 1639 (1.0e-04)
2256.743 .... 4976 packets received, 4518 bps, 56.48%, Err 1642 (1.0e-04)
2269.169 .... 4980 packets received, 4497 bps, 56.21%, Err 1652 (1.0e-04)
2271.351 .... 4999 packets received, 4510 bps, 56.37%, Err 1653 (1.0e-04)
2273.448 .... 5006 packets received, 4512 bps, 56.40%, Err 1653 (1.0e-04)
2276.622 .... 5014 packets received, 4513 bps, 56.41%, Err 1656 (1.0e-04)
2278.752 .... 5024 packets received, 4518 bps, 56.47%, Err 1658 (1.0e-04)
2280.857 .... 5031 packets received, 4520 bps, 56.50%, Err 1659 (1.0e-04)
2282.965 .... 5038 packets received, 4522 bps, 56.52%, Err 1660 (1.0e-04)
2285.117 .... 5045 packets received, 4524 bps, 56.55%, Err 1660 (1.0e-04)
2287.235 .... 5053 packets received, 4527 bps, 56.59%, Err 1661 (1.0e-04)
2290.377 .... 5058 packets received, 4525 bps, 56.56%, Err 1664 (1.0e-04)
2293.009 .... 5065 packets received, 4526 bps, 56.58%, Err 1668 (1.0e-04)
2302.573 .... 5068 packets received, 4510 bps, 56.38%, Err 1673 (1.0e-04)
2304.869 .... 5087 packets received, 4522 bps, 56.53%, Err 1674 (1.0e-04)
2307.241 .... 5091 packets received, 4521 bps, 56.52%, Err 1676 (1.0e-04)
2314.659 .... 5094 packets received, 4510 bps, 56.37%, Err 1682 (1.0e-04)
2322.494 .... 5105 packets received, 4504 bps, 56.30%, Err 1685 (1.0e-04)
2331.354 .... 5122 packets received, 4502 bps, 56.27%, Err 1690 (1.0e-04)
2334.515 .... 5135 packets received, 4507 bps, 56.34%, Err 1693 (1.0e-04)
2343.528 .... 5143 packets received, 4497 bps, 56.21%, Err 1700 (1.0e-04)
2346.961 .... 5161 packets received, 4506 bps, 56.32%, Err 1703 (1.0e-04)
2349.075 .... 5173 packets received, 4512 bps, 56.40%, Err 1703 (1.0e-04)
2351.208 .... 5177 packets received, 4512 bps, 56.40%, Err 1705 (1.0e-04)
2354.367 .... 5186 packets received, 4514 bps, 56.42%, Err 1709 (1.0e-04)
2357.545 .... 5191 packets received, 4512 bps, 56.40%, Err 1711 (1.0e-04)
2360.982 .... 5207 packets received, 4519 bps, 56.49%, Err 1715 (1.0e-04)
2368.088 .... 5208 packets received, 4506 bps, 56.33%, Err 1719 (1.0e-04)
2370.778 .... 5224 packets received, 4515 bps, 56.44%, Err 1721 (1.0e-04)
2372.852 .... 5231 packets received, 4517 bps, 56.46%, Err 1722 (1.0e-04)
2380.263 .... 5234 packets received, 4506 bps, 56.32%, Err 1726 (1.0e-04)
2389.006 .... 5251 packets received, 4504 bps, 56.30%, Err 1733 (1.0e-04)
2392.966 .... 5262 packets received, 4506 bps, 56.32%, Err 1735 (1.0e-04)
2395.384 .... 5270 packets received, 4508 bps, 56.35%, Err 1738 (1.0e-04)
2398.018 .... 5272 packets received, 4505 bps, 56.31%, Err 1740 (1.0e-04)
2401.438 .... 5286 packets received, 4510 bps, 56.38%, Err 1746 (1.0e-04)
2415.251 .... 5292 packets received, 4490 bps, 56.12%, Err 1756 (1.0e-04)
2417.274 .... 5310 packets received, 4501 bps, 56.26%, Err 1760 (1.0e-04)
2419.374 .... 5316 packets received, 4502 bps, 56.28%, Err 1760 (1.0e-04)
2422.056 .... 5319 packets received, 4500 bps, 56.25%, Err 1764 (1.0e-04)
2424.701 .... 5326 packets received, 4501 bps, 56.26%, Err 1765 (1.0e-04)
2438.649 .... 5335 packets received, 4483 bps, 56.03%, Err 1775 (1.0e-04)
2441.318 .... 5352 packets received, 4492 bps, 56.15%, Err 1778 (1.0e-04)
2443.424 .... 5363 packets received, 4497 bps, 56.22%, Err 1780 (1.0e-04)
2451.659 .... 5365 packets received, 4484 bps, 56.05%, Err 1784 (1.0e-04)
2454.596 .... 5383 packets received, 4494 bps, 56.17%, Err 1786 (1.0e-04)
2457.230 .... 5390 packets received, 4495 bps, 56.18%, Err 1788 (1.0e-04)
2460.416 .... 5399 packets received, 4496 bps, 56.20%, Err 1793 (1.0e-04)
2463.349 .... 5404 packets received, 4495 bps, 56.19%, Err 1794 (1.0e-04)
2466.209 .... 5410 packets received, 4495 bps, 56.19%, Err 1794 (1.0e-04)
2468.583 .... 5425 packets received, 4503 bps, 56.29%, Err 1796 (1.0e-04)
2470.959 .... 5433 packets received, 4505 bps, 56.32%, Err 1797 (1.0e-04)
2473.078 .... 5441 packets received, 4508 bps, 56.35%, Err 1799 (1.0e-04)
2486.430 .... 5442 packets received, 4485 bps, 56.06%, Err 1811 (1.0e-04)
2488.615 .... 5461 packets received, 4496 bps, 56.20%, Err 1813 (1.0e-04)
2497.129 .... 5463 packets received, 4483 bps, 56.03%, Err 1817 (1.0e-04)
2499.783 .... 5481 packets received, 4493 bps, 56.16%, Err 1819 (1.0e-04)
2501.878 .... 5487 packets received, 4494 bps, 56.17%, Err 1821 (1.0e-04)
2504.001 .... 5493 packets received, 4495 bps, 56.19%, Err 1821 (1.0e-04)
2506.403 .... 5497 packets received, 4494 bps, 56.17%, Err 1822 (1.0e-04)
2509.289 .... 5506 packets received, 4496 bps, 56.20%, Err 1824 (1.0e-04)
2511.403 .... 5517 packets received, 4501 bps, 56.26%, Err 1824 (1.0e-04)
2514.589 .... 5521 packets received, 4499 bps, 56.23%, Err 1827 (1.0e-04)
2521.513 .... 5528 packets received, 4492 bps, 56.15%, Err 1836 (1.0e-04)
2523.597 .... 5538 packets received, 4496 bps, 56.21%, Err 1838 (1.0e-04)
2525.990 .... 5544 packets received, 4497 bps, 56.21%, Err 1840 (1.0e-04)
2528.107 .... 5552 packets received, 4500 bps, 56.25%, Err 1840 (1.0e-04)
2530.239 .... 5560 packets received, 4502 bps, 56.28%, Err 1840 (1.0e-04)
2532.360 .... 5568 packets received, 4505 bps, 56.31%, Err 1840 (1.0e-04)
2534.454 .... 5575 packets received, 4507 bps, 56.34%, Err 1841 (1.0e-04)
2543.120 .... 5578 packets received, 4494 bps, 56.18%, Err 1851 (1.0e-04)
2545.799 .... 5595 packets received, 4503 bps, 56.29%, Err 1851 (1.0e-04)
2547.855 .... 5601 packets received, 4504 bps, 56.30%, Err 1852 (1.0e-04)
2550.533 .... 5605 packets received, 4503 bps, 56.29%, Err 1853 (1.0e-04)
2554.007 .... 5618 packets received, 4507 bps, 56.34%, Err 1858 (1.0e-04)
2557.149 .... 5622 packets received, 4505 bps, 56.31%, Err 1860 (1.0e-04)
2567.121 .... 5629 packets received, 4493 bps, 56.16%, Err 1863 (1.0e-04)
2569.226 .... 5647 packets received, 4504 bps, 56.29%, Err 1863 (1.0e-04)
2572.401 .... 5652 packets received, 4502 bps, 56.27%, Err 1867 (1.0e-04)
2575.580 .... 5656 packets received, 4500 bps, 56.24%, Err 1868 (1.0e-04)
2578.240 .... 5669 packets received, 4505 bps, 56.32%, Err 1872 (1.0e-04)
2581.150 .... 5675 packets received, 4505 bps, 56.31%, Err 1875 (1.0e-04)
2583.565 .... 5680 packets received, 4505 bps, 56.31%, Err 1875 (1.0e-04)
2586.491 .... 5697 packets received, 4513 bps, 56.41%, Err 1876 (1.0e-04)
2589.661 .... 5709 packets received, 4517 bps, 56.46%, Err 1879 (1.0e-04)
2592.835 .... 5712 packets received, 4514 bps, 56.42%, Err 1884 (1.0e-04)
2595.655 .... 5715 packets received, 4511 bps, 56.39%, Err 1885 (1.0e-04)
2603.568 .... 5726 packets received, 4506 bps, 56.33%, Err 1887 (1.0e-04)
2605.704 .... 5745 packets received, 4518 bps, 56.47%, Err 1889 (1.0e-04)
2607.775 .... 5753 packets received, 4520 bps, 56.50%, Err 1889 (1.0e-04)
2609.907 .... 5757 packets received, 4520 bps, 56.50%, Err 1892 (1.0e-04)
2613.061 .... 5766 packets received, 4521 bps, 56.52%, Err 1896 (1.0e-04)
2615.197 .... 5770 packets received, 4521 bps, 56.51%, Err 1900 (1.0e-04)
2618.374 .... 5776 packets received, 4520 bps, 56.50%, Err 1902 (1.0e-04)
2626.373 .... 5778 packets received, 4508 bps, 56.35%, Err 1906 (1.0e-04)
2628.382 .... 5796 packets received, 4518 bps, 56.48%, Err 1908 (1.0e-04)
2630.497 .... 5802 packets received, 4519 bps, 56.49%, Err 1909 (1.0e-04)
2632.880 .... 5806 packets received, 4518 bps, 56.48%, Err 1912 (1.0e-04)
2635.773 .... 5808 packets received, 4515 bps, 56.44%, Err 1913 (1.0e-04)
2637.878 .... 5824 packets received, 4524 bps, 56.55%, Err 1913 (1.0e-04)
2650.717 .... 5826 packets received, 4503 bps, 56.29%, Err 1923 (1.0e-04)
2652.762 .... 5843 packets received, 4513 bps, 56.41%, Err 1924 (1.0e-04)
2655.711 .... 5848 packets received, 4512 bps, 56.40%, Err 1925 (1.0e-04)
2657.793 .... 5859 packets received, 4517 bps, 56.46%, Err 1925 (1.0e-04)
2659.924 .... 5861 packets received, 4515 bps, 56.43%, Err 1927 (1.0e-04)
2666.942 .... 5864 packets received, 4505 bps, 56.31%, Err 1937 (1.0e-04)
2675.391 .... 5880 packets received, 4503 bps, 56.29%, Err 1942 (1.0e-04)
2687.507 .... 5885 packets received, 4487 bps, 56.08%, Err 1949 (1.0e-04)
2694.284 .... 5901 packets received, 4488 bps, 56.09%, Err 1952 (1.0e-04)
2697.999 .... 5918 packets received, 4494 bps, 56.18%, Err 1958 (1.0e-04)
2700.647 .... 5924 packets received, 4494 bps, 56.18%, Err 1960 (1.0e-04)
2709.230 .... 5934 packets received, 4488 bps, 56.10%, Err 1966 (1.0e-04)
2712.131 .... 5950 packets received, 4495 bps, 56.19%, Err 1969 (1.0e-04)
