000.000 =============================================================
000.000                     Station B                               
000.000 -------------------------------------------------------------
000.000 Protocol.lib, version 4.0, jiangyanjun0718@bupt.edu.cn
000.000 Channel: 8000 bps, 270 ms propagation delay, bit error rate 0
000.000 Log file "F:\Code\20250418(network lab1)\upload\SR-MAX-B.log", TCP port 59144, debug mask 0x00
000.000 Station B is connecting station A (TCP port 59144) ... Done.
000.131 New epoch: Tue May  6 09:36:37 2025
000.131 =================================================================
000.131 
000.131 SR-3, 构建时间: May  5 2025  21:24:47
002.544 .... 8 packets received, 7617 bps, 95.21%, Err 0 (0.0e+00)
004.654 .... 16 packets received, 7690 bps, 96.13%, Err 0 (0.0e+00)
006.732 .... 24 packets received, 7754 bps, 96.92%, Err 0 (0.0e+00)
008.871 .... 32 packets received, 7730 bps, 96.63%, Err 0 (0.0e+00)
010.989 .... 40 packets received, 7731 bps, 96.64%, Err 0 (0.0e+00)
013.074 .... 48 packets received, 7752 bps, 96.90%, Err 0 (0.0e+00)
015.192 .... 56 packets received, 7750 bps, 96.87%, Err 0 (0.0e+00)
017.306 .... 64 packets received, 7750 bps, 96.87%, Err 0 (0.0e+00)
019.425 .... 72 packets received, 7748 bps, 96.85%, Err 0 (0.0e+00)
021.519 .... 80 packets received, 7755 bps, 96.94%, Err 0 (0.0e+00)
023.653 .... 88 packets received, 7748 bps, 96.85%, Err 0 (0.0e+00)
025.752 .... 96 packets received, 7753 bps, 96.91%, Err 0 (0.0e+00)
027.865 .... 104 packets received, 7753 bps, 96.91%, Err 0 (0.0e+00)
029.963 .... 112 packets received, 7757 bps, 96.96%, Err 0 (0.0e+00)
032.120 .... 120 packets received, 7746 bps, 96.83%, Err 0 (0.0e+00)
034.221 .... 128 packets received, 7749 bps, 96.87%, Err 0 (0.0e+00)
036.328 .... 136 packets received, 7751 bps, 96.89%, Err 0 (0.0e+00)
038.414 .... 144 packets received, 7757 bps, 96.96%, Err 0 (0.0e+00)
040.548 .... 152 packets received, 7752 bps, 96.90%, Err 0 (0.0e+00)
042.669 .... 160 packets received, 7751 bps, 96.89%, Err 0 (0.0e+00)
044.754 .... 168 packets received, 7756 bps, 96.95%, Err 0 (0.0e+00)
046.894 .... 176 packets received, 7751 bps, 96.89%, Err 0 (0.0e+00)
048.994 .... 184 packets received, 7754 bps, 96.92%, Err 0 (0.0e+00)
051.089 .... 192 packets received, 7756 bps, 96.95%, Err 0 (0.0e+00)
053.234 .... 200 packets received, 7752 bps, 96.89%, Err 0 (0.0e+00)
055.341 .... 208 packets received, 7752 bps, 96.91%, Err 0 (0.0e+00)
057.445 .... 216 packets received, 7754 bps, 96.92%, Err 0 (0.0e+00)
059.555 .... 224 packets received, 7754 bps, 96.93%, Err 0 (0.0e+00)
061.674 .... 232 packets received, 7753 bps, 96.92%, Err 0 (0.0e+00)
063.795 .... 240 packets received, 7752 bps, 96.91%, Err 0 (0.0e+00)
065.923 .... 248 packets received, 7751 bps, 96.88%, Err 0 (0.0e+00)
068.015 .... 256 packets received, 7753 bps, 96.92%, Err 0 (0.0e+00)
070.133 .... 264 packets received, 7753 bps, 96.91%, Err 0 (0.0e+00)
072.244 .... 272 packets received, 7753 bps, 96.91%, Err 0 (0.0e+00)
074.331 .... 280 packets received, 7756 bps, 96.95%, Err 0 (0.0e+00)
076.481 .... 288 packets received, 7752 bps, 96.90%, Err 0 (0.0e+00)
078.569 .... 296 packets received, 7754 bps, 96.93%, Err 0 (0.0e+00)
080.672 .... 304 packets received, 7755 bps, 96.94%, Err 0 (0.0e+00)
082.796 .... 312 packets received, 7754 bps, 96.93%, Err 0 (0.0e+00)
084.946 .... 320 packets received, 7751 bps, 96.89%, Err 0 (0.0e+00)
087.024 .... 328 packets received, 7754 bps, 96.93%, Err 0 (0.0e+00)
089.129 .... 336 packets received, 7755 bps, 96.93%, Err 0 (0.0e+00)
091.246 .... 344 packets received, 7754 bps, 96.93%, Err 0 (0.0e+00)
093.351 .... 352 packets received, 7755 bps, 96.94%, Err 0 (0.0e+00)
095.475 .... 360 packets received, 7754 bps, 96.93%, Err 0 (0.0e+00)
097.601 .... 368 packets received, 7753 bps, 96.91%, Err 0 (0.0e+00)
099.688 .... 376 packets received, 7755 bps, 96.94%, Err 0 (0.0e+00)
101.820 .... 384 packets received, 7754 bps, 96.92%, Err 0 (0.0e+00)
103.908 .... 392 packets received, 7756 bps, 96.94%, Err 0 (0.0e+00)
106.018 .... 400 packets received, 7756 bps, 96.95%, Err 0 (0.0e+00)
108.152 .... 408 packets received, 7754 bps, 96.93%, Err 0 (0.0e+00)
110.240 .... 416 packets received, 7756 bps, 96.95%, Err 0 (0.0e+00)
112.380 .... 424 packets received, 7754 bps, 96.93%, Err 0 (0.0e+00)
114.460 .... 432 packets received, 7756 bps, 96.95%, Err 0 (0.0e+00)
116.595 .... 440 packets received, 7755 bps, 96.93%, Err 0 (0.0e+00)
118.742 .... 448 packets received, 7753 bps, 96.91%, Err 0 (0.0e+00)
120.843 .... 456 packets received, 7753 bps, 96.92%, Err 0 (0.0e+00)
122.937 .... 464 packets received, 7755 bps, 96.93%, Err 0 (0.0e+00)
125.010 .... 472 packets received, 7757 bps, 96.96%, Err 0 (0.0e+00)
127.140 .... 480 packets received, 7756 bps, 96.95%, Err 0 (0.0e+00)
129.232 .... 488 packets received, 7757 bps, 96.96%, Err 0 (0.0e+00)
131.352 .... 496 packets received, 7757 bps, 96.96%, Err 0 (0.0e+00)
133.476 .... 504 packets received, 7756 bps, 96.95%, Err 0 (0.0e+00)
135.613 .... 512 packets received, 7755 bps, 96.93%, Err 0 (0.0e+00)
137.701 .... 520 packets received, 7756 bps, 96.95%, Err 0 (0.0e+00)
139.848 .... 528 packets received, 7754 bps, 96.93%, Err 0 (0.0e+00)
141.911 .... 536 packets received, 7757 bps, 96.96%, Err 0 (0.0e+00)
144.048 .... 544 packets received, 7755 bps, 96.94%, Err 0 (0.0e+00)
146.155 .... 552 packets received, 7756 bps, 96.95%, Err 0 (0.0e+00)
148.275 .... 560 packets received, 7755 bps, 96.94%, Err 0 (0.0e+00)
150.387 .... 568 packets received, 7755 bps, 96.94%, Err 0 (0.0e+00)
152.508 .... 576 packets received, 7755 bps, 96.94%, Err 0 (0.0e+00)
154.640 .... 584 packets received, 7754 bps, 96.93%, Err 0 (0.0e+00)
156.727 .... 592 packets received, 7755 bps, 96.94%, Err 0 (0.0e+00)
158.830 .... 600 packets received, 7756 bps, 96.95%, Err 0 (0.0e+00)
160.946 .... 608 packets received, 7756 bps, 96.94%, Err 0 (0.0e+00)
163.065 .... 616 packets received, 7755 bps, 96.94%, Err 0 (0.0e+00)
165.156 .... 624 packets received, 7756 bps, 96.95%, Err 0 (0.0e+00)
167.261 .... 632 packets received, 7757 bps, 96.96%, Err 0 (0.0e+00)
169.415 .... 640 packets received, 7755 bps, 96.93%, Err 0 (0.0e+00)
171.485 .... 648 packets received, 7757 bps, 96.96%, Err 0 (0.0e+00)
173.604 .... 656 packets received, 7756 bps, 96.95%, Err 0 (0.0e+00)
175.725 .... 664 packets received, 7756 bps, 96.95%, Err 0 (0.0e+00)
177.814 .... 672 packets received, 7757 bps, 96.96%, Err 0 (0.0e+00)
179.957 .... 680 packets received, 7756 bps, 96.95%, Err 0 (0.0e+00)
182.060 .... 688 packets received, 7756 bps, 96.95%, Err 0 (0.0e+00)
184.153 .... 696 packets received, 7757 bps, 96.96%, Err 0 (0.0e+00)
186.289 .... 704 packets received, 7756 bps, 96.95%, Err 0 (0.0e+00)
188.419 .... 712 packets received, 7755 bps, 96.94%, Err 0 (0.0e+00)
190.507 .... 720 packets received, 7756 bps, 96.95%, Err 0 (0.0e+00)
192.644 .... 728 packets received, 7755 bps, 96.94%, Err 0 (0.0e+00)
194.732 .... 736 packets received, 7756 bps, 96.95%, Err 0 (0.0e+00)
196.851 .... 744 packets received, 7756 bps, 96.95%, Err 0 (0.0e+00)
198.959 .... 752 packets received, 7756 bps, 96.95%, Err 0 (0.0e+00)
201.079 .... 760 packets received, 7756 bps, 96.95%, Err 0 (0.0e+00)
203.207 .... 768 packets received, 7755 bps, 96.94%, Err 0 (0.0e+00)
205.311 .... 776 packets received, 7756 bps, 96.94%, Err 0 (0.0e+00)
207.413 .... 784 packets received, 7756 bps, 96.95%, Err 0 (0.0e+00)
209.502 .... 792 packets received, 7757 bps, 96.96%, Err 0 (0.0e+00)
211.637 .... 800 packets received, 7756 bps, 96.95%, Err 0 (0.0e+00)
213.729 .... 808 packets received, 7757 bps, 96.96%, Err 0 (0.0e+00)
215.828 .... 816 packets received, 7757 bps, 96.96%, Err 0 (0.0e+00)
217.967 .... 824 packets received, 7756 bps, 96.95%, Err 0 (0.0e+00)
220.072 .... 832 packets received, 7756 bps, 96.96%, Err 0 (0.0e+00)
222.183 .... 840 packets received, 7757 bps, 96.96%, Err 0 (0.0e+00)
224.301 .... 848 packets received, 7756 bps, 96.95%, Err 0 (0.0e+00)
226.413 .... 856 packets received, 7756 bps, 96.95%, Err 0 (0.0e+00)
228.517 .... 864 packets received, 7757 bps, 96.96%, Err 0 (0.0e+00)
230.643 .... 872 packets received, 7756 bps, 96.95%, Err 0 (0.0e+00)
232.728 .... 880 packets received, 7757 bps, 96.96%, Err 0 (0.0e+00)
234.861 .... 888 packets received, 7756 bps, 96.95%, Err 0 (0.0e+00)
236.954 .... 896 packets received, 7757 bps, 96.96%, Err 0 (0.0e+00)
239.102 .... 904 packets received, 7756 bps, 96.95%, Err 0 (0.0e+00)
241.204 .... 912 packets received, 7756 bps, 96.95%, Err 0 (0.0e+00)
243.307 .... 920 packets received, 7756 bps, 96.96%, Err 0 (0.0e+00)
245.437 .... 928 packets received, 7756 bps, 96.95%, Err 0 (0.0e+00)
247.538 .... 936 packets received, 7756 bps, 96.95%, Err 0 (0.0e+00)
249.660 .... 944 packets received, 7756 bps, 96.95%, Err 0 (0.0e+00)
251.753 .... 952 packets received, 7757 bps, 96.96%, Err 0 (0.0e+00)
253.854 .... 960 packets received, 7757 bps, 96.96%, Err 0 (0.0e+00)
255.957 .... 968 packets received, 7757 bps, 96.97%, Err 0 (0.0e+00)
258.072 .... 976 packets received, 7757 bps, 96.96%, Err 0 (0.0e+00)
260.209 .... 984 packets received, 7756 bps, 96.95%, Err 0 (0.0e+00)
262.324 .... 992 packets received, 7756 bps, 96.95%, Err 0 (0.0e+00)
264.432 .... 1000 packets received, 7756 bps, 96.96%, Err 0 (0.0e+00)
266.519 .... 1008 packets received, 7757 bps, 96.96%, Err 0 (0.0e+00)
268.635 .... 1016 packets received, 7757 bps, 96.96%, Err 0 (0.0e+00)
270.742 .... 1024 packets received, 7757 bps, 96.97%, Err 0 (0.0e+00)
272.850 .... 1032 packets received, 7757 bps, 96.97%, Err 0 (0.0e+00)
275.000 .... 1040 packets received, 7756 bps, 96.95%, Err 0 (0.0e+00)
277.078 .... 1048 packets received, 7757 bps, 96.97%, Err 0 (0.0e+00)
279.216 .... 1056 packets received, 7756 bps, 96.96%, Err 0 (0.0e+00)
281.315 .... 1064 packets received, 7757 bps, 96.96%, Err 0 (0.0e+00)
283.422 .... 1072 packets received, 7757 bps, 96.96%, Err 0 (0.0e+00)
285.556 .... 1080 packets received, 7756 bps, 96.96%, Err 0 (0.0e+00)
287.650 .... 1088 packets received, 7757 bps, 96.96%, Err 0 (0.0e+00)
289.791 .... 1096 packets received, 7756 bps, 96.95%, Err 0 (0.0e+00)
291.887 .... 1104 packets received, 7757 bps, 96.96%, Err 0 (0.0e+00)
293.990 .... 1112 packets received, 7757 bps, 96.96%, Err 0 (0.0e+00)
296.098 .... 1120 packets received, 7757 bps, 96.96%, Err 0 (0.0e+00)
298.227 .... 1128 packets received, 7756 bps, 96.96%, Err 0 (0.0e+00)
300.314 .... 1136 packets received, 7757 bps, 96.96%, Err 0 (0.0e+00)
302.425 .... 1144 packets received, 7757 bps, 96.96%, Err 0 (0.0e+00)
304.564 .... 1152 packets received, 7756 bps, 96.96%, Err 0 (0.0e+00)
306.675 .... 1160 packets received, 7757 bps, 96.96%, Err 0 (0.0e+00)
308.802 .... 1168 packets received, 7756 bps, 96.95%, Err 0 (0.0e+00)
310.874 .... 1176 packets received, 7757 bps, 96.96%, Err 0 (0.0e+00)
313.000 .... 1184 packets received, 7757 bps, 96.96%, Err 0 (0.0e+00)
315.133 .... 1192 packets received, 7756 bps, 96.95%, Err 0 (0.0e+00)
317.240 .... 1200 packets received, 7756 bps, 96.96%, Err 0 (0.0e+00)
319.322 .... 1208 packets received, 7757 bps, 96.96%, Err 0 (0.0e+00)
321.444 .... 1216 packets received, 7757 bps, 96.96%, Err 0 (0.0e+00)
323.570 .... 1224 packets received, 7757 bps, 96.96%, Err 0 (0.0e+00)
325.695 .... 1232 packets received, 7756 bps, 96.95%, Err 0 (0.0e+00)
327.794 .... 1240 packets received, 7757 bps, 96.96%, Err 0 (0.0e+00)
329.883 .... 1248 packets received, 7757 bps, 96.96%, Err 0 (0.0e+00)
332.020 .... 1256 packets received, 7757 bps, 96.96%, Err 0 (0.0e+00)
334.107 .... 1264 packets received, 7757 bps, 96.96%, Err 0 (0.0e+00)
336.243 .... 1272 packets received, 7757 bps, 96.96%, Err 0 (0.0e+00)
338.334 .... 1280 packets received, 7757 bps, 96.96%, Err 0 (0.0e+00)
340.438 .... 1288 packets received, 7757 bps, 96.97%, Err 0 (0.0e+00)
342.592 .... 1296 packets received, 7756 bps, 96.95%, Err 0 (0.0e+00)
344.704 .... 1304 packets received, 7756 bps, 96.95%, Err 0 (0.0e+00)
346.781 .... 1312 packets received, 7757 bps, 96.96%, Err 0 (0.0e+00)
348.890 .... 1320 packets received, 7757 bps, 96.96%, Err 0 (0.0e+00)
351.016 .... 1328 packets received, 7757 bps, 96.96%, Err 0 (0.0e+00)
353.129 .... 1336 packets received, 7757 bps, 96.96%, Err 0 (0.0e+00)
355.252 .... 1344 packets received, 7757 bps, 96.96%, Err 0 (0.0e+00)
357.364 .... 1352 packets received, 7757 bps, 96.96%, Err 0 (0.0e+00)
359.467 .... 1360 packets received, 7757 bps, 96.96%, Err 0 (0.0e+00)
361.584 .... 1368 packets received, 7757 bps, 96.96%, Err 0 (0.0e+00)
363.688 .... 1376 packets received, 7757 bps, 96.96%, Err 0 (0.0e+00)
365.787 .... 1384 packets received, 7757 bps, 96.96%, Err 0 (0.0e+00)
367.921 .... 1392 packets received, 7757 bps, 96.96%, Err 0 (0.0e+00)
370.015 .... 1400 packets received, 7757 bps, 96.96%, Err 0 (0.0e+00)
372.124 .... 1408 packets received, 7757 bps, 96.96%, Err 0 (0.0e+00)
374.246 .... 1416 packets received, 7757 bps, 96.96%, Err 0 (0.0e+00)
376.364 .... 1424 packets received, 7757 bps, 96.96%, Err 0 (0.0e+00)
378.481 .... 1432 packets received, 7757 bps, 96.96%, Err 0 (0.0e+00)
380.569 .... 1440 packets received, 7757 bps, 96.97%, Err 0 (0.0e+00)
382.704 .... 1448 packets received, 7757 bps, 96.96%, Err 0 (0.0e+00)
384.823 .... 1456 packets received, 7757 bps, 96.96%, Err 0 (0.0e+00)
386.924 .... 1464 packets received, 7757 bps, 96.96%, Err 0 (0.0e+00)
389.028 .... 1472 packets received, 7757 bps, 96.96%, Err 0 (0.0e+00)
391.138 .... 1480 packets received, 7757 bps, 96.96%, Err 0 (0.0e+00)
393.241 .... 1488 packets received, 7757 bps, 96.97%, Err 0 (0.0e+00)
395.363 .... 1496 packets received, 7757 bps, 96.96%, Err 0 (0.0e+00)
397.468 .... 1504 packets received, 7757 bps, 96.97%, Err 0 (0.0e+00)
399.582 .... 1512 packets received, 7757 bps, 96.96%, Err 0 (0.0e+00)
401.699 .... 1520 packets received, 7757 bps, 96.96%, Err 0 (0.0e+00)
403.826 .... 1528 packets received, 7757 bps, 96.96%, Err 0 (0.0e+00)
405.947 .... 1536 packets received, 7757 bps, 96.96%, Err 0 (0.0e+00)
408.044 .... 1544 packets received, 7757 bps, 96.96%, Err 0 (0.0e+00)
410.149 .... 1552 packets received, 7757 bps, 96.96%, Err 0 (0.0e+00)
412.284 .... 1560 packets received, 7757 bps, 96.96%, Err 0 (0.0e+00)
414.371 .... 1568 packets received, 7757 bps, 96.96%, Err 0 (0.0e+00)
416.487 .... 1576 packets received, 7757 bps, 96.96%, Err 0 (0.0e+00)
418.618 .... 1584 packets received, 7757 bps, 96.96%, Err 0 (0.0e+00)
420.719 .... 1592 packets received, 7757 bps, 96.96%, Err 0 (0.0e+00)
422.855 .... 1600 packets received, 7756 bps, 96.96%, Err 0 (0.0e+00)
424.966 .... 1608 packets received, 7756 bps, 96.96%, Err 0 (0.0e+00)
427.052 .... 1616 packets received, 7757 bps, 96.96%, Err 0 (0.0e+00)
429.180 .... 1624 packets received, 7757 bps, 96.96%, Err 0 (0.0e+00)
431.281 .... 1632 packets received, 7757 bps, 96.96%, Err 0 (0.0e+00)
433.382 .... 1640 packets received, 7757 bps, 96.96%, Err 0 (0.0e+00)
435.502 .... 1648 packets received, 7757 bps, 96.96%, Err 0 (0.0e+00)
437.612 .... 1656 packets received, 7757 bps, 96.96%, Err 0 (0.0e+00)
439.731 .... 1664 packets received, 7757 bps, 96.96%, Err 0 (0.0e+00)
441.836 .... 1672 packets received, 7757 bps, 96.96%, Err 0 (0.0e+00)
443.941 .... 1680 packets received, 7757 bps, 96.96%, Err 0 (0.0e+00)
446.111 .... 1688 packets received, 7756 bps, 96.95%, Err 0 (0.0e+00)
448.168 .... 1696 packets received, 7757 bps, 96.96%, Err 0 (0.0e+00)
450.292 .... 1704 packets received, 7757 bps, 96.96%, Err 0 (0.0e+00)
452.395 .... 1712 packets received, 7757 bps, 96.96%, Err 0 (0.0e+00)
454.511 .... 1720 packets received, 7757 bps, 96.96%, Err 0 (0.0e+00)
456.647 .... 1728 packets received, 7757 bps, 96.96%, Err 0 (0.0e+00)
458.754 .... 1736 packets received, 7757 bps, 96.96%, Err 0 (0.0e+00)
460.870 .... 1744 packets received, 7757 bps, 96.96%, Err 0 (0.0e+00)
462.975 .... 1752 packets received, 7757 bps, 96.96%, Err 0 (0.0e+00)
465.075 .... 1760 packets received, 7757 bps, 96.96%, Err 0 (0.0e+00)
467.194 .... 1768 packets received, 7757 bps, 96.96%, Err 0 (0.0e+00)
469.292 .... 1776 packets received, 7757 bps, 96.96%, Err 0 (0.0e+00)
471.427 .... 1784 packets received, 7757 bps, 96.96%, Err 0 (0.0e+00)
473.514 .... 1792 packets received, 7757 bps, 96.96%, Err 0 (0.0e+00)
475.622 .... 1800 packets received, 7757 bps, 96.96%, Err 0 (0.0e+00)
477.738 .... 1808 packets received, 7757 bps, 96.96%, Err 0 (0.0e+00)
479.859 .... 1816 packets received, 7757 bps, 96.96%, Err 0 (0.0e+00)
481.967 .... 1824 packets received, 7757 bps, 96.96%, Err 0 (0.0e+00)
484.087 .... 1832 packets received, 7757 bps, 96.96%, Err 0 (0.0e+00)
486.237 .... 1840 packets received, 7756 bps, 96.95%, Err 0 (0.0e+00)
488.297 .... 1848 packets received, 7757 bps, 96.96%, Err 0 (0.0e+00)
490.416 .... 1856 packets received, 7757 bps, 96.96%, Err 0 (0.0e+00)
492.530 .... 1864 packets received, 7757 bps, 96.96%, Err 0 (0.0e+00)
494.629 .... 1872 packets received, 7757 bps, 96.96%, Err 0 (0.0e+00)
496.776 .... 1880 packets received, 7757 bps, 96.96%, Err 0 (0.0e+00)
498.884 .... 1888 packets received, 7757 bps, 96.96%, Err 0 (0.0e+00)
500.986 .... 1896 packets received, 7757 bps, 96.96%, Err 0 (0.0e+00)
503.124 .... 1904 packets received, 7756 bps, 96.96%, Err 0 (0.0e+00)
505.191 .... 1912 packets received, 7757 bps, 96.96%, Err 0 (0.0e+00)
507.326 .... 1920 packets received, 7757 bps, 96.96%, Err 0 (0.0e+00)
509.422 .... 1928 packets received, 7757 bps, 96.96%, Err 0 (0.0e+00)
511.525 .... 1936 packets received, 7757 bps, 96.96%, Err 0 (0.0e+00)
513.659 .... 1944 packets received, 7757 bps, 96.96%, Err 0 (0.0e+00)
515.771 .... 1952 packets received, 7757 bps, 96.96%, Err 0 (0.0e+00)
517.877 .... 1960 packets received, 7757 bps, 96.96%, Err 0 (0.0e+00)
519.999 .... 1968 packets received, 7757 bps, 96.96%, Err 0 (0.0e+00)
522.090 .... 1976 packets received, 7757 bps, 96.96%, Err 0 (0.0e+00)
524.221 .... 1984 packets received, 7757 bps, 96.96%, Err 0 (0.0e+00)
526.356 .... 1992 packets received, 7756 bps, 96.96%, Err 0 (0.0e+00)
528.472 .... 2000 packets received, 7756 bps, 96.96%, Err 0 (0.0e+00)
530.550 .... 2008 packets received, 7757 bps, 96.96%, Err 0 (0.0e+00)
532.655 .... 2016 packets received, 7757 bps, 96.96%, Err 0 (0.0e+00)
534.773 .... 2024 packets received, 7757 bps, 96.96%, Err 0 (0.0e+00)
536.920 .... 2032 packets received, 7756 bps, 96.96%, Err 0 (0.0e+00)
538.995 .... 2040 packets received, 7757 bps, 96.96%, Err 0 (0.0e+00)
541.144 .... 2048 packets received, 7756 bps, 96.96%, Err 0 (0.0e+00)
543.226 .... 2056 packets received, 7757 bps, 96.96%, Err 0 (0.0e+00)
545.351 .... 2064 packets received, 7757 bps, 96.96%, Err 0 (0.0e+00)
547.453 .... 2072 packets received, 7757 bps, 96.96%, Err 0 (0.0e+00)
549.544 .... 2080 packets received, 7757 bps, 96.96%, Err 0 (0.0e+00)
551.697 .... 2088 packets received, 7757 bps, 96.96%, Err 0 (0.0e+00)
553.774 .... 2096 packets received, 7757 bps, 96.96%, Err 0 (0.0e+00)
555.893 .... 2104 packets received, 7757 bps, 96.96%, Err 0 (0.0e+00)
558.010 .... 2112 packets received, 7757 bps, 96.96%, Err 0 (0.0e+00)
560.151 .... 2120 packets received, 7756 bps, 96.96%, Err 0 (0.0e+00)
562.253 .... 2128 packets received, 7757 bps, 96.96%, Err 0 (0.0e+00)
564.342 .... 2136 packets received, 7757 bps, 96.96%, Err 0 (0.0e+00)
566.447 .... 2144 packets received, 7757 bps, 96.96%, Err 0 (0.0e+00)
568.581 .... 2152 packets received, 7757 bps, 96.96%, Err 0 (0.0e+00)
570.694 .... 2160 packets received, 7757 bps, 96.96%, Err 0 (0.0e+00)
572.796 .... 2168 packets received, 7757 bps, 96.96%, Err 0 (0.0e+00)
574.900 .... 2176 packets received, 7757 bps, 96.96%, Err 0 (0.0e+00)
577.019 .... 2184 packets received, 7757 bps, 96.96%, Err 0 (0.0e+00)
579.120 .... 2192 packets received, 7757 bps, 96.96%, Err 0 (0.0e+00)
581.245 .... 2200 packets received, 7757 bps, 96.96%, Err 0 (0.0e+00)
583.362 .... 2208 packets received, 7757 bps, 96.96%, Err 0 (0.0e+00)
585.468 .... 2216 packets received, 7757 bps, 96.96%, Err 0 (0.0e+00)
587.573 .... 2224 packets received, 7757 bps, 96.96%, Err 0 (0.0e+00)
589.692 .... 2232 packets received, 7757 bps, 96.96%, Err 0 (0.0e+00)
591.812 .... 2240 packets received, 7757 bps, 96.96%, Err 0 (0.0e+00)
593.908 .... 2248 packets received, 7757 bps, 96.96%, Err 0 (0.0e+00)
596.026 .... 2256 packets received, 7757 bps, 96.96%, Err 0 (0.0e+00)
598.126 .... 2264 packets received, 7757 bps, 96.96%, Err 0 (0.0e+00)
600.235 .... 2272 packets received, 7757 bps, 96.96%, Err 0 (0.0e+00)
602.351 .... 2280 packets received, 7757 bps, 96.96%, Err 0 (0.0e+00)
604.458 .... 2288 packets received, 7757 bps, 96.96%, Err 0 (0.0e+00)
606.583 .... 2296 packets received, 7757 bps, 96.96%, Err 0 (0.0e+00)
608.699 .... 2304 packets received, 7757 bps, 96.96%, Err 0 (0.0e+00)
610.808 .... 2312 packets received, 7757 bps, 96.96%, Err 0 (0.0e+00)
612.921 .... 2320 packets received, 7757 bps, 96.96%, Err 0 (0.0e+00)
615.033 .... 2328 packets received, 7757 bps, 96.96%, Err 0 (0.0e+00)
617.148 .... 2336 packets received, 7757 bps, 96.96%, Err 0 (0.0e+00)
619.265 .... 2344 packets received, 7757 bps, 96.96%, Err 0 (0.0e+00)
621.379 .... 2352 packets received, 7757 bps, 96.96%, Err 0 (0.0e+00)
623.484 .... 2360 packets received, 7757 bps, 96.96%, Err 0 (0.0e+00)
625.588 .... 2368 packets received, 7757 bps, 96.96%, Err 0 (0.0e+00)
627.739 .... 2376 packets received, 7757 bps, 96.96%, Err 0 (0.0e+00)
629.802 .... 2384 packets received, 7757 bps, 96.96%, Err 0 (0.0e+00)
631.926 .... 2392 packets received, 7757 bps, 96.96%, Err 0 (0.0e+00)
634.052 .... 2400 packets received, 7757 bps, 96.96%, Err 0 (0.0e+00)
636.159 .... 2408 packets received, 7757 bps, 96.96%, Err 0 (0.0e+00)
638.258 .... 2416 packets received, 7757 bps, 96.96%, Err 0 (0.0e+00)
640.370 .... 2424 packets received, 7757 bps, 96.96%, Err 0 (0.0e+00)
642.476 .... 2432 packets received, 7757 bps, 96.96%, Err 0 (0.0e+00)
644.606 .... 2440 packets received, 7757 bps, 96.96%, Err 0 (0.0e+00)
646.709 .... 2448 packets received, 7757 bps, 96.96%, Err 0 (0.0e+00)
648.823 .... 2456 packets received, 7757 bps, 96.96%, Err 0 (0.0e+00)
650.942 .... 2464 packets received, 7757 bps, 96.96%, Err 0 (0.0e+00)
653.063 .... 2472 packets received, 7757 bps, 96.96%, Err 0 (0.0e+00)
655.174 .... 2480 packets received, 7757 bps, 96.96%, Err 0 (0.0e+00)
657.268 .... 2488 packets received, 7757 bps, 96.96%, Err 0 (0.0e+00)
659.394 .... 2496 packets received, 7757 bps, 96.96%, Err 0 (0.0e+00)
661.499 .... 2504 packets received, 7757 bps, 96.96%, Err 0 (0.0e+00)
663.606 .... 2512 packets received, 7757 bps, 96.96%, Err 0 (0.0e+00)
665.715 .... 2520 packets received, 7757 bps, 96.96%, Err 0 (0.0e+00)
667.836 .... 2528 packets received, 7757 bps, 96.96%, Err 0 (0.0e+00)
669.948 .... 2536 packets received, 7757 bps, 96.96%, Err 0 (0.0e+00)
672.074 .... 2544 packets received, 7757 bps, 96.96%, Err 0 (0.0e+00)
674.188 .... 2552 packets received, 7757 bps, 96.96%, Err 0 (0.0e+00)
676.271 .... 2560 packets received, 7757 bps, 96.96%, Err 0 (0.0e+00)
678.387 .... 2568 packets received, 7757 bps, 96.96%, Err 0 (0.0e+00)
680.501 .... 2576 packets received, 7757 bps, 96.96%, Err 0 (0.0e+00)
682.620 .... 2584 packets received, 7757 bps, 96.96%, Err 0 (0.0e+00)
684.725 .... 2592 packets received, 7757 bps, 96.96%, Err 0 (0.0e+00)
686.828 .... 2600 packets received, 7757 bps, 96.96%, Err 0 (0.0e+00)
688.959 .... 2608 packets received, 7757 bps, 96.96%, Err 0 (0.0e+00)
691.062 .... 2616 packets received, 7757 bps, 96.96%, Err 0 (0.0e+00)
693.184 .... 2624 packets received, 7757 bps, 96.96%, Err 0 (0.0e+00)
695.303 .... 2632 packets received, 7757 bps, 96.96%, Err 0 (0.0e+00)
697.399 .... 2640 packets received, 7757 bps, 96.96%, Err 0 (0.0e+00)
699.532 .... 2648 packets received, 7757 bps, 96.96%, Err 0 (0.0e+00)
701.619 .... 2656 packets received, 7757 bps, 96.96%, Err 0 (0.0e+00)
703.731 .... 2664 packets received, 7757 bps, 96.96%, Err 0 (0.0e+00)
705.861 .... 2672 packets received, 7757 bps, 96.96%, Err 0 (0.0e+00)
707.960 .... 2680 packets received, 7757 bps, 96.96%, Err 0 (0.0e+00)
710.104 .... 2688 packets received, 7757 bps, 96.96%, Err 0 (0.0e+00)
712.192 .... 2696 packets received, 7757 bps, 96.96%, Err 0 (0.0e+00)
714.328 .... 2704 packets received, 7757 bps, 96.96%, Err 0 (0.0e+00)
716.400 .... 2712 packets received, 7757 bps, 96.96%, Err 0 (0.0e+00)
718.535 .... 2720 packets received, 7757 bps, 96.96%, Err 0 (0.0e+00)
720.641 .... 2728 packets received, 7757 bps, 96.96%, Err 0 (0.0e+00)
722.758 .... 2736 packets received, 7757 bps, 96.96%, Err 0 (0.0e+00)
724.859 .... 2744 packets received, 7757 bps, 96.96%, Err 0 (0.0e+00)
726.981 .... 2752 packets received, 7757 bps, 96.96%, Err 0 (0.0e+00)
729.091 .... 2760 packets received, 7757 bps, 96.96%, Err 0 (0.0e+00)
731.222 .... 2768 packets received, 7757 bps, 96.96%, Err 0 (0.0e+00)
733.309 .... 2776 packets received, 7757 bps, 96.96%, Err 0 (0.0e+00)
735.430 .... 2784 packets received, 7757 bps, 96.96%, Err 0 (0.0e+00)
737.548 .... 2792 packets received, 7757 bps, 96.96%, Err 0 (0.0e+00)
739.638 .... 2800 packets received, 7757 bps, 96.96%, Err 0 (0.0e+00)
741.768 .... 2808 packets received, 7757 bps, 96.96%, Err 0 (0.0e+00)
743.882 .... 2816 packets received, 7757 bps, 96.96%, Err 0 (0.0e+00)
745.973 .... 2824 packets received, 7757 bps, 96.96%, Err 0 (0.0e+00)
748.087 .... 2832 packets received, 7757 bps, 96.96%, Err 0 (0.0e+00)
750.206 .... 2840 packets received, 7757 bps, 96.96%, Err 0 (0.0e+00)
752.331 .... 2848 packets received, 7757 bps, 96.96%, Err 0 (0.0e+00)
754.438 .... 2856 packets received, 7757 bps, 96.96%, Err 0 (0.0e+00)
756.555 .... 2864 packets received, 7757 bps, 96.96%, Err 0 (0.0e+00)
758.675 .... 2872 packets received, 7757 bps, 96.96%, Err 0 (0.0e+00)
760.756 .... 2880 packets received, 7757 bps, 96.96%, Err 0 (0.0e+00)
762.878 .... 2888 packets received, 7757 bps, 96.96%, Err 0 (0.0e+00)
764.987 .... 2896 packets received, 7757 bps, 96.96%, Err 0 (0.0e+00)
767.125 .... 2904 packets received, 7757 bps, 96.96%, Err 0 (0.0e+00)
769.233 .... 2912 packets received, 7757 bps, 96.96%, Err 0 (0.0e+00)
771.336 .... 2920 packets received, 7757 bps, 96.96%, Err 0 (0.0e+00)
773.444 .... 2928 packets received, 7757 bps, 96.96%, Err 0 (0.0e+00)
775.534 .... 2936 packets received, 7757 bps, 96.97%, Err 0 (0.0e+00)
777.669 .... 2944 packets received, 7757 bps, 96.96%, Err 0 (0.0e+00)
779.780 .... 2952 packets received, 7757 bps, 96.96%, Err 0 (0.0e+00)
781.891 .... 2960 packets received, 7757 bps, 96.96%, Err 0 (0.0e+00)
783.994 .... 2968 packets received, 7757 bps, 96.96%, Err 0 (0.0e+00)
786.117 .... 2976 packets received, 7757 bps, 96.96%, Err 0 (0.0e+00)
788.225 .... 2984 packets received, 7757 bps, 96.96%, Err 0 (0.0e+00)
790.330 .... 2992 packets received, 7757 bps, 96.96%, Err 0 (0.0e+00)
792.448 .... 3000 packets received, 7757 bps, 96.96%, Err 0 (0.0e+00)
794.567 .... 3008 packets received, 7757 bps, 96.96%, Err 0 (0.0e+00)
796.686 .... 3016 packets received, 7757 bps, 96.96%, Err 0 (0.0e+00)
798.773 .... 3024 packets received, 7757 bps, 96.96%, Err 0 (0.0e+00)
800.894 .... 3032 packets received, 7757 bps, 96.96%, Err 0 (0.0e+00)
803.007 .... 3040 packets received, 7757 bps, 96.96%, Err 0 (0.0e+00)
805.113 .... 3048 packets received, 7757 bps, 96.96%, Err 0 (0.0e+00)
807.232 .... 3056 packets received, 7757 bps, 96.96%, Err 0 (0.0e+00)
809.351 .... 3064 packets received, 7757 bps, 96.96%, Err 0 (0.0e+00)
811.459 .... 3072 packets received, 7757 bps, 96.96%, Err 0 (0.0e+00)
813.566 .... 3080 packets received, 7757 bps, 96.96%, Err 0 (0.0e+00)
815.700 .... 3088 packets received, 7757 bps, 96.96%, Err 0 (0.0e+00)
817.780 .... 3096 packets received, 7757 bps, 96.96%, Err 0 (0.0e+00)
819.897 .... 3104 packets received, 7757 bps, 96.96%, Err 0 (0.0e+00)
822.020 .... 3112 packets received, 7757 bps, 96.96%, Err 0 (0.0e+00)
824.129 .... 3120 packets received, 7757 bps, 96.96%, Err 0 (0.0e+00)
826.250 .... 3128 packets received, 7757 bps, 96.96%, Err 0 (0.0e+00)
828.354 .... 3136 packets received, 7757 bps, 96.96%, Err 0 (0.0e+00)
830.485 .... 3144 packets received, 7757 bps, 96.96%, Err 0 (0.0e+00)
832.593 .... 3152 packets received, 7757 bps, 96.96%, Err 0 (0.0e+00)
834.681 .... 3160 packets received, 7757 bps, 96.96%, Err 0 (0.0e+00)
836.819 .... 3168 packets received, 7757 bps, 96.96%, Err 0 (0.0e+00)
838.903 .... 3176 packets received, 7757 bps, 96.96%, Err 0 (0.0e+00)
841.039 .... 3184 packets received, 7757 bps, 96.96%, Err 0 (0.0e+00)
843.126 .... 3192 packets received, 7757 bps, 96.96%, Err 0 (0.0e+00)
845.261 .... 3200 packets received, 7757 bps, 96.96%, Err 0 (0.0e+00)
847.386 .... 3208 packets received, 7757 bps, 96.96%, Err 0 (0.0e+00)
849.477 .... 3216 packets received, 7757 bps, 96.96%, Err 0 (0.0e+00)
851.613 .... 3224 packets received, 7757 bps, 96.96%, Err 0 (0.0e+00)
853.703 .... 3232 packets received, 7757 bps, 96.96%, Err 0 (0.0e+00)
855.826 .... 3240 packets received, 7757 bps, 96.96%, Err 0 (0.0e+00)
857.925 .... 3248 packets received, 7757 bps, 96.96%, Err 0 (0.0e+00)
860.042 .... 3256 packets received, 7757 bps, 96.96%, Err 0 (0.0e+00)
862.157 .... 3264 packets received, 7757 bps, 96.96%, Err 0 (0.0e+00)
864.275 .... 3272 packets received, 7757 bps, 96.96%, Err 0 (0.0e+00)
866.363 .... 3280 packets received, 7757 bps, 96.96%, Err 0 (0.0e+00)
868.486 .... 3288 packets received, 7757 bps, 96.96%, Err 0 (0.0e+00)
870.604 .... 3296 packets received, 7757 bps, 96.96%, Err 0 (0.0e+00)
872.708 .... 3304 packets received, 7757 bps, 96.96%, Err 0 (0.0e+00)
874.842 .... 3312 packets received, 7757 bps, 96.96%, Err 0 (0.0e+00)
876.934 .... 3320 packets received, 7757 bps, 96.96%, Err 0 (0.0e+00)
879.046 .... 3328 packets received, 7757 bps, 96.96%, Err 0 (0.0e+00)
881.173 .... 3336 packets received, 7757 bps, 96.96%, Err 0 (0.0e+00)
883.272 .... 3344 packets received, 7757 bps, 96.96%, Err 0 (0.0e+00)
885.369 .... 3352 packets received, 7757 bps, 96.96%, Err 0 (0.0e+00)
887.499 .... 3360 packets received, 7757 bps, 96.96%, Err 0 (0.0e+00)
889.600 .... 3368 packets received, 7757 bps, 96.96%, Err 0 (0.0e+00)
891.735 .... 3376 packets received, 7757 bps, 96.96%, Err 0 (0.0e+00)
893.870 .... 3384 packets received, 7757 bps, 96.96%, Err 0 (0.0e+00)
895.928 .... 3392 packets received, 7757 bps, 96.96%, Err 0 (0.0e+00)
898.063 .... 3400 packets received, 7757 bps, 96.96%, Err 0 (0.0e+00)
900.150 .... 3408 packets received, 7757 bps, 96.96%, Err 0 (0.0e+00)
902.296 .... 3416 packets received, 7757 bps, 96.96%, Err 0 (0.0e+00)
904.392 .... 3424 packets received, 7757 bps, 96.96%, Err 0 (0.0e+00)
906.512 .... 3432 packets received, 7757 bps, 96.96%, Err 0 (0.0e+00)
908.636 .... 3440 packets received, 7757 bps, 96.96%, Err 0 (0.0e+00)
910.715 .... 3448 packets received, 7757 bps, 96.96%, Err 0 (0.0e+00)
912.840 .... 3456 packets received, 7757 bps, 96.96%, Err 0 (0.0e+00)
914.944 .... 3464 packets received, 7757 bps, 96.96%, Err 0 (0.0e+00)
917.073 .... 3472 packets received, 7757 bps, 96.96%, Err 0 (0.0e+00)
919.184 .... 3480 packets received, 7757 bps, 96.96%, Err 0 (0.0e+00)
921.285 .... 3488 packets received, 7757 bps, 96.96%, Err 0 (0.0e+00)
923.389 .... 3496 packets received, 7757 bps, 96.96%, Err 0 (0.0e+00)
925.513 .... 3504 packets received, 7757 bps, 96.96%, Err 0 (0.0e+00)
927.644 .... 3512 packets received, 7757 bps, 96.96%, Err 0 (0.0e+00)
929.747 .... 3520 packets received, 7757 bps, 96.96%, Err 0 (0.0e+00)
931.835 .... 3528 packets received, 7757 bps, 96.96%, Err 0 (0.0e+00)
933.960 .... 3536 packets received, 7757 bps, 96.96%, Err 0 (0.0e+00)
936.058 .... 3544 packets received, 7757 bps, 96.96%, Err 0 (0.0e+00)
938.209 .... 3552 packets received, 7757 bps, 96.96%, Err 0 (0.0e+00)
940.308 .... 3560 packets received, 7757 bps, 96.96%, Err 0 (0.0e+00)
942.430 .... 3568 packets received, 7757 bps, 96.96%, Err 0 (0.0e+00)
944.522 .... 3576 packets received, 7757 bps, 96.96%, Err 0 (0.0e+00)
946.647 .... 3584 packets received, 7757 bps, 96.96%, Err 0 (0.0e+00)
948.734 .... 3592 packets received, 7757 bps, 96.96%, Err 0 (0.0e+00)
950.859 .... 3600 packets received, 7757 bps, 96.96%, Err 0 (0.0e+00)
952.982 .... 3608 packets received, 7757 bps, 96.96%, Err 0 (0.0e+00)
955.070 .... 3616 packets received, 7757 bps, 96.96%, Err 0 (0.0e+00)
957.201 .... 3624 packets received, 7757 bps, 96.96%, Err 0 (0.0e+00)
959.305 .... 3632 packets received, 7757 bps, 96.96%, Err 0 (0.0e+00)
961.431 .... 3640 packets received, 7757 bps, 96.96%, Err 0 (0.0e+00)
963.539 .... 3648 packets received, 7757 bps, 96.96%, Err 0 (0.0e+00)
965.654 .... 3656 packets received, 7757 bps, 96.96%, Err 0 (0.0e+00)
967.762 .... 3664 packets received, 7757 bps, 96.96%, Err 0 (0.0e+00)
969.875 .... 3672 packets received, 7757 bps, 96.96%, Err 0 (0.0e+00)
972.009 .... 3680 packets received, 7757 bps, 96.96%, Err 0 (0.0e+00)
974.078 .... 3688 packets received, 7757 bps, 96.96%, Err 0 (0.0e+00)
976.202 .... 3696 packets received, 7757 bps, 96.96%, Err 0 (0.0e+00)
978.316 .... 3704 packets received, 7757 bps, 96.96%, Err 0 (0.0e+00)
980.423 .... 3712 packets received, 7757 bps, 96.96%, Err 0 (0.0e+00)
982.549 .... 3720 packets received, 7757 bps, 96.96%, Err 0 (0.0e+00)
984.677 .... 3728 packets received, 7757 bps, 96.96%, Err 0 (0.0e+00)
986.769 .... 3736 packets received, 7757 bps, 96.96%, Err 0 (0.0e+00)
988.887 .... 3744 packets received, 7757 bps, 96.96%, Err 0 (0.0e+00)
991.004 .... 3752 packets received, 7757 bps, 96.96%, Err 0 (0.0e+00)
993.089 .... 3760 packets received, 7757 bps, 96.96%, Err 0 (0.0e+00)
995.224 .... 3768 packets received, 7757 bps, 96.96%, Err 0 (0.0e+00)
997.314 .... 3776 packets received, 7757 bps, 96.96%, Err 0 (0.0e+00)
999.429 .... 3784 packets received, 7757 bps, 96.96%, Err 0 (0.0e+00)
1001.551 .... 3792 packets received, 7757 bps, 96.96%, Err 0 (0.0e+00)
1003.659 .... 3800 packets received, 7757 bps, 96.96%, Err 0 (0.0e+00)
1005.779 .... 3808 packets received, 7757 bps, 96.96%, Err 0 (0.0e+00)
1007.884 .... 3816 packets received, 7757 bps, 96.96%, Err 0 (0.0e+00)
1009.992 .... 3824 packets received, 7757 bps, 96.96%, Err 0 (0.0e+00)
1012.113 .... 3832 packets received, 7757 bps, 96.96%, Err 0 (0.0e+00)
1014.215 .... 3840 packets received, 7757 bps, 96.96%, Err 0 (0.0e+00)
1016.334 .... 3848 packets received, 7757 bps, 96.96%, Err 0 (0.0e+00)
1018.468 .... 3856 packets received, 7757 bps, 96.96%, Err 0 (0.0e+00)
1020.553 .... 3864 packets received, 7757 bps, 96.96%, Err 0 (0.0e+00)
1022.701 .... 3872 packets received, 7757 bps, 96.96%, Err 0 (0.0e+00)
1024.787 .... 3880 packets received, 7757 bps, 96.96%, Err 0 (0.0e+00)
1026.909 .... 3888 packets received, 7757 bps, 96.96%, Err 0 (0.0e+00)
1029.015 .... 3896 packets received, 7757 bps, 96.96%, Err 0 (0.0e+00)
1031.107 .... 3904 packets received, 7757 bps, 96.96%, Err 0 (0.0e+00)
1033.228 .... 3912 packets received, 7757 bps, 96.96%, Err 0 (0.0e+00)
1035.347 .... 3920 packets received, 7757 bps, 96.96%, Err 0 (0.0e+00)
1037.482 .... 3928 packets received, 7757 bps, 96.96%, Err 0 (0.0e+00)
1039.574 .... 3936 packets received, 7757 bps, 96.96%, Err 0 (0.0e+00)
1041.674 .... 3944 packets received, 7757 bps, 96.96%, Err 0 (0.0e+00)
1043.779 .... 3952 packets received, 7757 bps, 96.96%, Err 0 (0.0e+00)
1045.914 .... 3960 packets received, 7757 bps, 96.96%, Err 0 (0.0e+00)
1048.045 .... 3968 packets received, 7757 bps, 96.96%, Err 0 (0.0e+00)
1050.138 .... 3976 packets received, 7757 bps, 96.96%, Err 0 (0.0e+00)
1052.233 .... 3984 packets received, 7757 bps, 96.96%, Err 0 (0.0e+00)
1054.352 .... 3992 packets received, 7757 bps, 96.96%, Err 0 (0.0e+00)
1056.489 .... 4000 packets received, 7757 bps, 96.96%, Err 0 (0.0e+00)
1058.581 .... 4008 packets received, 7757 bps, 96.96%, Err 0 (0.0e+00)
1060.705 .... 4016 packets received, 7757 bps, 96.96%, Err 0 (0.0e+00)
1062.803 .... 4024 packets received, 7757 bps, 96.96%, Err 0 (0.0e+00)
1064.914 .... 4032 packets received, 7757 bps, 96.96%, Err 0 (0.0e+00)
1067.038 .... 4040 packets received, 7757 bps, 96.96%, Err 0 (0.0e+00)
1069.142 .... 4048 packets received, 7757 bps, 96.96%, Err 0 (0.0e+00)
1071.260 .... 4056 packets received, 7757 bps, 96.96%, Err 0 (0.0e+00)
1073.376 .... 4064 packets received, 7757 bps, 96.96%, Err 0 (0.0e+00)
1075.477 .... 4072 packets received, 7757 bps, 96.96%, Err 0 (0.0e+00)
1077.587 .... 4080 packets received, 7757 bps, 96.96%, Err 0 (0.0e+00)
1079.693 .... 4088 packets received, 7757 bps, 96.96%, Err 0 (0.0e+00)
1081.829 .... 4096 packets received, 7757 bps, 96.96%, Err 0 (0.0e+00)
1083.922 .... 4104 packets received, 7757 bps, 96.96%, Err 0 (0.0e+00)
1086.045 .... 4112 packets received, 7757 bps, 96.96%, Err 0 (0.0e+00)
1088.169 .... 4120 packets received, 7757 bps, 96.96%, Err 0 (0.0e+00)
1090.280 .... 4128 packets received, 7757 bps, 96.96%, Err 0 (0.0e+00)
1092.381 .... 4136 packets received, 7757 bps, 96.96%, Err 0 (0.0e+00)
1094.490 .... 4144 packets received, 7757 bps, 96.96%, Err 0 (0.0e+00)
1096.617 .... 4152 packets received, 7757 bps, 96.96%, Err 0 (0.0e+00)
1098.728 .... 4160 packets received, 7757 bps, 96.96%, Err 0 (0.0e+00)
1100.834 .... 4168 packets received, 7757 bps, 96.96%, Err 0 (0.0e+00)
1102.922 .... 4176 packets received, 7757 bps, 96.96%, Err 0 (0.0e+00)
1105.045 .... 4184 packets received, 7757 bps, 96.96%, Err 0 (0.0e+00)
1107.163 .... 4192 packets received, 7757 bps, 96.96%, Err 0 (0.0e+00)
1109.277 .... 4200 packets received, 7757 bps, 96.96%, Err 0 (0.0e+00)
1111.402 .... 4208 packets received, 7757 bps, 96.96%, Err 0 (0.0e+00)
1113.518 .... 4216 packets received, 7757 bps, 96.96%, Err 0 (0.0e+00)
1115.625 .... 4224 packets received, 7757 bps, 96.96%, Err 0 (0.0e+00)
1117.751 .... 4232 packets received, 7757 bps, 96.96%, Err 0 (0.0e+00)
1119.844 .... 4240 packets received, 7757 bps, 96.96%, Err 0 (0.0e+00)
1121.949 .... 4248 packets received, 7757 bps, 96.96%, Err 0 (0.0e+00)
1124.053 .... 4256 packets received, 7757 bps, 96.96%, Err 0 (0.0e+00)
1126.184 .... 4264 packets received, 7757 bps, 96.96%, Err 0 (0.0e+00)
1128.299 .... 4272 packets received, 7757 bps, 96.96%, Err 0 (0.0e+00)
1130.390 .... 4280 packets received, 7757 bps, 96.96%, Err 0 (0.0e+00)
1132.519 .... 4288 packets received, 7757 bps, 96.96%, Err 0 (0.0e+00)
1134.637 .... 4296 packets received, 7757 bps, 96.96%, Err 0 (0.0e+00)
1136.727 .... 4304 packets received, 7757 bps, 96.96%, Err 0 (0.0e+00)
1138.830 .... 4312 packets received, 7757 bps, 96.96%, Err 0 (0.0e+00)
1140.966 .... 4320 packets received, 7757 bps, 96.96%, Err 0 (0.0e+00)
1143.083 .... 4328 packets received, 7757 bps, 96.96%, Err 0 (0.0e+00)
1145.189 .... 4336 packets received, 7757 bps, 96.96%, Err 0 (0.0e+00)
1147.329 .... 4344 packets received, 7757 bps, 96.96%, Err 0 (0.0e+00)
1149.418 .... 4352 packets received, 7757 bps, 96.96%, Err 0 (0.0e+00)
1151.523 .... 4360 packets received, 7757 bps, 96.96%, Err 0 (0.0e+00)
1153.625 .... 4368 packets received, 7757 bps, 96.96%, Err 0 (0.0e+00)
1155.734 .... 4376 packets received, 7757 bps, 96.96%, Err 0 (0.0e+00)
1157.859 .... 4384 packets received, 7757 bps, 96.96%, Err 0 (0.0e+00)
1159.980 .... 4392 packets received, 7757 bps, 96.96%, Err 0 (0.0e+00)
1162.072 .... 4400 packets received, 7757 bps, 96.96%, Err 0 (0.0e+00)
1164.202 .... 4408 packets received, 7757 bps, 96.96%, Err 0 (0.0e+00)
1166.324 .... 4416 packets received, 7757 bps, 96.96%, Err 0 (0.0e+00)
1168.401 .... 4424 packets received, 7757 bps, 96.96%, Err 0 (0.0e+00)
1170.549 .... 4432 packets received, 7757 bps, 96.96%, Err 0 (0.0e+00)
1172.636 .... 4440 packets received, 7757 bps, 96.96%, Err 0 (0.0e+00)
1174.770 .... 4448 packets received, 7757 bps, 96.96%, Err 0 (0.0e+00)
1176.846 .... 4456 packets received, 7757 bps, 96.96%, Err 0 (0.0e+00)
1178.981 .... 4464 packets received, 7757 bps, 96.96%, Err 0 (0.0e+00)
1181.088 .... 4472 packets received, 7757 bps, 96.96%, Err 0 (0.0e+00)
1183.187 .... 4480 packets received, 7757 bps, 96.96%, Err 0 (0.0e+00)
1185.319 .... 4488 packets received, 7757 bps, 96.96%, Err 0 (0.0e+00)
1187.427 .... 4496 packets received, 7757 bps, 96.96%, Err 0 (0.0e+00)
1189.536 .... 4504 packets received, 7757 bps, 96.96%, Err 0 (0.0e+00)
1191.640 .... 4512 packets received, 7757 bps, 96.96%, Err 0 (0.0e+00)
1193.776 .... 4520 packets received, 7757 bps, 96.96%, Err 0 (0.0e+00)
1195.882 .... 4528 packets received, 7757 bps, 96.96%, Err 0 (0.0e+00)
1197.986 .... 4536 packets received, 7757 bps, 96.96%, Err 0 (0.0e+00)
1200.110 .... 4544 packets received, 7757 bps, 96.96%, Err 0 (0.0e+00)
1202.200 .... 4552 packets received, 7757 bps, 96.96%, Err 0 (0.0e+00)
1204.334 .... 4560 packets received, 7757 bps, 96.96%, Err 0 (0.0e+00)
1206.461 .... 4568 packets received, 7757 bps, 96.96%, Err 0 (0.0e+00)
1208.547 .... 4576 packets received, 7757 bps, 96.96%, Err 0 (0.0e+00)
1210.661 .... 4584 packets received, 7757 bps, 96.96%, Err 0 (0.0e+00)
1212.767 .... 4592 packets received, 7757 bps, 96.96%, Err 0 (0.0e+00)
1214.885 .... 4600 packets received, 7757 bps, 96.96%, Err 0 (0.0e+00)
1216.983 .... 4608 packets received, 7757 bps, 96.96%, Err 0 (0.0e+00)
1219.107 .... 4616 packets received, 7757 bps, 96.96%, Err 0 (0.0e+00)
1221.208 .... 4624 packets received, 7757 bps, 96.96%, Err 0 (0.0e+00)
1223.333 .... 4632 packets received, 7757 bps, 96.96%, Err 0 (0.0e+00)
1225.457 .... 4640 packets received, 7757 bps, 96.96%, Err 0 (0.0e+00)
1227.548 .... 4648 packets received, 7757 bps, 96.96%, Err 0 (0.0e+00)
1229.666 .... 4656 packets received, 7757 bps, 96.96%, Err 0 (0.0e+00)
1231.763 .... 4664 packets received, 7757 bps, 96.96%, Err 0 (0.0e+00)
1233.888 .... 4672 packets received, 7757 bps, 96.96%, Err 0 (0.0e+00)
1236.020 .... 4680 packets received, 7757 bps, 96.96%, Err 0 (0.0e+00)
1238.140 .... 4688 packets received, 7757 bps, 96.96%, Err 0 (0.0e+00)
1240.230 .... 4696 packets received, 7757 bps, 96.96%, Err 0 (0.0e+00)
1242.348 .... 4704 packets received, 7757 bps, 96.96%, Err 0 (0.0e+00)
1244.455 .... 4712 packets received, 7757 bps, 96.96%, Err 0 (0.0e+00)
1246.595 .... 4720 packets received, 7757 bps, 96.96%, Err 0 (0.0e+00)
1248.667 .... 4728 packets received, 7757 bps, 96.96%, Err 0 (0.0e+00)
1250.806 .... 4736 packets received, 7757 bps, 96.96%, Err 0 (0.0e+00)
1252.916 .... 4744 packets received, 7757 bps, 96.96%, Err 0 (0.0e+00)
1255.033 .... 4752 packets received, 7757 bps, 96.96%, Err 0 (0.0e+00)
1257.146 .... 4760 packets received, 7757 bps, 96.96%, Err 0 (0.0e+00)
1259.239 .... 4768 packets received, 7757 bps, 96.96%, Err 0 (0.0e+00)
1261.359 .... 4776 packets received, 7757 bps, 96.96%, Err 0 (0.0e+00)
1263.480 .... 4784 packets received, 7757 bps, 96.96%, Err 0 (0.0e+00)
1265.582 .... 4792 packets received, 7757 bps, 96.96%, Err 0 (0.0e+00)
1267.683 .... 4800 packets received, 7757 bps, 96.96%, Err 0 (0.0e+00)
1269.807 .... 4808 packets received, 7757 bps, 96.96%, Err 0 (0.0e+00)
1271.911 .... 4816 packets received, 7757 bps, 96.96%, Err 0 (0.0e+00)
1274.015 .... 4824 packets received, 7757 bps, 96.96%, Err 0 (0.0e+00)
1276.121 .... 4832 packets received, 7757 bps, 96.96%, Err 0 (0.0e+00)
1278.237 .... 4840 packets received, 7757 bps, 96.96%, Err 0 (0.0e+00)
1280.341 .... 4848 packets received, 7757 bps, 96.96%, Err 0 (0.0e+00)
1282.459 .... 4856 packets received, 7757 bps, 96.96%, Err 0 (0.0e+00)
1284.596 .... 4864 packets received, 7757 bps, 96.96%, Err 0 (0.0e+00)
1286.699 .... 4872 packets received, 7757 bps, 96.96%, Err 0 (0.0e+00)
1288.801 .... 4880 packets received, 7757 bps, 96.96%, Err 0 (0.0e+00)
1290.921 .... 4888 packets received, 7757 bps, 96.96%, Err 0 (0.0e+00)
1293.049 .... 4896 packets received, 7757 bps, 96.96%, Err 0 (0.0e+00)
1295.137 .... 4904 packets received, 7757 bps, 96.96%, Err 0 (0.0e+00)
1297.260 .... 4912 packets received, 7757 bps, 96.96%, Err 0 (0.0e+00)
1299.375 .... 4920 packets received, 7757 bps, 96.96%, Err 0 (0.0e+00)
1301.494 .... 4928 packets received, 7757 bps, 96.96%, Err 0 (0.0e+00)
1303.581 .... 4936 packets received, 7757 bps, 96.96%, Err 0 (0.0e+00)
1305.714 .... 4944 packets received, 7757 bps, 96.96%, Err 0 (0.0e+00)
1307.849 .... 4952 packets received, 7757 bps, 96.96%, Err 0 (0.0e+00)
1309.939 .... 4960 packets received, 7757 bps, 96.96%, Err 0 (0.0e+00)
1312.023 .... 4968 packets received, 7757 bps, 96.96%, Err 0 (0.0e+00)
1314.157 .... 4976 packets received, 7757 bps, 96.96%, Err 0 (0.0e+00)
1316.276 .... 4984 packets received, 7757 bps, 96.96%, Err 0 (0.0e+00)
1318.382 .... 4992 packets received, 7757 bps, 96.96%, Err 0 (0.0e+00)
1320.505 .... 5000 packets received, 7757 bps, 96.96%, Err 0 (0.0e+00)
1322.608 .... 5008 packets received, 7757 bps, 96.96%, Err 0 (0.0e+00)
1324.691 .... 5016 packets received, 7757 bps, 96.96%, Err 0 (0.0e+00)
1326.841 .... 5024 packets received, 7757 bps, 96.96%, Err 0 (0.0e+00)
1328.908 .... 5032 packets received, 7757 bps, 96.96%, Err 0 (0.0e+00)
1331.031 .... 5040 packets received, 7757 bps, 96.96%, Err 0 (0.0e+00)
1333.140 .... 5048 packets received, 7757 bps, 96.96%, Err 0 (0.0e+00)
1335.255 .... 5056 packets received, 7757 bps, 96.96%, Err 0 (0.0e+00)
1337.378 .... 5064 packets received, 7757 bps, 96.96%, Err 0 (0.0e+00)
1339.508 .... 5072 packets received, 7757 bps, 96.96%, Err 0 (0.0e+00)
1341.596 .... 5080 packets received, 7757 bps, 96.96%, Err 0 (0.0e+00)
1343.725 .... 5088 packets received, 7757 bps, 96.96%, Err 0 (0.0e+00)
1345.828 .... 5096 packets received, 7757 bps, 96.96%, Err 0 (0.0e+00)
1347.949 .... 5104 packets received, 7757 bps, 96.96%, Err 0 (0.0e+00)
1350.054 .... 5112 packets received, 7757 bps, 96.96%, Err 0 (0.0e+00)
1352.155 .... 5120 packets received, 7757 bps, 96.96%, Err 0 (0.0e+00)
1354.288 .... 5128 packets received, 7757 bps, 96.96%, Err 0 (0.0e+00)
1356.391 .... 5136 packets received, 7757 bps, 96.96%, Err 0 (0.0e+00)
1358.477 .... 5144 packets received, 7757 bps, 96.96%, Err 0 (0.0e+00)
1360.659 .... 5152 packets received, 7757 bps, 96.96%, Err 0 (0.0e+00)
1362.722 .... 5160 packets received, 7757 bps, 96.96%, Err 0 (0.0e+00)
1364.823 .... 5168 packets received, 7757 bps, 96.96%, Err 0 (0.0e+00)
1366.960 .... 5176 packets received, 7757 bps, 96.96%, Err 0 (0.0e+00)
1369.047 .... 5184 packets received, 7757 bps, 96.96%, Err 0 (0.0e+00)
1371.190 .... 5192 packets received, 7757 bps, 96.96%, Err 0 (0.0e+00)
1373.292 .... 5200 packets received, 7757 bps, 96.96%, Err 0 (0.0e+00)
1375.416 .... 5208 packets received, 7757 bps, 96.96%, Err 0 (0.0e+00)
1377.533 .... 5216 packets received, 7757 bps, 96.96%, Err 0 (0.0e+00)
1379.610 .... 5224 packets received, 7757 bps, 96.96%, Err 0 (0.0e+00)
1381.723 .... 5232 packets received, 7757 bps, 96.96%, Err 0 (0.0e+00)
1383.856 .... 5240 packets received, 7757 bps, 96.96%, Err 0 (0.0e+00)
1385.946 .... 5248 packets received, 7757 bps, 96.96%, Err 0 (0.0e+00)
1388.067 .... 5256 packets received, 7757 bps, 96.96%, Err 0 (0.0e+00)
1390.183 .... 5264 packets received, 7757 bps, 96.96%, Err 0 (0.0e+00)
1392.275 .... 5272 packets received, 7757 bps, 96.96%, Err 0 (0.0e+00)
1394.410 .... 5280 packets received, 7757 bps, 96.96%, Err 0 (0.0e+00)
1396.523 .... 5288 packets received, 7757 bps, 96.96%, Err 0 (0.0e+00)
1398.680 .... 5296 packets received, 7757 bps, 96.96%, Err 0 (0.0e+00)
1400.733 .... 5304 packets received, 7757 bps, 96.96%, Err 0 (0.0e+00)
1402.877 .... 5312 packets received, 7757 bps, 96.96%, Err 0 (0.0e+00)
1404.977 .... 5320 packets received, 7757 bps, 96.96%, Err 0 (0.0e+00)
1407.093 .... 5328 packets received, 7757 bps, 96.96%, Err 0 (0.0e+00)
1409.206 .... 5336 packets received, 7757 bps, 96.96%, Err 0 (0.0e+00)
1411.302 .... 5344 packets received, 7757 bps, 96.96%, Err 0 (0.0e+00)
1413.427 .... 5352 packets received, 7757 bps, 96.96%, Err 0 (0.0e+00)
1415.537 .... 5360 packets received, 7757 bps, 96.96%, Err 0 (0.0e+00)
1417.496 TCP Disconnected.
