000.000 =============================================================
000.000                     Station B                               
000.000 -------------------------------------------------------------
000.000 Protocol.lib, version 4.0, jiangyanjun0718@bupt.edu.cn
000.000 Channel: 8000 bps, 270 ms propagation delay, bit error rate 0
000.000 Log file "F:\Code\20250418(network lab1)\upload\SR-MAX-B.log", TCP port 59144, debug mask 0x00
000.000 Station B is connecting station A (TCP port 59144) ... Done.
000.692 New epoch: Tue May  6 09:03:28 2025
000.692 =================================================================
000.692 
000.692 SR-3, 构建时间: May  5 2025  21:24:47
003.115 .... 8 packets received, 7685 bps, 96.06%, Err 0 (0.0e+00)
005.207 .... 16 packets received, 7758 bps, 96.97%, Err 0 (0.0e+00)
007.293 .... 24 packets received, 7790 bps, 97.37%, Err 0 (0.0e+00)
009.431 .... 32 packets received, 7758 bps, 96.97%, Err 0 (0.0e+00)
011.538 .... 40 packets received, 7761 bps, 97.02%, Err 0 (0.0e+00)
013.655 .... 48 packets received, 7758 bps, 96.97%, Err 0 (0.0e+00)
015.754 .... 56 packets received, 7764 bps, 97.06%, Err 0 (0.0e+00)
017.898 .... 64 packets received, 7749 bps, 96.86%, Err 0 (0.0e+00)
019.983 .... 72 packets received, 7761 bps, 97.01%, Err 0 (0.0e+00)
022.084 .... 80 packets received, 7765 bps, 97.06%, Err 0 (0.0e+00)
024.245 .... 88 packets received, 7748 bps, 96.84%, Err 0 (0.0e+00)
025.881 ** WARNING: System too busy, sleep 15 ms, but be awakened 86 ms later
026.321 .... 96 packets received, 7759 bps, 96.99%, Err 0 (0.0e+00)
028.442 .... 104 packets received, 7757 bps, 96.96%, Err 0 (0.0e+00)
030.572 .... 112 packets received, 7752 bps, 96.90%, Err 0 (0.0e+00)
032.672 .... 120 packets received, 7755 bps, 96.94%, Err 0 (0.0e+00)
034.767 .... 128 packets received, 7759 bps, 96.99%, Err 0 (0.0e+00)
036.913 .... 136 packets received, 7752 bps, 96.90%, Err 0 (0.0e+00)
039.009 .... 144 packets received, 7756 bps, 96.94%, Err 0 (0.0e+00)
041.093 .... 152 packets received, 7761 bps, 97.01%, Err 0 (0.0e+00)
043.206 .... 160 packets received, 7761 bps, 97.01%, Err 0 (0.0e+00)
045.381 .... 168 packets received, 7750 bps, 96.87%, Err 0 (0.0e+00)
047.465 .... 176 packets received, 7755 bps, 96.93%, Err 0 (0.0e+00)
049.542 .... 184 packets received, 7760 bps, 97.00%, Err 0 (0.0e+00)
051.685 .... 192 packets received, 7755 bps, 96.94%, Err 0 (0.0e+00)
053.777 .... 200 packets received, 7759 bps, 96.98%, Err 0 (0.0e+00)
055.931 .... 208 packets received, 7752 bps, 96.91%, Err 0 (0.0e+00)
057.998 .... 216 packets received, 7759 bps, 96.99%, Err 0 (0.0e+00)
060.122 .... 224 packets received, 7757 bps, 96.96%, Err 0 (0.0e+00)
062.233 .... 232 packets received, 7757 bps, 96.97%, Err 0 (0.0e+00)
064.345 .... 240 packets received, 7757 bps, 96.97%, Err 0 (0.0e+00)
066.488 .... 248 packets received, 7754 bps, 96.92%, Err 0 (0.0e+00)
068.553 .... 256 packets received, 7759 bps, 96.99%, Err 0 (0.0e+00)
070.694 .... 264 packets received, 7756 bps, 96.95%, Err 0 (0.0e+00)
072.819 .... 272 packets received, 7755 bps, 96.93%, Err 0 (0.0e+00)
074.920 .... 280 packets received, 7756 bps, 96.95%, Err 0 (0.0e+00)
077.064 .... 288 packets received, 7753 bps, 96.91%, Err 0 (0.0e+00)
079.172 .... 296 packets received, 7753 bps, 96.91%, Err 0 (0.0e+00)
081.256 .... 304 packets received, 7756 bps, 96.95%, Err 0 (0.0e+00)
083.369 .... 312 packets received, 7756 bps, 96.95%, Err 0 (0.0e+00)
085.483 .... 320 packets received, 7756 bps, 96.95%, Err 0 (0.0e+00)
087.609 .... 328 packets received, 7755 bps, 96.93%, Err 0 (0.0e+00)
089.722 .... 336 packets received, 7755 bps, 96.93%, Err 0 (0.0e+00)
091.820 .... 344 packets received, 7756 bps, 96.95%, Err 0 (0.0e+00)
093.914 .... 352 packets received, 7757 bps, 96.97%, Err 0 (0.0e+00)
096.043 .... 360 packets received, 7756 bps, 96.95%, Err 0 (0.0e+00)
098.170 .... 368 packets received, 7755 bps, 96.93%, Err 0 (0.0e+00)
100.270 .... 376 packets received, 7756 bps, 96.95%, Err 0 (0.0e+00)
102.384 .... 384 packets received, 7756 bps, 96.95%, Err 0 (0.0e+00)
104.510 .... 392 packets received, 7755 bps, 96.93%, Err 0 (0.0e+00)
106.625 .... 400 packets received, 7754 bps, 96.93%, Err 0 (0.0e+00)
108.762 .... 408 packets received, 7753 bps, 96.91%, Err 0 (0.0e+00)
110.852 .... 416 packets received, 7754 bps, 96.93%, Err 0 (0.0e+00)
112.963 .... 424 packets received, 7755 bps, 96.93%, Err 0 (0.0e+00)
115.054 .... 432 packets received, 7756 bps, 96.95%, Err 0 (0.0e+00)
117.164 .... 440 packets received, 7756 bps, 96.95%, Err 0 (0.0e+00)
119.275 .... 448 packets received, 7756 bps, 96.95%, Err 0 (0.0e+00)
121.401 .... 456 packets received, 7755 bps, 96.94%, Err 0 (0.0e+00)
123.527 .... 464 packets received, 7755 bps, 96.93%, Err 0 (0.0e+00)
125.625 .... 472 packets received, 7755 bps, 96.94%, Err 0 (0.0e+00)
127.744 .... 480 packets received, 7755 bps, 96.94%, Err 0 (0.0e+00)
129.879 .... 488 packets received, 7754 bps, 96.92%, Err 0 (0.0e+00)
131.964 .... 496 packets received, 7755 bps, 96.94%, Err 0 (0.0e+00)
134.091 .... 504 packets received, 7755 bps, 96.93%, Err 0 (0.0e+00)
136.187 .... 512 packets received, 7756 bps, 96.94%, Err 0 (0.0e+00)
138.308 .... 520 packets received, 7755 bps, 96.94%, Err 0 (0.0e+00)
140.432 .... 528 packets received, 7754 bps, 96.93%, Err 0 (0.0e+00)
142.528 .... 536 packets received, 7755 bps, 96.94%, Err 0 (0.0e+00)
144.650 .... 544 packets received, 7755 bps, 96.94%, Err 0 (0.0e+00)
146.766 .... 552 packets received, 7755 bps, 96.93%, Err 0 (0.0e+00)
148.866 .... 560 packets received, 7755 bps, 96.94%, Err 0 (0.0e+00)
150.979 .... 568 packets received, 7755 bps, 96.94%, Err 0 (0.0e+00)
153.131 .... 576 packets received, 7753 bps, 96.92%, Err 0 (0.0e+00)
155.209 .... 584 packets received, 7755 bps, 96.94%, Err 0 (0.0e+00)
157.285 .... 592 packets received, 7757 bps, 96.96%, Err 0 (0.0e+00)
159.423 .... 600 packets received, 7756 bps, 96.95%, Err 0 (0.0e+00)
161.551 .... 608 packets received, 7755 bps, 96.94%, Err 0 (0.0e+00)
163.688 .... 616 packets received, 7754 bps, 96.92%, Err 0 (0.0e+00)
165.788 .... 624 packets received, 7754 bps, 96.93%, Err 0 (0.0e+00)
167.890 .... 632 packets received, 7755 bps, 96.94%, Err 0 (0.0e+00)
169.981 .... 640 packets received, 7756 bps, 96.95%, Err 0 (0.0e+00)
172.105 .... 648 packets received, 7755 bps, 96.94%, Err 0 (0.0e+00)
174.221 .... 656 packets received, 7755 bps, 96.94%, Err 0 (0.0e+00)
176.326 .... 664 packets received, 7755 bps, 96.94%, Err 0 (0.0e+00)
178.442 .... 672 packets received, 7755 bps, 96.94%, Err 0 (0.0e+00)
180.551 .... 680 packets received, 7756 bps, 96.94%, Err 0 (0.0e+00)
182.654 .... 688 packets received, 7756 bps, 96.95%, Err 0 (0.0e+00)
184.758 .... 696 packets received, 7756 bps, 96.95%, Err 0 (0.0e+00)
186.892 .... 704 packets received, 7755 bps, 96.94%, Err 0 (0.0e+00)
189.002 .... 712 packets received, 7755 bps, 96.94%, Err 0 (0.0e+00)
191.099 .... 720 packets received, 7756 bps, 96.95%, Err 0 (0.0e+00)
193.250 .... 728 packets received, 7755 bps, 96.93%, Err 0 (0.0e+00)
195.344 .... 736 packets received, 7755 bps, 96.94%, Err 0 (0.0e+00)
197.439 .... 744 packets received, 7756 bps, 96.95%, Err 0 (0.0e+00)
199.558 .... 752 packets received, 7756 bps, 96.95%, Err 0 (0.0e+00)
201.638 .... 760 packets received, 7757 bps, 96.96%, Err 0 (0.0e+00)
203.772 .... 768 packets received, 7756 bps, 96.95%, Err 0 (0.0e+00)
205.867 .... 776 packets received, 7757 bps, 96.96%, Err 0 (0.0e+00)
208.031 .... 784 packets received, 7755 bps, 96.94%, Err 0 (0.0e+00)
210.150 .... 792 packets received, 7755 bps, 96.93%, Err 0 (0.0e+00)
212.221 .... 800 packets received, 7756 bps, 96.95%, Err 0 (0.0e+00)
214.317 .... 808 packets received, 7757 bps, 96.96%, Err 0 (0.0e+00)
216.447 .... 816 packets received, 7756 bps, 96.95%, Err 0 (0.0e+00)
218.555 .... 824 packets received, 7756 bps, 96.95%, Err 0 (0.0e+00)
220.670 .... 832 packets received, 7756 bps, 96.95%, Err 0 (0.0e+00)
222.787 .... 840 packets received, 7756 bps, 96.95%, Err 0 (0.0e+00)
224.918 .... 848 packets received, 7755 bps, 96.94%, Err 0 (0.0e+00)
227.025 .... 856 packets received, 7756 bps, 96.94%, Err 0 (0.0e+00)
229.150 .... 864 packets received, 7755 bps, 96.94%, Err 0 (0.0e+00)
231.255 .... 872 packets received, 7755 bps, 96.94%, Err 0 (0.0e+00)
233.337 .... 880 packets received, 7756 bps, 96.96%, Err 0 (0.0e+00)
235.446 .... 888 packets received, 7757 bps, 96.96%, Err 0 (0.0e+00)
237.563 .... 896 packets received, 7756 bps, 96.95%, Err 0 (0.0e+00)
239.679 .... 904 packets received, 7756 bps, 96.95%, Err 0 (0.0e+00)
241.806 .... 912 packets received, 7756 bps, 96.95%, Err 0 (0.0e+00)
243.898 .... 920 packets received, 7756 bps, 96.96%, Err 0 (0.0e+00)
246.028 .... 928 packets received, 7756 bps, 96.95%, Err 0 (0.0e+00)
248.117 .... 936 packets received, 7757 bps, 96.96%, Err 0 (0.0e+00)
250.245 .... 944 packets received, 7756 bps, 96.95%, Err 0 (0.0e+00)
252.344 .... 952 packets received, 7757 bps, 96.96%, Err 0 (0.0e+00)
254.466 .... 960 packets received, 7756 bps, 96.95%, Err 0 (0.0e+00)
256.598 .... 968 packets received, 7756 bps, 96.95%, Err 0 (0.0e+00)
258.710 .... 976 packets received, 7756 bps, 96.95%, Err 0 (0.0e+00)
260.800 .... 984 packets received, 7756 bps, 96.95%, Err 0 (0.0e+00)
262.939 .... 992 packets received, 7756 bps, 96.94%, Err 0 (0.0e+00)
265.026 .... 1000 packets received, 7756 bps, 96.95%, Err 0 (0.0e+00)
267.130 .... 1008 packets received, 7757 bps, 96.96%, Err 0 (0.0e+00)
269.260 .... 1016 packets received, 7756 bps, 96.95%, Err 0 (0.0e+00)
271.375 .... 1024 packets received, 7756 bps, 96.95%, Err 0 (0.0e+00)
273.461 .... 1032 packets received, 7757 bps, 96.96%, Err 0 (0.0e+00)
275.587 .... 1040 packets received, 7756 bps, 96.95%, Err 0 (0.0e+00)
277.704 .... 1048 packets received, 7756 bps, 96.95%, Err 0 (0.0e+00)
279.822 .... 1056 packets received, 7756 bps, 96.95%, Err 0 (0.0e+00)
281.915 .... 1064 packets received, 7757 bps, 96.96%, Err 0 (0.0e+00)
284.037 .... 1072 packets received, 7756 bps, 96.95%, Err 0 (0.0e+00)
286.180 .... 1080 packets received, 7755 bps, 96.94%, Err 0 (0.0e+00)
288.247 .... 1088 packets received, 7757 bps, 96.96%, Err 0 (0.0e+00)
290.375 .... 1096 packets received, 7756 bps, 96.95%, Err 0 (0.0e+00)
292.472 .... 1104 packets received, 7757 bps, 96.96%, Err 0 (0.0e+00)
294.603 .... 1112 packets received, 7756 bps, 96.95%, Err 0 (0.0e+00)
296.710 .... 1120 packets received, 7756 bps, 96.95%, Err 0 (0.0e+00)
298.823 .... 1128 packets received, 7756 bps, 96.95%, Err 0 (0.0e+00)
300.938 .... 1136 packets received, 7756 bps, 96.95%, Err 0 (0.0e+00)
303.068 .... 1144 packets received, 7756 bps, 96.95%, Err 0 (0.0e+00)
305.172 .... 1152 packets received, 7756 bps, 96.95%, Err 0 (0.0e+00)
307.301 .... 1160 packets received, 7756 bps, 96.95%, Err 0 (0.0e+00)
309.402 .... 1168 packets received, 7756 bps, 96.95%, Err 0 (0.0e+00)
311.502 .... 1176 packets received, 7756 bps, 96.95%, Err 0 (0.0e+00)
313.595 .... 1184 packets received, 7757 bps, 96.96%, Err 0 (0.0e+00)
315.738 .... 1192 packets received, 7756 bps, 96.95%, Err 0 (0.0e+00)
317.844 .... 1200 packets received, 7756 bps, 96.95%, Err 0 (0.0e+00)
319.976 .... 1208 packets received, 7756 bps, 96.95%, Err 0 (0.0e+00)
322.081 .... 1216 packets received, 7756 bps, 96.95%, Err 0 (0.0e+00)
324.189 .... 1224 packets received, 7756 bps, 96.95%, Err 0 (0.0e+00)
326.315 .... 1232 packets received, 7756 bps, 96.94%, Err 0 (0.0e+00)
328.392 .... 1240 packets received, 7756 bps, 96.96%, Err 0 (0.0e+00)
330.526 .... 1248 packets received, 7756 bps, 96.95%, Err 0 (0.0e+00)
332.642 .... 1256 packets received, 7756 bps, 96.95%, Err 0 (0.0e+00)
334.748 .... 1264 packets received, 7756 bps, 96.95%, Err 0 (0.0e+00)
336.867 .... 1272 packets received, 7756 bps, 96.95%, Err 0 (0.0e+00)
338.990 .... 1280 packets received, 7756 bps, 96.94%, Err 0 (0.0e+00)
341.067 .... 1288 packets received, 7756 bps, 96.95%, Err 0 (0.0e+00)
343.210 .... 1296 packets received, 7756 bps, 96.95%, Err 0 (0.0e+00)
345.319 .... 1304 packets received, 7756 bps, 96.95%, Err 0 (0.0e+00)
347.435 .... 1312 packets received, 7756 bps, 96.95%, Err 0 (0.0e+00)
349.518 .... 1320 packets received, 7756 bps, 96.95%, Err 0 (0.0e+00)
351.620 .... 1328 packets received, 7757 bps, 96.96%, Err 0 (0.0e+00)
353.750 .... 1336 packets received, 7756 bps, 96.95%, Err 0 (0.0e+00)
355.833 .... 1344 packets received, 7757 bps, 96.96%, Err 0 (0.0e+00)
357.999 .... 1352 packets received, 7756 bps, 96.95%, Err 0 (0.0e+00)
360.071 .... 1360 packets received, 7757 bps, 96.96%, Err 0 (0.0e+00)
362.210 .... 1368 packets received, 7756 bps, 96.95%, Err 0 (0.0e+00)
364.327 .... 1376 packets received, 7756 bps, 96.95%, Err 0 (0.0e+00)
366.449 .... 1384 packets received, 7756 bps, 96.95%, Err 0 (0.0e+00)
368.552 .... 1392 packets received, 7756 bps, 96.95%, Err 0 (0.0e+00)
370.641 .... 1400 packets received, 7756 bps, 96.95%, Err 0 (0.0e+00)
372.763 .... 1408 packets received, 7756 bps, 96.95%, Err 0 (0.0e+00)
374.883 .... 1416 packets received, 7756 bps, 96.95%, Err 0 (0.0e+00)
376.982 .... 1424 packets received, 7756 bps, 96.95%, Err 0 (0.0e+00)
379.097 .... 1432 packets received, 7756 bps, 96.95%, Err 0 (0.0e+00)
381.212 .... 1440 packets received, 7756 bps, 96.95%, Err 0 (0.0e+00)
383.342 .... 1448 packets received, 7756 bps, 96.95%, Err 0 (0.0e+00)
385.436 .... 1456 packets received, 7756 bps, 96.95%, Err 0 (0.0e+00)
387.562 .... 1464 packets received, 7756 bps, 96.95%, Err 0 (0.0e+00)
389.664 .... 1472 packets received, 7756 bps, 96.95%, Err 0 (0.0e+00)
391.780 .... 1480 packets received, 7756 bps, 96.95%, Err 0 (0.0e+00)
393.871 .... 1488 packets received, 7756 bps, 96.96%, Err 0 (0.0e+00)
396.021 .... 1496 packets received, 7756 bps, 96.95%, Err 0 (0.0e+00)
398.105 .... 1504 packets received, 7756 bps, 96.95%, Err 0 (0.0e+00)
400.239 .... 1512 packets received, 7756 bps, 96.95%, Err 0 (0.0e+00)
402.331 .... 1520 packets received, 7756 bps, 96.95%, Err 0 (0.0e+00)
404.451 .... 1528 packets received, 7756 bps, 96.95%, Err 0 (0.0e+00)
406.532 .... 1536 packets received, 7757 bps, 96.96%, Err 0 (0.0e+00)
408.647 .... 1544 packets received, 7757 bps, 96.96%, Err 0 (0.0e+00)
410.778 .... 1552 packets received, 7756 bps, 96.95%, Err 0 (0.0e+00)
412.890 .... 1560 packets received, 7756 bps, 96.95%, Err 0 (0.0e+00)
415.001 .... 1568 packets received, 7756 bps, 96.95%, Err 0 (0.0e+00)
417.090 .... 1576 packets received, 7757 bps, 96.96%, Err 0 (0.0e+00)
419.197 .... 1584 packets received, 7757 bps, 96.96%, Err 0 (0.0e+00)
421.365 .... 1592 packets received, 7756 bps, 96.95%, Err 0 (0.0e+00)
423.438 .... 1600 packets received, 7757 bps, 96.96%, Err 0 (0.0e+00)
425.577 .... 1608 packets received, 7756 bps, 96.95%, Err 0 (0.0e+00)
427.666 .... 1616 packets received, 7757 bps, 96.96%, Err 0 (0.0e+00)
429.799 .... 1624 packets received, 7756 bps, 96.95%, Err 0 (0.0e+00)
431.870 .... 1632 packets received, 7757 bps, 96.96%, Err 0 (0.0e+00)
434.035 .... 1640 packets received, 7756 bps, 96.95%, Err 0 (0.0e+00)
436.118 .... 1648 packets received, 7756 bps, 96.96%, Err 0 (0.0e+00)
438.215 .... 1656 packets received, 7757 bps, 96.96%, Err 0 (0.0e+00)
440.322 .... 1664 packets received, 7757 bps, 96.96%, Err 0 (0.0e+00)
442.470 .... 1672 packets received, 7756 bps, 96.95%, Err 0 (0.0e+00)
444.582 .... 1680 packets received, 7756 bps, 96.95%, Err 0 (0.0e+00)
446.687 .... 1688 packets received, 7756 bps, 96.95%, Err 0 (0.0e+00)
448.772 .... 1696 packets received, 7757 bps, 96.96%, Err 0 (0.0e+00)
450.906 .... 1704 packets received, 7756 bps, 96.96%, Err 0 (0.0e+00)
453.028 .... 1712 packets received, 7756 bps, 96.95%, Err 0 (0.0e+00)
455.130 .... 1720 packets received, 7756 bps, 96.96%, Err 0 (0.0e+00)
457.213 .... 1728 packets received, 7757 bps, 96.96%, Err 0 (0.0e+00)
459.380 .... 1736 packets received, 7756 bps, 96.95%, Err 0 (0.0e+00)
461.442 .... 1744 packets received, 7757 bps, 96.96%, Err 0 (0.0e+00)
463.588 .... 1752 packets received, 7756 bps, 96.95%, Err 0 (0.0e+00)
465.698 .... 1760 packets received, 7756 bps, 96.95%, Err 0 (0.0e+00)
467.816 .... 1768 packets received, 7756 bps, 96.95%, Err 0 (0.0e+00)
469.890 .... 1776 packets received, 7757 bps, 96.96%, Err 0 (0.0e+00)
472.024 .... 1784 packets received, 7757 bps, 96.96%, Err 0 (0.0e+00)
474.131 .... 1792 packets received, 7757 bps, 96.96%, Err 0 (0.0e+00)
476.229 .... 1800 packets received, 7757 bps, 96.96%, Err 0 (0.0e+00)
478.381 .... 1808 packets received, 7756 bps, 96.95%, Err 0 (0.0e+00)
480.451 .... 1816 packets received, 7757 bps, 96.96%, Err 0 (0.0e+00)
482.592 .... 1824 packets received, 7756 bps, 96.95%, Err 0 (0.0e+00)
484.683 .... 1832 packets received, 7757 bps, 96.96%, Err 0 (0.0e+00)
486.781 .... 1840 packets received, 7757 bps, 96.96%, Err 0 (0.0e+00)
488.946 .... 1848 packets received, 7756 bps, 96.95%, Err 0 (0.0e+00)
491.009 .... 1856 packets received, 7757 bps, 96.96%, Err 0 (0.0e+00)
493.124 .... 1864 packets received, 7757 bps, 96.96%, Err 0 (0.0e+00)
495.261 .... 1872 packets received, 7756 bps, 96.96%, Err 0 (0.0e+00)
497.365 .... 1880 packets received, 7757 bps, 96.96%, Err 0 (0.0e+00)
499.494 .... 1888 packets received, 7756 bps, 96.95%, Err 0 (0.0e+00)
501.586 .... 1896 packets received, 7757 bps, 96.96%, Err 0 (0.0e+00)
503.754 .... 1904 packets received, 7756 bps, 96.95%, Err 0 (0.0e+00)
505.824 .... 1912 packets received, 7756 bps, 96.96%, Err 0 (0.0e+00)
507.957 .... 1920 packets received, 7756 bps, 96.95%, Err 0 (0.0e+00)
510.076 .... 1928 packets received, 7756 bps, 96.95%, Err 0 (0.0e+00)
512.181 .... 1936 packets received, 7756 bps, 96.95%, Err 0 (0.0e+00)
514.281 .... 1944 packets received, 7756 bps, 96.95%, Err 0 (0.0e+00)
516.408 .... 1952 packets received, 7756 bps, 96.95%, Err 0 (0.0e+00)
518.527 .... 1960 packets received, 7756 bps, 96.95%, Err 0 (0.0e+00)
520.616 .... 1968 packets received, 7756 bps, 96.95%, Err 0 (0.0e+00)
522.724 .... 1976 packets received, 7756 bps, 96.96%, Err 0 (0.0e+00)
524.834 .... 1984 packets received, 7756 bps, 96.96%, Err 0 (0.0e+00)
526.946 .... 1992 packets received, 7756 bps, 96.96%, Err 0 (0.0e+00)
529.080 .... 2000 packets received, 7756 bps, 96.95%, Err 0 (0.0e+00)
531.158 .... 2008 packets received, 7757 bps, 96.96%, Err 0 (0.0e+00)
533.275 .... 2016 packets received, 7757 bps, 96.96%, Err 0 (0.0e+00)
535.386 .... 2024 packets received, 7757 bps, 96.96%, Err 0 (0.0e+00)
537.485 .... 2032 packets received, 7757 bps, 96.96%, Err 0 (0.0e+00)
539.648 .... 2040 packets received, 7756 bps, 96.95%, Err 0 (0.0e+00)
541.748 .... 2048 packets received, 7756 bps, 96.95%, Err 0 (0.0e+00)
543.846 .... 2056 packets received, 7756 bps, 96.96%, Err 0 (0.0e+00)
545.966 .... 2064 packets received, 7756 bps, 96.95%, Err 0 (0.0e+00)
548.053 .... 2072 packets received, 7757 bps, 96.96%, Err 0 (0.0e+00)
550.189 .... 2080 packets received, 7756 bps, 96.95%, Err 0 (0.0e+00)
552.296 .... 2088 packets received, 7756 bps, 96.96%, Err 0 (0.0e+00)
554.401 .... 2096 packets received, 7757 bps, 96.96%, Err 0 (0.0e+00)
556.525 .... 2104 packets received, 7756 bps, 96.95%, Err 0 (0.0e+00)
558.635 .... 2112 packets received, 7756 bps, 96.96%, Err 0 (0.0e+00)
560.760 .... 2120 packets received, 7756 bps, 96.95%, Err 0 (0.0e+00)
562.844 .... 2128 packets received, 7757 bps, 96.96%, Err 0 (0.0e+00)
564.993 .... 2136 packets received, 7756 bps, 96.95%, Err 0 (0.0e+00)
567.071 .... 2144 packets received, 7757 bps, 96.96%, Err 0 (0.0e+00)
569.185 .... 2152 packets received, 7757 bps, 96.96%, Err 0 (0.0e+00)
571.303 .... 2160 packets received, 7756 bps, 96.96%, Err 0 (0.0e+00)
573.422 .... 2168 packets received, 7756 bps, 96.95%, Err 0 (0.0e+00)
575.512 .... 2176 packets received, 7757 bps, 96.96%, Err 0 (0.0e+00)
577.635 .... 2184 packets received, 7757 bps, 96.96%, Err 0 (0.0e+00)
579.752 .... 2192 packets received, 7756 bps, 96.96%, Err 0 (0.0e+00)
581.855 .... 2200 packets received, 7757 bps, 96.96%, Err 0 (0.0e+00)
583.978 .... 2208 packets received, 7756 bps, 96.96%, Err 0 (0.0e+00)
586.096 .... 2216 packets received, 7756 bps, 96.95%, Err 0 (0.0e+00)
588.183 .... 2224 packets received, 7757 bps, 96.96%, Err 0 (0.0e+00)
590.306 .... 2232 packets received, 7757 bps, 96.96%, Err 0 (0.0e+00)
592.440 .... 2240 packets received, 7756 bps, 96.95%, Err 0 (0.0e+00)
594.526 .... 2248 packets received, 7757 bps, 96.96%, Err 0 (0.0e+00)
596.630 .... 2256 packets received, 7757 bps, 96.96%, Err 0 (0.0e+00)
598.749 .... 2264 packets received, 7757 bps, 96.96%, Err 0 (0.0e+00)
600.852 .... 2272 packets received, 7757 bps, 96.96%, Err 0 (0.0e+00)
602.975 .... 2280 packets received, 7757 bps, 96.96%, Err 0 (0.0e+00)
605.066 .... 2288 packets received, 7757 bps, 96.96%, Err 0 (0.0e+00)
607.185 .... 2296 packets received, 7757 bps, 96.96%, Err 0 (0.0e+00)
609.318 .... 2304 packets received, 7757 bps, 96.96%, Err 0 (0.0e+00)
611.437 .... 2312 packets received, 7756 bps, 96.96%, Err 0 (0.0e+00)
613.516 .... 2320 packets received, 7757 bps, 96.96%, Err 0 (0.0e+00)
615.670 .... 2328 packets received, 7756 bps, 96.95%, Err 0 (0.0e+00)
617.769 .... 2336 packets received, 7757 bps, 96.96%, Err 0 (0.0e+00)
619.891 .... 2344 packets received, 7756 bps, 96.96%, Err 0 (0.0e+00)
622.005 .... 2352 packets received, 7756 bps, 96.96%, Err 0 (0.0e+00)
624.076 .... 2360 packets received, 7757 bps, 96.96%, Err 0 (0.0e+00)
626.185 .... 2368 packets received, 7757 bps, 96.96%, Err 0 (0.0e+00)
628.323 .... 2376 packets received, 7757 bps, 96.96%, Err 0 (0.0e+00)
630.428 .... 2384 packets received, 7757 bps, 96.96%, Err 0 (0.0e+00)
632.530 .... 2392 packets received, 7757 bps, 96.96%, Err 0 (0.0e+00)
634.674 .... 2400 packets received, 7756 bps, 96.96%, Err 0 (0.0e+00)
636.772 .... 2408 packets received, 7757 bps, 96.96%, Err 0 (0.0e+00)
638.920 .... 2416 packets received, 7756 bps, 96.95%, Err 0 (0.0e+00)
641.026 .... 2424 packets received, 7756 bps, 96.95%, Err 0 (0.0e+00)
643.089 .... 2432 packets received, 7757 bps, 96.96%, Err 0 (0.0e+00)
645.225 .... 2440 packets received, 7757 bps, 96.96%, Err 0 (0.0e+00)
647.342 .... 2448 packets received, 7757 bps, 96.96%, Err 0 (0.0e+00)
649.447 .... 2456 packets received, 7757 bps, 96.96%, Err 0 (0.0e+00)
651.540 .... 2464 packets received, 7757 bps, 96.96%, Err 0 (0.0e+00)
653.661 .... 2472 packets received, 7757 bps, 96.96%, Err 0 (0.0e+00)
655.779 .... 2480 packets received, 7757 bps, 96.96%, Err 0 (0.0e+00)
657.880 .... 2488 packets received, 7757 bps, 96.96%, Err 0 (0.0e+00)
660.018 .... 2496 packets received, 7757 bps, 96.96%, Err 0 (0.0e+00)
662.121 .... 2504 packets received, 7757 bps, 96.96%, Err 0 (0.0e+00)
664.233 .... 2512 packets received, 7757 bps, 96.96%, Err 0 (0.0e+00)
666.354 .... 2520 packets received, 7757 bps, 96.96%, Err 0 (0.0e+00)
668.459 .... 2528 packets received, 7757 bps, 96.96%, Err 0 (0.0e+00)
670.565 .... 2536 packets received, 7757 bps, 96.96%, Err 0 (0.0e+00)
672.683 .... 2544 packets received, 7757 bps, 96.96%, Err 0 (0.0e+00)
674.810 .... 2552 packets received, 7756 bps, 96.96%, Err 0 (0.0e+00)
676.917 .... 2560 packets received, 7756 bps, 96.96%, Err 0 (0.0e+00)
679.009 .... 2568 packets received, 7757 bps, 96.96%, Err 0 (0.0e+00)
681.147 .... 2576 packets received, 7756 bps, 96.96%, Err 0 (0.0e+00)
683.220 .... 2584 packets received, 7757 bps, 96.96%, Err 0 (0.0e+00)
685.352 .... 2592 packets received, 7757 bps, 96.96%, Err 0 (0.0e+00)
687.443 .... 2600 packets received, 7757 bps, 96.96%, Err 0 (0.0e+00)
689.588 .... 2608 packets received, 7757 bps, 96.96%, Err 0 (0.0e+00)
691.681 .... 2616 packets received, 7757 bps, 96.96%, Err 0 (0.0e+00)
693.789 .... 2624 packets received, 7757 bps, 96.96%, Err 0 (0.0e+00)
695.894 .... 2632 packets received, 7757 bps, 96.96%, Err 0 (0.0e+00)
698.022 .... 2640 packets received, 7757 bps, 96.96%, Err 0 (0.0e+00)
700.145 .... 2648 packets received, 7757 bps, 96.96%, Err 0 (0.0e+00)
702.270 .... 2656 packets received, 7756 bps, 96.96%, Err 0 (0.0e+00)
704.337 .... 2664 packets received, 7757 bps, 96.96%, Err 0 (0.0e+00)
706.478 .... 2672 packets received, 7757 bps, 96.96%, Err 0 (0.0e+00)
708.585 .... 2680 packets received, 7757 bps, 96.96%, Err 0 (0.0e+00)
710.742 .... 2688 packets received, 7756 bps, 96.95%, Err 0 (0.0e+00)
712.818 .... 2696 packets received, 7757 bps, 96.96%, Err 0 (0.0e+00)
714.928 .... 2704 packets received, 7757 bps, 96.96%, Err 0 (0.0e+00)
717.062 .... 2712 packets received, 7756 bps, 96.95%, Err 0 (0.0e+00)
719.168 .... 2720 packets received, 7756 bps, 96.96%, Err 0 (0.0e+00)
721.249 .... 2728 packets received, 7757 bps, 96.96%, Err 0 (0.0e+00)
723.400 .... 2736 packets received, 7756 bps, 96.95%, Err 0 (0.0e+00)
725.504 .... 2744 packets received, 7756 bps, 96.96%, Err 0 (0.0e+00)
727.590 .... 2752 packets received, 7757 bps, 96.96%, Err 0 (0.0e+00)
729.727 .... 2760 packets received, 7756 bps, 96.96%, Err 0 (0.0e+00)
731.815 .... 2768 packets received, 7757 bps, 96.96%, Err 0 (0.0e+00)
733.954 .... 2776 packets received, 7756 bps, 96.96%, Err 0 (0.0e+00)
736.040 .... 2784 packets received, 7757 bps, 96.96%, Err 0 (0.0e+00)
738.171 .... 2792 packets received, 7757 bps, 96.96%, Err 0 (0.0e+00)
740.274 .... 2800 packets received, 7757 bps, 96.96%, Err 0 (0.0e+00)
742.375 .... 2808 packets received, 7757 bps, 96.96%, Err 0 (0.0e+00)
744.494 .... 2816 packets received, 7757 bps, 96.96%, Err 0 (0.0e+00)
746.631 .... 2824 packets received, 7756 bps, 96.96%, Err 0 (0.0e+00)
748.701 .... 2832 packets received, 7757 bps, 96.96%, Err 0 (0.0e+00)
750.826 .... 2840 packets received, 7757 bps, 96.96%, Err 0 (0.0e+00)
752.946 .... 2848 packets received, 7757 bps, 96.96%, Err 0 (0.0e+00)
755.050 .... 2856 packets received, 7757 bps, 96.96%, Err 0 (0.0e+00)
757.180 .... 2864 packets received, 7757 bps, 96.96%, Err 0 (0.0e+00)
759.281 .... 2872 packets received, 7757 bps, 96.96%, Err 0 (0.0e+00)
761.388 .... 2880 packets received, 7757 bps, 96.96%, Err 0 (0.0e+00)
763.534 .... 2888 packets received, 7756 bps, 96.95%, Err 0 (0.0e+00)
765.616 .... 2896 packets received, 7757 bps, 96.96%, Err 0 (0.0e+00)
767.715 .... 2904 packets received, 7757 bps, 96.96%, Err 0 (0.0e+00)
769.831 .... 2912 packets received, 7757 bps, 96.96%, Err 0 (0.0e+00)
771.949 .... 2920 packets received, 7757 bps, 96.96%, Err 0 (0.0e+00)
774.070 .... 2928 packets received, 7757 bps, 96.96%, Err 0 (0.0e+00)
776.201 .... 2936 packets received, 7756 bps, 96.96%, Err 0 (0.0e+00)
778.307 .... 2944 packets received, 7756 bps, 96.96%, Err 0 (0.0e+00)
780.409 .... 2952 packets received, 7757 bps, 96.96%, Err 0 (0.0e+00)
782.527 .... 2960 packets received, 7757 bps, 96.96%, Err 0 (0.0e+00)
784.668 .... 2968 packets received, 7756 bps, 96.95%, Err 0 (0.0e+00)
786.767 .... 2976 packets received, 7756 bps, 96.95%, Err 0 (0.0e+00)
788.844 .... 2984 packets received, 7757 bps, 96.96%, Err 0 (0.0e+00)
790.983 .... 2992 packets received, 7756 bps, 96.96%, Err 0 (0.0e+00)
793.084 .... 3000 packets received, 7757 bps, 96.96%, Err 0 (0.0e+00)
795.190 .... 3008 packets received, 7757 bps, 96.96%, Err 0 (0.0e+00)
797.301 .... 3016 packets received, 7757 bps, 96.96%, Err 0 (0.0e+00)
799.409 .... 3024 packets received, 7757 bps, 96.96%, Err 0 (0.0e+00)
801.513 .... 3032 packets received, 7757 bps, 96.96%, Err 0 (0.0e+00)
803.617 .... 3040 packets received, 7757 bps, 96.96%, Err 0 (0.0e+00)
805.744 .... 3048 packets received, 7757 bps, 96.96%, Err 0 (0.0e+00)
807.841 .... 3056 packets received, 7757 bps, 96.96%, Err 0 (0.0e+00)
809.966 .... 3064 packets received, 7757 bps, 96.96%, Err 0 (0.0e+00)
812.097 .... 3072 packets received, 7757 bps, 96.96%, Err 0 (0.0e+00)
814.190 .... 3080 packets received, 7757 bps, 96.96%, Err 0 (0.0e+00)
816.276 .... 3088 packets received, 7757 bps, 96.96%, Err 0 (0.0e+00)
818.419 .... 3096 packets received, 7757 bps, 96.96%, Err 0 (0.0e+00)
820.524 .... 3104 packets received, 7757 bps, 96.96%, Err 0 (0.0e+00)
822.617 .... 3112 packets received, 7757 bps, 96.96%, Err 0 (0.0e+00)
824.778 .... 3120 packets received, 7756 bps, 96.96%, Err 0 (0.0e+00)
826.862 .... 3128 packets received, 7757 bps, 96.96%, Err 0 (0.0e+00)
828.951 .... 3136 packets received, 7757 bps, 96.96%, Err 0 (0.0e+00)
831.102 .... 3144 packets received, 7757 bps, 96.96%, Err 0 (0.0e+00)
833.209 .... 3152 packets received, 7757 bps, 96.96%, Err 0 (0.0e+00)
835.327 .... 3160 packets received, 7757 bps, 96.96%, Err 0 (0.0e+00)
837.416 .... 3168 packets received, 7757 bps, 96.96%, Err 0 (0.0e+00)
839.550 .... 3176 packets received, 7757 bps, 96.96%, Err 0 (0.0e+00)
841.644 .... 3184 packets received, 7757 bps, 96.96%, Err 0 (0.0e+00)
843.751 .... 3192 packets received, 7757 bps, 96.96%, Err 0 (0.0e+00)
845.892 .... 3200 packets received, 7757 bps, 96.96%, Err 0 (0.0e+00)
847.979 .... 3208 packets received, 7757 bps, 96.96%, Err 0 (0.0e+00)
850.109 .... 3216 packets received, 7757 bps, 96.96%, Err 0 (0.0e+00)
852.211 .... 3224 packets received, 7757 bps, 96.96%, Err 0 (0.0e+00)
854.317 .... 3232 packets received, 7757 bps, 96.96%, Err 0 (0.0e+00)
856.423 .... 3240 packets received, 7757 bps, 96.96%, Err 0 (0.0e+00)
858.542 .... 3248 packets received, 7757 bps, 96.96%, Err 0 (0.0e+00)
860.648 .... 3256 packets received, 7757 bps, 96.96%, Err 0 (0.0e+00)
862.770 .... 3264 packets received, 7757 bps, 96.96%, Err 0 (0.0e+00)
864.888 .... 3272 packets received, 7757 bps, 96.96%, Err 0 (0.0e+00)
866.994 .... 3280 packets received, 7757 bps, 96.96%, Err 0 (0.0e+00)
869.113 .... 3288 packets received, 7757 bps, 96.96%, Err 0 (0.0e+00)
871.224 .... 3296 packets received, 7757 bps, 96.96%, Err 0 (0.0e+00)
873.305 .... 3304 packets received, 7757 bps, 96.96%, Err 0 (0.0e+00)
875.444 .... 3312 packets received, 7757 bps, 96.96%, Err 0 (0.0e+00)
877.545 .... 3320 packets received, 7757 bps, 96.96%, Err 0 (0.0e+00)
879.666 .... 3328 packets received, 7757 bps, 96.96%, Err 0 (0.0e+00)
881.757 .... 3336 packets received, 7757 bps, 96.96%, Err 0 (0.0e+00)
883.884 .... 3344 packets received, 7757 bps, 96.96%, Err 0 (0.0e+00)
886.019 .... 3352 packets received, 7757 bps, 96.96%, Err 0 (0.0e+00)
888.137 .... 3360 packets received, 7757 bps, 96.96%, Err 0 (0.0e+00)
890.214 .... 3368 packets received, 7757 bps, 96.96%, Err 0 (0.0e+00)
892.325 .... 3376 packets received, 7757 bps, 96.96%, Err 0 (0.0e+00)
894.445 .... 3384 packets received, 7757 bps, 96.96%, Err 0 (0.0e+00)
896.574 .... 3392 packets received, 7757 bps, 96.96%, Err 0 (0.0e+00)
898.687 .... 3400 packets received, 7757 bps, 96.96%, Err 0 (0.0e+00)
900.792 .... 3408 packets received, 7757 bps, 96.96%, Err 0 (0.0e+00)
902.890 .... 3416 packets received, 7757 bps, 96.96%, Err 0 (0.0e+00)
905.042 .... 3424 packets received, 7757 bps, 96.96%, Err 0 (0.0e+00)
907.131 .... 3432 packets received, 7757 bps, 96.96%, Err 0 (0.0e+00)
909.309 .... 3440 packets received, 7756 bps, 96.95%, Err 0 (0.0e+00)
911.335 .... 3448 packets received, 7757 bps, 96.96%, Err 0 (0.0e+00)
913.449 .... 3456 packets received, 7757 bps, 96.96%, Err 0 (0.0e+00)
915.583 .... 3464 packets received, 7757 bps, 96.96%, Err 0 (0.0e+00)
917.679 .... 3472 packets received, 7757 bps, 96.96%, Err 0 (0.0e+00)
919.811 .... 3480 packets received, 7757 bps, 96.96%, Err 0 (0.0e+00)
921.901 .... 3488 packets received, 7757 bps, 96.96%, Err 0 (0.0e+00)
924.036 .... 3496 packets received, 7757 bps, 96.96%, Err 0 (0.0e+00)
926.153 .... 3504 packets received, 7757 bps, 96.96%, Err 0 (0.0e+00)
928.223 .... 3512 packets received, 7757 bps, 96.96%, Err 0 (0.0e+00)
930.365 .... 3520 packets received, 7757 bps, 96.96%, Err 0 (0.0e+00)
932.485 .... 3528 packets received, 7757 bps, 96.96%, Err 0 (0.0e+00)
934.619 .... 3536 packets received, 7756 bps, 96.96%, Err 0 (0.0e+00)
936.713 .... 3544 packets received, 7757 bps, 96.96%, Err 0 (0.0e+00)
938.806 .... 3552 packets received, 7757 bps, 96.96%, Err 0 (0.0e+00)
940.953 .... 3560 packets received, 7757 bps, 96.96%, Err 0 (0.0e+00)
943.021 .... 3568 packets received, 7757 bps, 96.96%, Err 0 (0.0e+00)
945.159 .... 3576 packets received, 7757 bps, 96.96%, Err 0 (0.0e+00)
947.259 .... 3584 packets received, 7757 bps, 96.96%, Err 0 (0.0e+00)
949.359 .... 3592 packets received, 7757 bps, 96.96%, Err 0 (0.0e+00)
951.483 .... 3600 packets received, 7757 bps, 96.96%, Err 0 (0.0e+00)
953.580 .... 3608 packets received, 7757 bps, 96.96%, Err 0 (0.0e+00)
955.702 .... 3616 packets received, 7757 bps, 96.96%, Err 0 (0.0e+00)
957.795 .... 3624 packets received, 7757 bps, 96.96%, Err 0 (0.0e+00)
959.928 .... 3632 packets received, 7757 bps, 96.96%, Err 0 (0.0e+00)
962.070 .... 3640 packets received, 7757 bps, 96.96%, Err 0 (0.0e+00)
964.158 .... 3648 packets received, 7757 bps, 96.96%, Err 0 (0.0e+00)
966.267 .... 3656 packets received, 7757 bps, 96.96%, Err 0 (0.0e+00)
968.419 .... 3664 packets received, 7756 bps, 96.96%, Err 0 (0.0e+00)
970.476 .... 3672 packets received, 7757 bps, 96.96%, Err 0 (0.0e+00)
972.593 .... 3680 packets received, 7757 bps, 96.96%, Err 0 (0.0e+00)
974.712 .... 3688 packets received, 7757 bps, 96.96%, Err 0 (0.0e+00)
976.835 .... 3696 packets received, 7757 bps, 96.96%, Err 0 (0.0e+00)
978.938 .... 3704 packets received, 7757 bps, 96.96%, Err 0 (0.0e+00)
981.064 .... 3712 packets received, 7757 bps, 96.96%, Err 0 (0.0e+00)
983.148 .... 3720 packets received, 7757 bps, 96.96%, Err 0 (0.0e+00)
985.274 .... 3728 packets received, 7757 bps, 96.96%, Err 0 (0.0e+00)
987.408 .... 3736 packets received, 7757 bps, 96.96%, Err 0 (0.0e+00)
989.496 .... 3744 packets received, 7757 bps, 96.96%, Err 0 (0.0e+00)
991.657 .... 3752 packets received, 7756 bps, 96.96%, Err 0 (0.0e+00)
993.716 .... 3760 packets received, 7757 bps, 96.96%, Err 0 (0.0e+00)
995.824 .... 3768 packets received, 7757 bps, 96.96%, Err 0 (0.0e+00)
997.965 .... 3776 packets received, 7757 bps, 96.96%, Err 0 (0.0e+00)
1000.046 .... 3784 packets received, 7757 bps, 96.96%, Err 0 (0.0e+00)
1002.172 .... 3792 packets received, 7757 bps, 96.96%, Err 0 (0.0e+00)
1004.306 .... 3800 packets received, 7757 bps, 96.96%, Err 0 (0.0e+00)
1006.384 .... 3808 packets received, 7757 bps, 96.96%, Err 0 (0.0e+00)
1008.473 .... 3816 packets received, 7757 bps, 96.96%, Err 0 (0.0e+00)
1010.626 .... 3824 packets received, 7757 bps, 96.96%, Err 0 (0.0e+00)
1012.711 .... 3832 packets received, 7757 bps, 96.96%, Err 0 (0.0e+00)
1014.858 .... 3840 packets received, 7757 bps, 96.96%, Err 0 (0.0e+00)
1016.962 .... 3848 packets received, 7757 bps, 96.96%, Err 0 (0.0e+00)
1019.052 .... 3856 packets received, 7757 bps, 96.96%, Err 0 (0.0e+00)
1021.148 .... 3864 packets received, 7757 bps, 96.96%, Err 0 (0.0e+00)
1023.262 .... 3872 packets received, 7757 bps, 96.96%, Err 0 (0.0e+00)
1025.412 .... 3880 packets received, 7757 bps, 96.96%, Err 0 (0.0e+00)
1027.523 .... 3888 packets received, 7757 bps, 96.96%, Err 0 (0.0e+00)
1029.610 .... 3896 packets received, 7757 bps, 96.96%, Err 0 (0.0e+00)
1031.726 .... 3904 packets received, 7757 bps, 96.96%, Err 0 (0.0e+00)
1033.850 .... 3912 packets received, 7757 bps, 96.96%, Err 0 (0.0e+00)
1035.938 .... 3920 packets received, 7757 bps, 96.96%, Err 0 (0.0e+00)
1038.069 .... 3928 packets received, 7757 bps, 96.96%, Err 0 (0.0e+00)
1040.195 .... 3936 packets received, 7757 bps, 96.96%, Err 0 (0.0e+00)
1042.309 .... 3944 packets received, 7757 bps, 96.96%, Err 0 (0.0e+00)
1044.403 .... 3952 packets received, 7757 bps, 96.96%, Err 0 (0.0e+00)
1046.520 .... 3960 packets received, 7757 bps, 96.96%, Err 0 (0.0e+00)
1048.635 .... 3968 packets received, 7757 bps, 96.96%, Err 0 (0.0e+00)
1050.738 .... 3976 packets received, 7757 bps, 96.96%, Err 0 (0.0e+00)
1052.875 .... 3984 packets received, 7757 bps, 96.96%, Err 0 (0.0e+00)
1054.978 .... 3992 packets received, 7757 bps, 96.96%, Err 0 (0.0e+00)
1057.050 .... 4000 packets received, 7757 bps, 96.96%, Err 0 (0.0e+00)
1059.173 .... 4008 packets received, 7757 bps, 96.96%, Err 0 (0.0e+00)
1061.278 .... 4016 packets received, 7757 bps, 96.96%, Err 0 (0.0e+00)
1063.398 .... 4024 packets received, 7757 bps, 96.96%, Err 0 (0.0e+00)
1065.520 .... 4032 packets received, 7757 bps, 96.96%, Err 0 (0.0e+00)
1067.665 .... 4040 packets received, 7757 bps, 96.96%, Err 0 (0.0e+00)
1069.742 .... 4048 packets received, 7757 bps, 96.96%, Err 0 (0.0e+00)
1071.849 .... 4056 packets received, 7757 bps, 96.96%, Err 0 (0.0e+00)
1073.993 .... 4064 packets received, 7757 bps, 96.96%, Err 0 (0.0e+00)
1076.087 .... 4072 packets received, 7757 bps, 96.96%, Err 0 (0.0e+00)
1078.194 .... 4080 packets received, 7757 bps, 96.96%, Err 0 (0.0e+00)
1080.286 .... 4088 packets received, 7757 bps, 96.96%, Err 0 (0.0e+00)
1082.425 .... 4096 packets received, 7757 bps, 96.96%, Err 0 (0.0e+00)
1084.525 .... 4104 packets received, 7757 bps, 96.96%, Err 0 (0.0e+00)
1086.623 .... 4112 packets received, 7757 bps, 96.96%, Err 0 (0.0e+00)
1088.759 .... 4120 packets received, 7757 bps, 96.96%, Err 0 (0.0e+00)
1090.881 .... 4128 packets received, 7757 bps, 96.96%, Err 0 (0.0e+00)
1092.967 .... 4136 packets received, 7757 bps, 96.96%, Err 0 (0.0e+00)
1095.077 .... 4144 packets received, 7757 bps, 96.96%, Err 0 (0.0e+00)
1097.226 .... 4152 packets received, 7757 bps, 96.96%, Err 0 (0.0e+00)
1099.334 .... 4160 packets received, 7757 bps, 96.96%, Err 0 (0.0e+00)
1101.425 .... 4168 packets received, 7757 bps, 96.96%, Err 0 (0.0e+00)
1103.577 .... 4176 packets received, 7757 bps, 96.96%, Err 0 (0.0e+00)
1105.649 .... 4184 packets received, 7757 bps, 96.96%, Err 0 (0.0e+00)
1107.787 .... 4192 packets received, 7757 bps, 96.96%, Err 0 (0.0e+00)
1109.916 .... 4200 packets received, 7757 bps, 96.96%, Err 0 (0.0e+00)
1112.008 .... 4208 packets received, 7757 bps, 96.96%, Err 0 (0.0e+00)
1114.121 .... 4216 packets received, 7757 bps, 96.96%, Err 0 (0.0e+00)
1116.250 .... 4224 packets received, 7757 bps, 96.96%, Err 0 (0.0e+00)
1118.360 .... 4232 packets received, 7757 bps, 96.96%, Err 0 (0.0e+00)
1120.446 .... 4240 packets received, 7757 bps, 96.96%, Err 0 (0.0e+00)
1122.563 .... 4248 packets received, 7757 bps, 96.96%, Err 0 (0.0e+00)
1124.672 .... 4256 packets received, 7757 bps, 96.96%, Err 0 (0.0e+00)
1126.825 .... 4264 packets received, 7757 bps, 96.96%, Err 0 (0.0e+00)
1128.886 .... 4272 packets received, 7757 bps, 96.96%, Err 0 (0.0e+00)
1131.003 .... 4280 packets received, 7757 bps, 96.96%, Err 0 (0.0e+00)
1133.134 .... 4288 packets received, 7757 bps, 96.96%, Err 0 (0.0e+00)
1135.206 .... 4296 packets received, 7757 bps, 96.96%, Err 0 (0.0e+00)
1137.337 .... 4304 packets received, 7757 bps, 96.96%, Err 0 (0.0e+00)
1139.474 .... 4312 packets received, 7757 bps, 96.96%, Err 0 (0.0e+00)
1141.564 .... 4320 packets received, 7757 bps, 96.96%, Err 0 (0.0e+00)
1143.704 .... 4328 packets received, 7757 bps, 96.96%, Err 0 (0.0e+00)
1145.814 .... 4336 packets received, 7757 bps, 96.96%, Err 0 (0.0e+00)
1147.908 .... 4344 packets received, 7757 bps, 96.96%, Err 0 (0.0e+00)
1150.043 .... 4352 packets received, 7757 bps, 96.96%, Err 0 (0.0e+00)
1152.115 .... 4360 packets received, 7757 bps, 96.96%, Err 0 (0.0e+00)
1154.244 .... 4368 packets received, 7757 bps, 96.96%, Err 0 (0.0e+00)
1156.367 .... 4376 packets received, 7757 bps, 96.96%, Err 0 (0.0e+00)
1158.484 .... 4384 packets received, 7757 bps, 96.96%, Err 0 (0.0e+00)
1160.590 .... 4392 packets received, 7757 bps, 96.96%, Err 0 (0.0e+00)
1162.681 .... 4400 packets received, 7757 bps, 96.96%, Err 0 (0.0e+00)
1164.815 .... 4408 packets received, 7757 bps, 96.96%, Err 0 (0.0e+00)
1166.919 .... 4416 packets received, 7757 bps, 96.96%, Err 0 (0.0e+00)
1169.010 .... 4424 packets received, 7757 bps, 96.96%, Err 0 (0.0e+00)
1171.132 .... 4432 packets received, 7757 bps, 96.96%, Err 0 (0.0e+00)
1173.266 .... 4440 packets received, 7757 bps, 96.96%, Err 0 (0.0e+00)
1175.372 .... 4448 packets received, 7757 bps, 96.96%, Err 0 (0.0e+00)
1177.450 .... 4456 packets received, 7757 bps, 96.96%, Err 0 (0.0e+00)
1179.585 .... 4464 packets received, 7757 bps, 96.96%, Err 0 (0.0e+00)
1181.717 .... 4472 packets received, 7757 bps, 96.96%, Err 0 (0.0e+00)
1183.819 .... 4480 packets received, 7757 bps, 96.96%, Err 0 (0.0e+00)
1185.933 .... 4488 packets received, 7757 bps, 96.96%, Err 0 (0.0e+00)
1188.036 .... 4496 packets received, 7757 bps, 96.96%, Err 0 (0.0e+00)
1190.155 .... 4504 packets received, 7757 bps, 96.96%, Err 0 (0.0e+00)
1192.291 .... 4512 packets received, 7757 bps, 96.96%, Err 0 (0.0e+00)
1194.368 .... 4520 packets received, 7757 bps, 96.96%, Err 0 (0.0e+00)
1196.516 .... 4528 packets received, 7757 bps, 96.96%, Err 0 (0.0e+00)
1198.605 .... 4536 packets received, 7757 bps, 96.96%, Err 0 (0.0e+00)
1200.686 .... 4544 packets received, 7757 bps, 96.96%, Err 0 (0.0e+00)
1202.822 .... 4552 packets received, 7757 bps, 96.96%, Err 0 (0.0e+00)
1204.933 .... 4560 packets received, 7757 bps, 96.96%, Err 0 (0.0e+00)
1207.025 .... 4568 packets received, 7757 bps, 96.96%, Err 0 (0.0e+00)
1209.162 .... 4576 packets received, 7757 bps, 96.96%, Err 0 (0.0e+00)
1211.283 .... 4584 packets received, 7757 bps, 96.96%, Err 0 (0.0e+00)
1213.357 .... 4592 packets received, 7757 bps, 96.96%, Err 0 (0.0e+00)
1215.480 .... 4600 packets received, 7757 bps, 96.96%, Err 0 (0.0e+00)
1217.619 .... 4608 packets received, 7757 bps, 96.96%, Err 0 (0.0e+00)
1219.714 .... 4616 packets received, 7757 bps, 96.96%, Err 0 (0.0e+00)
1221.824 .... 4624 packets received, 7757 bps, 96.96%, Err 0 (0.0e+00)
1223.910 .... 4632 packets received, 7757 bps, 96.96%, Err 0 (0.0e+00)
1226.059 .... 4640 packets received, 7757 bps, 96.96%, Err 0 (0.0e+00)
1228.145 .... 4648 packets received, 7757 bps, 96.96%, Err 0 (0.0e+00)
1230.296 .... 4656 packets received, 7757 bps, 96.96%, Err 0 (0.0e+00)
1232.369 .... 4664 packets received, 7757 bps, 96.96%, Err 0 (0.0e+00)
1234.487 .... 4672 packets received, 7757 bps, 96.96%, Err 0 (0.0e+00)
1236.621 .... 4680 packets received, 7757 bps, 96.96%, Err 0 (0.0e+00)
1238.719 .... 4688 packets received, 7757 bps, 96.96%, Err 0 (0.0e+00)
1240.851 .... 4696 packets received, 7757 bps, 96.96%, Err 0 (0.0e+00)
1242.934 .... 4704 packets received, 7757 bps, 96.96%, Err 0 (0.0e+00)
1245.090 .... 4712 packets received, 7757 bps, 96.96%, Err 0 (0.0e+00)
1247.168 .... 4720 packets received, 7757 bps, 96.96%, Err 0 (0.0e+00)
1249.287 .... 4728 packets received, 7757 bps, 96.96%, Err 0 (0.0e+00)
1251.408 .... 4736 packets received, 7757 bps, 96.96%, Err 0 (0.0e+00)
1253.481 .... 4744 packets received, 7757 bps, 96.96%, Err 0 (0.0e+00)
1255.604 .... 4752 packets received, 7757 bps, 96.96%, Err 0 (0.0e+00)
1257.722 .... 4760 packets received, 7757 bps, 96.96%, Err 0 (0.0e+00)
1259.832 .... 4768 packets received, 7757 bps, 96.96%, Err 0 (0.0e+00)
1261.929 .... 4776 packets received, 7757 bps, 96.96%, Err 0 (0.0e+00)
1264.053 .... 4784 packets received, 7757 bps, 96.96%, Err 0 (0.0e+00)
1266.160 .... 4792 packets received, 7757 bps, 96.96%, Err 0 (0.0e+00)
1268.265 .... 4800 packets received, 7757 bps, 96.96%, Err 0 (0.0e+00)
1270.408 .... 4808 packets received, 7757 bps, 96.96%, Err 0 (0.0e+00)
1272.511 .... 4816 packets received, 7757 bps, 96.96%, Err 0 (0.0e+00)
1274.601 .... 4824 packets received, 7757 bps, 96.96%, Err 0 (0.0e+00)
1276.755 .... 4832 packets received, 7757 bps, 96.96%, Err 0 (0.0e+00)
1278.856 .... 4840 packets received, 7757 bps, 96.96%, Err 0 (0.0e+00)
1280.985 .... 4848 packets received, 7757 bps, 96.96%, Err 0 (0.0e+00)
1283.122 .... 4856 packets received, 7757 bps, 96.96%, Err 0 (0.0e+00)
1285.194 .... 4864 packets received, 7757 bps, 96.96%, Err 0 (0.0e+00)
1287.287 .... 4872 packets received, 7757 bps, 96.96%, Err 0 (0.0e+00)
1289.424 .... 4880 packets received, 7757 bps, 96.96%, Err 0 (0.0e+00)
1291.511 .... 4888 packets received, 7757 bps, 96.96%, Err 0 (0.0e+00)
1293.646 .... 4896 packets received, 7757 bps, 96.96%, Err 0 (0.0e+00)
1295.767 .... 4904 packets received, 7757 bps, 96.96%, Err 0 (0.0e+00)
1297.835 .... 4912 packets received, 7757 bps, 96.96%, Err 0 (0.0e+00)
1299.972 .... 4920 packets received, 7757 bps, 96.96%, Err 0 (0.0e+00)
1302.124 .... 4928 packets received, 7757 bps, 96.96%, Err 0 (0.0e+00)
1304.195 .... 4936 packets received, 7757 bps, 96.96%, Err 0 (0.0e+00)
1306.310 .... 4944 packets received, 7757 bps, 96.96%, Err 0 (0.0e+00)
1308.422 .... 4952 packets received, 7757 bps, 96.96%, Err 0 (0.0e+00)
1310.558 .... 4960 packets received, 7757 bps, 96.96%, Err 0 (0.0e+00)
1312.649 .... 4968 packets received, 7757 bps, 96.96%, Err 0 (0.0e+00)
1314.804 .... 4976 packets received, 7757 bps, 96.96%, Err 0 (0.0e+00)
1316.878 .... 4984 packets received, 7757 bps, 96.96%, Err 0 (0.0e+00)
1318.985 .... 4992 packets received, 7757 bps, 96.96%, Err 0 (0.0e+00)
1321.102 .... 5000 packets received, 7757 bps, 96.96%, Err 0 (0.0e+00)
1323.209 .... 5008 packets received, 7757 bps, 96.96%, Err 0 (0.0e+00)
1325.333 .... 5016 packets received, 7757 bps, 96.96%, Err 0 (0.0e+00)
1327.440 .... 5024 packets received, 7757 bps, 96.96%, Err 0 (0.0e+00)
1329.550 .... 5032 packets received, 7757 bps, 96.96%, Err 0 (0.0e+00)
1331.673 .... 5040 packets received, 7757 bps, 96.96%, Err 0 (0.0e+00)
1333.757 .... 5048 packets received, 7757 bps, 96.96%, Err 0 (0.0e+00)
1335.895 .... 5056 packets received, 7757 bps, 96.96%, Err 0 (0.0e+00)
1337.992 .... 5064 packets received, 7757 bps, 96.96%, Err 0 (0.0e+00)
1340.108 .... 5072 packets received, 7757 bps, 96.96%, Err 0 (0.0e+00)
1342.239 .... 5080 packets received, 7757 bps, 96.96%, Err 0 (0.0e+00)
1344.311 .... 5088 packets received, 7757 bps, 96.96%, Err 0 (0.0e+00)
1346.433 .... 5096 packets received, 7757 bps, 96.96%, Err 0 (0.0e+00)
1348.560 .... 5104 packets received, 7757 bps, 96.96%, Err 0 (0.0e+00)
1350.678 .... 5112 packets received, 7757 bps, 96.96%, Err 0 (0.0e+00)
1352.811 .... 5120 packets received, 7757 bps, 96.96%, Err 0 (0.0e+00)
1354.897 .... 5128 packets received, 7757 bps, 96.96%, Err 0 (0.0e+00)
1357.021 .... 5136 packets received, 7757 bps, 96.96%, Err 0 (0.0e+00)
1359.103 .... 5144 packets received, 7757 bps, 96.96%, Err 0 (0.0e+00)
1361.224 .... 5152 packets received, 7757 bps, 96.96%, Err 0 (0.0e+00)
1363.347 .... 5160 packets received, 7757 bps, 96.96%, Err 0 (0.0e+00)
1365.464 .... 5168 packets received, 7757 bps, 96.96%, Err 0 (0.0e+00)
1367.559 .... 5176 packets received, 7757 bps, 96.96%, Err 0 (0.0e+00)
1369.667 .... 5184 packets received, 7757 bps, 96.96%, Err 0 (0.0e+00)
1371.800 .... 5192 packets received, 7757 bps, 96.96%, Err 0 (0.0e+00)
1373.876 .... 5200 packets received, 7757 bps, 96.96%, Err 0 (0.0e+00)
1376.037 .... 5208 packets received, 7757 bps, 96.96%, Err 0 (0.0e+00)
1378.116 .... 5216 packets received, 7757 bps, 96.96%, Err 0 (0.0e+00)
1380.279 .... 5224 packets received, 7757 bps, 96.96%, Err 0 (0.0e+00)
1382.353 .... 5232 packets received, 7757 bps, 96.96%, Err 0 (0.0e+00)
1384.498 .... 5240 packets received, 7757 bps, 96.96%, Err 0 (0.0e+00)
1386.594 .... 5248 packets received, 7757 bps, 96.96%, Err 0 (0.0e+00)
1388.685 .... 5256 packets received, 7757 bps, 96.96%, Err 0 (0.0e+00)
1390.810 .... 5264 packets received, 7757 bps, 96.96%, Err 0 (0.0e+00)
1392.918 .... 5272 packets received, 7757 bps, 96.96%, Err 0 (0.0e+00)
1395.038 .... 5280 packets received, 7757 bps, 96.96%, Err 0 (0.0e+00)
1397.164 .... 5288 packets received, 7757 bps, 96.96%, Err 0 (0.0e+00)
1399.254 .... 5296 packets received, 7757 bps, 96.96%, Err 0 (0.0e+00)
1401.370 .... 5304 packets received, 7757 bps, 96.96%, Err 0 (0.0e+00)
1403.459 .... 5312 packets received, 7757 bps, 96.96%, Err 0 (0.0e+00)
1405.604 .... 5320 packets received, 7757 bps, 96.96%, Err 0 (0.0e+00)
1407.705 .... 5328 packets received, 7757 bps, 96.96%, Err 0 (0.0e+00)
1409.831 .... 5336 packets received, 7757 bps, 96.96%, Err 0 (0.0e+00)
1411.922 .... 5344 packets received, 7757 bps, 96.96%, Err 0 (0.0e+00)
1414.021 .... 5352 packets received, 7757 bps, 96.96%, Err 0 (0.0e+00)
1416.158 .... 5360 packets received, 7757 bps, 96.96%, Err 0 (0.0e+00)
1418.245 .... 5368 packets received, 7757 bps, 96.96%, Err 0 (0.0e+00)
1420.383 .... 5376 packets received, 7757 bps, 96.96%, Err 0 (0.0e+00)
1422.474 .... 5384 packets received, 7757 bps, 96.96%, Err 0 (0.0e+00)
1424.598 .... 5392 packets received, 7757 bps, 96.96%, Err 0 (0.0e+00)
1426.715 .... 5400 packets received, 7757 bps, 96.96%, Err 0 (0.0e+00)
1428.835 .... 5408 packets received, 7757 bps, 96.96%, Err 0 (0.0e+00)
1430.944 .... 5416 packets received, 7757 bps, 96.96%, Err 0 (0.0e+00)
1433.050 .... 5424 packets received, 7757 bps, 96.96%, Err 0 (0.0e+00)
1435.152 .... 5432 packets received, 7757 bps, 96.96%, Err 0 (0.0e+00)
1437.273 .... 5440 packets received, 7757 bps, 96.96%, Err 0 (0.0e+00)
1439.388 .... 5448 packets received, 7757 bps, 96.96%, Err 0 (0.0e+00)
1441.495 .... 5456 packets received, 7757 bps, 96.96%, Err 0 (0.0e+00)
1443.620 .... 5464 packets received, 7757 bps, 96.96%, Err 0 (0.0e+00)
1445.725 .... 5472 packets received, 7757 bps, 96.96%, Err 0 (0.0e+00)
1447.819 .... 5480 packets received, 7757 bps, 96.96%, Err 0 (0.0e+00)
1449.954 .... 5488 packets received, 7757 bps, 96.96%, Err 0 (0.0e+00)
1452.064 .... 5496 packets received, 7757 bps, 96.96%, Err 0 (0.0e+00)
1454.172 .... 5504 packets received, 7757 bps, 96.96%, Err 0 (0.0e+00)
1456.279 .... 5512 packets received, 7757 bps, 96.96%, Err 0 (0.0e+00)
1458.399 .... 5520 packets received, 7757 bps, 96.96%, Err 0 (0.0e+00)
1460.506 .... 5528 packets received, 7757 bps, 96.96%, Err 0 (0.0e+00)
1462.619 .... 5536 packets received, 7757 bps, 96.96%, Err 0 (0.0e+00)
1464.723 .... 5544 packets received, 7757 bps, 96.96%, Err 0 (0.0e+00)
1466.856 .... 5552 packets received, 7757 bps, 96.96%, Err 0 (0.0e+00)
1468.959 .... 5560 packets received, 7757 bps, 96.96%, Err 0 (0.0e+00)
1471.072 .... 5568 packets received, 7757 bps, 96.96%, Err 0 (0.0e+00)
1473.182 .... 5576 packets received, 7757 bps, 96.96%, Err 0 (0.0e+00)
1475.290 .... 5584 packets received, 7757 bps, 96.96%, Err 0 (0.0e+00)
1477.391 .... 5592 packets received, 7757 bps, 96.96%, Err 0 (0.0e+00)
1479.525 .... 5600 packets received, 7757 bps, 96.96%, Err 0 (0.0e+00)
1481.638 .... 5608 packets received, 7757 bps, 96.96%, Err 0 (0.0e+00)
1483.752 .... 5616 packets received, 7757 bps, 96.96%, Err 0 (0.0e+00)
1485.891 .... 5624 packets received, 7757 bps, 96.96%, Err 0 (0.0e+00)
1487.965 .... 5632 packets received, 7757 bps, 96.96%, Err 0 (0.0e+00)
1490.073 .... 5640 packets received, 7757 bps, 96.96%, Err 0 (0.0e+00)
1492.167 .... 5648 packets received, 7757 bps, 96.96%, Err 0 (0.0e+00)
1494.302 .... 5656 packets received, 7757 bps, 96.96%, Err 0 (0.0e+00)
1496.408 .... 5664 packets received, 7757 bps, 96.96%, Err 0 (0.0e+00)
1498.539 .... 5672 packets received, 7757 bps, 96.96%, Err 0 (0.0e+00)
1500.631 .... 5680 packets received, 7757 bps, 96.96%, Err 0 (0.0e+00)
1502.772 .... 5688 packets received, 7757 bps, 96.96%, Err 0 (0.0e+00)
1504.831 .... 5696 packets received, 7757 bps, 96.96%, Err 0 (0.0e+00)
1506.985 .... 5704 packets received, 7757 bps, 96.96%, Err 0 (0.0e+00)
1509.110 .... 5712 packets received, 7757 bps, 96.96%, Err 0 (0.0e+00)
1511.169 .... 5720 packets received, 7757 bps, 96.96%, Err 0 (0.0e+00)
1513.339 .... 5728 packets received, 7757 bps, 96.96%, Err 0 (0.0e+00)
1515.446 .... 5736 packets received, 7757 bps, 96.96%, Err 0 (0.0e+00)
1517.539 .... 5744 packets received, 7757 bps, 96.96%, Err 0 (0.0e+00)
1519.641 .... 5752 packets received, 7757 bps, 96.96%, Err 0 (0.0e+00)
1521.746 .... 5760 packets received, 7757 bps, 96.96%, Err 0 (0.0e+00)
1523.864 .... 5768 packets received, 7757 bps, 96.96%, Err 0 (0.0e+00)
1525.989 .... 5776 packets received, 7757 bps, 96.96%, Err 0 (0.0e+00)
1528.100 .... 5784 packets received, 7757 bps, 96.96%, Err 0 (0.0e+00)
1530.203 .... 5792 packets received, 7757 bps, 96.96%, Err 0 (0.0e+00)
1532.323 .... 5800 packets received, 7757 bps, 96.96%, Err 0 (0.0e+00)
1534.449 .... 5808 packets received, 7757 bps, 96.96%, Err 0 (0.0e+00)
1536.552 .... 5816 packets received, 7757 bps, 96.96%, Err 0 (0.0e+00)
1538.709 .... 5824 packets received, 7757 bps, 96.96%, Err 0 (0.0e+00)
1540.763 .... 5832 packets received, 7757 bps, 96.96%, Err 0 (0.0e+00)
1542.884 .... 5840 packets received, 7757 bps, 96.96%, Err 0 (0.0e+00)
1544.992 .... 5848 packets received, 7757 bps, 96.96%, Err 0 (0.0e+00)
1547.108 .... 5856 packets received, 7757 bps, 96.96%, Err 0 (0.0e+00)
1549.185 .... 5864 packets received, 7757 bps, 96.96%, Err 0 (0.0e+00)
1551.322 .... 5872 packets received, 7757 bps, 96.96%, Err 0 (0.0e+00)
1553.460 .... 5880 packets received, 7757 bps, 96.96%, Err 0 (0.0e+00)
1555.552 .... 5888 packets received, 7757 bps, 96.96%, Err 0 (0.0e+00)
1557.643 .... 5896 packets received, 7757 bps, 96.96%, Err 0 (0.0e+00)
1559.768 .... 5904 packets received, 7757 bps, 96.96%, Err 0 (0.0e+00)
1561.869 .... 5912 packets received, 7757 bps, 96.96%, Err 0 (0.0e+00)
1563.984 .... 5920 packets received, 7757 bps, 96.96%, Err 0 (0.0e+00)
1566.109 .... 5928 packets received, 7757 bps, 96.96%, Err 0 (0.0e+00)
1568.194 .... 5936 packets received, 7757 bps, 96.96%, Err 0 (0.0e+00)
1570.328 .... 5944 packets received, 7757 bps, 96.96%, Err 0 (0.0e+00)
1572.469 .... 5952 packets received, 7757 bps, 96.96%, Err 0 (0.0e+00)
1574.547 .... 5960 packets received, 7757 bps, 96.96%, Err 0 (0.0e+00)
1576.659 .... 5968 packets received, 7757 bps, 96.96%, Err 0 (0.0e+00)
1578.796 .... 5976 packets received, 7757 bps, 96.96%, Err 0 (0.0e+00)
1580.902 .... 5984 packets received, 7757 bps, 96.96%, Err 0 (0.0e+00)
1583.013 .... 5992 packets received, 7757 bps, 96.96%, Err 0 (0.0e+00)
1585.112 .... 6000 packets received, 7757 bps, 96.96%, Err 0 (0.0e+00)
1587.227 .... 6008 packets received, 7757 bps, 96.96%, Err 0 (0.0e+00)
1589.373 .... 6016 packets received, 7757 bps, 96.96%, Err 0 (0.0e+00)
1591.453 .... 6024 packets received, 7757 bps, 96.96%, Err 0 (0.0e+00)
1593.540 .... 6032 packets received, 7757 bps, 96.96%, Err 0 (0.0e+00)
1595.669 .... 6040 packets received, 7757 bps, 96.96%, Err 0 (0.0e+00)
1597.804 .... 6048 packets received, 7757 bps, 96.96%, Err 0 (0.0e+00)
1599.906 .... 6056 packets received, 7757 bps, 96.96%, Err 0 (0.0e+00)
1602.008 .... 6064 packets received, 7757 bps, 96.96%, Err 0 (0.0e+00)
1604.098 .... 6072 packets received, 7757 bps, 96.96%, Err 0 (0.0e+00)
1606.236 .... 6080 packets received, 7757 bps, 96.96%, Err 0 (0.0e+00)
1608.358 .... 6088 packets received, 7757 bps, 96.96%, Err 0 (0.0e+00)
1610.449 .... 6096 packets received, 7757 bps, 96.96%, Err 0 (0.0e+00)
1612.569 .... 6104 packets received, 7757 bps, 96.96%, Err 0 (0.0e+00)
1614.690 .... 6112 packets received, 7757 bps, 96.96%, Err 0 (0.0e+00)
1616.775 .... 6120 packets received, 7757 bps, 96.96%, Err 0 (0.0e+00)
1618.877 .... 6128 packets received, 7757 bps, 96.96%, Err 0 (0.0e+00)
1621.013 .... 6136 packets received, 7757 bps, 96.96%, Err 0 (0.0e+00)
1623.130 .... 6144 packets received, 7757 bps, 96.96%, Err 0 (0.0e+00)
1625.251 .... 6152 packets received, 7757 bps, 96.96%, Err 0 (0.0e+00)
1627.363 .... 6160 packets received, 7757 bps, 96.96%, Err 0 (0.0e+00)
1629.463 .... 6168 packets received, 7757 bps, 96.96%, Err 0 (0.0e+00)
1631.563 .... 6176 packets received, 7757 bps, 96.96%, Err 0 (0.0e+00)
1633.696 .... 6184 packets received, 7757 bps, 96.96%, Err 0 (0.0e+00)
1635.816 .... 6192 packets received, 7757 bps, 96.96%, Err 0 (0.0e+00)
1637.904 .... 6200 packets received, 7757 bps, 96.96%, Err 0 (0.0e+00)
1640.017 .... 6208 packets received, 7757 bps, 96.96%, Err 0 (0.0e+00)
1642.135 .... 6216 packets received, 7757 bps, 96.96%, Err 0 (0.0e+00)
1644.251 .... 6224 packets received, 7757 bps, 96.96%, Err 0 (0.0e+00)
1646.342 .... 6232 packets received, 7757 bps, 96.96%, Err 0 (0.0e+00)
1648.473 .... 6240 packets received, 7757 bps, 96.96%, Err 0 (0.0e+00)
1650.562 .... 6248 packets received, 7757 bps, 96.96%, Err 0 (0.0e+00)
1652.716 .... 6256 packets received, 7757 bps, 96.96%, Err 0 (0.0e+00)
1654.794 .... 6264 packets received, 7757 bps, 96.96%, Err 0 (0.0e+00)
1656.904 .... 6272 packets received, 7757 bps, 96.96%, Err 0 (0.0e+00)
1659.026 .... 6280 packets received, 7757 bps, 96.96%, Err 0 (0.0e+00)
1661.130 .... 6288 packets received, 7757 bps, 96.96%, Err 0 (0.0e+00)
1663.248 .... 6296 packets received, 7757 bps, 96.96%, Err 0 (0.0e+00)
1665.399 .... 6304 packets received, 7757 bps, 96.96%, Err 0 (0.0e+00)
1667.502 .... 6312 packets received, 7757 bps, 96.96%, Err 0 (0.0e+00)
1669.595 .... 6320 packets received, 7757 bps, 96.96%, Err 0 (0.0e+00)
1671.721 .... 6328 packets received, 7757 bps, 96.96%, Err 0 (0.0e+00)
1673.825 .... 6336 packets received, 7757 bps, 96.96%, Err 0 (0.0e+00)
1675.916 .... 6344 packets received, 7757 bps, 96.96%, Err 0 (0.0e+00)
1678.041 .... 6352 packets received, 7757 bps, 96.96%, Err 0 (0.0e+00)
1680.163 .... 6360 packets received, 7757 bps, 96.96%, Err 0 (0.0e+00)
1682.287 .... 6368 packets received, 7757 bps, 96.96%, Err 0 (0.0e+00)
1684.364 .... 6376 packets received, 7757 bps, 96.96%, Err 0 (0.0e+00)
1686.513 .... 6384 packets received, 7757 bps, 96.96%, Err 0 (0.0e+00)
1688.630 .... 6392 packets received, 7757 bps, 96.96%, Err 0 (0.0e+00)
1690.731 .... 6400 packets received, 7757 bps, 96.96%, Err 0 (0.0e+00)
1692.824 .... 6408 packets received, 7757 bps, 96.96%, Err 0 (0.0e+00)
1694.941 .... 6416 packets received, 7757 bps, 96.96%, Err 0 (0.0e+00)
1697.045 .... 6424 packets received, 7757 bps, 96.96%, Err 0 (0.0e+00)
1699.164 .... 6432 packets received, 7757 bps, 96.96%, Err 0 (0.0e+00)
1701.283 .... 6440 packets received, 7757 bps, 96.96%, Err 0 (0.0e+00)
1703.426 .... 6448 packets received, 7757 bps, 96.96%, Err 0 (0.0e+00)
1705.499 .... 6456 packets received, 7757 bps, 96.96%, Err 0 (0.0e+00)
1707.641 .... 6464 packets received, 7757 bps, 96.96%, Err 0 (0.0e+00)
1709.770 .... 6472 packets received, 7757 bps, 96.96%, Err 0 (0.0e+00)
1711.842 .... 6480 packets received, 7757 bps, 96.96%, Err 0 (0.0e+00)
1713.944 .... 6488 packets received, 7757 bps, 96.96%, Err 0 (0.0e+00)
1716.095 .... 6496 packets received, 7757 bps, 96.96%, Err 0 (0.0e+00)
1718.197 .... 6504 packets received, 7757 bps, 96.96%, Err 0 (0.0e+00)
1720.283 .... 6512 packets received, 7757 bps, 96.96%, Err 0 (0.0e+00)
1722.376 .... 6520 packets received, 7757 bps, 96.96%, Err 0 (0.0e+00)
1724.522 .... 6528 packets received, 7757 bps, 96.96%, Err 0 (0.0e+00)
1726.639 .... 6536 packets received, 7757 bps, 96.96%, Err 0 (0.0e+00)
1728.711 .... 6544 packets received, 7757 bps, 96.96%, Err 0 (0.0e+00)
1730.856 .... 6552 packets received, 7757 bps, 96.96%, Err 0 (0.0e+00)
1732.966 .... 6560 packets received, 7757 bps, 96.96%, Err 0 (0.0e+00)
1735.086 .... 6568 packets received, 7757 bps, 96.96%, Err 0 (0.0e+00)
1737.191 .... 6576 packets received, 7757 bps, 96.96%, Err 0 (0.0e+00)
1739.312 .... 6584 packets received, 7757 bps, 96.96%, Err 0 (0.0e+00)
1741.400 .... 6592 packets received, 7757 bps, 96.96%, Err 0 (0.0e+00)
1743.547 .... 6600 packets received, 7757 bps, 96.96%, Err 0 (0.0e+00)
1745.638 .... 6608 packets received, 7757 bps, 96.96%, Err 0 (0.0e+00)
1747.753 .... 6616 packets received, 7757 bps, 96.96%, Err 0 (0.0e+00)
1749.847 .... 6624 packets received, 7757 bps, 96.96%, Err 0 (0.0e+00)
1751.987 .... 6632 packets received, 7757 bps, 96.96%, Err 0 (0.0e+00)
1754.105 .... 6640 packets received, 7757 bps, 96.96%, Err 0 (0.0e+00)
1756.206 .... 6648 packets received, 7757 bps, 96.96%, Err 0 (0.0e+00)
1758.316 .... 6656 packets received, 7757 bps, 96.96%, Err 0 (0.0e+00)
1760.450 .... 6664 packets received, 7757 bps, 96.96%, Err 0 (0.0e+00)
1762.533 .... 6672 packets received, 7757 bps, 96.96%, Err 0 (0.0e+00)
1764.654 .... 6680 packets received, 7757 bps, 96.96%, Err 0 (0.0e+00)
1766.755 .... 6688 packets received, 7757 bps, 96.96%, Err 0 (0.0e+00)
1768.874 .... 6696 packets received, 7757 bps, 96.96%, Err 0 (0.0e+00)
1770.981 .... 6704 packets received, 7757 bps, 96.96%, Err 0 (0.0e+00)
1773.086 .... 6712 packets received, 7757 bps, 96.96%, Err 0 (0.0e+00)
1775.209 .... 6720 packets received, 7757 bps, 96.96%, Err 0 (0.0e+00)
1777.329 .... 6728 packets received, 7757 bps, 96.96%, Err 0 (0.0e+00)
1779.416 .... 6736 packets received, 7757 bps, 96.96%, Err 0 (0.0e+00)
1781.533 .... 6744 packets received, 7757 bps, 96.96%, Err 0 (0.0e+00)
1783.638 .... 6752 packets received, 7757 bps, 96.96%, Err 0 (0.0e+00)
1785.760 .... 6760 packets received, 7757 bps, 96.96%, Err 0 (0.0e+00)
1787.895 .... 6768 packets received, 7757 bps, 96.96%, Err 0 (0.0e+00)
1789.977 .... 6776 packets received, 7757 bps, 96.96%, Err 0 (0.0e+00)
1792.114 .... 6784 packets received, 7757 bps, 96.96%, Err 0 (0.0e+00)
1794.211 .... 6792 packets received, 7757 bps, 96.96%, Err 0 (0.0e+00)
1796.314 .... 6800 packets received, 7757 bps, 96.96%, Err 0 (0.0e+00)
1798.431 .... 6808 packets received, 7757 bps, 96.96%, Err 0 (0.0e+00)
1800.524 .... 6816 packets received, 7757 bps, 96.96%, Err 0 (0.0e+00)
1802.677 .... 6824 packets received, 7757 bps, 96.96%, Err 0 (0.0e+00)
1804.756 .... 6832 packets received, 7757 bps, 96.96%, Err 0 (0.0e+00)
1806.875 .... 6840 packets received, 7757 bps, 96.96%, Err 0 (0.0e+00)
1809.010 .... 6848 packets received, 7757 bps, 96.96%, Err 0 (0.0e+00)
1811.102 .... 6856 packets received, 7757 bps, 96.96%, Err 0 (0.0e+00)
1813.192 .... 6864 packets received, 7757 bps, 96.96%, Err 0 (0.0e+00)
1815.325 .... 6872 packets received, 7757 bps, 96.96%, Err 0 (0.0e+00)
1817.426 .... 6880 packets received, 7757 bps, 96.96%, Err 0 (0.0e+00)
1819.567 .... 6888 packets received, 7757 bps, 96.96%, Err 0 (0.0e+00)
1821.654 .... 6896 packets received, 7757 bps, 96.96%, Err 0 (0.0e+00)
1823.761 .... 6904 packets received, 7757 bps, 96.96%, Err 0 (0.0e+00)
1825.897 .... 6912 packets received, 7757 bps, 96.96%, Err 0 (0.0e+00)
1827.987 .... 6920 packets received, 7757 bps, 96.96%, Err 0 (0.0e+00)
1830.108 .... 6928 packets received, 7757 bps, 96.96%, Err 0 (0.0e+00)
1832.208 .... 6936 packets received, 7757 bps, 96.96%, Err 0 (0.0e+00)
1834.328 .... 6944 packets received, 7757 bps, 96.96%, Err 0 (0.0e+00)
1836.447 .... 6952 packets received, 7757 bps, 96.96%, Err 0 (0.0e+00)
1838.571 .... 6960 packets received, 7757 bps, 96.96%, Err 0 (0.0e+00)
1840.692 .... 6968 packets received, 7757 bps, 96.96%, Err 0 (0.0e+00)
1842.779 .... 6976 packets received, 7757 bps, 96.96%, Err 0 (0.0e+00)
1844.889 .... 6984 packets received, 7757 bps, 96.96%, Err 0 (0.0e+00)
1846.989 .... 6992 packets received, 7757 bps, 96.96%, Err 0 (0.0e+00)
1849.140 .... 7000 packets received, 7757 bps, 96.96%, Err 0 (0.0e+00)
1851.215 .... 7008 packets received, 7757 bps, 96.96%, Err 0 (0.0e+00)
1853.356 .... 7016 packets received, 7757 bps, 96.96%, Err 0 (0.0e+00)
1855.474 .... 7024 packets received, 7757 bps, 96.96%, Err 0 (0.0e+00)
1857.586 .... 7032 packets received, 7757 bps, 96.96%, Err 0 (0.0e+00)
1859.680 .... 7040 packets received, 7757 bps, 96.96%, Err 0 (0.0e+00)
1861.801 .... 7048 packets received, 7757 bps, 96.96%, Err 0 (0.0e+00)
1863.920 .... 7056 packets received, 7757 bps, 96.96%, Err 0 (0.0e+00)
1865.995 .... 7064 packets received, 7757 bps, 96.96%, Err 0 (0.0e+00)
1868.122 .... 7072 packets received, 7757 bps, 96.96%, Err 0 (0.0e+00)
1870.236 .... 7080 packets received, 7757 bps, 96.96%, Err 0 (0.0e+00)
1872.360 .... 7088 packets received, 7757 bps, 96.96%, Err 0 (0.0e+00)
1874.460 .... 7096 packets received, 7757 bps, 96.96%, Err 0 (0.0e+00)
1876.577 .... 7104 packets received, 7757 bps, 96.96%, Err 0 (0.0e+00)
1878.698 .... 7112 packets received, 7757 bps, 96.96%, Err 0 (0.0e+00)
1880.796 .... 7120 packets received, 7757 bps, 96.96%, Err 0 (0.0e+00)
1882.928 .... 7128 packets received, 7757 bps, 96.96%, Err 0 (0.0e+00)
1885.056 .... 7136 packets received, 7757 bps, 96.96%, Err 0 (0.0e+00)
1887.135 .... 7144 packets received, 7757 bps, 96.96%, Err 0 (0.0e+00)
1889.267 .... 7152 packets received, 7757 bps, 96.96%, Err 0 (0.0e+00)
1891.340 .... 7160 packets received, 7757 bps, 96.96%, Err 0 (0.0e+00)
1893.457 .... 7168 packets received, 7757 bps, 96.96%, Err 0 (0.0e+00)
1895.596 .... 7176 packets received, 7757 bps, 96.96%, Err 0 (0.0e+00)
1897.698 .... 7184 packets received, 7757 bps, 96.96%, Err 0 (0.0e+00)
1899.805 .... 7192 packets received, 7757 bps, 96.96%, Err 0 (0.0e+00)
1901.950 .... 7200 packets received, 7757 bps, 96.96%, Err 0 (0.0e+00)
1904.047 .... 7208 packets received, 7757 bps, 96.96%, Err 0 (0.0e+00)
1906.126 .... 7216 packets received, 7757 bps, 96.96%, Err 0 (0.0e+00)
1908.277 .... 7224 packets received, 7757 bps, 96.96%, Err 0 (0.0e+00)
1910.397 .... 7232 packets received, 7757 bps, 96.96%, Err 0 (0.0e+00)
1912.470 .... 7240 packets received, 7757 bps, 96.96%, Err 0 (0.0e+00)
1914.620 .... 7248 packets received, 7757 bps, 96.96%, Err 0 (0.0e+00)
1916.707 .... 7256 packets received, 7757 bps, 96.96%, Err 0 (0.0e+00)
1918.842 .... 7264 packets received, 7757 bps, 96.96%, Err 0 (0.0e+00)
1920.929 .... 7272 packets received, 7757 bps, 96.96%, Err 0 (0.0e+00)
1923.057 .... 7280 packets received, 7757 bps, 96.96%, Err 0 (0.0e+00)
1925.174 .... 7288 packets received, 7757 bps, 96.96%, Err 0 (0.0e+00)
1927.287 .... 7296 packets received, 7757 bps, 96.96%, Err 0 (0.0e+00)
1929.399 .... 7304 packets received, 7757 bps, 96.96%, Err 0 (0.0e+00)
1931.486 .... 7312 packets received, 7757 bps, 96.96%, Err 0 (0.0e+00)
1933.630 .... 7320 packets received, 7757 bps, 96.96%, Err 0 (0.0e+00)
1935.725 .... 7328 packets received, 7757 bps, 96.96%, Err 0 (0.0e+00)
1937.824 .... 7336 packets received, 7757 bps, 96.96%, Err 0 (0.0e+00)
