000.000 =============================================================
000.000                     Station B                               
000.000 -------------------------------------------------------------
000.000 Protocol.lib, version 4.0, jiangyanjun0718@bupt.edu.cn
000.000 Channel: 8000 bps, 270 ms propagation delay, bit error rate 1.0E-04
000.000 Log file "F:\Code\20250418(network lab1)\upload\SR-MAX-B.log", TCP port 59144, debug mask 0x00
000.000 Station B is connecting station A (TCP port 59144) ... Done.
000.946 New epoch: Tue May  6 16:09:32 2025
000.947 =================================================================
000.947 
000.947 SR-3, 构建时间: May  6 2025  16:05:11
009.383 .... 4 packets received, 1008 bps, 12.60%, Err 6 (1.1e-04)
011.775 .... 16 packets received, 3115 bps, 38.93%, Err 9 (1.2e-04)
013.918 .... 23 packets received, 3720 bps, 46.49%, Err 11 (1.2e-04)
016.026 .... 28 packets received, 3882 bps, 48.52%, Err 12 (1.1e-04)
018.123 .... 32 packets received, 3885 bps, 48.56%, Err 14 (1.1e-04)
020.771 .... 39 packets received, 4092 bps, 51.16%, Err 15 (1.0e-04)
029.178 .... 49 packets received, 3594 bps, 44.92%, Err 22 (1.1e-04)
031.231 .... 60 packets received, 4099 bps, 51.24%, Err 23 (1.1e-04)
033.358 .... 68 packets received, 4338 bps, 54.22%, Err 24 (1.0e-04)
036.271 .... 72 packets received, 4211 bps, 52.64%, Err 27 (1.0e-04)
038.921 .... 82 packets received, 4458 bps, 55.73%, Err 32 (1.1e-04)
041.569 .... 84 packets received, 4267 bps, 53.34%, Err 33 (1.1e-04)
044.189 .... 97 packets received, 4627 bps, 57.84%, Err 35 (1.1e-04)
046.841 .... 103 packets received, 4627 bps, 57.84%, Err 38 (1.1e-04)
049.475 .... 108 packets received, 4587 bps, 57.34%, Err 39 (1.1e-04)
051.614 .... 124 packets received, 5043 bps, 63.03%, Err 39 (1.0e-04)
053.728 .... 131 packets received, 5113 bps, 63.91%, Err 40 (1.0e-04)
055.856 .... 135 packets received, 5064 bps, 63.29%, Err 42 (1.0e-04)
059.046 .... 145 packets received, 5138 bps, 64.23%, Err 44 (1.0e-04)
061.376 .... 153 packets received, 5212 bps, 65.15%, Err 49 (1.1e-04)
064.044 .... 157 packets received, 5121 bps, 64.01%, Err 50 (1.0e-04)
066.172 .... 171 packets received, 5395 bps, 67.43%, Err 51 (1.0e-04)
069.350 .... 177 packets received, 5323 bps, 66.54%, Err 55 (1.1e-04)
076.260 .... 178 packets received, 4860 bps, 60.75%, Err 58 (1.0e-04)
083.110 .... 194 packets received, 4854 bps, 60.67%, Err 63 (1.0e-04)
085.285 .... 201 packets received, 4899 bps, 61.23%, Err 66 (1.0e-04)
088.458 .... 205 packets received, 4814 bps, 60.18%, Err 69 (1.1e-04)
090.555 .... 219 packets received, 5022 bps, 62.78%, Err 69 (1.0e-04)
092.664 .... 227 packets received, 5086 bps, 63.57%, Err 69 (1.0e-04)
095.024 .... 232 packets received, 5067 bps, 63.34%, Err 73 (1.0e-04)
098.247 .... 234 packets received, 4941 bps, 61.76%, Err 74 (1.0e-04)
100.804 .... 244 packets received, 5020 bps, 62.75%, Err 75 (1.0e-04)
107.695 .... 250 packets received, 4810 bps, 60.13%, Err 81 (1.0e-04)
111.133 .... 267 packets received, 4977 bps, 62.21%, Err 84 (1.0e-04)
114.059 .... 270 packets received, 4902 bps, 61.27%, Err 86 (1.0e-04)
116.942 .... 278 packets received, 4921 bps, 61.52%, Err 87 (1.0e-04)
124.957 .... 290 packets received, 4801 bps, 60.01%, Err 92 (1.0e-04)
145.937 .... 302 packets received, 4275 bps, 53.44%, Err 105 (1.0e-04)
148.147 .... 320 packets received, 4461 bps, 55.77%, Err 107 (1.0e-04)
151.020 .... 325 packets received, 4444 bps, 55.55%, Err 113 (1.0e-04)
160.266 .... 329 packets received, 4237 bps, 52.97%, Err 116 (1.0e-04)
162.405 .... 347 packets received, 4410 bps, 55.12%, Err 119 (1.0e-04)
165.077 .... 353 packets received, 4413 bps, 55.16%, Err 121 (1.0e-04)
167.726 .... 358 packets received, 4404 bps, 55.05%, Err 124 (1.0e-04)
170.354 .... 364 packets received, 4408 bps, 55.11%, Err 126 (1.0e-04)
179.067 .... 374 packets received, 4308 bps, 53.85%, Err 132 (1.0e-04)
181.470 .... 390 packets received, 4432 bps, 55.40%, Err 135 (1.0e-04)
183.566 .... 396 packets received, 4448 bps, 55.61%, Err 135 (1.0e-04)
186.985 .... 402 packets received, 4433 bps, 55.41%, Err 136 (1.0e-04)
195.283 .... 412 packets received, 4349 bps, 54.36%, Err 146 (1.0e-04)
197.629 .... 419 packets received, 4370 bps, 54.62%, Err 149 (1.0e-04)
199.770 .... 429 packets received, 4426 bps, 55.32%, Err 151 (1.0e-04)
201.867 .... 432 packets received, 4410 bps, 55.13%, Err 153 (1.0e-04)
204.519 .... 436 packets received, 4393 bps, 54.91%, Err 155 (1.0e-04)
206.649 .... 448 packets received, 4467 bps, 55.84%, Err 156 (1.0e-04)
209.286 .... 451 packets received, 4440 bps, 55.50%, Err 158 (1.0e-04)
211.415 .... 463 packets received, 4512 bps, 56.40%, Err 159 (1.0e-04)
214.068 .... 468 packets received, 4504 bps, 56.30%, Err 161 (1.0e-04)
216.169 .... 478 packets received, 4555 bps, 56.94%, Err 161 (1.0e-04)
229.672 .... 483 packets received, 4331 bps, 54.13%, Err 169 (1.0e-04)
232.485 .... 500 packets received, 4428 bps, 55.36%, Err 174 (1.0e-04)
235.932 .... 503 packets received, 4390 bps, 54.87%, Err 178 (1.0e-04)
238.608 .... 513 packets received, 4426 bps, 55.33%, Err 178 (1.0e-04)
240.691 .... 529 packets received, 4525 bps, 56.56%, Err 178 (1.0e-04)
242.975 .... 536 packets received, 4541 bps, 56.77%, Err 178 (1.0e-04)
245.072 .... 544 packets received, 4569 bps, 57.12%, Err 178 (1.0e-04)
247.204 .... 551 packets received, 4588 bps, 57.35%, Err 179 (1.0e-04)
250.115 .... 557 packets received, 4584 bps, 57.30%, Err 182 (1.0e-04)
253.268 .... 559 packets received, 4543 bps, 56.78%, Err 184 (1.0e-04)
255.946 .... 572 packets received, 4600 bps, 57.49%, Err 187 (1.0e-04)
258.846 .... 576 packets received, 4580 bps, 57.24%, Err 189 (1.0e-04)
273.316 .... 585 packets received, 4404 bps, 55.05%, Err 203 (1.0e-04)
275.436 .... 603 packets received, 4504 bps, 56.30%, Err 205 (1.0e-04)
277.565 .... 606 packets received, 4492 bps, 56.15%, Err 208 (1.0e-04)
280.481 .... 611 packets received, 4481 bps, 56.02%, Err 213 (1.0e-04)
283.104 .... 615 packets received, 4469 bps, 55.86%, Err 213 (1.0e-04)
285.300 .... 634 packets received, 4571 bps, 57.14%, Err 215 (1.0e-04)
288.720 .... 641 packets received, 4567 bps, 57.08%, Err 216 (1.0e-04)
290.812 .... 653 packets received, 4619 bps, 57.73%, Err 216 (1.0e-04)
293.459 .... 658 packets received, 4612 bps, 57.65%, Err 219 (1.0e-04)
296.639 .... 667 packets received, 4625 bps, 57.81%, Err 221 (1.0e-04)
299.058 .... 676 packets received, 4649 bps, 58.11%, Err 224 (1.0e-04)
301.155 .... 687 packets received, 4691 bps, 58.64%, Err 225 (1.0e-04)
304.068 .... 690 packets received, 4667 bps, 58.33%, Err 228 (1.0e-04)
310.946 .... 694 packets received, 4589 bps, 57.37%, Err 232 (1.0e-04)
313.596 .... 710 packets received, 4655 bps, 58.19%, Err 234 (1.0e-04)
315.686 .... 721 packets received, 4696 bps, 58.70%, Err 235 (1.0e-04)
318.366 .... 725 packets received, 4682 bps, 58.53%, Err 236 (1.0e-04)
320.451 .... 734 packets received, 4709 bps, 58.87%, Err 238 (1.0e-04)
323.358 .... 743 packets received, 4724 bps, 59.05%, Err 239 (1.0e-04)
325.503 .... 754 packets received, 4762 bps, 59.53%, Err 239 (1.0e-04)
327.598 .... 762 packets received, 4782 bps, 59.77%, Err 239 (9.9e-05)
329.731 .... 766 packets received, 4776 bps, 59.70%, Err 241 (1.0e-04)
331.879 .... 773 packets received, 4788 bps, 59.85%, Err 242 (9.9e-05)
340.610 .... 782 packets received, 4719 bps, 58.99%, Err 253 (1.0e-04)
342.744 .... 793 packets received, 4756 bps, 59.45%, Err 253 (1.0e-04)
344.907 .... 799 packets received, 4762 bps, 59.52%, Err 255 (1.0e-04)
347.558 .... 805 packets received, 4761 bps, 59.51%, Err 256 (1.0e-04)
349.677 .... 815 packets received, 4790 bps, 59.88%, Err 257 (1.0e-04)
351.782 .... 822 packets received, 4803 bps, 60.03%, Err 258 (1.0e-04)
354.409 .... 825 packets received, 4784 bps, 59.80%, Err 262 (1.0e-04)
363.647 .... 831 packets received, 4696 bps, 58.70%, Err 268 (1.0e-04)
367.338 .... 840 packets received, 4699 bps, 58.74%, Err 270 (1.0e-04)
369.407 .... 856 packets received, 4762 bps, 59.52%, Err 271 (1.0e-04)
371.539 .... 859 packets received, 4751 bps, 59.39%, Err 274 (1.0e-04)
374.748 .... 865 packets received, 4743 bps, 59.29%, Err 275 (1.0e-04)
382.826 .... 877 packets received, 4707 bps, 58.84%, Err 281 (1.0e-04)
384.957 .... 895 packets received, 4777 bps, 59.71%, Err 282 (1.0e-04)
387.082 .... 902 packets received, 4788 bps, 59.85%, Err 283 (1.0e-04)
394.400 .... 904 packets received, 4709 bps, 58.86%, Err 289 (1.0e-04)
397.588 .... 916 packets received, 4733 bps, 59.17%, Err 292 (1.0e-04)
399.687 .... 927 packets received, 4765 bps, 59.56%, Err 293 (1.0e-04)
401.805 .... 935 packets received, 4781 bps, 59.76%, Err 294 (1.0e-04)
403.949 .... 942 packets received, 4791 bps, 59.88%, Err 295 (1.0e-04)
407.101 .... 946 packets received, 4774 bps, 59.67%, Err 299 (1.0e-04)
409.718 .... 952 packets received, 4773 bps, 59.67%, Err 302 (1.0e-04)
416.784 .... 959 packets received, 4727 bps, 59.08%, Err 306 (1.0e-04)
419.174 .... 975 packets received, 4778 bps, 59.72%, Err 306 (1.0e-04)
422.343 .... 981 packets received, 4771 bps, 59.64%, Err 308 (9.9e-05)
425.526 .... 993 packets received, 4793 bps, 59.92%, Err 310 (9.9e-05)
432.497 .... 997 packets received, 4735 bps, 59.19%, Err 314 (9.9e-05)
440.168 .... 1010 packets received, 4713 bps, 58.91%, Err 317 (9.8e-05)
442.280 .... 1027 packets received, 4769 bps, 59.61%, Err 319 (9.9e-05)
449.411 .... 1028 packets received, 4698 bps, 58.72%, Err 326 (9.9e-05)
453.367 .... 1040 packets received, 4711 bps, 58.89%, Err 331 (1.0e-04)
456.022 .... 1049 packets received, 4724 bps, 59.05%, Err 332 (1.0e-04)
458.146 .... 1059 packets received, 4747 bps, 59.34%, Err 333 (9.9e-05)
460.283 .... 1067 packets received, 4761 bps, 59.51%, Err 334 (9.9e-05)
462.921 .... 1069 packets received, 4742 bps, 59.28%, Err 341 (1.0e-04)
465.795 .... 1071 packets received, 4722 bps, 59.02%, Err 345 (1.0e-04)
468.443 .... 1076 packets received, 4717 bps, 58.96%, Err 348 (1.0e-04)
471.626 .... 1080 packets received, 4702 bps, 58.78%, Err 350 (1.0e-04)
474.796 .... 1089 packets received, 4710 bps, 58.87%, Err 350 (1.0e-04)
476.936 .... 1102 packets received, 4745 bps, 59.31%, Err 352 (1.0e-04)
485.631 .... 1106 packets received, 4676 bps, 58.45%, Err 359 (1.0e-04)
487.963 .... 1118 packets received, 4704 bps, 58.80%, Err 361 (1.0e-04)
490.115 .... 1125 packets received, 4713 bps, 58.91%, Err 364 (1.0e-04)
492.236 .... 1133 packets received, 4726 bps, 59.08%, Err 367 (1.0e-04)
494.354 .... 1139 packets received, 4731 bps, 59.13%, Err 368 (1.0e-04)
513.022 .... 1140 packets received, 4562 bps, 57.03%, Err 378 (1.0e-04)
519.902 .... 1156 packets received, 4565 bps, 57.06%, Err 383 (1.0e-04)
522.015 .... 1174 packets received, 4617 bps, 57.71%, Err 383 (1.0e-04)
524.149 .... 1182 packets received, 4629 bps, 57.87%, Err 383 (1.0e-04)
531.908 .... 1186 packets received, 4577 bps, 57.22%, Err 389 (1.0e-04)
534.786 .... 1196 packets received, 4591 bps, 57.39%, Err 390 (1.0e-04)
536.909 .... 1206 packets received, 4611 bps, 57.64%, Err 391 (1.0e-04)
545.011 .... 1209 packets received, 4554 bps, 56.92%, Err 396 (1.0e-04)
547.395 .... 1225 packets received, 4594 bps, 57.42%, Err 398 (1.0e-04)
560.548 .... 1227 packets received, 4493 bps, 56.16%, Err 407 (1.0e-04)
563.970 .... 1244 packets received, 4528 bps, 56.59%, Err 408 (1.0e-04)
571.525 .... 1246 packets received, 4475 bps, 55.93%, Err 414 (1.0e-04)
581.457 .... 1254 packets received, 4426 bps, 55.33%, Err 423 (1.0e-04)
583.605 .... 1271 packets received, 4470 bps, 55.87%, Err 425 (1.0e-04)
585.719 .... 1279 packets received, 4482 bps, 56.02%, Err 425 (1.0e-04)
593.147 .... 1282 packets received, 4436 bps, 55.45%, Err 431 (1.0e-04)
595.510 .... 1293 packets received, 4456 bps, 55.70%, Err 432 (1.0e-04)
597.645 .... 1301 packets received, 4468 bps, 55.85%, Err 432 (1.0e-04)
600.801 .... 1309 packets received, 4471 bps, 55.89%, Err 434 (1.0e-04)
602.951 .... 1320 packets received, 4493 bps, 56.16%, Err 435 (1.0e-04)
605.022 .... 1324 packets received, 4491 bps, 56.14%, Err 436 (9.9e-05)
607.128 .... 1334 packets received, 4509 bps, 56.37%, Err 439 (1.0e-04)
614.749 .... 1337 packets received, 4463 bps, 55.79%, Err 446 (1.0e-04)
627.620 .... 1339 packets received, 4378 bps, 54.73%, Err 453 (1.0e-04)
629.659 .... 1357 packets received, 4423 bps, 55.28%, Err 453 (1.0e-04)
631.827 .... 1363 packets received, 4427 bps, 55.34%, Err 454 (1.0e-04)
634.763 .... 1368 packets received, 4422 bps, 55.28%, Err 457 (1.0e-04)
643.873 .... 1378 packets received, 4392 bps, 54.90%, Err 464 (1.0e-04)
646.792 .... 1396 packets received, 4429 bps, 55.36%, Err 467 (1.0e-04)
648.908 .... 1402 packets received, 4433 bps, 55.42%, Err 468 (1.0e-04)
652.094 .... 1408 packets received, 4431 bps, 55.38%, Err 471 (1.0e-04)
654.769 .... 1414 packets received, 4431 bps, 55.39%, Err 473 (1.0e-04)
657.166 .... 1424 packets received, 4446 bps, 55.58%, Err 476 (1.0e-04)
664.105 .... 1426 packets received, 4406 bps, 55.07%, Err 482 (1.0e-04)
671.064 .... 1428 packets received, 4366 bps, 54.58%, Err 485 (1.0e-04)
673.108 .... 1446 packets received, 4408 bps, 55.10%, Err 486 (1.0e-04)
681.827 .... 1452 packets received, 4369 bps, 54.62%, Err 492 (1.0e-04)
688.771 .... 1462 packets received, 4355 bps, 54.44%, Err 495 (1.0e-04)
695.653 .... 1478 packets received, 4359 bps, 54.49%, Err 501 (1.0e-04)
698.851 .... 1487 packets received, 4366 bps, 54.57%, Err 503 (1.0e-04)
701.491 .... 1494 packets received, 4370 bps, 54.62%, Err 505 (1.0e-04)
710.131 .... 1502 packets received, 4339 bps, 54.24%, Err 513 (1.0e-04)
712.516 .... 1514 packets received, 4359 bps, 54.49%, Err 515 (1.0e-04)
714.619 .... 1521 packets received, 4367 bps, 54.58%, Err 515 (1.0e-04)
716.763 .... 1527 packets received, 4371 bps, 54.63%, Err 516 (1.0e-04)
718.874 .... 1530 packets received, 4366 bps, 54.58%, Err 518 (1.0e-04)
720.958 .... 1541 packets received, 4385 bps, 54.81%, Err 519 (1.0e-04)
735.406 .... 1548 packets received, 4318 bps, 53.98%, Err 530 (1.0e-04)
738.596 .... 1566 packets received, 4350 bps, 54.37%, Err 532 (1.0e-04)
740.666 .... 1575 packets received, 4362 bps, 54.53%, Err 533 (1.0e-04)
747.785 .... 1576 packets received, 4324 bps, 54.04%, Err 536 (1.0e-04)
756.785 .... 1592 packets received, 4315 bps, 53.94%, Err 545 (1.0e-04)
759.413 .... 1601 packets received, 4325 bps, 54.06%, Err 548 (1.0e-04)
761.537 .... 1609 packets received, 4334 bps, 54.18%, Err 549 (1.0e-04)
763.624 .... 1615 packets received, 4338 bps, 54.23%, Err 550 (1.0e-04)
765.733 .... 1623 packets received, 4348 bps, 54.35%, Err 552 (1.0e-04)
767.878 .... 1624 packets received, 4338 bps, 54.23%, Err 552 (1.0e-04)
769.992 .... 1638 packets received, 4364 bps, 54.55%, Err 553 (1.0e-04)
772.131 .... 1645 packets received, 4370 bps, 54.63%, Err 556 (1.0e-04)
774.266 .... 1649 packets received, 4369 bps, 54.61%, Err 558 (1.0e-04)
777.447 .... 1656 packets received, 4369 bps, 54.62%, Err 561 (1.0e-04)
784.446 .... 1657 packets received, 4333 bps, 54.16%, Err 564 (1.0e-04)
786.604 .... 1673 packets received, 4363 bps, 54.53%, Err 566 (1.0e-04)
789.488 .... 1678 packets received, 4360 bps, 54.50%, Err 570 (1.0e-04)
792.656 .... 1686 packets received, 4363 bps, 54.54%, Err 572 (1.0e-04)
796.119 .... 1698 packets received, 4375 bps, 54.69%, Err 575 (1.0e-04)
798.750 .... 1703 packets received, 4373 bps, 54.67%, Err 579 (1.0e-04)
801.660 .... 1708 packets received, 4370 bps, 54.63%, Err 581 (1.0e-04)
804.512 .... 1711 packets received, 4362 bps, 54.53%, Err 582 (1.0e-04)
807.168 .... 1721 packets received, 4373 bps, 54.67%, Err 585 (1.0e-04)
810.889 .... 1731 packets received, 4379 bps, 54.73%, Err 588 (1.0e-04)
819.139 .... 1740 packets received, 4357 bps, 54.46%, Err 593 (1.0e-04)
822.895 .... 1756 packets received, 4377 bps, 54.71%, Err 595 (1.0e-04)
826.079 .... 1764 packets received, 4380 bps, 54.75%, Err 597 (1.0e-04)
828.994 .... 1775 packets received, 4392 bps, 54.90%, Err 599 (1.0e-04)
832.188 .... 1781 packets received, 4390 bps, 54.87%, Err 602 (1.0e-04)
835.335 .... 1791 packets received, 4398 bps, 54.97%, Err 604 (1.0e-04)
837.467 .... 1805 packets received, 4421 bps, 55.26%, Err 604 (1.0e-04)
839.578 .... 1808 packets received, 4417 bps, 55.21%, Err 606 (1.0e-04)
842.770 .... 1818 packets received, 4424 bps, 55.31%, Err 610 (1.0e-04)
845.938 .... 1821 packets received, 4415 bps, 55.19%, Err 613 (1.0e-04)
854.505 .... 1831 packets received, 4395 bps, 54.94%, Err 617 (1.0e-04)
857.669 .... 1847 packets received, 4417 bps, 55.21%, Err 623 (1.0e-04)
860.822 .... 1850 packets received, 4408 bps, 55.10%, Err 625 (1.0e-04)
863.880 .... 1860 packets received, 4416 bps, 55.20%, Err 627 (1.0e-04)
866.535 .... 1868 packets received, 4421 bps, 55.27%, Err 627 (1.0e-04)
870.748 .... 1883 packets received, 4435 bps, 55.44%, Err 629 (1.0e-04)
872.900 .... 1897 packets received, 4457 bps, 55.71%, Err 629 (1.0e-04)
875.799 .... 1904 packets received, 4459 bps, 55.73%, Err 631 (1.0e-04)
889.865 .... 1911 packets received, 4404 bps, 55.05%, Err 643 (1.0e-04)
897.507 .... 1914 packets received, 4374 bps, 54.67%, Err 648 (1.0e-04)
900.593 .... 1932 packets received, 4400 bps, 55.00%, Err 650 (1.0e-04)
903.242 .... 1940 packets received, 4405 bps, 55.06%, Err 655 (1.0e-04)
905.355 .... 1950 packets received, 4417 bps, 55.22%, Err 656 (1.0e-04)
907.462 .... 1957 packets received, 4423 bps, 55.28%, Err 657 (1.0e-04)
910.145 .... 1959 packets received, 4414 bps, 55.18%, Err 659 (1.0e-04)
917.165 .... 1964 packets received, 4392 bps, 54.89%, Err 666 (1.0e-04)
920.361 .... 1980 packets received, 4412 bps, 55.15%, Err 666 (1.0e-04)
922.467 .... 1987 packets received, 4417 bps, 55.22%, Err 668 (1.0e-04)
924.584 .... 1995 packets received, 4425 bps, 55.31%, Err 668 (1.0e-04)
926.675 .... 1999 packets received, 4424 bps, 55.30%, Err 670 (1.0e-04)
934.998 .... 2004 packets received, 4395 bps, 54.94%, Err 677 (1.0e-04)
943.404 .... 2020 packets received, 4391 bps, 54.89%, Err 683 (1.0e-04)
946.061 .... 2027 packets received, 4394 bps, 54.92%, Err 687 (1.0e-04)
948.197 .... 2037 packets received, 4406 bps, 55.07%, Err 687 (1.0e-04)
950.588 .... 2041 packets received, 4403 bps, 55.04%, Err 691 (1.0e-04)
953.757 .... 2044 packets received, 4395 bps, 54.94%, Err 693 (1.0e-04)
956.914 .... 2055 packets received, 4404 bps, 55.05%, Err 694 (1.0e-04)
963.969 .... 2060 packets received, 4382 bps, 54.78%, Err 698 (1.0e-04)
966.631 .... 2075 packets received, 4402 bps, 55.03%, Err 699 (1.0e-04)
969.828 .... 2084 packets received, 4407 bps, 55.08%, Err 701 (1.0e-04)
974.826 .... 2087 packets received, 4390 bps, 54.88%, Err 703 (1.0e-04)
984.075 .... 2100 packets received, 4376 bps, 54.70%, Err 709 (1.0e-04)
986.714 .... 2117 packets received, 4400 bps, 54.99%, Err 712 (1.0e-04)
988.830 .... 2123 packets received, 4403 bps, 55.03%, Err 712 (1.0e-04)
990.940 .... 2126 packets received, 4399 bps, 54.99%, Err 714 (1.0e-04)
994.112 .... 2131 packets received, 4396 bps, 54.95%, Err 717 (1.0e-04)
1006.227 .... 2143 packets received, 4367 bps, 54.59%, Err 730 (1.0e-04)
1008.376 .... 2162 packets received, 4396 bps, 54.96%, Err 730 (1.0e-04)
1010.716 .... 2167 packets received, 4396 bps, 54.96%, Err 733 (1.0e-04)
1013.919 .... 2171 packets received, 4391 bps, 54.88%, Err 739 (1.0e-04)
1017.092 .... 2174 packets received, 4383 bps, 54.79%, Err 739 (1.0e-04)
1019.437 .... 2177 packets received, 4379 bps, 54.74%, Err 741 (1.0e-04)
1022.647 .... 2191 packets received, 4393 bps, 54.91%, Err 745 (1.0e-04)
1025.821 .... 2197 packets received, 4392 bps, 54.89%, Err 749 (1.0e-04)
1028.728 .... 2202 packets received, 4389 bps, 54.86%, Err 750 (1.0e-04)
1031.806 .... 2213 packets received, 4398 bps, 54.97%, Err 754 (1.0e-04)
1033.912 .... 2226 packets received, 4415 bps, 55.18%, Err 754 (1.0e-04)
1036.826 .... 2232 packets received, 4414 bps, 55.18%, Err 756 (1.0e-04)
1039.257 .... 2239 packets received, 4418 bps, 55.22%, Err 757 (1.0e-04)
1041.344 .... 2251 packets received, 4432 bps, 55.40%, Err 757 (1.0e-04)
1043.477 .... 2259 packets received, 4439 bps, 55.49%, Err 758 (1.0e-04)
1045.595 .... 2266 packets received, 4444 bps, 55.55%, Err 759 (1.0e-04)
1047.703 .... 2274 packets received, 4450 bps, 55.63%, Err 759 (1.0e-04)
1050.886 .... 2281 packets received, 4451 bps, 55.63%, Err 761 (1.0e-04)
1054.060 .... 2290 packets received, 4455 bps, 55.68%, Err 765 (1.0e-04)
1057.232 .... 2292 packets received, 4445 bps, 55.56%, Err 767 (1.0e-04)
1059.628 .... 2297 packets received, 4445 bps, 55.56%, Err 767 (1.0e-04)
1062.045 .... 2309 packets received, 4458 bps, 55.72%, Err 768 (1.0e-04)
1064.164 .... 2313 packets received, 4457 bps, 55.71%, Err 771 (1.0e-04)
1066.268 .... 2324 packets received, 4469 bps, 55.86%, Err 772 (1.0e-04)
1068.372 .... 2332 packets received, 4476 bps, 55.94%, Err 772 (1.0e-04)
1082.111 .... 2337 packets received, 4428 bps, 55.35%, Err 782 (1.0e-04)
1085.064 .... 2353 packets received, 4446 bps, 55.58%, Err 784 (1.0e-04)
1087.215 .... 2361 packets received, 4453 bps, 55.66%, Err 785 (1.0e-04)
1100.959 .... 2364 packets received, 4403 bps, 55.03%, Err 796 (1.0e-04)
1110.270 .... 2381 packets received, 4397 bps, 54.96%, Err 802 (1.0e-04)
1113.720 .... 2400 packets received, 4418 bps, 55.23%, Err 804 (1.0e-04)
1116.377 .... 2407 packets received, 4421 bps, 55.26%, Err 806 (1.0e-04)
1119.050 .... 2415 packets received, 4425 bps, 55.31%, Err 808 (1.0e-04)
1121.158 .... 2424 packets received, 4433 bps, 55.41%, Err 811 (1.0e-04)
1129.401 .... 2427 packets received, 4406 bps, 55.07%, Err 818 (1.0e-04)
1131.811 .... 2443 packets received, 4425 bps, 55.32%, Err 820 (1.0e-04)
1133.925 .... 2449 packets received, 4428 bps, 55.35%, Err 820 (1.0e-04)
1136.033 .... 2455 packets received, 4431 bps, 55.38%, Err 822 (1.0e-04)
1138.140 .... 2460 packets received, 4431 bps, 55.39%, Err 823 (1.0e-04)
1141.346 .... 2467 packets received, 4432 bps, 55.39%, Err 826 (1.0e-04)
1143.448 .... 2478 packets received, 4443 bps, 55.54%, Err 826 (1.0e-04)
1151.219 .... 2482 packets received, 4420 bps, 55.25%, Err 830 (1.0e-04)
1154.949 .... 2499 packets received, 4436 bps, 55.45%, Err 834 (1.0e-04)
1157.594 .... 2502 packets received, 4431 bps, 55.39%, Err 838 (1.0e-04)
1171.456 .... 2508 packets received, 4389 bps, 54.87%, Err 847 (1.0e-04)
1173.495 .... 2526 packets received, 4413 bps, 55.16%, Err 848 (1.0e-04)
1176.127 .... 2529 packets received, 4408 bps, 55.11%, Err 850 (1.0e-04)
1178.790 .... 2539 packets received, 4416 bps, 55.20%, Err 853 (1.0e-04)
1180.904 .... 2549 packets received, 4425 bps, 55.32%, Err 853 (1.0e-04)
1189.434 .... 2555 packets received, 4404 bps, 55.05%, Err 862 (1.0e-04)
1192.045 .... 2564 packets received, 4410 bps, 55.12%, Err 864 (1.0e-04)
1194.708 .... 2572 packets received, 4414 bps, 55.17%, Err 866 (1.0e-04)
1197.630 .... 2579 packets received, 4415 bps, 55.19%, Err 871 (1.0e-04)
1200.262 .... 2585 packets received, 4415 bps, 55.19%, Err 874 (1.0e-04)
1202.395 .... 2599 packets received, 4431 bps, 55.39%, Err 874 (1.0e-04)
1204.518 .... 2602 packets received, 4429 bps, 55.36%, Err 877 (1.0e-04)
1207.143 .... 2605 packets received, 4424 bps, 55.30%, Err 880 (1.0e-04)
1209.800 .... 2610 packets received, 4423 bps, 55.29%, Err 882 (1.0e-04)
1217.851 .... 2616 packets received, 4404 bps, 55.05%, Err 888 (1.0e-04)
1224.820 .... 2632 packets received, 4405 bps, 55.07%, Err 893 (1.0e-04)
1233.733 .... 2645 packets received, 4395 bps, 54.94%, Err 897 (1.0e-04)
1242.216 .... 2661 packets received, 4392 bps, 54.89%, Err 902 (1.0e-04)
1244.324 .... 2668 packets received, 4396 bps, 54.95%, Err 905 (1.0e-04)
1247.273 .... 2677 packets received, 4400 bps, 55.00%, Err 906 (1.0e-04)
1249.358 .... 2685 packets received, 4406 bps, 55.07%, Err 907 (1.0e-04)
1257.648 .... 2688 packets received, 4382 bps, 54.77%, Err 914 (1.0e-04)
1259.760 .... 2705 packets received, 4402 bps, 55.02%, Err 915 (1.0e-04)
1262.979 .... 2711 packets received, 4400 bps, 55.01%, Err 917 (1.0e-04)
1266.129 .... 2722 packets received, 4407 bps, 55.09%, Err 918 (1.0e-04)
1273.471 .... 2727 packets received, 4390 bps, 54.87%, Err 923 (1.0e-04)
1276.130 .... 2744 packets received, 4408 bps, 55.10%, Err 924 (1.0e-04)
1278.235 .... 2750 packets received, 4410 bps, 55.13%, Err 924 (1.0e-04)
1280.850 .... 2754 packets received, 4408 bps, 55.10%, Err 927 (1.0e-04)
1283.498 .... 2760 packets received, 4408 bps, 55.10%, Err 930 (1.0e-04)
1286.174 .... 2766 packets received, 4409 bps, 55.11%, Err 933 (1.0e-04)
1289.079 .... 2770 packets received, 4405 bps, 55.06%, Err 935 (1.0e-04)
1292.298 .... 2777 packets received, 4405 bps, 55.06%, Err 935 (1.0e-04)
1294.847 .... 2793 packets received, 4422 bps, 55.27%, Err 938 (1.0e-04)
1297.495 .... 2795 packets received, 4416 bps, 55.20%, Err 939 (1.0e-04)
1299.614 .... 2805 packets received, 4425 bps, 55.31%, Err 941 (1.0e-04)
1302.802 .... 2810 packets received, 4422 bps, 55.27%, Err 947 (1.0e-04)
1305.977 .... 2819 packets received, 4425 bps, 55.31%, Err 950 (1.0e-04)
1309.456 .... 2822 packets received, 4418 bps, 55.22%, Err 953 (1.0e-04)
1312.537 .... 2831 packets received, 4422 bps, 55.27%, Err 954 (1.0e-04)
1314.671 .... 2843 packets received, 4433 bps, 55.41%, Err 954 (1.0e-04)
1316.770 .... 2851 packets received, 4438 bps, 55.48%, Err 954 (1.0e-04)
1319.155 .... 2856 packets received, 4438 bps, 55.48%, Err 957 (1.0e-04)
1321.793 .... 2863 packets received, 4440 bps, 55.50%, Err 959 (1.0e-04)
1330.095 .... 2871 packets received, 4425 bps, 55.31%, Err 963 (1.0e-04)
1338.247 .... 2887 packets received, 4422 bps, 55.28%, Err 969 (1.0e-04)
1341.712 .... 2903 packets received, 4435 bps, 55.44%, Err 970 (1.0e-04)
1344.090 .... 2907 packets received, 4434 bps, 55.42%, Err 972 (1.0e-04)
1356.897 .... 2910 packets received, 4396 bps, 54.95%, Err 979 (1.0e-04)
1360.024 .... 2928 packets received, 4413 bps, 55.17%, Err 981 (1.0e-04)
1372.870 .... 2931 packets received, 4376 bps, 54.70%, Err 989 (1.0e-04)
1380.405 .... 2941 packets received, 4367 bps, 54.59%, Err 994 (1.0e-04)
1383.860 .... 2958 packets received, 4382 bps, 54.77%, Err 994 (1.0e-04)
1398.326 .... 2963 packets received, 4344 bps, 54.29%, Err 1004 (1.0e-04)
1405.688 .... 2979 packets received, 4344 bps, 54.30%, Err 1010 (1.0e-04)
1408.870 .... 2988 packets received, 4347 bps, 54.34%, Err 1015 (1.0e-04)
1411.242 .... 2996 packets received, 4352 bps, 54.40%, Err 1017 (1.0e-04)
1415.218 .... 3001 packets received, 4347 bps, 54.33%, Err 1022 (1.0e-04)
1429.062 .... 3003 packets received, 4307 bps, 53.84%, Err 1038 (1.0e-04)
1431.134 .... 3021 packets received, 4327 bps, 54.09%, Err 1040 (1.0e-04)
1438.758 .... 3023 packets received, 4307 bps, 53.84%, Err 1046 (1.0e-04)
1441.156 .... 3035 packets received, 4317 bps, 53.96%, Err 1047 (1.0e-04)
1448.473 .... 3039 packets received, 4301 bps, 53.76%, Err 1052 (1.0e-04)
1463.327 .... 3052 packets received, 4275 bps, 53.44%, Err 1059 (1.0e-04)
1465.353 .... 3069 packets received, 4293 bps, 53.66%, Err 1060 (1.0e-04)
1472.349 .... 3070 packets received, 4274 bps, 53.42%, Err 1065 (1.0e-04)
1475.752 .... 3086 packets received, 4286 bps, 53.58%, Err 1069 (1.0e-04)
1478.937 .... 3093 packets received, 4287 bps, 53.58%, Err 1072 (1.0e-04)
1481.068 .... 3103 packets received, 4294 bps, 53.68%, Err 1072 (1.0e-04)
1483.959 .... 3110 packets received, 4296 bps, 53.70%, Err 1073 (1.0e-04)
1491.131 .... 3115 packets received, 4282 bps, 53.52%, Err 1077 (1.0e-04)
1493.263 .... 3132 packets received, 4299 bps, 53.74%, Err 1078 (1.0e-04)
1496.163 .... 3136 packets received, 4296 bps, 53.70%, Err 1083 (1.0e-04)
1498.832 .... 3141 packets received, 4295 bps, 53.69%, Err 1087 (1.0e-04)
1505.841 .... 3145 packets received, 4281 bps, 53.51%, Err 1094 (1.0e-04)
1508.240 .... 3161 packets received, 4296 bps, 53.70%, Err 1095 (1.0e-04)
1511.448 .... 3168 packets received, 4296 bps, 53.70%, Err 1098 (1.0e-04)
1514.618 .... 3178 packets received, 4301 bps, 53.76%, Err 1100 (1.0e-04)
1517.517 .... 3185 packets received, 4302 bps, 53.77%, Err 1102 (1.0e-04)
1524.469 .... 3187 packets received, 4285 bps, 53.56%, Err 1108 (1.0e-04)
1526.547 .... 3203 packets received, 4301 bps, 53.76%, Err 1109 (1.0e-04)
1530.291 .... 3209 packets received, 4298 bps, 53.73%, Err 1111 (1.0e-04)
1532.357 .... 3220 packets received, 4307 bps, 53.84%, Err 1111 (1.0e-04)
1534.476 .... 3228 packets received, 4312 bps, 53.90%, Err 1111 (1.0e-04)
1537.653 .... 3236 packets received, 4314 bps, 53.92%, Err 1113 (1.0e-04)
1540.838 .... 3243 packets received, 4314 bps, 53.92%, Err 1115 (1.0e-04)
1542.941 .... 3256 packets received, 4325 bps, 54.07%, Err 1115 (1.0e-04)
1545.846 .... 3263 packets received, 4326 bps, 54.08%, Err 1116 (1.0e-04)
1549.277 .... 3274 packets received, 4331 bps, 54.14%, Err 1118 (1.0e-04)
1551.463 .... 3285 packets received, 4340 bps, 54.25%, Err 1118 (1.0e-04)
1554.055 .... 3291 packets received, 4341 bps, 54.26%, Err 1120 (1.0e-04)
1561.288 .... 3293 packets received, 4323 bps, 54.04%, Err 1124 (1.0e-04)
1563.382 .... 3310 packets received, 4340 bps, 54.24%, Err 1124 (1.0e-04)
1565.500 .... 3318 packets received, 4344 bps, 54.30%, Err 1125 (1.0e-04)
1567.613 .... 3326 packets received, 4349 bps, 54.36%, Err 1126 (1.0e-04)
1574.516 .... 3327 packets received, 4331 bps, 54.14%, Err 1134 (1.0e-04)
1581.437 .... 3330 packets received, 4316 bps, 53.95%, Err 1139 (1.0e-04)
1583.514 .... 3348 packets received, 4333 bps, 54.17%, Err 1140 (1.0e-04)
1585.911 .... 3353 packets received, 4333 bps, 54.17%, Err 1145 (1.0e-04)
1588.816 .... 3361 packets received, 4336 bps, 54.20%, Err 1146 (1.0e-04)
1591.728 .... 3372 packets received, 4342 bps, 54.28%, Err 1147 (1.0e-04)
1594.391 .... 3381 packets received, 4346 bps, 54.33%, Err 1148 (1.0e-04)
1596.498 .... 3388 packets received, 4350 bps, 54.37%, Err 1149 (1.0e-04)
1598.917 .... 3396 packets received, 4353 bps, 54.42%, Err 1153 (1.0e-04)
1605.787 .... 3399 packets received, 4338 bps, 54.23%, Err 1157 (1.0e-04)
1608.693 .... 3415 packets received, 4351 bps, 54.39%, Err 1160 (1.0e-04)
1610.832 .... 3422 packets received, 4354 bps, 54.43%, Err 1161 (1.0e-04)
1613.722 .... 3424 packets received, 4349 bps, 54.36%, Err 1165 (1.0e-04)
1616.884 .... 3431 packets received, 4349 bps, 54.36%, Err 1165 (1.0e-04)
1619.814 .... 3445 packets received, 4359 bps, 54.49%, Err 1169 (1.0e-04)
1628.503 .... 3451 packets received, 4343 bps, 54.29%, Err 1174 (1.0e-04)
1630.629 .... 3469 packets received, 4360 bps, 54.50%, Err 1176 (1.0e-04)
1632.737 .... 3476 packets received, 4363 bps, 54.54%, Err 1176 (1.0e-04)
1639.946 .... 3478 packets received, 4347 bps, 54.33%, Err 1186 (1.0e-04)
1642.067 .... 3488 packets received, 4354 bps, 54.42%, Err 1186 (1.0e-04)
1644.211 .... 3494 packets received, 4355 bps, 54.44%, Err 1187 (1.0e-04)
1647.144 .... 3499 packets received, 4354 bps, 54.42%, Err 1189 (1.0e-04)
1649.249 .... 3509 packets received, 4361 bps, 54.51%, Err 1189 (1.0e-04)
1651.385 .... 3517 packets received, 4365 bps, 54.56%, Err 1190 (1.0e-04)
1654.289 .... 3521 packets received, 4362 bps, 54.53%, Err 1192 (1.0e-04)
1666.958 .... 3525 packets received, 4334 bps, 54.18%, Err 1203 (1.0e-04)
1669.844 .... 3541 packets received, 4346 bps, 54.33%, Err 1205 (1.0e-04)
1671.985 .... 3545 packets received, 4345 bps, 54.32%, Err 1207 (1.0e-04)
1674.059 .... 3556 packets received, 4354 bps, 54.42%, Err 1207 (1.0e-04)
1677.275 .... 3563 packets received, 4354 bps, 54.42%, Err 1209 (1.0e-04)
1691.983 .... 3574 packets received, 4329 bps, 54.12%, Err 1219 (1.0e-04)
1694.083 .... 3592 packets received, 4346 bps, 54.32%, Err 1221 (1.0e-04)
1696.234 .... 3598 packets received, 4347 bps, 54.34%, Err 1222 (1.0e-04)
1703.118 .... 3599 packets received, 4331 bps, 54.14%, Err 1227 (1.0e-04)
1706.071 .... 3611 packets received, 4338 bps, 54.22%, Err 1229 (1.0e-04)
1708.423 .... 3616 packets received, 4338 bps, 54.22%, Err 1231 (1.0e-04)
1715.756 .... 3618 packets received, 4322 bps, 54.02%, Err 1237 (1.0e-04)
1724.498 .... 3634 packets received, 4319 bps, 53.99%, Err 1240 (1.0e-04)
1727.400 .... 3650 packets received, 4331 bps, 54.13%, Err 1243 (1.0e-04)
1729.531 .... 3655 packets received, 4331 bps, 54.14%, Err 1245 (1.0e-04)
1732.686 .... 3661 packets received, 4330 bps, 54.13%, Err 1248 (1.0e-04)
1735.844 .... 3668 packets received, 4331 bps, 54.13%, Err 1252 (1.0e-04)
1743.772 .... 3673 packets received, 4317 bps, 53.96%, Err 1256 (1.0e-04)
1750.884 .... 3689 packets received, 4318 bps, 53.98%, Err 1261 (1.0e-04)
1753.870 .... 3701 packets received, 4325 bps, 54.06%, Err 1263 (1.0e-04)
1755.968 .... 3706 packets received, 4325 bps, 54.07%, Err 1264 (1.0e-04)
1758.095 .... 3719 packets received, 4335 bps, 54.19%, Err 1265 (1.0e-04)
1761.281 .... 3726 packets received, 4336 bps, 54.20%, Err 1268 (1.0e-04)
1763.913 .... 3732 packets received, 4336 bps, 54.20%, Err 1272 (1.0e-04)
1766.576 .... 3738 packets received, 4337 bps, 54.21%, Err 1272 (1.0e-04)
1768.955 .... 3750 packets received, 4345 bps, 54.31%, Err 1274 (1.0e-04)
1771.075 .... 3757 packets received, 4348 bps, 54.34%, Err 1276 (1.0e-04)
1773.168 .... 3767 packets received, 4354 bps, 54.42%, Err 1279 (1.0e-04)
1780.201 .... 3768 packets received, 4338 bps, 54.22%, Err 1282 (1.0e-04)
1787.049 .... 3784 packets received, 4340 bps, 54.24%, Err 1290 (1.0e-04)
1795.990 .... 3795 packets received, 4331 bps, 54.13%, Err 1297 (1.0e-04)
1798.143 .... 3813 packets received, 4346 bps, 54.32%, Err 1299 (1.0e-04)
1800.508 .... 3818 packets received, 4346 bps, 54.32%, Err 1300 (1.0e-04)
1802.636 .... 3828 packets received, 4352 bps, 54.40%, Err 1302 (1.0e-04)
1805.287 .... 3830 packets received, 4348 bps, 54.35%, Err 1305 (1.0e-04)
1807.932 .... 3833 packets received, 4345 bps, 54.31%, Err 1305 (1.0e-04)
1810.083 .... 3852 packets received, 4361 bps, 54.52%, Err 1305 (1.0e-04)
1813.237 .... 3859 packets received, 4362 bps, 54.52%, Err 1309 (1.0e-04)
1815.878 .... 3867 packets received, 4364 bps, 54.55%, Err 1312 (1.0e-04)
1817.995 .... 3878 packets received, 4372 bps, 54.65%, Err 1312 (1.0e-04)
1820.643 .... 3881 packets received, 4369 bps, 54.61%, Err 1314 (1.0e-04)
1828.322 .... 3891 packets received, 4362 bps, 54.52%, Err 1320 (1.0e-04)
1831.236 .... 3904 packets received, 4369 bps, 54.61%, Err 1323 (1.0e-04)
1833.360 .... 3911 packets received, 4372 bps, 54.65%, Err 1323 (1.0e-04)
1835.496 .... 3917 packets received, 4373 bps, 54.67%, Err 1324 (1.0e-04)
1838.434 .... 3922 packets received, 4372 bps, 54.65%, Err 1326 (1.0e-04)
1846.060 .... 3924 packets received, 4356 bps, 54.45%, Err 1331 (1.0e-04)
1853.711 .... 3938 packets received, 4354 bps, 54.42%, Err 1338 (1.0e-04)
1857.437 .... 3946 packets received, 4354 bps, 54.42%, Err 1345 (1.0e-04)
1860.861 .... 3958 packets received, 4359 bps, 54.49%, Err 1346 (1.0e-04)
1863.778 .... 3967 packets received, 4362 bps, 54.53%, Err 1347 (1.0e-04)
1867.269 .... 3979 packets received, 4367 bps, 54.59%, Err 1349 (1.0e-04)
1874.898 .... 3981 packets received, 4351 bps, 54.39%, Err 1351 (1.0e-04)
1884.102 .... 4000 packets received, 4351 bps, 54.39%, Err 1357 (1.0e-04)
1887.279 .... 4015 packets received, 4360 bps, 54.50%, Err 1360 (1.0e-04)
1890.417 .... 4018 packets received, 4356 bps, 54.45%, Err 1363 (1.0e-04)
1893.871 .... 4031 packets received, 4362 bps, 54.52%, Err 1365 (1.0e-04)
1896.504 .... 4037 packets received, 4362 bps, 54.53%, Err 1367 (1.0e-04)
1899.198 .... 4045 packets received, 4365 bps, 54.56%, Err 1370 (1.0e-04)
1902.090 .... 4050 packets received, 4364 bps, 54.54%, Err 1374 (1.0e-04)
1904.734 .... 4055 packets received, 4363 bps, 54.54%, Err 1376 (1.0e-04)
1907.869 .... 4064 packets received, 4365 bps, 54.57%, Err 1376 (1.0e-04)
1914.905 .... 4066 packets received, 4351 bps, 54.39%, Err 1381 (1.0e-04)
1917.020 .... 4086 packets received, 4368 bps, 54.60%, Err 1381 (1.0e-04)
1919.420 .... 4091 packets received, 4368 bps, 54.60%, Err 1384 (1.0e-04)
1922.344 .... 4100 packets received, 4371 bps, 54.64%, Err 1388 (1.0e-04)
1924.433 .... 4110 packets received, 4377 bps, 54.71%, Err 1389 (1.0e-04)
1926.569 .... 4117 packets received, 4379 bps, 54.74%, Err 1390 (1.0e-04)
1928.725 .... 4124 packets received, 4382 bps, 54.77%, Err 1390 (1.0e-04)
1936.840 .... 4129 packets received, 4369 bps, 54.61%, Err 1397 (1.0e-04)
1939.483 .... 4142 packets received, 4377 bps, 54.71%, Err 1397 (1.0e-04)
1941.885 .... 4147 packets received, 4376 bps, 54.71%, Err 1399 (1.0e-04)
1949.220 .... 4151 packets received, 4364 bps, 54.55%, Err 1404 (1.0e-04)
1951.592 .... 4167 packets received, 4376 bps, 54.70%, Err 1408 (1.0e-04)
1953.728 .... 4174 packets received, 4378 bps, 54.73%, Err 1410 (1.0e-04)
1956.933 .... 4182 packets received, 4379 bps, 54.74%, Err 1412 (1.0e-04)
1964.685 .... 4189 packets received, 4369 bps, 54.62%, Err 1420 (1.0e-04)
1967.342 .... 4201 packets received, 4376 bps, 54.70%, Err 1422 (1.0e-04)
1969.710 .... 4205 packets received, 4375 bps, 54.69%, Err 1423 (1.0e-04)
1971.874 .... 4215 packets received, 4381 bps, 54.76%, Err 1423 (1.0e-04)
1974.242 .... 4219 packets received, 4379 bps, 54.74%, Err 1425 (1.0e-04)
1977.172 .... 4229 packets received, 4383 bps, 54.79%, Err 1428 (1.0e-04)
1979.797 .... 4235 packets received, 4384 bps, 54.80%, Err 1431 (1.0e-04)
1982.439 .... 4238 packets received, 4381 bps, 54.76%, Err 1431 (1.0e-04)
1985.360 .... 4251 packets received, 4388 bps, 54.85%, Err 1433 (1.0e-04)
1987.723 .... 4261 packets received, 4393 bps, 54.91%, Err 1435 (1.0e-04)
1990.384 .... 4271 packets received, 4397 bps, 54.97%, Err 1437 (1.0e-04)
1993.809 .... 4280 packets received, 4399 bps, 54.99%, Err 1440 (1.0e-04)
1996.708 .... 4285 packets received, 4398 bps, 54.97%, Err 1442 (1.0e-04)
2010.128 .... 4288 packets received, 4372 bps, 54.64%, Err 1448 (1.0e-04)
2012.266 .... 4307 packets received, 4386 bps, 54.83%, Err 1449 (1.0e-04)
2014.632 .... 4314 packets received, 4388 bps, 54.85%, Err 1450 (1.0e-04)
2022.531 .... 4316 packets received, 4373 bps, 54.66%, Err 1457 (1.0e-04)
2025.719 .... 4332 packets received, 4382 bps, 54.78%, Err 1460 (1.0e-04)
2028.097 .... 4337 packets received, 4382 bps, 54.78%, Err 1461 (1.0e-04)
2030.234 .... 4343 packets received, 4384 bps, 54.80%, Err 1463 (1.0e-04)
2032.877 .... 4353 packets received, 4388 bps, 54.85%, Err 1466 (1.0e-04)
2035.028 .... 4363 packets received, 4394 bps, 54.92%, Err 1467 (1.0e-04)
2037.099 .... 4370 packets received, 4396 bps, 54.95%, Err 1469 (1.0e-04)
2040.033 .... 4372 packets received, 4392 bps, 54.90%, Err 1473 (1.0e-04)
2052.510 .... 4377 packets received, 4370 bps, 54.63%, Err 1483 (1.0e-04)
2055.601 .... 4395 packets received, 4381 bps, 54.77%, Err 1485 (1.0e-04)
2058.254 .... 4403 packets received, 4384 bps, 54.80%, Err 1487 (1.0e-04)
2065.237 .... 4406 packets received, 4372 bps, 54.65%, Err 1490 (1.0e-04)
2067.339 .... 4425 packets received, 4386 bps, 54.83%, Err 1492 (1.0e-04)
2069.444 .... 4433 packets received, 4390 bps, 54.87%, Err 1492 (1.0e-04)
2071.839 .... 4437 packets received, 4389 bps, 54.86%, Err 1495 (1.0e-04)
2074.478 .... 4442 packets received, 4388 bps, 54.85%, Err 1498 (1.0e-04)
2077.883 .... 4443 packets received, 4382 bps, 54.77%, Err 1499 (1.0e-04)
2080.787 .... 4454 packets received, 4386 bps, 54.83%, Err 1500 (1.0e-04)
2082.934 .... 4464 packets received, 4392 bps, 54.90%, Err 1502 (1.0e-04)
2091.304 .... 4466 packets received, 4376 bps, 54.70%, Err 1509 (1.0e-04)
2104.242 .... 4470 packets received, 4353 bps, 54.41%, Err 1517 (1.0e-04)
2107.057 .... 4487 packets received, 4364 bps, 54.55%, Err 1520 (1.0e-04)
2110.238 .... 4495 packets received, 4365 bps, 54.56%, Err 1521 (1.0e-04)
2112.372 .... 4509 packets received, 4374 bps, 54.68%, Err 1521 (1.0e-04)
2114.503 .... 4516 packets received, 4377 bps, 54.71%, Err 1524 (1.0e-04)
2121.383 .... 4517 packets received, 4363 bps, 54.54%, Err 1530 (1.0e-04)
2125.078 .... 4533 packets received, 4371 bps, 54.64%, Err 1533 (1.0e-04)
2127.208 .... 4537 packets received, 4371 bps, 54.63%, Err 1534 (1.0e-04)
2136.270 .... 4548 packets received, 4363 bps, 54.53%, Err 1542 (1.0e-04)
2138.941 .... 4561 packets received, 4370 bps, 54.62%, Err 1543 (1.0e-04)
2141.064 .... 4567 packets received, 4371 bps, 54.64%, Err 1545 (1.0e-04)
2149.661 .... 4574 packets received, 4360 bps, 54.50%, Err 1548 (1.0e-04)
2162.276 .... 4590 packets received, 4350 bps, 54.37%, Err 1557 (1.0e-04)
2177.541 .... 4609 packets received, 4337 bps, 54.22%, Err 1569 (1.0e-04)
2180.481 .... 4627 packets received, 4348 bps, 54.35%, Err 1572 (1.0e-04)
2182.619 .... 4638 packets received, 4354 bps, 54.43%, Err 1572 (1.0e-04)
2184.998 .... 4643 packets received, 4354 bps, 54.43%, Err 1573 (1.0e-04)
2187.115 .... 4653 packets received, 4360 bps, 54.49%, Err 1576 (1.0e-04)
2201.021 .... 4658 packets received, 4337 bps, 54.21%, Err 1586 (1.0e-04)
2203.108 .... 4676 packets received, 4349 bps, 54.37%, Err 1587 (1.0e-04)
2205.244 .... 4682 packets received, 4351 bps, 54.38%, Err 1587 (1.0e-04)
2207.645 .... 4686 packets received, 4350 bps, 54.37%, Err 1589 (1.0e-04)
2216.336 .... 4693 packets received, 4339 bps, 54.24%, Err 1595 (1.0e-04)
2218.454 .... 4704 packets received, 4345 bps, 54.31%, Err 1598 (1.0e-04)
2220.577 .... 4712 packets received, 4348 bps, 54.35%, Err 1598 (1.0e-04)
2222.959 .... 4716 packets received, 4347 bps, 54.34%, Err 1601 (1.0e-04)
2225.109 .... 4726 packets received, 4352 bps, 54.40%, Err 1601 (1.0e-04)
2227.759 .... 4731 packets received, 4352 bps, 54.40%, Err 1603 (1.0e-04)
2229.866 .... 4742 packets received, 4358 bps, 54.47%, Err 1604 (1.0e-04)
2233.048 .... 4747 packets received, 4356 bps, 54.45%, Err 1607 (1.0e-04)
2251.384 .... 4748 packets received, 4321 bps, 54.02%, Err 1615 (1.0e-04)
2253.453 .... 4766 packets received, 4334 bps, 54.17%, Err 1617 (1.0e-04)
2256.619 .... 4772 packets received, 4333 bps, 54.17%, Err 1620 (1.0e-04)
2263.618 .... 4773 packets received, 4321 bps, 54.01%, Err 1630 (1.0e-04)
2266.264 .... 4787 packets received, 4328 bps, 54.10%, Err 1632 (1.0e-04)
2273.432 .... 4789 packets received, 4317 bps, 53.96%, Err 1638 (1.0e-04)
2282.143 .... 4805 packets received, 4314 bps, 53.93%, Err 1645 (1.0e-04)
2284.266 .... 4810 packets received, 4315 bps, 53.94%, Err 1646 (1.0e-04)
2292.451 .... 4821 packets received, 4309 bps, 53.87%, Err 1651 (1.0e-04)
2299.496 .... 4823 packets received, 4298 bps, 53.72%, Err 1656 (1.0e-04)
2301.695 .... 4841 packets received, 4310 bps, 53.87%, Err 1657 (1.0e-04)
2304.096 .... 4845 packets received, 4309 bps, 53.86%, Err 1660 (1.0e-04)
2306.206 .... 4855 packets received, 4314 bps, 53.92%, Err 1660 (1.0e-04)
2309.124 .... 4861 packets received, 4314 bps, 53.92%, Err 1664 (1.0e-04)
2318.292 .... 4866 packets received, 4301 bps, 53.76%, Err 1669 (1.0e-04)
2320.440 .... 4883 packets received, 4312 bps, 53.90%, Err 1669 (1.0e-04)
2329.200 .... 4890 packets received, 4302 bps, 53.77%, Err 1675 (1.0e-04)
2331.555 .... 4906 packets received, 4312 bps, 53.90%, Err 1676 (1.0e-04)
2333.663 .... 4914 packets received, 4315 bps, 53.93%, Err 1677 (1.0e-04)
2335.828 .... 4917 packets received, 4313 bps, 53.92%, Err 1678 (1.0e-04)
2338.985 .... 4929 packets received, 4318 bps, 53.98%, Err 1680 (1.0e-04)
2346.017 .... 4932 packets received, 4308 bps, 53.85%, Err 1687 (1.0e-04)
2353.490 .... 4936 packets received, 4298 bps, 53.72%, Err 1691 (1.0e-04)
2355.659 .... 4954 packets received, 4309 bps, 53.87%, Err 1692 (1.0e-04)
2364.620 .... 4956 packets received, 4295 bps, 53.68%, Err 1702 (1.0e-04)
2371.711 .... 4969 packets received, 4293 bps, 53.66%, Err 1706 (1.0e-04)
2373.843 .... 4986 packets received, 4304 bps, 53.80%, Err 1707 (1.0e-04)
2375.952 .... 4992 packets received, 4305 bps, 53.82%, Err 1708 (1.0e-04)
2379.133 .... 4998 packets received, 4305 bps, 53.81%, Err 1710 (1.0e-04)
2381.236 .... 5010 packets received, 4311 bps, 53.89%, Err 1710 (1.0e-04)
2384.406 .... 5018 packets received, 4312 bps, 53.90%, Err 1713 (1.0e-04)
2391.994 .... 5024 packets received, 4304 bps, 53.80%, Err 1718 (1.0e-04)
2394.082 .... 5034 packets received, 4309 bps, 53.86%, Err 1721 (1.0e-04)
2406.974 .... 5040 packets received, 4291 bps, 53.63%, Err 1727 (1.0e-04)
2409.123 .... 5059 packets received, 4303 bps, 53.79%, Err 1727 (1.0e-04)
2411.250 .... 5067 packets received, 4306 bps, 53.82%, Err 1728 (1.0e-04)
2418.156 .... 5068 packets received, 4294 bps, 53.68%, Err 1734 (1.0e-04)
2420.258 .... 5074 packets received, 4296 bps, 53.70%, Err 1735 (1.0e-04)
2434.544 .... 5085 packets received, 4280 bps, 53.50%, Err 1747 (1.0e-04)
2437.688 .... 5102 packets received, 4289 bps, 53.61%, Err 1752 (1.0e-04)
2444.679 .... 5105 packets received, 4279 bps, 53.49%, Err 1756 (1.0e-04)
2447.869 .... 5123 packets received, 4288 bps, 53.60%, Err 1758 (1.0e-04)
2451.010 .... 5131 packets received, 4290 bps, 53.62%, Err 1761 (1.0e-04)
2453.124 .... 5143 packets received, 4296 bps, 53.70%, Err 1761 (1.0e-04)
2460.354 .... 5145 packets received, 4285 bps, 53.56%, Err 1767 (1.0e-04)
2463.783 .... 5161 packets received, 4292 bps, 53.65%, Err 1767 (1.0e-04)
2465.915 .... 5165 packets received, 4292 bps, 53.65%, Err 1768 (1.0e-04)
2468.041 .... 5171 packets received, 4293 bps, 53.66%, Err 1770 (1.0e-04)
2475.379 .... 5174 packets received, 4283 bps, 53.54%, Err 1774 (1.0e-04)
2477.740 .... 5188 packets received, 4290 bps, 53.63%, Err 1776 (1.0e-04)
2479.849 .... 5194 packets received, 4292 bps, 53.65%, Err 1778 (1.0e-04)
2481.953 .... 5201 packets received, 4294 bps, 53.67%, Err 1779 (1.0e-04)
2490.630 .... 5208 packets received, 4285 bps, 53.56%, Err 1789 (1.0e-04)
2493.565 .... 5220 packets received, 4289 bps, 53.62%, Err 1791 (1.0e-04)
2496.758 .... 5226 packets received, 4289 bps, 53.61%, Err 1793 (1.0e-04)
2498.840 .... 5235 packets received, 4293 bps, 53.66%, Err 1794 (1.0e-04)
2500.994 .... 5239 packets received, 4292 bps, 53.65%, Err 1797 (1.0e-04)
2503.628 .... 5243 packets received, 4291 bps, 53.64%, Err 1800 (1.0e-04)
2505.752 .... 5257 packets received, 4299 bps, 53.73%, Err 1800 (1.0e-04)
2507.878 .... 5261 packets received, 4298 bps, 53.73%, Err 1801 (1.0e-04)
2509.984 .... 5272 packets received, 4304 bps, 53.80%, Err 1802 (1.0e-04)
2512.378 .... 5277 packets received, 4304 bps, 53.80%, Err 1803 (1.0e-04)
2514.497 .... 5288 packets received, 4309 bps, 53.86%, Err 1803 (1.0e-04)
2516.647 .... 5296 packets received, 4312 bps, 53.90%, Err 1803 (1.0e-04)
2518.718 .... 5304 packets received, 4315 bps, 53.94%, Err 1803 (1.0e-04)
2527.367 .... 5309 packets received, 4304 bps, 53.80%, Err 1816 (1.0e-04)
2529.464 .... 5320 packets received, 4310 bps, 53.87%, Err 1816 (1.0e-04)
2537.132 .... 5325 packets received, 4301 bps, 53.76%, Err 1823 (1.0e-04)
2540.876 .... 5341 packets received, 4307 bps, 53.84%, Err 1826 (1.0e-04)
2547.886 .... 5342 packets received, 4296 bps, 53.70%, Err 1830 (1.0e-04)
2550.256 .... 5354 packets received, 4302 bps, 53.77%, Err 1830 (1.0e-04)
2552.385 .... 5361 packets received, 4304 bps, 53.80%, Err 1831 (1.0e-04)
2559.781 .... 5362 packets received, 4292 bps, 53.65%, Err 1838 (1.0e-04)
2562.392 .... 5374 packets received, 4297 bps, 53.72%, Err 1841 (1.0e-04)
2569.304 .... 5378 packets received, 4289 bps, 53.61%, Err 1847 (1.0e-04)
2571.938 .... 5387 packets received, 4292 bps, 53.65%, Err 1848 (1.0e-04)
2580.100 .... 5393 packets received, 4283 bps, 53.54%, Err 1852 (1.0e-04)
2583.581 .... 5410 packets received, 4291 bps, 53.63%, Err 1856 (1.0e-04)
2598.049 .... 5415 packets received, 4271 bps, 53.38%, Err 1865 (1.0e-04)
2600.150 .... 5432 packets received, 4281 bps, 53.51%, Err 1868 (1.0e-04)
2602.253 .... 5436 packets received, 4280 bps, 53.50%, Err 1869 (1.0e-04)
2604.374 .... 5441 packets received, 4281 bps, 53.51%, Err 1871 (1.0e-04)
2611.728 .... 5446 packets received, 4273 bps, 53.41%, Err 1875 (1.0e-04)
2620.618 .... 5459 packets received, 4268 bps, 53.35%, Err 1878 (1.0e-04)
2625.131 .... 5475 packets received, 4273 bps, 53.42%, Err 1881 (1.0e-04)
2627.224 .... 5482 packets received, 4275 bps, 53.44%, Err 1884 (1.0e-04)
2639.731 .... 5483 packets received, 4256 bps, 53.20%, Err 1894 (1.0e-04)
2641.759 .... 5501 packets received, 4267 bps, 53.33%, Err 1894 (1.0e-04)
2644.144 .... 5506 packets received, 4267 bps, 53.33%, Err 1896 (1.0e-04)
2647.287 .... 5515 packets received, 4269 bps, 53.36%, Err 1898 (1.0e-04)
2650.206 .... 5524 packets received, 4271 bps, 53.39%, Err 1901 (1.0e-04)
2652.854 .... 5532 packets received, 4273 bps, 53.41%, Err 1902 (1.0e-04)
2661.608 .... 5541 packets received, 4266 bps, 53.32%, Err 1909 (1.0e-04)
2668.717 .... 5557 packets received, 4267 bps, 53.33%, Err 1914 (1.0e-04)
2671.627 .... 5572 packets received, 4273 bps, 53.42%, Err 1916 (1.0e-04)
2678.658 .... 5575 packets received, 4264 bps, 53.31%, Err 1924 (1.0e-04)
2681.835 .... 5588 packets received, 4269 bps, 53.37%, Err 1928 (1.0e-04)
2690.475 .... 5594 packets received, 4260 bps, 53.25%, Err 1932 (1.0e-04)
2692.820 .... 5608 packets received, 4267 bps, 53.34%, Err 1932 (1.0e-04)
2695.487 .... 5615 packets received, 4268 bps, 53.35%, Err 1937 (1.0e-04)
2697.598 .... 5623 packets received, 4271 bps, 53.39%, Err 1937 (1.0e-04)
2699.712 .... 5631 packets received, 4274 bps, 53.42%, Err 1937 (1.0e-04)
2701.850 .... 5639 packets received, 4276 bps, 53.45%, Err 1938 (1.0e-04)
2703.961 .... 5646 packets received, 4278 bps, 53.48%, Err 1940 (1.0e-04)
2706.858 .... 5653 packets received, 4279 bps, 53.49%, Err 1948 (1.0e-04)
2709.523 .... 5656 packets received, 4277 bps, 53.46%, Err 1948 (1.0e-04)
2711.622 .... 5672 packets received, 4286 bps, 53.57%, Err 1948 (1.0e-04)
2712.240 TCP Disconnected.
