000.000 =============================================================
000.000                     Station A                               
000.000 -------------------------------------------------------------
000.000 Protocol.lib, version 4.0, jiangyanjun0718@bupt.edu.cn
000.000 Channel: 8000 bps, 270 ms propagation delay, bit error rate 0
000.000 Log file "F:\Code\20250418(network lab1)\upload\SR-MAX-A.log", TCP port 59144, debug mask 0x00
000.000 Station A is waiting for station B on TCP port 59144 ... Done.
000.692 New epoch: Tue May  6 09:03:28 2025
000.692 =================================================================
000.692 
000.692 SR-3, 构建时间: May  5 2025  21:24:47
003.407 .... 8 packets received, 7854 bps, 98.18%, Err 0 (0.0e+00)
005.549 .... 16 packets received, 7750 bps, 96.88%, Err 0 (0.0e+00)
007.647 .... 24 packets received, 7770 bps, 97.12%, Err 0 (0.0e+00)
009.759 .... 32 packets received, 7767 bps, 97.08%, Err 0 (0.0e+00)
011.893 .... 40 packets received, 7749 bps, 96.86%, Err 0 (0.0e+00)
013.995 .... 48 packets received, 7756 bps, 96.95%, Err 0 (0.0e+00)
016.110 .... 56 packets received, 7755 bps, 96.94%, Err 0 (0.0e+00)
018.208 .... 64 packets received, 7762 bps, 97.02%, Err 0 (0.0e+00)
020.321 .... 72 packets received, 7761 bps, 97.01%, Err 0 (0.0e+00)
022.470 .... 80 packets received, 7747 bps, 96.84%, Err 0 (0.0e+00)
024.541 .... 88 packets received, 7762 bps, 97.02%, Err 0 (0.0e+00)
025.881 ** WARNING: System too busy, sleep 15 ms, but be awakened 86 ms later
026.719 .... 96 packets received, 7741 bps, 96.76%, Err 0 (0.0e+00)
028.812 .... 104 packets received, 7748 bps, 96.85%, Err 0 (0.0e+00)
030.942 .... 112 packets received, 7744 bps, 96.80%, Err 0 (0.0e+00)
033.042 .... 120 packets received, 7748 bps, 96.84%, Err 0 (0.0e+00)
035.168 .... 128 packets received, 7745 bps, 96.81%, Err 0 (0.0e+00)
037.267 .... 136 packets received, 7749 bps, 96.86%, Err 0 (0.0e+00)
039.377 .... 144 packets received, 7749 bps, 96.87%, Err 0 (0.0e+00)
041.508 .... 152 packets received, 7746 bps, 96.83%, Err 0 (0.0e+00)
043.607 .... 160 packets received, 7749 bps, 96.86%, Err 0 (0.0e+00)
045.766 .... 168 packets received, 7741 bps, 96.77%, Err 0 (0.0e+00)
047.834 .... 176 packets received, 7749 bps, 96.87%, Err 0 (0.0e+00)
049.974 .... 184 packets received, 7745 bps, 96.82%, Err 0 (0.0e+00)
052.086 .... 192 packets received, 7746 bps, 96.82%, Err 0 (0.0e+00)
054.177 .... 200 packets received, 7749 bps, 96.87%, Err 0 (0.0e+00)
056.301 .... 208 packets received, 7748 bps, 96.85%, Err 0 (0.0e+00)
058.444 .... 216 packets received, 7744 bps, 96.80%, Err 0 (0.0e+00)
060.554 .... 224 packets received, 7745 bps, 96.81%, Err 0 (0.0e+00)
062.635 .... 232 packets received, 7749 bps, 96.87%, Err 0 (0.0e+00)
064.760 .... 240 packets received, 7748 bps, 96.85%, Err 0 (0.0e+00)
066.875 .... 248 packets received, 7748 bps, 96.85%, Err 0 (0.0e+00)
068.970 .... 256 packets received, 7750 bps, 96.88%, Err 0 (0.0e+00)
071.080 .... 264 packets received, 7751 bps, 96.88%, Err 0 (0.0e+00)
073.206 .... 272 packets received, 7749 bps, 96.87%, Err 0 (0.0e+00)
075.334 .... 280 packets received, 7748 bps, 96.85%, Err 0 (0.0e+00)
077.434 .... 288 packets received, 7749 bps, 96.87%, Err 0 (0.0e+00)
079.559 .... 296 packets received, 7748 bps, 96.85%, Err 0 (0.0e+00)
081.672 .... 304 packets received, 7748 bps, 96.86%, Err 0 (0.0e+00)
083.785 .... 312 packets received, 7749 bps, 96.86%, Err 0 (0.0e+00)
085.883 .... 320 packets received, 7750 bps, 96.88%, Err 0 (0.0e+00)
088.009 .... 328 packets received, 7749 bps, 96.86%, Err 0 (0.0e+00)
090.093 .... 336 packets received, 7752 bps, 96.90%, Err 0 (0.0e+00)
092.237 .... 344 packets received, 7749 bps, 96.86%, Err 0 (0.0e+00)
094.329 .... 352 packets received, 7751 bps, 96.89%, Err 0 (0.0e+00)
096.432 .... 360 packets received, 7752 bps, 96.90%, Err 0 (0.0e+00)
098.586 .... 368 packets received, 7749 bps, 96.86%, Err 0 (0.0e+00)
104.433 .... 376 packets received, 7468 bps, 93.35%, Err 0 (0.0e+00)
108.560 .... 377 packets received, 7200 bps, 90.00%, Err 0 (0.0e+00)
112.639 .... 378 packets received, 6954 bps, 86.93%, Err 0 (0.0e+00)
116.780 .... 379 packets received, 6723 bps, 84.03%, Err 0 (0.0e+00)
120.984 .... 380 packets received, 6504 bps, 81.29%, Err 0 (0.0e+00)
125.042 .... 381 packets received, 6307 bps, 78.84%, Err 0 (0.0e+00)
129.121 .... 382 packets received, 6122 bps, 76.52%, Err 0 (0.0e+00)
133.367 .... 383 packets received, 5940 bps, 74.25%, Err 0 (0.0e+00)
137.414 .... 384 packets received, 5779 bps, 72.23%, Err 0 (0.0e+00)
141.473 .... 385 packets received, 5626 bps, 70.32%, Err 0 (0.0e+00)
145.609 .... 386 packets received, 5479 bps, 68.49%, Err 0 (0.0e+00)
149.654 .... 387 packets received, 5343 bps, 66.79%, Err 0 (0.0e+00)
153.720 .... 388 packets received, 5214 bps, 65.18%, Err 0 (0.0e+00)
157.797 .... 389 packets received, 5091 bps, 63.64%, Err 0 (0.0e+00)
162.013 .... 390 packets received, 4971 bps, 62.13%, Err 0 (0.0e+00)
166.206 .... 391 packets received, 4857 bps, 60.71%, Err 0 (0.0e+00)
170.290 .... 392 packets received, 4751 bps, 59.39%, Err 0 (0.0e+00)
174.424 .... 393 packets received, 4650 bps, 58.12%, Err 0 (0.0e+00)
178.519 .... 394 packets received, 4554 bps, 56.92%, Err 0 (0.0e+00)
182.576 .... 395 packets received, 4463 bps, 55.79%, Err 0 (0.0e+00)
186.753 .... 396 packets received, 4374 bps, 54.67%, Err 0 (0.0e+00)
190.912 .... 397 packets received, 4288 bps, 53.61%, Err 0 (0.0e+00)
194.944 .... 398 packets received, 4210 bps, 52.62%, Err 0 (0.0e+00)
199.006 .... 399 packets received, 4134 bps, 51.67%, Err 0 (0.0e+00)
201.054 .... 402 packets received, 4122 bps, 51.52%, Err 0 (0.0e+00)
203.172 .... 410 packets received, 4160 bps, 52.00%, Err 0 (0.0e+00)
205.281 .... 418 packets received, 4197 bps, 52.47%, Err 0 (0.0e+00)
207.397 .... 426 packets received, 4234 bps, 52.92%, Err 0 (0.0e+00)
209.502 .... 434 packets received, 4270 bps, 53.37%, Err 0 (0.0e+00)
211.635 .... 442 packets received, 4304 bps, 53.80%, Err 0 (0.0e+00)
213.724 .... 450 packets received, 4339 bps, 54.24%, Err 0 (0.0e+00)
215.842 .... 458 packets received, 4372 bps, 54.66%, Err 0 (0.0e+00)
217.956 .... 466 packets received, 4405 bps, 55.07%, Err 0 (0.0e+00)
220.073 .... 474 packets received, 4438 bps, 55.47%, Err 0 (0.0e+00)
222.172 .... 482 packets received, 4470 bps, 55.87%, Err 0 (0.0e+00)
224.304 .... 490 packets received, 4500 bps, 56.26%, Err 0 (0.0e+00)
226.436 .... 498 packets received, 4531 bps, 56.63%, Err 0 (0.0e+00)
228.528 .... 506 packets received, 4561 bps, 57.01%, Err 0 (0.0e+00)
230.619 .... 514 packets received, 4591 bps, 57.39%, Err 0 (0.0e+00)
232.736 .... 522 packets received, 4620 bps, 57.75%, Err 0 (0.0e+00)
234.856 .... 530 packets received, 4648 bps, 58.10%, Err 0 (0.0e+00)
236.990 .... 538 packets received, 4675 bps, 58.44%, Err 0 (0.0e+00)
239.074 .... 546 packets received, 4703 bps, 58.79%, Err 0 (0.0e+00)
241.218 .... 554 packets received, 4729 bps, 59.12%, Err 0 (0.0e+00)
243.294 .... 562 packets received, 4757 bps, 59.46%, Err 0 (0.0e+00)
245.443 .... 570 packets received, 4782 bps, 59.77%, Err 0 (0.0e+00)
247.511 .... 578 packets received, 4808 bps, 60.10%, Err 0 (0.0e+00)
249.626 .... 586 packets received, 4833 bps, 60.42%, Err 0 (0.0e+00)
251.789 .... 594 packets received, 4857 bps, 60.71%, Err 0 (0.0e+00)
253.876 .... 602 packets received, 4882 bps, 61.02%, Err 0 (0.0e+00)
255.997 .... 610 packets received, 4905 bps, 61.32%, Err 0 (0.0e+00)
258.075 .... 618 packets received, 4929 bps, 61.62%, Err 0 (0.0e+00)
260.213 .... 626 packets received, 4952 bps, 61.90%, Err 0 (0.0e+00)
262.322 .... 634 packets received, 4975 bps, 62.19%, Err 0 (0.0e+00)
264.435 .... 642 packets received, 4997 bps, 62.46%, Err 0 (0.0e+00)
266.526 .... 650 packets received, 5020 bps, 62.74%, Err 0 (0.0e+00)
268.660 .... 658 packets received, 5041 bps, 63.01%, Err 0 (0.0e+00)
270.772 .... 666 packets received, 5062 bps, 63.28%, Err 0 (0.0e+00)
272.859 .... 674 packets received, 5083 bps, 63.54%, Err 0 (0.0e+00)
274.981 .... 682 packets received, 5104 bps, 63.80%, Err 0 (0.0e+00)
277.103 .... 690 packets received, 5124 bps, 64.05%, Err 0 (0.0e+00)
279.223 .... 698 packets received, 5144 bps, 64.30%, Err 0 (0.0e+00)
281.299 .... 706 packets received, 5164 bps, 64.55%, Err 0 (0.0e+00)
283.453 .... 714 packets received, 5183 bps, 64.79%, Err 0 (0.0e+00)
285.545 .... 722 packets received, 5202 bps, 65.03%, Err 0 (0.0e+00)
287.663 .... 730 packets received, 5221 bps, 65.26%, Err 0 (0.0e+00)
289.804 .... 738 packets received, 5239 bps, 65.49%, Err 0 (0.0e+00)
291.873 .... 746 packets received, 5258 bps, 65.73%, Err 0 (0.0e+00)
294.005 .... 754 packets received, 5276 bps, 65.95%, Err 0 (0.0e+00)
296.104 .... 762 packets received, 5294 bps, 66.17%, Err 0 (0.0e+00)
298.265 .... 770 packets received, 5311 bps, 66.38%, Err 0 (0.0e+00)
300.350 .... 778 packets received, 5328 bps, 66.60%, Err 0 (0.0e+00)
304.339 .... 779 packets received, 5265 bps, 65.81%, Err 0 (0.0e+00)
308.536 .... 780 packets received, 5200 bps, 65.00%, Err 0 (0.0e+00)
312.622 .... 781 packets received, 5138 bps, 64.23%, Err 0 (0.0e+00)
316.928 .... 782 packets received, 5074 bps, 63.43%, Err 0 (0.0e+00)
321.090 .... 783 packets received, 5015 bps, 62.69%, Err 0 (0.0e+00)
325.260 .... 784 packets received, 4957 bps, 61.96%, Err 0 (0.0e+00)
329.490 .... 785 packets received, 4899 bps, 61.24%, Err 0 (0.0e+00)
333.555 .... 786 packets received, 4845 bps, 60.56%, Err 0 (0.0e+00)
337.764 .... 787 packets received, 4791 bps, 59.88%, Err 0 (0.0e+00)
341.950 .... 788 packets received, 4738 bps, 59.22%, Err 0 (0.0e+00)
346.031 .... 789 packets received, 4688 bps, 58.60%, Err 0 (0.0e+00)
350.087 .... 790 packets received, 4639 bps, 57.99%, Err 0 (0.0e+00)
354.217 .... 791 packets received, 4590 bps, 57.38%, Err 0 (0.0e+00)
358.388 .... 792 packets received, 4543 bps, 56.78%, Err 0 (0.0e+00)
362.441 .... 793 packets received, 4497 bps, 56.22%, Err 0 (0.0e+00)
366.541 .... 794 packets received, 4452 bps, 55.66%, Err 0 (0.0e+00)
370.594 .... 795 packets received, 4409 bps, 55.11%, Err 0 (0.0e+00)
374.790 .... 796 packets received, 4365 bps, 54.56%, Err 0 (0.0e+00)
378.881 .... 797 packets received, 4323 bps, 54.04%, Err 0 (0.0e+00)
382.908 .... 798 packets received, 4283 bps, 53.54%, Err 0 (0.0e+00)
387.071 .... 799 packets received, 4242 bps, 53.03%, Err 0 (0.0e+00)
391.255 .... 800 packets received, 4202 bps, 52.52%, Err 0 (0.0e+00)
395.326 .... 801 packets received, 4164 bps, 52.04%, Err 0 (0.0e+00)
399.511 .... 802 packets received, 4125 bps, 51.56%, Err 0 (0.0e+00)
401.603 .... 807 packets received, 4129 bps, 51.61%, Err 0 (0.0e+00)
403.723 .... 815 packets received, 4148 bps, 51.85%, Err 0 (0.0e+00)
405.815 .... 823 packets received, 4167 bps, 52.09%, Err 0 (0.0e+00)
407.920 .... 831 packets received, 4186 bps, 52.32%, Err 0 (0.0e+00)
410.053 .... 839 packets received, 4204 bps, 52.55%, Err 0 (0.0e+00)
412.167 .... 847 packets received, 4222 bps, 52.78%, Err 0 (0.0e+00)
414.261 .... 855 packets received, 4240 bps, 53.01%, Err 0 (0.0e+00)
416.392 .... 863 packets received, 4258 bps, 53.23%, Err 0 (0.0e+00)
418.483 .... 871 packets received, 4276 bps, 53.45%, Err 0 (0.0e+00)
420.608 .... 879 packets received, 4293 bps, 53.67%, Err 0 (0.0e+00)
422.728 .... 887 packets received, 4311 bps, 53.88%, Err 0 (0.0e+00)
424.848 .... 895 packets received, 4328 bps, 54.10%, Err 0 (0.0e+00)
426.937 .... 903 packets received, 4345 bps, 54.31%, Err 0 (0.0e+00)
429.058 .... 911 packets received, 4362 bps, 54.52%, Err 0 (0.0e+00)
431.175 .... 919 packets received, 4378 bps, 54.73%, Err 0 (0.0e+00)
433.279 .... 927 packets received, 4395 bps, 54.94%, Err 0 (0.0e+00)
435.404 .... 935 packets received, 4411 bps, 55.14%, Err 0 (0.0e+00)
437.505 .... 943 packets received, 4428 bps, 55.35%, Err 0 (0.0e+00)
439.624 .... 951 packets received, 4444 bps, 55.55%, Err 0 (0.0e+00)
441.732 .... 959 packets received, 4460 bps, 55.74%, Err 0 (0.0e+00)
443.857 .... 967 packets received, 4475 bps, 55.94%, Err 0 (0.0e+00)
445.962 .... 975 packets received, 4491 bps, 56.14%, Err 0 (0.0e+00)
448.077 .... 983 packets received, 4506 bps, 56.33%, Err 0 (0.0e+00)
450.180 .... 991 packets received, 4522 bps, 56.52%, Err 0 (0.0e+00)
452.286 .... 999 packets received, 4537 bps, 56.71%, Err 0 (0.0e+00)
454.419 .... 1007 packets received, 4552 bps, 56.90%, Err 0 (0.0e+00)
456.519 .... 1015 packets received, 4567 bps, 57.08%, Err 0 (0.0e+00)
458.656 .... 1023 packets received, 4581 bps, 57.26%, Err 0 (0.0e+00)
460.747 .... 1031 packets received, 4596 bps, 57.45%, Err 0 (0.0e+00)
462.850 .... 1039 packets received, 4610 bps, 57.63%, Err 0 (0.0e+00)
464.970 .... 1047 packets received, 4625 bps, 57.81%, Err 0 (0.0e+00)
467.073 .... 1055 packets received, 4639 bps, 57.99%, Err 0 (0.0e+00)
469.163 .... 1063 packets received, 4653 bps, 58.17%, Err 0 (0.0e+00)
471.281 .... 1071 packets received, 4667 bps, 58.34%, Err 0 (0.0e+00)
473.402 .... 1079 packets received, 4681 bps, 58.51%, Err 0 (0.0e+00)
475.536 .... 1087 packets received, 4694 bps, 58.68%, Err 0 (0.0e+00)
477.636 .... 1095 packets received, 4708 bps, 58.85%, Err 0 (0.0e+00)
479.743 .... 1103 packets received, 4722 bps, 59.02%, Err 0 (0.0e+00)
481.896 .... 1111 packets received, 4735 bps, 59.18%, Err 0 (0.0e+00)
483.985 .... 1119 packets received, 4748 bps, 59.35%, Err 0 (0.0e+00)
486.072 .... 1127 packets received, 4761 bps, 59.52%, Err 0 (0.0e+00)
488.205 .... 1135 packets received, 4774 bps, 59.68%, Err 0 (0.0e+00)
490.294 .... 1143 packets received, 4787 bps, 59.84%, Err 0 (0.0e+00)
492.396 .... 1151 packets received, 4800 bps, 60.00%, Err 0 (0.0e+00)
494.532 .... 1159 packets received, 4813 bps, 60.16%, Err 0 (0.0e+00)
496.637 .... 1167 packets received, 4825 bps, 60.32%, Err 0 (0.0e+00)
498.754 .... 1175 packets received, 4838 bps, 60.47%, Err 0 (0.0e+00)
504.419 .... 1182 packets received, 4812 bps, 60.15%, Err 0 (0.0e+00)
508.578 .... 1183 packets received, 4776 bps, 59.70%, Err 0 (0.0e+00)
512.627 .... 1184 packets received, 4742 bps, 59.28%, Err 0 (0.0e+00)
516.734 .... 1185 packets received, 4709 bps, 58.86%, Err 0 (0.0e+00)
520.895 .... 1186 packets received, 4675 bps, 58.44%, Err 0 (0.0e+00)
525.035 .... 1187 packets received, 4642 bps, 58.02%, Err 0 (0.0e+00)
529.234 .... 1188 packets received, 4609 bps, 57.61%, Err 0 (0.0e+00)
533.275 .... 1189 packets received, 4578 bps, 57.22%, Err 0 (0.0e+00)
537.547 .... 1190 packets received, 4545 bps, 56.81%, Err 0 (0.0e+00)
541.596 .... 1191 packets received, 4515 bps, 56.43%, Err 0 (0.0e+00)
545.689 .... 1192 packets received, 4484 bps, 56.06%, Err 0 (0.0e+00)
549.786 .... 1193 packets received, 4455 bps, 55.68%, Err 0 (0.0e+00)
553.937 .... 1194 packets received, 4425 bps, 55.31%, Err 0 (0.0e+00)
557.990 .... 1195 packets received, 4396 bps, 54.96%, Err 0 (0.0e+00)
562.128 .... 1196 packets received, 4368 bps, 54.60%, Err 0 (0.0e+00)
566.314 .... 1197 packets received, 4339 bps, 54.24%, Err 0 (0.0e+00)
570.405 .... 1198 packets received, 4311 bps, 53.89%, Err 0 (0.0e+00)
574.537 .... 1199 packets received, 4284 bps, 53.55%, Err 0 (0.0e+00)
578.594 .... 1200 packets received, 4257 bps, 53.22%, Err 0 (0.0e+00)
582.695 .... 1201 packets received, 4231 bps, 52.88%, Err 0 (0.0e+00)
586.780 .... 1202 packets received, 4205 bps, 52.56%, Err 0 (0.0e+00)
590.894 .... 1203 packets received, 4179 bps, 52.24%, Err 0 (0.0e+00)
595.054 .... 1204 packets received, 4153 bps, 51.91%, Err 0 (0.0e+00)
599.151 .... 1205 packets received, 4128 bps, 51.60%, Err 0 (0.0e+00)
601.318 .... 1209 packets received, 4127 bps, 51.58%, Err 0 (0.0e+00)
603.441 .... 1217 packets received, 4139 bps, 51.74%, Err 0 (0.0e+00)
605.562 .... 1225 packets received, 4152 bps, 51.90%, Err 0 (0.0e+00)
607.649 .... 1233 packets received, 4165 bps, 52.06%, Err 0 (0.0e+00)
609.797 .... 1241 packets received, 4177 bps, 52.21%, Err 0 (0.0e+00)
611.869 .... 1249 packets received, 4190 bps, 52.37%, Err 0 (0.0e+00)
613.998 .... 1257 packets received, 4202 bps, 52.52%, Err 0 (0.0e+00)
616.119 .... 1265 packets received, 4214 bps, 52.67%, Err 0 (0.0e+00)
618.231 .... 1273 packets received, 4226 bps, 52.83%, Err 0 (0.0e+00)
620.326 .... 1281 packets received, 4238 bps, 52.98%, Err 0 (0.0e+00)
622.467 .... 1289 packets received, 4250 bps, 53.13%, Err 0 (0.0e+00)
624.558 .... 1297 packets received, 4262 bps, 53.28%, Err 0 (0.0e+00)
626.665 .... 1305 packets received, 4274 bps, 53.42%, Err 0 (0.0e+00)
628.784 .... 1313 packets received, 4286 bps, 53.57%, Err 0 (0.0e+00)
630.893 .... 1321 packets received, 4297 bps, 53.72%, Err 0 (0.0e+00)
633.021 .... 1329 packets received, 4309 bps, 53.86%, Err 0 (0.0e+00)
635.123 .... 1337 packets received, 4320 bps, 54.00%, Err 0 (0.0e+00)
637.236 .... 1345 packets received, 4332 bps, 54.15%, Err 0 (0.0e+00)
639.340 .... 1353 packets received, 4343 bps, 54.29%, Err 0 (0.0e+00)
641.461 .... 1361 packets received, 4354 bps, 54.43%, Err 0 (0.0e+00)
643.555 .... 1369 packets received, 4366 bps, 54.57%, Err 0 (0.0e+00)
645.687 .... 1377 packets received, 4377 bps, 54.71%, Err 0 (0.0e+00)
647.806 .... 1385 packets received, 4388 bps, 54.84%, Err 0 (0.0e+00)
649.927 .... 1393 packets received, 4398 bps, 54.98%, Err 0 (0.0e+00)
652.036 .... 1401 packets received, 4409 bps, 55.12%, Err 0 (0.0e+00)
654.107 .... 1409 packets received, 4420 bps, 55.26%, Err 0 (0.0e+00)
656.228 .... 1417 packets received, 4431 bps, 55.39%, Err 0 (0.0e+00)
658.355 .... 1425 packets received, 4442 bps, 55.52%, Err 0 (0.0e+00)
660.462 .... 1433 packets received, 4452 bps, 55.66%, Err 0 (0.0e+00)
662.582 .... 1441 packets received, 4463 bps, 55.79%, Err 0 (0.0e+00)
664.664 .... 1449 packets received, 4474 bps, 55.92%, Err 0 (0.0e+00)
666.804 .... 1457 packets received, 4484 bps, 56.05%, Err 0 (0.0e+00)
668.894 .... 1465 packets received, 4494 bps, 56.18%, Err 0 (0.0e+00)
671.029 .... 1473 packets received, 4505 bps, 56.31%, Err 0 (0.0e+00)
673.119 .... 1481 packets received, 4515 bps, 56.44%, Err 0 (0.0e+00)
675.271 .... 1489 packets received, 4525 bps, 56.56%, Err 0 (0.0e+00)
677.382 .... 1497 packets received, 4535 bps, 56.69%, Err 0 (0.0e+00)
679.458 .... 1505 packets received, 4545 bps, 56.81%, Err 0 (0.0e+00)
681.564 .... 1513 packets received, 4555 bps, 56.94%, Err 0 (0.0e+00)
683.702 .... 1521 packets received, 4565 bps, 57.06%, Err 0 (0.0e+00)
685.799 .... 1529 packets received, 4575 bps, 57.19%, Err 0 (0.0e+00)
687.921 .... 1537 packets received, 4585 bps, 57.31%, Err 0 (0.0e+00)
690.053 .... 1545 packets received, 4594 bps, 57.43%, Err 0 (0.0e+00)
692.162 .... 1553 packets received, 4604 bps, 57.55%, Err 0 (0.0e+00)
694.236 .... 1561 packets received, 4614 bps, 57.67%, Err 0 (0.0e+00)
696.371 .... 1569 packets received, 4623 bps, 57.79%, Err 0 (0.0e+00)
698.488 .... 1577 packets received, 4633 bps, 57.91%, Err 0 (0.0e+00)
704.446 .... 1585 packets received, 4617 bps, 57.71%, Err 0 (0.0e+00)
708.555 .... 1586 packets received, 4593 bps, 57.41%, Err 0 (0.0e+00)
712.614 .... 1587 packets received, 4569 bps, 57.12%, Err 0 (0.0e+00)
716.831 .... 1588 packets received, 4545 bps, 56.82%, Err 0 (0.0e+00)
720.923 .... 1589 packets received, 4522 bps, 56.53%, Err 0 (0.0e+00)
725.182 .... 1590 packets received, 4499 bps, 56.23%, Err 0 (0.0e+00)
729.227 .... 1591 packets received, 4476 bps, 55.95%, Err 0 (0.0e+00)
733.254 .... 1592 packets received, 4455 bps, 55.68%, Err 0 (0.0e+00)
737.292 .... 1593 packets received, 4433 bps, 55.41%, Err 0 (0.0e+00)
741.341 .... 1594 packets received, 4411 bps, 55.14%, Err 0 (0.0e+00)
745.515 .... 1595 packets received, 4389 bps, 54.87%, Err 0 (0.0e+00)
749.664 .... 1596 packets received, 4368 bps, 54.60%, Err 0 (0.0e+00)
753.768 .... 1597 packets received, 4347 bps, 54.33%, Err 0 (0.0e+00)
757.888 .... 1598 packets received, 4326 bps, 54.07%, Err 0 (0.0e+00)
762.023 .... 1599 packets received, 4305 bps, 53.81%, Err 0 (0.0e+00)
766.190 .... 1600 packets received, 4284 bps, 53.55%, Err 0 (0.0e+00)
770.451 .... 1601 packets received, 4263 bps, 53.29%, Err 0 (0.0e+00)
774.671 .... 1602 packets received, 4242 bps, 53.03%, Err 0 (0.0e+00)
778.894 .... 1603 packets received, 4222 bps, 52.78%, Err 0 (0.0e+00)
782.979 .... 1604 packets received, 4203 bps, 52.53%, Err 0 (0.0e+00)
787.029 .... 1605 packets received, 4184 bps, 52.29%, Err 0 (0.0e+00)
791.076 .... 1606 packets received, 4165 bps, 52.06%, Err 0 (0.0e+00)
795.129 .... 1607 packets received, 4146 bps, 51.83%, Err 0 (0.0e+00)
799.223 .... 1608 packets received, 4127 bps, 51.59%, Err 0 (0.0e+00)
801.327 .... 1612 packets received, 4127 bps, 51.58%, Err 0 (0.0e+00)
803.429 .... 1620 packets received, 4136 bps, 51.70%, Err 0 (0.0e+00)
805.543 .... 1628 packets received, 4146 bps, 51.82%, Err 0 (0.0e+00)
807.675 .... 1636 packets received, 4155 bps, 51.94%, Err 0 (0.0e+00)
809.794 .... 1644 packets received, 4165 bps, 52.06%, Err 0 (0.0e+00)
811.894 .... 1652 packets received, 4174 bps, 52.17%, Err 0 (0.0e+00)
813.974 .... 1660 packets received, 4183 bps, 52.29%, Err 0 (0.0e+00)
816.123 .... 1668 packets received, 4193 bps, 52.41%, Err 0 (0.0e+00)
818.203 .... 1676 packets received, 4202 bps, 52.52%, Err 0 (0.0e+00)
820.337 .... 1684 packets received, 4211 bps, 52.64%, Err 0 (0.0e+00)
822.463 .... 1692 packets received, 4220 bps, 52.75%, Err 0 (0.0e+00)
824.576 .... 1700 packets received, 4229 bps, 52.86%, Err 0 (0.0e+00)
826.663 .... 1708 packets received, 4238 bps, 52.98%, Err 0 (0.0e+00)
828.783 .... 1716 packets received, 4247 bps, 53.09%, Err 0 (0.0e+00)
830.900 .... 1724 packets received, 4256 bps, 53.20%, Err 0 (0.0e+00)
833.007 .... 1732 packets received, 4265 bps, 53.31%, Err 0 (0.0e+00)
835.094 .... 1740 packets received, 4274 bps, 53.42%, Err 0 (0.0e+00)
837.226 .... 1748 packets received, 4283 bps, 53.53%, Err 0 (0.0e+00)
839.318 .... 1756 packets received, 4292 bps, 53.64%, Err 0 (0.0e+00)
841.442 .... 1764 packets received, 4300 bps, 53.75%, Err 0 (0.0e+00)
843.548 .... 1772 packets received, 4309 bps, 53.86%, Err 0 (0.0e+00)
845.662 .... 1780 packets received, 4317 bps, 53.97%, Err 0 (0.0e+00)
847.794 .... 1788 packets received, 4326 bps, 54.07%, Err 0 (0.0e+00)
849.908 .... 1796 packets received, 4335 bps, 54.18%, Err 0 (0.0e+00)
852.010 .... 1804 packets received, 4343 bps, 54.29%, Err 0 (0.0e+00)
854.116 .... 1812 packets received, 4352 bps, 54.39%, Err 0 (0.0e+00)
856.252 .... 1820 packets received, 4360 bps, 54.50%, Err 0 (0.0e+00)
858.355 .... 1828 packets received, 4368 bps, 54.60%, Err 0 (0.0e+00)
860.476 .... 1836 packets received, 4377 bps, 54.71%, Err 0 (0.0e+00)
862.569 .... 1844 packets received, 4385 bps, 54.81%, Err 0 (0.0e+00)
864.719 .... 1852 packets received, 4393 bps, 54.91%, Err 0 (0.0e+00)
866.791 .... 1860 packets received, 4401 bps, 55.02%, Err 0 (0.0e+00)
868.910 .... 1868 packets received, 4410 bps, 55.12%, Err 0 (0.0e+00)
871.052 .... 1876 packets received, 4418 bps, 55.22%, Err 0 (0.0e+00)
873.120 .... 1884 packets received, 4426 bps, 55.32%, Err 0 (0.0e+00)
875.228 .... 1892 packets received, 4434 bps, 55.42%, Err 0 (0.0e+00)
877.390 .... 1900 packets received, 4442 bps, 55.52%, Err 0 (0.0e+00)
879.450 .... 1908 packets received, 4450 bps, 55.62%, Err 0 (0.0e+00)
881.586 .... 1916 packets received, 4458 bps, 55.72%, Err 0 (0.0e+00)
883.682 .... 1924 packets received, 4466 bps, 55.82%, Err 0 (0.0e+00)
885.786 .... 1932 packets received, 4474 bps, 55.92%, Err 0 (0.0e+00)
887.920 .... 1940 packets received, 4481 bps, 56.02%, Err 0 (0.0e+00)
890.029 .... 1948 packets received, 4489 bps, 56.11%, Err 0 (0.0e+00)
892.155 .... 1956 packets received, 4497 bps, 56.21%, Err 0 (0.0e+00)
894.259 .... 1964 packets received, 4505 bps, 56.31%, Err 0 (0.0e+00)
896.372 .... 1972 packets received, 4512 bps, 56.40%, Err 0 (0.0e+00)
898.470 .... 1980 packets received, 4520 bps, 56.50%, Err 0 (0.0e+00)
904.423 .... 1988 packets received, 4508 bps, 56.35%, Err 0 (0.0e+00)
908.554 .... 1989 packets received, 4490 bps, 56.12%, Err 0 (0.0e+00)
912.691 .... 1990 packets received, 4472 bps, 55.90%, Err 0 (0.0e+00)
916.845 .... 1991 packets received, 4454 bps, 55.67%, Err 0 (0.0e+00)
920.880 .... 1992 packets received, 4436 bps, 55.46%, Err 0 (0.0e+00)
925.008 .... 1993 packets received, 4419 bps, 55.24%, Err 0 (0.0e+00)
929.119 .... 1994 packets received, 4402 bps, 55.02%, Err 0 (0.0e+00)
933.182 .... 1995 packets received, 4385 bps, 54.81%, Err 0 (0.0e+00)
937.255 .... 1996 packets received, 4368 bps, 54.60%, Err 0 (0.0e+00)
941.339 .... 1997 packets received, 4351 bps, 54.39%, Err 0 (0.0e+00)
945.468 .... 1998 packets received, 4334 bps, 54.17%, Err 0 (0.0e+00)
949.545 .... 1999 packets received, 4317 bps, 53.97%, Err 0 (0.0e+00)
953.657 .... 2000 packets received, 4301 bps, 53.76%, Err 0 (0.0e+00)
957.701 .... 2001 packets received, 4285 bps, 53.56%, Err 0 (0.0e+00)
961.835 .... 2002 packets received, 4269 bps, 53.36%, Err 0 (0.0e+00)
965.899 .... 2003 packets received, 4253 bps, 53.16%, Err 0 (0.0e+00)
969.981 .... 2004 packets received, 4237 bps, 52.96%, Err 0 (0.0e+00)
974.121 .... 2005 packets received, 4221 bps, 52.76%, Err 0 (0.0e+00)
978.242 .... 2006 packets received, 4205 bps, 52.57%, Err 0 (0.0e+00)
982.425 .... 2007 packets received, 4190 bps, 52.37%, Err 0 (0.0e+00)
986.540 .... 2008 packets received, 4174 bps, 52.18%, Err 0 (0.0e+00)
990.715 .... 2009 packets received, 4159 bps, 51.98%, Err 0 (0.0e+00)
994.771 .... 2010 packets received, 4144 bps, 51.80%, Err 0 (0.0e+00)
998.936 .... 2011 packets received, 4128 bps, 51.60%, Err 0 (0.0e+00)
1001.073 .... 2014 packets received, 4126 bps, 51.57%, Err 0 (0.0e+00)
1003.159 .... 2022 packets received, 4133 bps, 51.67%, Err 0 (0.0e+00)
1005.284 .... 2030 packets received, 4141 bps, 51.76%, Err 0 (0.0e+00)
1007.375 .... 2038 packets received, 4149 bps, 51.86%, Err 0 (0.0e+00)
1009.528 .... 2046 packets received, 4156 bps, 51.95%, Err 0 (0.0e+00)
1011.617 .... 2054 packets received, 4164 bps, 52.05%, Err 0 (0.0e+00)
1013.716 .... 2062 packets received, 4171 bps, 52.14%, Err 0 (0.0e+00)
1015.848 .... 2070 packets received, 4179 bps, 52.23%, Err 0 (0.0e+00)
1017.935 .... 2078 packets received, 4186 bps, 52.33%, Err 0 (0.0e+00)
1020.063 .... 2086 packets received, 4194 bps, 52.42%, Err 0 (0.0e+00)
1022.193 .... 2094 packets received, 4201 bps, 52.51%, Err 0 (0.0e+00)
1024.299 .... 2102 packets received, 4208 bps, 52.60%, Err 0 (0.0e+00)
1026.405 .... 2110 packets received, 4216 bps, 52.69%, Err 0 (0.0e+00)
1028.514 .... 2118 packets received, 4223 bps, 52.79%, Err 0 (0.0e+00)
1030.617 .... 2126 packets received, 4230 bps, 52.88%, Err 0 (0.0e+00)
1032.748 .... 2134 packets received, 4237 bps, 52.97%, Err 0 (0.0e+00)
1034.857 .... 2142 packets received, 4244 bps, 53.06%, Err 0 (0.0e+00)
1036.972 .... 2150 packets received, 4252 bps, 53.15%, Err 0 (0.0e+00)
1039.076 .... 2158 packets received, 4259 bps, 53.23%, Err 0 (0.0e+00)
1041.179 .... 2166 packets received, 4266 bps, 53.32%, Err 0 (0.0e+00)
1043.300 .... 2174 packets received, 4273 bps, 53.41%, Err 0 (0.0e+00)
1045.405 .... 2182 packets received, 4280 bps, 53.50%, Err 0 (0.0e+00)
1047.538 .... 2190 packets received, 4287 bps, 53.59%, Err 0 (0.0e+00)
1049.625 .... 2198 packets received, 4294 bps, 53.68%, Err 0 (0.0e+00)
1051.775 .... 2206 packets received, 4301 bps, 53.76%, Err 0 (0.0e+00)
1053.877 .... 2214 packets received, 4308 bps, 53.85%, Err 0 (0.0e+00)
1055.955 .... 2222 packets received, 4315 bps, 53.94%, Err 0 (0.0e+00)
1058.072 .... 2230 packets received, 4322 bps, 54.02%, Err 0 (0.0e+00)
1060.201 .... 2238 packets received, 4329 bps, 54.11%, Err 0 (0.0e+00)
1062.301 .... 2246 packets received, 4335 bps, 54.19%, Err 0 (0.0e+00)
1064.422 .... 2254 packets received, 4342 bps, 54.28%, Err 0 (0.0e+00)
1066.539 .... 2262 packets received, 4349 bps, 54.36%, Err 0 (0.0e+00)
1068.657 .... 2270 packets received, 4356 bps, 54.45%, Err 0 (0.0e+00)
1070.782 .... 2278 packets received, 4362 bps, 54.53%, Err 0 (0.0e+00)
1072.881 .... 2286 packets received, 4369 bps, 54.61%, Err 0 (0.0e+00)
1074.983 .... 2294 packets received, 4376 bps, 54.70%, Err 0 (0.0e+00)
1077.083 .... 2302 packets received, 4382 bps, 54.78%, Err 0 (0.0e+00)
1079.190 .... 2310 packets received, 4389 bps, 54.86%, Err 0 (0.0e+00)
1081.308 .... 2318 packets received, 4396 bps, 54.95%, Err 0 (0.0e+00)
1083.428 .... 2326 packets received, 4402 bps, 55.03%, Err 0 (0.0e+00)
1085.556 .... 2334 packets received, 4409 bps, 55.11%, Err 0 (0.0e+00)
1087.648 .... 2342 packets received, 4415 bps, 55.19%, Err 0 (0.0e+00)
1089.768 .... 2350 packets received, 4422 bps, 55.27%, Err 0 (0.0e+00)
1091.882 .... 2358 packets received, 4428 bps, 55.35%, Err 0 (0.0e+00)
1093.976 .... 2366 packets received, 4435 bps, 55.43%, Err 0 (0.0e+00)
1096.143 .... 2374 packets received, 4441 bps, 55.51%, Err 0 (0.0e+00)
1098.218 .... 2382 packets received, 4447 bps, 55.59%, Err 0 (0.0e+00)
1100.310 .... 2390 packets received, 4454 bps, 55.67%, Err 0 (0.0e+00)
1104.582 .... 2391 packets received, 4438 bps, 55.48%, Err 0 (0.0e+00)
1108.727 .... 2392 packets received, 4424 bps, 55.30%, Err 0 (0.0e+00)
1112.727 .... 2393 packets received, 4410 bps, 55.12%, Err 0 (0.0e+00)
1116.772 .... 2394 packets received, 4395 bps, 54.94%, Err 0 (0.0e+00)
1120.863 .... 2395 packets received, 4381 bps, 54.77%, Err 0 (0.0e+00)
1124.888 .... 2396 packets received, 4367 bps, 54.59%, Err 0 (0.0e+00)
1129.071 .... 2397 packets received, 4353 bps, 54.41%, Err 0 (0.0e+00)
1133.181 .... 2398 packets received, 4339 bps, 54.24%, Err 0 (0.0e+00)
1137.415 .... 2399 packets received, 4325 bps, 54.06%, Err 0 (0.0e+00)
1141.518 .... 2400 packets received, 4311 bps, 53.89%, Err 0 (0.0e+00)
1145.735 .... 2401 packets received, 4297 bps, 53.71%, Err 0 (0.0e+00)
1149.765 .... 2402 packets received, 4283 bps, 53.54%, Err 0 (0.0e+00)
1153.889 .... 2403 packets received, 4270 bps, 53.37%, Err 0 (0.0e+00)
1158.018 .... 2404 packets received, 4256 bps, 53.21%, Err 0 (0.0e+00)
1162.187 .... 2405 packets received, 4243 bps, 53.04%, Err 0 (0.0e+00)
1166.315 .... 2406 packets received, 4230 bps, 52.87%, Err 0 (0.0e+00)
1170.481 .... 2407 packets received, 4216 bps, 52.70%, Err 0 (0.0e+00)
1174.585 .... 2408 packets received, 4203 bps, 52.54%, Err 0 (0.0e+00)
1178.810 .... 2409 packets received, 4190 bps, 52.37%, Err 0 (0.0e+00)
1182.889 .... 2410 packets received, 4177 bps, 52.22%, Err 0 (0.0e+00)
1187.016 .... 2411 packets received, 4164 bps, 52.06%, Err 0 (0.0e+00)
1191.193 .... 2412 packets received, 4152 bps, 51.89%, Err 0 (0.0e+00)
1195.294 .... 2413 packets received, 4139 bps, 51.74%, Err 0 (0.0e+00)
1199.410 .... 2414 packets received, 4126 bps, 51.58%, Err 0 (0.0e+00)
1201.596 .... 2419 packets received, 4127 bps, 51.59%, Err 0 (0.0e+00)
1203.693 .... 2427 packets received, 4134 bps, 51.67%, Err 0 (0.0e+00)
1205.799 .... 2435 packets received, 4140 bps, 51.75%, Err 0 (0.0e+00)
1207.921 .... 2443 packets received, 4147 bps, 51.83%, Err 0 (0.0e+00)
1210.045 .... 2451 packets received, 4153 bps, 51.91%, Err 0 (0.0e+00)
1212.146 .... 2459 packets received, 4159 bps, 51.99%, Err 0 (0.0e+00)
1214.283 .... 2467 packets received, 4165 bps, 52.07%, Err 0 (0.0e+00)
1216.379 .... 2475 packets received, 4172 bps, 52.15%, Err 0 (0.0e+00)
1218.488 .... 2483 packets received, 4178 bps, 52.22%, Err 0 (0.0e+00)
1220.594 .... 2491 packets received, 4184 bps, 52.30%, Err 0 (0.0e+00)
1222.703 .... 2499 packets received, 4190 bps, 52.38%, Err 0 (0.0e+00)
1224.835 .... 2507 packets received, 4196 bps, 52.45%, Err 0 (0.0e+00)
1226.955 .... 2515 packets received, 4202 bps, 52.53%, Err 0 (0.0e+00)
1229.027 .... 2523 packets received, 4209 bps, 52.61%, Err 0 (0.0e+00)
1231.162 .... 2531 packets received, 4215 bps, 52.68%, Err 0 (0.0e+00)
1233.295 .... 2539 packets received, 4221 bps, 52.76%, Err 0 (0.0e+00)
1235.384 .... 2547 packets received, 4227 bps, 52.84%, Err 0 (0.0e+00)
1237.500 .... 2555 packets received, 4233 bps, 52.91%, Err 0 (0.0e+00)
1239.600 .... 2563 packets received, 4239 bps, 52.99%, Err 0 (0.0e+00)
1241.700 .... 2571 packets received, 4245 bps, 53.06%, Err 0 (0.0e+00)
1243.809 .... 2579 packets received, 4251 bps, 53.14%, Err 0 (0.0e+00)
1245.940 .... 2587 packets received, 4257 bps, 53.21%, Err 0 (0.0e+00)
1248.037 .... 2595 packets received, 4263 bps, 53.29%, Err 0 (0.0e+00)
1250.153 .... 2603 packets received, 4269 bps, 53.36%, Err 0 (0.0e+00)
1252.272 .... 2611 packets received, 4275 bps, 53.43%, Err 0 (0.0e+00)
1254.379 .... 2619 packets received, 4280 bps, 53.51%, Err 0 (0.0e+00)
1256.487 .... 2627 packets received, 4286 bps, 53.58%, Err 0 (0.0e+00)
1258.608 .... 2635 packets received, 4292 bps, 53.65%, Err 0 (0.0e+00)
1260.716 .... 2643 packets received, 4298 bps, 53.72%, Err 0 (0.0e+00)
1262.827 .... 2651 packets received, 4304 bps, 53.80%, Err 0 (0.0e+00)
1264.939 .... 2659 packets received, 4310 bps, 53.87%, Err 0 (0.0e+00)
1267.057 .... 2667 packets received, 4315 bps, 53.94%, Err 0 (0.0e+00)
1269.195 .... 2675 packets received, 4321 bps, 54.01%, Err 0 (0.0e+00)
1271.274 .... 2683 packets received, 4327 bps, 54.08%, Err 0 (0.0e+00)
1273.393 .... 2691 packets received, 4332 bps, 54.16%, Err 0 (0.0e+00)
1275.515 .... 2699 packets received, 4338 bps, 54.23%, Err 0 (0.0e+00)
1277.624 .... 2707 packets received, 4344 bps, 54.30%, Err 0 (0.0e+00)
1279.751 .... 2715 packets received, 4349 bps, 54.37%, Err 0 (0.0e+00)
1281.836 .... 2723 packets received, 4355 bps, 54.44%, Err 0 (0.0e+00)
1283.940 .... 2731 packets received, 4361 bps, 54.51%, Err 0 (0.0e+00)
1286.074 .... 2739 packets received, 4366 bps, 54.58%, Err 0 (0.0e+00)
1288.182 .... 2747 packets received, 4372 bps, 54.65%, Err 0 (0.0e+00)
1290.304 .... 2755 packets received, 4377 bps, 54.72%, Err 0 (0.0e+00)
1292.423 .... 2763 packets received, 4383 bps, 54.78%, Err 0 (0.0e+00)
1294.543 .... 2771 packets received, 4388 bps, 54.85%, Err 0 (0.0e+00)
1296.633 .... 2779 packets received, 4394 bps, 54.92%, Err 0 (0.0e+00)
1298.732 .... 2787 packets received, 4399 bps, 54.99%, Err 0 (0.0e+00)
1304.411 .... 2794 packets received, 4391 bps, 54.89%, Err 0 (0.0e+00)
1308.606 .... 2795 packets received, 4379 bps, 54.73%, Err 0 (0.0e+00)
1312.697 .... 2796 packets received, 4367 bps, 54.58%, Err 0 (0.0e+00)
1316.831 .... 2797 packets received, 4354 bps, 54.43%, Err 0 (0.0e+00)
1320.994 .... 2798 packets received, 4342 bps, 54.28%, Err 0 (0.0e+00)
1325.072 .... 2799 packets received, 4330 bps, 54.13%, Err 0 (0.0e+00)
1329.256 .... 2800 packets received, 4318 bps, 53.98%, Err 0 (0.0e+00)
1333.308 .... 2801 packets received, 4307 bps, 53.83%, Err 0 (0.0e+00)
1337.416 .... 2802 packets received, 4295 bps, 53.69%, Err 0 (0.0e+00)
1341.513 .... 2803 packets received, 4283 bps, 53.54%, Err 0 (0.0e+00)
1345.628 .... 2804 packets received, 4272 bps, 53.40%, Err 0 (0.0e+00)
1349.765 .... 2805 packets received, 4260 bps, 53.25%, Err 0 (0.0e+00)
1353.910 .... 2806 packets received, 4249 bps, 53.11%, Err 0 (0.0e+00)
1357.975 .... 2807 packets received, 4237 bps, 52.97%, Err 0 (0.0e+00)
1362.049 .... 2808 packets received, 4226 bps, 52.83%, Err 0 (0.0e+00)
1366.172 .... 2809 packets received, 4215 bps, 52.69%, Err 0 (0.0e+00)
1370.313 .... 2810 packets received, 4204 bps, 52.55%, Err 0 (0.0e+00)
1374.430 .... 2811 packets received, 4193 bps, 52.41%, Err 0 (0.0e+00)
1378.475 .... 2812 packets received, 4182 bps, 52.27%, Err 0 (0.0e+00)
1382.537 .... 2813 packets received, 4171 bps, 52.14%, Err 0 (0.0e+00)
1386.655 .... 2814 packets received, 4160 bps, 52.00%, Err 0 (0.0e+00)
1390.703 .... 2815 packets received, 4149 bps, 51.87%, Err 0 (0.0e+00)
1394.776 .... 2816 packets received, 4139 bps, 51.73%, Err 0 (0.0e+00)
1398.883 .... 2817 packets received, 4128 bps, 51.60%, Err 0 (0.0e+00)
1401.060 .... 2820 packets received, 4126 bps, 51.58%, Err 0 (0.0e+00)
1403.181 .... 2828 packets received, 4131 bps, 51.64%, Err 0 (0.0e+00)
1405.280 .... 2836 packets received, 4137 bps, 51.71%, Err 0 (0.0e+00)
1407.410 .... 2844 packets received, 4142 bps, 51.78%, Err 0 (0.0e+00)
1409.504 .... 2852 packets received, 4148 bps, 51.85%, Err 0 (0.0e+00)
1411.612 .... 2860 packets received, 4153 bps, 51.92%, Err 0 (0.0e+00)
1413.724 .... 2868 packets received, 4159 bps, 51.98%, Err 0 (0.0e+00)
1415.835 .... 2876 packets received, 4164 bps, 52.05%, Err 0 (0.0e+00)
1417.997 .... 2884 packets received, 4169 bps, 52.12%, Err 0 (0.0e+00)
1420.076 .... 2892 packets received, 4175 bps, 52.18%, Err 0 (0.0e+00)
1422.180 .... 2900 packets received, 4180 bps, 52.25%, Err 0 (0.0e+00)
1424.290 .... 2908 packets received, 4185 bps, 52.32%, Err 0 (0.0e+00)
1426.420 .... 2916 packets received, 4191 bps, 52.38%, Err 0 (0.0e+00)
1428.512 .... 2924 packets received, 4196 bps, 52.45%, Err 0 (0.0e+00)
1430.649 .... 2932 packets received, 4201 bps, 52.51%, Err 0 (0.0e+00)
1432.754 .... 2940 packets received, 4206 bps, 52.58%, Err 0 (0.0e+00)
1434.860 .... 2948 packets received, 4212 bps, 52.65%, Err 0 (0.0e+00)
1436.961 .... 2956 packets received, 4217 bps, 52.71%, Err 0 (0.0e+00)
1439.078 .... 2964 packets received, 4222 bps, 52.78%, Err 0 (0.0e+00)
1441.185 .... 2972 packets received, 4227 bps, 52.84%, Err 0 (0.0e+00)
1443.311 .... 2980 packets received, 4232 bps, 52.90%, Err 0 (0.0e+00)
1445.418 .... 2988 packets received, 4238 bps, 52.97%, Err 0 (0.0e+00)
1447.522 .... 2996 packets received, 4243 bps, 53.03%, Err 0 (0.0e+00)
1449.660 .... 3004 packets received, 4248 bps, 53.10%, Err 0 (0.0e+00)
1451.768 .... 3012 packets received, 4253 bps, 53.16%, Err 0 (0.0e+00)
1453.860 .... 3020 packets received, 4258 bps, 53.23%, Err 0 (0.0e+00)
1455.983 .... 3028 packets received, 4263 bps, 53.29%, Err 0 (0.0e+00)
1458.092 .... 3036 packets received, 4268 bps, 53.35%, Err 0 (0.0e+00)
1460.194 .... 3044 packets received, 4273 bps, 53.42%, Err 0 (0.0e+00)
1462.339 .... 3052 packets received, 4278 bps, 53.48%, Err 0 (0.0e+00)
1464.429 .... 3060 packets received, 4283 bps, 53.54%, Err 0 (0.0e+00)
1466.547 .... 3068 packets received, 4288 bps, 53.60%, Err 0 (0.0e+00)
1468.634 .... 3076 packets received, 4293 bps, 53.67%, Err 0 (0.0e+00)
1470.758 .... 3084 packets received, 4298 bps, 53.73%, Err 0 (0.0e+00)
1472.874 .... 3092 packets received, 4303 bps, 53.79%, Err 0 (0.0e+00)
1474.996 .... 3100 packets received, 4308 bps, 53.85%, Err 0 (0.0e+00)
1477.113 .... 3108 packets received, 4313 bps, 53.91%, Err 0 (0.0e+00)
1479.214 .... 3116 packets received, 4318 bps, 53.98%, Err 0 (0.0e+00)
1481.345 .... 3124 packets received, 4323 bps, 54.04%, Err 0 (0.0e+00)
1483.426 .... 3132 packets received, 4328 bps, 54.10%, Err 0 (0.0e+00)
1485.550 .... 3140 packets received, 4333 bps, 54.16%, Err 0 (0.0e+00)
1487.670 .... 3148 packets received, 4338 bps, 54.22%, Err 0 (0.0e+00)
1489.765 .... 3156 packets received, 4342 bps, 54.28%, Err 0 (0.0e+00)
1491.874 .... 3164 packets received, 4347 bps, 54.34%, Err 0 (0.0e+00)
1493.991 .... 3172 packets received, 4352 bps, 54.40%, Err 0 (0.0e+00)
1496.158 .... 3180 packets received, 4357 bps, 54.46%, Err 0 (0.0e+00)
1498.215 .... 3188 packets received, 4362 bps, 54.52%, Err 0 (0.0e+00)
1500.366 .... 3196 packets received, 4366 bps, 54.58%, Err 0 (0.0e+00)
1504.492 .... 3197 packets received, 4356 bps, 54.45%, Err 0 (0.0e+00)
1508.507 .... 3198 packets received, 4346 bps, 54.32%, Err 0 (0.0e+00)
1512.655 .... 3199 packets received, 4335 bps, 54.19%, Err 0 (0.0e+00)
1516.685 .... 3200 packets received, 4325 bps, 54.06%, Err 0 (0.0e+00)
1520.830 .... 3201 packets received, 4314 bps, 53.93%, Err 0 (0.0e+00)
1525.090 .... 3202 packets received, 4304 bps, 53.80%, Err 0 (0.0e+00)
1529.186 .... 3203 packets received, 4293 bps, 53.67%, Err 0 (0.0e+00)
1533.377 .... 3204 packets received, 4283 bps, 53.54%, Err 0 (0.0e+00)
1537.418 .... 3205 packets received, 4273 bps, 53.41%, Err 0 (0.0e+00)
1541.477 .... 3206 packets received, 4263 bps, 53.29%, Err 0 (0.0e+00)
1545.576 .... 3207 packets received, 4253 bps, 53.16%, Err 0 (0.0e+00)
1549.724 .... 3208 packets received, 4243 bps, 53.04%, Err 0 (0.0e+00)
1553.833 .... 3209 packets received, 4233 bps, 52.91%, Err 0 (0.0e+00)
1557.875 .... 3210 packets received, 4223 bps, 52.79%, Err 0 (0.0e+00)
1562.009 .... 3211 packets received, 4214 bps, 52.67%, Err 0 (0.0e+00)
1566.188 .... 3212 packets received, 4204 bps, 52.55%, Err 0 (0.0e+00)
1570.281 .... 3213 packets received, 4194 bps, 52.43%, Err 0 (0.0e+00)
1574.406 .... 3214 packets received, 4184 bps, 52.30%, Err 0 (0.0e+00)
1578.475 .... 3215 packets received, 4175 bps, 52.19%, Err 0 (0.0e+00)
1582.782 .... 3216 packets received, 4165 bps, 52.06%, Err 0 (0.0e+00)
1586.978 .... 3217 packets received, 4155 bps, 51.94%, Err 0 (0.0e+00)
1591.252 .... 3218 packets received, 4145 bps, 51.81%, Err 0 (0.0e+00)
1595.420 .... 3219 packets received, 4136 bps, 51.69%, Err 0 (0.0e+00)
1599.520 .... 3220 packets received, 4126 bps, 51.58%, Err 0 (0.0e+00)
1601.589 .... 3225 packets received, 4127 bps, 51.59%, Err 0 (0.0e+00)
1603.695 .... 3233 packets received, 4132 bps, 51.65%, Err 0 (0.0e+00)
1605.833 .... 3241 packets received, 4137 bps, 51.71%, Err 0 (0.0e+00)
1607.926 .... 3249 packets received, 4142 bps, 51.77%, Err 0 (0.0e+00)
1610.043 .... 3257 packets received, 4146 bps, 51.83%, Err 0 (0.0e+00)
1612.152 .... 3265 packets received, 4151 bps, 51.89%, Err 0 (0.0e+00)
1614.271 .... 3273 packets received, 4156 bps, 51.95%, Err 0 (0.0e+00)
1616.385 .... 3281 packets received, 4161 bps, 52.01%, Err 0 (0.0e+00)
1618.492 .... 3289 packets received, 4165 bps, 52.07%, Err 0 (0.0e+00)
1620.624 .... 3297 packets received, 4170 bps, 52.12%, Err 0 (0.0e+00)
1622.710 .... 3305 packets received, 4175 bps, 52.18%, Err 0 (0.0e+00)
1624.834 .... 3313 packets received, 4179 bps, 52.24%, Err 0 (0.0e+00)
1626.932 .... 3321 packets received, 4184 bps, 52.30%, Err 0 (0.0e+00)
1629.045 .... 3329 packets received, 4189 bps, 52.36%, Err 0 (0.0e+00)
1631.176 .... 3337 packets received, 4193 bps, 52.41%, Err 0 (0.0e+00)
1633.278 .... 3345 packets received, 4198 bps, 52.47%, Err 0 (0.0e+00)
1635.394 .... 3353 packets received, 4202 bps, 52.53%, Err 0 (0.0e+00)
1637.550 .... 3361 packets received, 4207 bps, 52.59%, Err 0 (0.0e+00)
1639.649 .... 3369 packets received, 4211 bps, 52.64%, Err 0 (0.0e+00)
1641.731 .... 3377 packets received, 4216 bps, 52.70%, Err 0 (0.0e+00)
1643.848 .... 3385 packets received, 4221 bps, 52.76%, Err 0 (0.0e+00)
1645.970 .... 3393 packets received, 4225 bps, 52.81%, Err 0 (0.0e+00)
1648.075 .... 3401 packets received, 4230 bps, 52.87%, Err 0 (0.0e+00)
1650.190 .... 3409 packets received, 4234 bps, 52.93%, Err 0 (0.0e+00)
1652.280 .... 3417 packets received, 4239 bps, 52.98%, Err 0 (0.0e+00)
1654.405 .... 3425 packets received, 4243 bps, 53.04%, Err 0 (0.0e+00)
1656.546 .... 3433 packets received, 4248 bps, 53.10%, Err 0 (0.0e+00)
1658.638 .... 3441 packets received, 4252 bps, 53.15%, Err 0 (0.0e+00)
1660.774 .... 3449 packets received, 4257 bps, 53.21%, Err 0 (0.0e+00)
1662.862 .... 3457 packets received, 4261 bps, 53.26%, Err 0 (0.0e+00)
1664.951 .... 3465 packets received, 4266 bps, 53.32%, Err 0 (0.0e+00)
1667.072 .... 3473 packets received, 4270 bps, 53.37%, Err 0 (0.0e+00)
1669.176 .... 3481 packets received, 4274 bps, 53.43%, Err 0 (0.0e+00)
1671.301 .... 3489 packets received, 4279 bps, 53.48%, Err 0 (0.0e+00)
1673.395 .... 3497 packets received, 4283 bps, 53.54%, Err 0 (0.0e+00)
1675.557 .... 3505 packets received, 4287 bps, 53.59%, Err 0 (0.0e+00)
1677.653 .... 3513 packets received, 4292 bps, 53.65%, Err 0 (0.0e+00)
1679.727 .... 3521 packets received, 4296 bps, 53.70%, Err 0 (0.0e+00)
1681.854 .... 3529 packets received, 4301 bps, 53.76%, Err 0 (0.0e+00)
1684.008 .... 3537 packets received, 4305 bps, 53.81%, Err 0 (0.0e+00)
1686.066 .... 3545 packets received, 4309 bps, 53.87%, Err 0 (0.0e+00)
1688.214 .... 3553 packets received, 4314 bps, 53.92%, Err 0 (0.0e+00)
1690.312 .... 3561 packets received, 4318 bps, 53.97%, Err 0 (0.0e+00)
1692.438 .... 3569 packets received, 4322 bps, 54.03%, Err 0 (0.0e+00)
1694.526 .... 3577 packets received, 4327 bps, 54.08%, Err 0 (0.0e+00)
1696.656 .... 3585 packets received, 4331 bps, 54.13%, Err 0 (0.0e+00)
1698.734 .... 3593 packets received, 4335 bps, 54.19%, Err 0 (0.0e+00)
1704.432 .... 3600 packets received, 4329 bps, 54.11%, Err 0 (0.0e+00)
1708.566 .... 3601 packets received, 4320 bps, 54.00%, Err 0 (0.0e+00)
1712.582 .... 3602 packets received, 4311 bps, 53.88%, Err 0 (0.0e+00)
1716.696 .... 3603 packets received, 4302 bps, 53.77%, Err 0 (0.0e+00)
1720.887 .... 3604 packets received, 4292 bps, 53.65%, Err 0 (0.0e+00)
1724.985 .... 3605 packets received, 4283 bps, 53.54%, Err 0 (0.0e+00)
1729.173 .... 3606 packets received, 4274 bps, 53.43%, Err 0 (0.0e+00)
1733.322 .... 3607 packets received, 4265 bps, 53.31%, Err 0 (0.0e+00)
1737.425 .... 3608 packets received, 4256 bps, 53.20%, Err 0 (0.0e+00)
1741.659 .... 3609 packets received, 4247 bps, 53.09%, Err 0 (0.0e+00)
1745.747 .... 3610 packets received, 4238 bps, 52.98%, Err 0 (0.0e+00)
1749.878 .... 3611 packets received, 4229 bps, 52.87%, Err 0 (0.0e+00)
1753.951 .... 3612 packets received, 4221 bps, 52.76%, Err 0 (0.0e+00)
1758.146 .... 3613 packets received, 4212 bps, 52.65%, Err 0 (0.0e+00)
1762.302 .... 3614 packets received, 4203 bps, 52.54%, Err 0 (0.0e+00)
1766.540 .... 3615 packets received, 4194 bps, 52.43%, Err 0 (0.0e+00)
1770.716 .... 3616 packets received, 4185 bps, 52.32%, Err 0 (0.0e+00)
1774.834 .... 3617 packets received, 4177 bps, 52.21%, Err 0 (0.0e+00)
1779.061 .... 3618 packets received, 4168 bps, 52.10%, Err 0 (0.0e+00)
1783.160 .... 3619 packets received, 4160 bps, 51.99%, Err 0 (0.0e+00)
1787.186 .... 3620 packets received, 4151 bps, 51.89%, Err 0 (0.0e+00)
1791.446 .... 3621 packets received, 4143 bps, 51.78%, Err 0 (0.0e+00)
1795.558 .... 3622 packets received, 4134 bps, 51.68%, Err 0 (0.0e+00)
1799.591 .... 3623 packets received, 4126 bps, 51.58%, Err 0 (0.0e+00)
1801.871 .... 3629 packets received, 4128 bps, 51.60%, Err 0 (0.0e+00)
1803.955 .... 3637 packets received, 4132 bps, 51.65%, Err 0 (0.0e+00)
1806.053 .... 3645 packets received, 4136 bps, 51.70%, Err 0 (0.0e+00)
1808.190 .... 3653 packets received, 4141 bps, 51.76%, Err 0 (0.0e+00)
1810.296 .... 3661 packets received, 4145 bps, 51.81%, Err 0 (0.0e+00)
1812.404 .... 3669 packets received, 4149 bps, 51.86%, Err 0 (0.0e+00)
1814.520 .... 3677 packets received, 4153 bps, 51.91%, Err 0 (0.0e+00)
1816.622 .... 3685 packets received, 4157 bps, 51.97%, Err 0 (0.0e+00)
1818.731 .... 3693 packets received, 4162 bps, 52.02%, Err 0 (0.0e+00)
1820.836 .... 3701 packets received, 4166 bps, 52.07%, Err 0 (0.0e+00)
1822.958 .... 3709 packets received, 4170 bps, 52.12%, Err 0 (0.0e+00)
1825.057 .... 3717 packets received, 4174 bps, 52.18%, Err 0 (0.0e+00)
1827.229 .... 3725 packets received, 4178 bps, 52.23%, Err 0 (0.0e+00)
1829.289 .... 3733 packets received, 4182 bps, 52.28%, Err 0 (0.0e+00)
1831.436 .... 3741 packets received, 4186 bps, 52.33%, Err 0 (0.0e+00)
1833.557 .... 3749 packets received, 4190 bps, 52.38%, Err 0 (0.0e+00)
1835.631 .... 3757 packets received, 4195 bps, 52.43%, Err 0 (0.0e+00)
1837.752 .... 3765 packets received, 4199 bps, 52.48%, Err 0 (0.0e+00)
1839.869 .... 3773 packets received, 4203 bps, 52.54%, Err 0 (0.0e+00)
1841.976 .... 3781 packets received, 4207 bps, 52.59%, Err 0 (0.0e+00)
1844.073 .... 3789 packets received, 4211 bps, 52.64%, Err 0 (0.0e+00)
1846.220 .... 3797 packets received, 4215 bps, 52.69%, Err 0 (0.0e+00)
1848.320 .... 3805 packets received, 4219 bps, 52.74%, Err 0 (0.0e+00)
1850.440 .... 3813 packets received, 4223 bps, 52.79%, Err 0 (0.0e+00)
1852.589 .... 3821 packets received, 4227 bps, 52.84%, Err 0 (0.0e+00)
1854.649 .... 3829 packets received, 4231 bps, 52.89%, Err 0 (0.0e+00)
1856.750 .... 3837 packets received, 4235 bps, 52.94%, Err 0 (0.0e+00)
1858.859 .... 3845 packets received, 4239 bps, 52.99%, Err 0 (0.0e+00)
1860.999 .... 3853 packets received, 4243 bps, 53.04%, Err 0 (0.0e+00)
1863.084 .... 3861 packets received, 4247 bps, 53.09%, Err 0 (0.0e+00)
1865.187 .... 3869 packets received, 4251 bps, 53.14%, Err 0 (0.0e+00)
1867.302 .... 3877 packets received, 4255 bps, 53.19%, Err 0 (0.0e+00)
1869.450 .... 3885 packets received, 4259 bps, 53.24%, Err 0 (0.0e+00)
1871.524 .... 3893 packets received, 4263 bps, 53.29%, Err 0 (0.0e+00)
1873.636 .... 3901 packets received, 4267 bps, 53.34%, Err 0 (0.0e+00)
1875.789 .... 3909 packets received, 4271 bps, 53.39%, Err 0 (0.0e+00)
1877.864 .... 3917 packets received, 4275 bps, 53.44%, Err 0 (0.0e+00)
1880.010 .... 3925 packets received, 4279 bps, 53.48%, Err 0 (0.0e+00)
1882.108 .... 3933 packets received, 4283 bps, 53.53%, Err 0 (0.0e+00)
1884.238 .... 3941 packets received, 4287 bps, 53.58%, Err 0 (0.0e+00)
1886.307 .... 3949 packets received, 4291 bps, 53.63%, Err 0 (0.0e+00)
1888.434 .... 3957 packets received, 4294 bps, 53.68%, Err 0 (0.0e+00)
1890.554 .... 3965 packets received, 4298 bps, 53.73%, Err 0 (0.0e+00)
1892.683 .... 3973 packets received, 4302 bps, 53.78%, Err 0 (0.0e+00)
1894.792 .... 3981 packets received, 4306 bps, 53.82%, Err 0 (0.0e+00)
1896.867 .... 3989 packets received, 4310 bps, 53.87%, Err 0 (0.0e+00)
1898.986 .... 3997 packets received, 4314 bps, 53.92%, Err 0 (0.0e+00)
1904.357 .... 4003 packets received, 4308 bps, 53.85%, Err 0 (0.0e+00)
1908.476 .... 4004 packets received, 4300 bps, 53.75%, Err 0 (0.0e+00)
1912.594 .... 4005 packets received, 4292 bps, 53.64%, Err 0 (0.0e+00)
1916.646 .... 4006 packets received, 4283 bps, 53.54%, Err 0 (0.0e+00)
1920.835 .... 4007 packets received, 4275 bps, 53.44%, Err 0 (0.0e+00)
1924.988 .... 4008 packets received, 4267 bps, 53.34%, Err 0 (0.0e+00)
1929.062 .... 4009 packets received, 4259 bps, 53.24%, Err 0 (0.0e+00)
1933.151 .... 4010 packets received, 4251 bps, 53.14%, Err 0 (0.0e+00)
1937.191 .... 4011 packets received, 4243 bps, 53.04%, Err 0 (0.0e+00)
1939.891 TCP Disconnected.
