000.000 =============================================================
000.000                     Station A                               
000.000 -------------------------------------------------------------
000.000 Protocol.lib, version 4.0, jiangyanjun0718@bupt.edu.cn
000.000 Channel: 8000 bps, 270 ms propagation delay, bit error rate 0
000.000 Log file "F:\Code\20250418(network lab1)\upload\SR-MAX-A.log", TCP port 59144, debug mask 0x00
000.000 Station A is waiting for station B on TCP port 59144 ... Done.
000.131 New epoch: Tue May  6 09:36:37 2025
000.131 =================================================================
000.131 
000.131 SR-3, 构建时间: May  5 2025  21:24:47
002.528 .... 8 packets received, 7674 bps, 95.93%, Err 0 (0.0e+00)
004.654 .... 16 packets received, 7690 bps, 96.13%, Err 0 (0.0e+00)
006.732 .... 24 packets received, 7754 bps, 96.92%, Err 0 (0.0e+00)
008.871 .... 32 packets received, 7730 bps, 96.63%, Err 0 (0.0e+00)
010.989 .... 40 packets received, 7731 bps, 96.64%, Err 0 (0.0e+00)
013.104 .... 48 packets received, 7734 bps, 96.67%, Err 0 (0.0e+00)
015.192 .... 56 packets received, 7750 bps, 96.87%, Err 0 (0.0e+00)
017.290 .... 64 packets received, 7757 bps, 96.96%, Err 0 (0.0e+00)
019.409 .... 72 packets received, 7754 bps, 96.93%, Err 0 (0.0e+00)
021.550 .... 80 packets received, 7744 bps, 96.80%, Err 0 (0.0e+00)
023.639 .... 88 packets received, 7753 bps, 96.92%, Err 0 (0.0e+00)
025.798 .... 96 packets received, 7739 bps, 96.74%, Err 0 (0.0e+00)
027.865 .... 104 packets received, 7753 bps, 96.91%, Err 0 (0.0e+00)
029.963 .... 112 packets received, 7757 bps, 96.96%, Err 0 (0.0e+00)
032.120 .... 120 packets received, 7746 bps, 96.83%, Err 0 (0.0e+00)
034.221 .... 128 packets received, 7749 bps, 96.87%, Err 0 (0.0e+00)
036.343 .... 136 packets received, 7748 bps, 96.85%, Err 0 (0.0e+00)
038.429 .... 144 packets received, 7753 bps, 96.92%, Err 0 (0.0e+00)
040.548 .... 152 packets received, 7752 bps, 96.90%, Err 0 (0.0e+00)
042.669 .... 160 packets received, 7751 bps, 96.89%, Err 0 (0.0e+00)
044.754 .... 168 packets received, 7756 bps, 96.95%, Err 0 (0.0e+00)
046.878 .... 176 packets received, 7754 bps, 96.93%, Err 0 (0.0e+00)
048.978 .... 184 packets received, 7756 bps, 96.95%, Err 0 (0.0e+00)
051.089 .... 192 packets received, 7756 bps, 96.95%, Err 0 (0.0e+00)
053.204 .... 200 packets received, 7756 bps, 96.95%, Err 0 (0.0e+00)
055.341 .... 208 packets received, 7752 bps, 96.91%, Err 0 (0.0e+00)
057.445 .... 216 packets received, 7754 bps, 96.92%, Err 0 (0.0e+00)
059.555 .... 224 packets received, 7754 bps, 96.93%, Err 0 (0.0e+00)
061.658 .... 232 packets received, 7755 bps, 96.94%, Err 0 (0.0e+00)
063.795 .... 240 packets received, 7752 bps, 96.91%, Err 0 (0.0e+00)
065.923 .... 248 packets received, 7751 bps, 96.88%, Err 0 (0.0e+00)
068.015 .... 256 packets received, 7753 bps, 96.92%, Err 0 (0.0e+00)
070.102 .... 264 packets received, 7756 bps, 96.95%, Err 0 (0.0e+00)
072.244 .... 272 packets received, 7753 bps, 96.91%, Err 0 (0.0e+00)
074.347 .... 280 packets received, 7754 bps, 96.93%, Err 0 (0.0e+00)
076.481 .... 288 packets received, 7752 bps, 96.90%, Err 0 (0.0e+00)
078.584 .... 296 packets received, 7753 bps, 96.91%, Err 0 (0.0e+00)
080.672 .... 304 packets received, 7755 bps, 96.94%, Err 0 (0.0e+00)
082.811 .... 312 packets received, 7753 bps, 96.91%, Err 0 (0.0e+00)
084.946 .... 320 packets received, 7751 bps, 96.89%, Err 0 (0.0e+00)
087.024 .... 328 packets received, 7754 bps, 96.93%, Err 0 (0.0e+00)
089.129 .... 336 packets received, 7755 bps, 96.93%, Err 0 (0.0e+00)
091.246 .... 344 packets received, 7754 bps, 96.93%, Err 0 (0.0e+00)
093.351 .... 352 packets received, 7755 bps, 96.94%, Err 0 (0.0e+00)
095.475 .... 360 packets received, 7754 bps, 96.93%, Err 0 (0.0e+00)
097.601 .... 368 packets received, 7753 bps, 96.91%, Err 0 (0.0e+00)
099.689 .... 376 packets received, 7755 bps, 96.94%, Err 0 (0.0e+00)
101.805 .... 384 packets received, 7755 bps, 96.94%, Err 0 (0.0e+00)
103.893 .... 392 packets received, 7757 bps, 96.96%, Err 0 (0.0e+00)
106.018 .... 400 packets received, 7756 bps, 96.95%, Err 0 (0.0e+00)
108.152 .... 408 packets received, 7754 bps, 96.93%, Err 0 (0.0e+00)
110.255 .... 416 packets received, 7755 bps, 96.94%, Err 0 (0.0e+00)
112.380 .... 424 packets received, 7754 bps, 96.93%, Err 0 (0.0e+00)
114.476 .... 432 packets received, 7755 bps, 96.94%, Err 0 (0.0e+00)
116.595 .... 440 packets received, 7755 bps, 96.93%, Err 0 (0.0e+00)
118.742 .... 448 packets received, 7753 bps, 96.91%, Err 0 (0.0e+00)
120.812 .... 456 packets received, 7755 bps, 96.94%, Err 0 (0.0e+00)
122.937 .... 464 packets received, 7755 bps, 96.93%, Err 0 (0.0e+00)
125.041 .... 472 packets received, 7755 bps, 96.94%, Err 0 (0.0e+00)
127.140 .... 480 packets received, 7756 bps, 96.95%, Err 0 (0.0e+00)
129.279 .... 488 packets received, 7754 bps, 96.93%, Err 0 (0.0e+00)
131.368 .... 496 packets received, 7756 bps, 96.95%, Err 0 (0.0e+00)
133.492 .... 504 packets received, 7755 bps, 96.94%, Err 0 (0.0e+00)
135.598 .... 512 packets received, 7755 bps, 96.94%, Err 0 (0.0e+00)
137.701 .... 520 packets received, 7756 bps, 96.95%, Err 0 (0.0e+00)
139.848 .... 528 packets received, 7754 bps, 96.93%, Err 0 (0.0e+00)
141.927 .... 536 packets received, 7756 bps, 96.95%, Err 0 (0.0e+00)
144.048 .... 544 packets received, 7755 bps, 96.94%, Err 0 (0.0e+00)
146.155 .... 552 packets received, 7756 bps, 96.95%, Err 0 (0.0e+00)
148.259 .... 560 packets received, 7756 bps, 96.95%, Err 0 (0.0e+00)
150.402 .... 568 packets received, 7755 bps, 96.93%, Err 0 (0.0e+00)
152.508 .... 576 packets received, 7755 bps, 96.94%, Err 0 (0.0e+00)
154.624 .... 584 packets received, 7755 bps, 96.94%, Err 0 (0.0e+00)
156.727 .... 592 packets received, 7755 bps, 96.94%, Err 0 (0.0e+00)
158.830 .... 600 packets received, 7756 bps, 96.95%, Err 0 (0.0e+00)
160.946 .... 608 packets received, 7756 bps, 96.94%, Err 0 (0.0e+00)
163.065 .... 616 packets received, 7755 bps, 96.94%, Err 0 (0.0e+00)
165.140 .... 624 packets received, 7757 bps, 96.96%, Err 0 (0.0e+00)
167.307 .... 632 packets received, 7755 bps, 96.93%, Err 0 (0.0e+00)
169.385 .... 640 packets received, 7756 bps, 96.95%, Err 0 (0.0e+00)
171.515 .... 648 packets received, 7755 bps, 96.94%, Err 0 (0.0e+00)
173.604 .... 656 packets received, 7756 bps, 96.95%, Err 0 (0.0e+00)
175.725 .... 664 packets received, 7756 bps, 96.95%, Err 0 (0.0e+00)
177.830 .... 672 packets received, 7756 bps, 96.95%, Err 0 (0.0e+00)
179.973 .... 680 packets received, 7755 bps, 96.94%, Err 0 (0.0e+00)
182.089 .... 688 packets received, 7755 bps, 96.94%, Err 0 (0.0e+00)
184.168 .... 696 packets received, 7756 bps, 96.95%, Err 0 (0.0e+00)
186.289 .... 704 packets received, 7756 bps, 96.95%, Err 0 (0.0e+00)
188.404 .... 712 packets received, 7756 bps, 96.95%, Err 0 (0.0e+00)
190.492 .... 720 packets received, 7757 bps, 96.96%, Err 0 (0.0e+00)
192.614 .... 728 packets received, 7756 bps, 96.96%, Err 0 (0.0e+00)
194.748 .... 736 packets received, 7756 bps, 96.94%, Err 0 (0.0e+00)
196.835 .... 744 packets received, 7757 bps, 96.96%, Err 0 (0.0e+00)
198.944 .... 752 packets received, 7757 bps, 96.96%, Err 0 (0.0e+00)
201.094 .... 760 packets received, 7755 bps, 96.94%, Err 0 (0.0e+00)
203.161 .... 768 packets received, 7757 bps, 96.96%, Err 0 (0.0e+00)
205.311 .... 776 packets received, 7756 bps, 96.94%, Err 0 (0.0e+00)
207.413 .... 784 packets received, 7756 bps, 96.95%, Err 0 (0.0e+00)
209.517 .... 792 packets received, 7756 bps, 96.95%, Err 0 (0.0e+00)
211.637 .... 800 packets received, 7756 bps, 96.95%, Err 0 (0.0e+00)
213.745 .... 808 packets received, 7756 bps, 96.95%, Err 0 (0.0e+00)
215.844 .... 816 packets received, 7757 bps, 96.96%, Err 0 (0.0e+00)
217.983 .... 824 packets received, 7756 bps, 96.95%, Err 0 (0.0e+00)
220.102 .... 832 packets received, 7755 bps, 96.94%, Err 0 (0.0e+00)
222.183 .... 840 packets received, 7757 bps, 96.96%, Err 0 (0.0e+00)
224.301 .... 848 packets received, 7756 bps, 96.95%, Err 0 (0.0e+00)
226.413 .... 856 packets received, 7756 bps, 96.95%, Err 0 (0.0e+00)
228.533 .... 864 packets received, 7756 bps, 96.95%, Err 0 (0.0e+00)
230.673 .... 872 packets received, 7755 bps, 96.94%, Err 0 (0.0e+00)
232.743 .... 880 packets received, 7757 bps, 96.96%, Err 0 (0.0e+00)
234.893 .... 888 packets received, 7755 bps, 96.94%, Err 0 (0.0e+00)
236.986 .... 896 packets received, 7756 bps, 96.95%, Err 0 (0.0e+00)
239.071 .... 904 packets received, 7757 bps, 96.96%, Err 0 (0.0e+00)
241.204 .... 912 packets received, 7756 bps, 96.95%, Err 0 (0.0e+00)
243.307 .... 920 packets received, 7756 bps, 96.96%, Err 0 (0.0e+00)
245.437 .... 928 packets received, 7756 bps, 96.95%, Err 0 (0.0e+00)
247.554 .... 936 packets received, 7756 bps, 96.95%, Err 0 (0.0e+00)
249.644 .... 944 packets received, 7756 bps, 96.96%, Err 0 (0.0e+00)
251.783 .... 952 packets received, 7756 bps, 96.95%, Err 0 (0.0e+00)
253.886 .... 960 packets received, 7756 bps, 96.95%, Err 0 (0.0e+00)
256.003 .... 968 packets received, 7756 bps, 96.95%, Err 0 (0.0e+00)
258.118 .... 976 packets received, 7756 bps, 96.95%, Err 0 (0.0e+00)
260.225 .... 984 packets received, 7756 bps, 96.95%, Err 0 (0.0e+00)
262.324 .... 992 packets received, 7756 bps, 96.95%, Err 0 (0.0e+00)
264.448 .... 1000 packets received, 7756 bps, 96.95%, Err 0 (0.0e+00)
266.550 .... 1008 packets received, 7756 bps, 96.95%, Err 0 (0.0e+00)
268.651 .... 1016 packets received, 7757 bps, 96.96%, Err 0 (0.0e+00)
270.788 .... 1024 packets received, 7756 bps, 96.95%, Err 0 (0.0e+00)
272.881 .... 1032 packets received, 7756 bps, 96.96%, Err 0 (0.0e+00)
275.016 .... 1040 packets received, 7756 bps, 96.95%, Err 0 (0.0e+00)
277.125 .... 1048 packets received, 7756 bps, 96.95%, Err 0 (0.0e+00)
279.232 .... 1056 packets received, 7756 bps, 96.95%, Err 0 (0.0e+00)
281.345 .... 1064 packets received, 7756 bps, 96.95%, Err 0 (0.0e+00)
283.438 .... 1072 packets received, 7757 bps, 96.96%, Err 0 (0.0e+00)
285.572 .... 1080 packets received, 7756 bps, 96.95%, Err 0 (0.0e+00)
287.665 .... 1088 packets received, 7756 bps, 96.96%, Err 0 (0.0e+00)
289.807 .... 1096 packets received, 7756 bps, 96.95%, Err 0 (0.0e+00)
291.887 .... 1104 packets received, 7757 bps, 96.96%, Err 0 (0.0e+00)
294.036 .... 1112 packets received, 7756 bps, 96.94%, Err 0 (0.0e+00)
296.114 .... 1120 packets received, 7757 bps, 96.96%, Err 0 (0.0e+00)
298.242 .... 1128 packets received, 7756 bps, 96.95%, Err 0 (0.0e+00)
300.330 .... 1136 packets received, 7757 bps, 96.96%, Err 0 (0.0e+00)
302.441 .... 1144 packets received, 7757 bps, 96.96%, Err 0 (0.0e+00)
304.580 .... 1152 packets received, 7756 bps, 96.95%, Err 0 (0.0e+00)
306.675 .... 1160 packets received, 7757 bps, 96.96%, Err 0 (0.0e+00)
308.802 .... 1168 packets received, 7756 bps, 96.95%, Err 0 (0.0e+00)
310.889 .... 1176 packets received, 7757 bps, 96.96%, Err 0 (0.0e+00)
313.031 .... 1184 packets received, 7756 bps, 96.95%, Err 0 (0.0e+00)
315.117 .... 1192 packets received, 7757 bps, 96.96%, Err 0 (0.0e+00)
317.225 .... 1200 packets received, 7757 bps, 96.96%, Err 0 (0.0e+00)
319.368 .... 1208 packets received, 7756 bps, 96.95%, Err 0 (0.0e+00)
321.506 .... 1216 packets received, 7755 bps, 96.94%, Err 0 (0.0e+00)
323.585 .... 1224 packets received, 7756 bps, 96.95%, Err 0 (0.0e+00)
325.695 .... 1232 packets received, 7756 bps, 96.95%, Err 0 (0.0e+00)
327.825 .... 1240 packets received, 7756 bps, 96.95%, Err 0 (0.0e+00)
329.899 .... 1248 packets received, 7757 bps, 96.96%, Err 0 (0.0e+00)
332.051 .... 1256 packets received, 7756 bps, 96.95%, Err 0 (0.0e+00)
334.122 .... 1264 packets received, 7757 bps, 96.96%, Err 0 (0.0e+00)
336.274 .... 1272 packets received, 7756 bps, 96.95%, Err 0 (0.0e+00)
338.364 .... 1280 packets received, 7756 bps, 96.96%, Err 0 (0.0e+00)
340.469 .... 1288 packets received, 7757 bps, 96.96%, Err 0 (0.0e+00)
342.592 .... 1296 packets received, 7756 bps, 96.95%, Err 0 (0.0e+00)
344.720 .... 1304 packets received, 7756 bps, 96.95%, Err 0 (0.0e+00)
346.796 .... 1312 packets received, 7757 bps, 96.96%, Err 0 (0.0e+00)
348.905 .... 1320 packets received, 7757 bps, 96.96%, Err 0 (0.0e+00)
351.031 .... 1328 packets received, 7757 bps, 96.96%, Err 0 (0.0e+00)
353.145 .... 1336 packets received, 7757 bps, 96.96%, Err 0 (0.0e+00)
355.268 .... 1344 packets received, 7756 bps, 96.95%, Err 0 (0.0e+00)
357.379 .... 1352 packets received, 7756 bps, 96.95%, Err 0 (0.0e+00)
359.513 .... 1360 packets received, 7756 bps, 96.95%, Err 0 (0.0e+00)
361.615 .... 1368 packets received, 7756 bps, 96.95%, Err 0 (0.0e+00)
363.704 .... 1376 packets received, 7757 bps, 96.96%, Err 0 (0.0e+00)
365.833 .... 1384 packets received, 7756 bps, 96.95%, Err 0 (0.0e+00)
367.937 .... 1392 packets received, 7756 bps, 96.95%, Err 0 (0.0e+00)
370.047 .... 1400 packets received, 7756 bps, 96.96%, Err 0 (0.0e+00)
372.140 .... 1408 packets received, 7757 bps, 96.96%, Err 0 (0.0e+00)
374.261 .... 1416 packets received, 7757 bps, 96.96%, Err 0 (0.0e+00)
376.364 .... 1424 packets received, 7757 bps, 96.96%, Err 0 (0.0e+00)
378.497 .... 1432 packets received, 7756 bps, 96.96%, Err 0 (0.0e+00)
380.616 .... 1440 packets received, 7756 bps, 96.95%, Err 0 (0.0e+00)
382.734 .... 1448 packets received, 7756 bps, 96.95%, Err 0 (0.0e+00)
384.839 .... 1456 packets received, 7756 bps, 96.95%, Err 0 (0.0e+00)
386.939 .... 1464 packets received, 7757 bps, 96.96%, Err 0 (0.0e+00)
389.075 .... 1472 packets received, 7756 bps, 96.95%, Err 0 (0.0e+00)
391.168 .... 1480 packets received, 7756 bps, 96.96%, Err 0 (0.0e+00)
393.288 .... 1488 packets received, 7756 bps, 96.95%, Err 0 (0.0e+00)
395.379 .... 1496 packets received, 7757 bps, 96.96%, Err 0 (0.0e+00)
397.514 .... 1504 packets received, 7756 bps, 96.95%, Err 0 (0.0e+00)
399.611 .... 1512 packets received, 7757 bps, 96.96%, Err 0 (0.0e+00)
401.730 .... 1520 packets received, 7756 bps, 96.96%, Err 0 (0.0e+00)
403.826 .... 1528 packets received, 7757 bps, 96.96%, Err 0 (0.0e+00)
405.963 .... 1536 packets received, 7756 bps, 96.95%, Err 0 (0.0e+00)
408.076 .... 1544 packets received, 7756 bps, 96.95%, Err 0 (0.0e+00)
410.180 .... 1552 packets received, 7756 bps, 96.96%, Err 0 (0.0e+00)
412.315 .... 1560 packets received, 7756 bps, 96.95%, Err 0 (0.0e+00)
414.402 .... 1568 packets received, 7757 bps, 96.96%, Err 0 (0.0e+00)
416.517 .... 1576 packets received, 7756 bps, 96.96%, Err 0 (0.0e+00)
418.618 .... 1584 packets received, 7757 bps, 96.96%, Err 0 (0.0e+00)
420.764 .... 1592 packets received, 7756 bps, 96.95%, Err 0 (0.0e+00)
422.839 .... 1600 packets received, 7757 bps, 96.96%, Err 0 (0.0e+00)
424.996 .... 1608 packets received, 7756 bps, 96.95%, Err 0 (0.0e+00)
427.083 .... 1616 packets received, 7756 bps, 96.95%, Err 0 (0.0e+00)
429.210 .... 1624 packets received, 7756 bps, 96.95%, Err 0 (0.0e+00)
431.311 .... 1632 packets received, 7756 bps, 96.95%, Err 0 (0.0e+00)
433.397 .... 1640 packets received, 7757 bps, 96.96%, Err 0 (0.0e+00)
435.533 .... 1648 packets received, 7756 bps, 96.95%, Err 0 (0.0e+00)
437.627 .... 1656 packets received, 7757 bps, 96.96%, Err 0 (0.0e+00)
439.762 .... 1664 packets received, 7756 bps, 96.95%, Err 0 (0.0e+00)
441.851 .... 1672 packets received, 7757 bps, 96.96%, Err 0 (0.0e+00)
444.004 .... 1680 packets received, 7756 bps, 96.95%, Err 0 (0.0e+00)
446.095 .... 1688 packets received, 7756 bps, 96.95%, Err 0 (0.0e+00)
448.199 .... 1696 packets received, 7757 bps, 96.96%, Err 0 (0.0e+00)
450.323 .... 1704 packets received, 7756 bps, 96.95%, Err 0 (0.0e+00)
452.410 .... 1712 packets received, 7757 bps, 96.96%, Err 0 (0.0e+00)
454.527 .... 1720 packets received, 7757 bps, 96.96%, Err 0 (0.0e+00)
456.678 .... 1728 packets received, 7756 bps, 96.95%, Err 0 (0.0e+00)
458.754 .... 1736 packets received, 7757 bps, 96.96%, Err 0 (0.0e+00)
460.870 .... 1744 packets received, 7757 bps, 96.96%, Err 0 (0.0e+00)
462.990 .... 1752 packets received, 7756 bps, 96.96%, Err 0 (0.0e+00)
465.121 .... 1760 packets received, 7756 bps, 96.95%, Err 0 (0.0e+00)
467.209 .... 1768 packets received, 7757 bps, 96.96%, Err 0 (0.0e+00)
469.341 .... 1776 packets received, 7756 bps, 96.95%, Err 0 (0.0e+00)
471.458 .... 1784 packets received, 7756 bps, 96.95%, Err 0 (0.0e+00)
473.560 .... 1792 packets received, 7756 bps, 96.95%, Err 0 (0.0e+00)
475.653 .... 1800 packets received, 7757 bps, 96.96%, Err 0 (0.0e+00)
477.769 .... 1808 packets received, 7757 bps, 96.96%, Err 0 (0.0e+00)
479.905 .... 1816 packets received, 7756 bps, 96.95%, Err 0 (0.0e+00)
482.029 .... 1824 packets received, 7756 bps, 96.95%, Err 0 (0.0e+00)
484.119 .... 1832 packets received, 7756 bps, 96.95%, Err 0 (0.0e+00)
486.222 .... 1840 packets received, 7756 bps, 96.96%, Err 0 (0.0e+00)
488.358 .... 1848 packets received, 7756 bps, 96.95%, Err 0 (0.0e+00)
490.447 .... 1856 packets received, 7756 bps, 96.96%, Err 0 (0.0e+00)
492.576 .... 1864 packets received, 7756 bps, 96.95%, Err 0 (0.0e+00)
494.675 .... 1872 packets received, 7756 bps, 96.96%, Err 0 (0.0e+00)
496.809 .... 1880 packets received, 7756 bps, 96.95%, Err 0 (0.0e+00)
498.884 .... 1888 packets received, 7757 bps, 96.96%, Err 0 (0.0e+00)
501.002 .... 1896 packets received, 7757 bps, 96.96%, Err 0 (0.0e+00)
503.155 .... 1904 packets received, 7756 bps, 96.95%, Err 0 (0.0e+00)
505.255 .... 1912 packets received, 7756 bps, 96.95%, Err 0 (0.0e+00)
507.326 .... 1920 packets received, 7757 bps, 96.96%, Err 0 (0.0e+00)
509.469 .... 1928 packets received, 7756 bps, 96.95%, Err 0 (0.0e+00)
511.557 .... 1936 packets received, 7757 bps, 96.96%, Err 0 (0.0e+00)
513.675 .... 1944 packets received, 7757 bps, 96.96%, Err 0 (0.0e+00)
515.802 .... 1952 packets received, 7756 bps, 96.95%, Err 0 (0.0e+00)
517.893 .... 1960 packets received, 7757 bps, 96.96%, Err 0 (0.0e+00)
519.999 .... 1968 packets received, 7757 bps, 96.96%, Err 0 (0.0e+00)
522.151 .... 1976 packets received, 7756 bps, 96.95%, Err 0 (0.0e+00)
524.236 .... 1984 packets received, 7757 bps, 96.96%, Err 0 (0.0e+00)
526.356 .... 1992 packets received, 7756 bps, 96.96%, Err 0 (0.0e+00)
528.472 .... 2000 packets received, 7756 bps, 96.96%, Err 0 (0.0e+00)
530.581 .... 2008 packets received, 7756 bps, 96.96%, Err 0 (0.0e+00)
532.716 .... 2016 packets received, 7756 bps, 96.95%, Err 0 (0.0e+00)
534.804 .... 2024 packets received, 7756 bps, 96.96%, Err 0 (0.0e+00)
536.920 .... 2032 packets received, 7756 bps, 96.96%, Err 0 (0.0e+00)
539.026 .... 2040 packets received, 7757 bps, 96.96%, Err 0 (0.0e+00)
541.144 .... 2048 packets received, 7756 bps, 96.96%, Err 0 (0.0e+00)
543.241 .... 2056 packets received, 7757 bps, 96.96%, Err 0 (0.0e+00)
545.351 .... 2064 packets received, 7757 bps, 96.96%, Err 0 (0.0e+00)
547.500 .... 2072 packets received, 7756 bps, 96.95%, Err 0 (0.0e+00)
549.590 .... 2080 packets received, 7756 bps, 96.96%, Err 0 (0.0e+00)
551.697 .... 2088 packets received, 7757 bps, 96.96%, Err 0 (0.0e+00)
553.805 .... 2096 packets received, 7757 bps, 96.96%, Err 0 (0.0e+00)
555.924 .... 2104 packets received, 7757 bps, 96.96%, Err 0 (0.0e+00)
558.026 .... 2112 packets received, 7757 bps, 96.96%, Err 0 (0.0e+00)
560.151 .... 2120 packets received, 7756 bps, 96.96%, Err 0 (0.0e+00)
562.253 .... 2128 packets received, 7757 bps, 96.96%, Err 0 (0.0e+00)
564.389 .... 2136 packets received, 7756 bps, 96.95%, Err 0 (0.0e+00)
566.478 .... 2144 packets received, 7757 bps, 96.96%, Err 0 (0.0e+00)
568.581 .... 2152 packets received, 7757 bps, 96.96%, Err 0 (0.0e+00)
570.709 .... 2160 packets received, 7757 bps, 96.96%, Err 0 (0.0e+00)
572.842 .... 2168 packets received, 7756 bps, 96.95%, Err 0 (0.0e+00)
574.915 .... 2176 packets received, 7757 bps, 96.96%, Err 0 (0.0e+00)
577.050 .... 2184 packets received, 7756 bps, 96.96%, Err 0 (0.0e+00)
579.167 .... 2192 packets received, 7756 bps, 96.96%, Err 0 (0.0e+00)
581.306 .... 2200 packets received, 7756 bps, 96.95%, Err 0 (0.0e+00)
583.393 .... 2208 packets received, 7756 bps, 96.96%, Err 0 (0.0e+00)
585.483 .... 2216 packets received, 7757 bps, 96.96%, Err 0 (0.0e+00)
587.604 .... 2224 packets received, 7757 bps, 96.96%, Err 0 (0.0e+00)
589.739 .... 2232 packets received, 7756 bps, 96.95%, Err 0 (0.0e+00)
591.843 .... 2240 packets received, 7756 bps, 96.95%, Err 0 (0.0e+00)
593.924 .... 2248 packets received, 7757 bps, 96.96%, Err 0 (0.0e+00)
596.056 .... 2256 packets received, 7757 bps, 96.96%, Err 0 (0.0e+00)
598.188 .... 2264 packets received, 7756 bps, 96.95%, Err 0 (0.0e+00)
600.266 .... 2272 packets received, 7757 bps, 96.96%, Err 0 (0.0e+00)
602.366 .... 2280 packets received, 7757 bps, 96.96%, Err 0 (0.0e+00)
604.536 .... 2288 packets received, 7756 bps, 96.95%, Err 0 (0.0e+00)
606.599 .... 2296 packets received, 7757 bps, 96.96%, Err 0 (0.0e+00)
608.746 .... 2304 packets received, 7756 bps, 96.95%, Err 0 (0.0e+00)
610.824 .... 2312 packets received, 7757 bps, 96.96%, Err 0 (0.0e+00)
612.968 .... 2320 packets received, 7756 bps, 96.95%, Err 0 (0.0e+00)
615.064 .... 2328 packets received, 7757 bps, 96.96%, Err 0 (0.0e+00)
617.177 .... 2336 packets received, 7757 bps, 96.96%, Err 0 (0.0e+00)
619.280 .... 2344 packets received, 7757 bps, 96.96%, Err 0 (0.0e+00)
621.394 .... 2352 packets received, 7757 bps, 96.96%, Err 0 (0.0e+00)
623.499 .... 2360 packets received, 7757 bps, 96.96%, Err 0 (0.0e+00)
625.604 .... 2368 packets received, 7757 bps, 96.96%, Err 0 (0.0e+00)
627.754 .... 2376 packets received, 7756 bps, 96.95%, Err 0 (0.0e+00)
629.833 .... 2384 packets received, 7757 bps, 96.96%, Err 0 (0.0e+00)
631.972 .... 2392 packets received, 7756 bps, 96.96%, Err 0 (0.0e+00)
634.068 .... 2400 packets received, 7757 bps, 96.96%, Err 0 (0.0e+00)
636.190 .... 2408 packets received, 7757 bps, 96.96%, Err 0 (0.0e+00)
638.304 .... 2416 packets received, 7757 bps, 96.96%, Err 0 (0.0e+00)
640.417 .... 2424 packets received, 7757 bps, 96.96%, Err 0 (0.0e+00)
642.521 .... 2432 packets received, 7757 bps, 96.96%, Err 0 (0.0e+00)
644.638 .... 2440 packets received, 7757 bps, 96.96%, Err 0 (0.0e+00)
646.740 .... 2448 packets received, 7757 bps, 96.96%, Err 0 (0.0e+00)
648.854 .... 2456 packets received, 7757 bps, 96.96%, Err 0 (0.0e+00)
650.958 .... 2464 packets received, 7757 bps, 96.96%, Err 0 (0.0e+00)
653.063 .... 2472 packets received, 7757 bps, 96.96%, Err 0 (0.0e+00)
655.206 .... 2480 packets received, 7756 bps, 96.96%, Err 0 (0.0e+00)
657.283 .... 2488 packets received, 7757 bps, 96.96%, Err 0 (0.0e+00)
659.426 .... 2496 packets received, 7757 bps, 96.96%, Err 0 (0.0e+00)
661.515 .... 2504 packets received, 7757 bps, 96.96%, Err 0 (0.0e+00)
663.621 .... 2512 packets received, 7757 bps, 96.96%, Err 0 (0.0e+00)
665.762 .... 2520 packets received, 7757 bps, 96.96%, Err 0 (0.0e+00)
667.883 .... 2528 packets received, 7756 bps, 96.96%, Err 0 (0.0e+00)
669.994 .... 2536 packets received, 7756 bps, 96.96%, Err 0 (0.0e+00)
672.090 .... 2544 packets received, 7757 bps, 96.96%, Err 0 (0.0e+00)
674.188 .... 2552 packets received, 7757 bps, 96.96%, Err 0 (0.0e+00)
676.317 .... 2560 packets received, 7757 bps, 96.96%, Err 0 (0.0e+00)
678.433 .... 2568 packets received, 7757 bps, 96.96%, Err 0 (0.0e+00)
680.533 .... 2576 packets received, 7757 bps, 96.96%, Err 0 (0.0e+00)
682.651 .... 2584 packets received, 7757 bps, 96.96%, Err 0 (0.0e+00)
684.771 .... 2592 packets received, 7757 bps, 96.96%, Err 0 (0.0e+00)
686.905 .... 2600 packets received, 7756 bps, 96.95%, Err 0 (0.0e+00)
688.990 .... 2608 packets received, 7757 bps, 96.96%, Err 0 (0.0e+00)
691.108 .... 2616 packets received, 7757 bps, 96.96%, Err 0 (0.0e+00)
693.230 .... 2624 packets received, 7756 bps, 96.96%, Err 0 (0.0e+00)
695.319 .... 2632 packets received, 7757 bps, 96.96%, Err 0 (0.0e+00)
697.459 .... 2640 packets received, 7756 bps, 96.95%, Err 0 (0.0e+00)
699.532 .... 2648 packets received, 7757 bps, 96.96%, Err 0 (0.0e+00)
701.696 .... 2656 packets received, 7756 bps, 96.95%, Err 0 (0.0e+00)
703.762 .... 2664 packets received, 7757 bps, 96.96%, Err 0 (0.0e+00)
705.876 .... 2672 packets received, 7757 bps, 96.96%, Err 0 (0.0e+00)
707.991 .... 2680 packets received, 7757 bps, 96.96%, Err 0 (0.0e+00)
710.104 .... 2688 packets received, 7757 bps, 96.96%, Err 0 (0.0e+00)
712.221 .... 2696 packets received, 7757 bps, 96.96%, Err 0 (0.0e+00)
714.328 .... 2704 packets received, 7757 bps, 96.96%, Err 0 (0.0e+00)
716.461 .... 2712 packets received, 7756 bps, 96.96%, Err 0 (0.0e+00)
718.550 .... 2720 packets received, 7757 bps, 96.96%, Err 0 (0.0e+00)
720.656 .... 2728 packets received, 7757 bps, 96.96%, Err 0 (0.0e+00)
722.805 .... 2736 packets received, 7756 bps, 96.96%, Err 0 (0.0e+00)
724.875 .... 2744 packets received, 7757 bps, 96.96%, Err 0 (0.0e+00)
727.012 .... 2752 packets received, 7757 bps, 96.96%, Err 0 (0.0e+00)
729.122 .... 2760 packets received, 7757 bps, 96.96%, Err 0 (0.0e+00)
731.268 .... 2768 packets received, 7756 bps, 96.95%, Err 0 (0.0e+00)
733.325 .... 2776 packets received, 7757 bps, 96.96%, Err 0 (0.0e+00)
735.461 .... 2784 packets received, 7757 bps, 96.96%, Err 0 (0.0e+00)
737.580 .... 2792 packets received, 7757 bps, 96.96%, Err 0 (0.0e+00)
739.684 .... 2800 packets received, 7757 bps, 96.96%, Err 0 (0.0e+00)
741.799 .... 2808 packets received, 7757 bps, 96.96%, Err 0 (0.0e+00)
743.898 .... 2816 packets received, 7757 bps, 96.96%, Err 0 (0.0e+00)
746.004 .... 2824 packets received, 7757 bps, 96.96%, Err 0 (0.0e+00)
748.133 .... 2832 packets received, 7757 bps, 96.96%, Err 0 (0.0e+00)
750.237 .... 2840 packets received, 7757 bps, 96.96%, Err 0 (0.0e+00)
752.363 .... 2848 packets received, 7757 bps, 96.96%, Err 0 (0.0e+00)
754.500 .... 2856 packets received, 7756 bps, 96.95%, Err 0 (0.0e+00)
756.617 .... 2864 packets received, 7756 bps, 96.95%, Err 0 (0.0e+00)
758.690 .... 2872 packets received, 7757 bps, 96.96%, Err 0 (0.0e+00)
760.803 .... 2880 packets received, 7757 bps, 96.96%, Err 0 (0.0e+00)
762.909 .... 2888 packets received, 7757 bps, 96.96%, Err 0 (0.0e+00)
765.033 .... 2896 packets received, 7757 bps, 96.96%, Err 0 (0.0e+00)
767.125 .... 2904 packets received, 7757 bps, 96.96%, Err 0 (0.0e+00)
769.248 .... 2912 packets received, 7757 bps, 96.96%, Err 0 (0.0e+00)
771.352 .... 2920 packets received, 7757 bps, 96.96%, Err 0 (0.0e+00)
773.459 .... 2928 packets received, 7757 bps, 96.96%, Err 0 (0.0e+00)
775.580 .... 2936 packets received, 7757 bps, 96.96%, Err 0 (0.0e+00)
777.685 .... 2944 packets received, 7757 bps, 96.96%, Err 0 (0.0e+00)
779.811 .... 2952 packets received, 7757 bps, 96.96%, Err 0 (0.0e+00)
781.906 .... 2960 packets received, 7757 bps, 96.96%, Err 0 (0.0e+00)
784.055 .... 2968 packets received, 7756 bps, 96.96%, Err 0 (0.0e+00)
786.163 .... 2976 packets received, 7757 bps, 96.96%, Err 0 (0.0e+00)
788.240 .... 2984 packets received, 7757 bps, 96.96%, Err 0 (0.0e+00)
790.376 .... 2992 packets received, 7757 bps, 96.96%, Err 0 (0.0e+00)
792.464 .... 3000 packets received, 7757 bps, 96.96%, Err 0 (0.0e+00)
794.597 .... 3008 packets received, 7757 bps, 96.96%, Err 0 (0.0e+00)
796.702 .... 3016 packets received, 7757 bps, 96.96%, Err 0 (0.0e+00)
798.820 .... 3024 packets received, 7757 bps, 96.96%, Err 0 (0.0e+00)
800.926 .... 3032 packets received, 7757 bps, 96.96%, Err 0 (0.0e+00)
803.038 .... 3040 packets received, 7757 bps, 96.96%, Err 0 (0.0e+00)
805.159 .... 3048 packets received, 7757 bps, 96.96%, Err 0 (0.0e+00)
807.263 .... 3056 packets received, 7757 bps, 96.96%, Err 0 (0.0e+00)
809.366 .... 3064 packets received, 7757 bps, 96.96%, Err 0 (0.0e+00)
811.504 .... 3072 packets received, 7757 bps, 96.96%, Err 0 (0.0e+00)
813.612 .... 3080 packets received, 7757 bps, 96.96%, Err 0 (0.0e+00)
815.731 .... 3088 packets received, 7757 bps, 96.96%, Err 0 (0.0e+00)
817.826 .... 3096 packets received, 7757 bps, 96.96%, Err 0 (0.0e+00)
819.944 .... 3104 packets received, 7757 bps, 96.96%, Err 0 (0.0e+00)
822.066 .... 3112 packets received, 7757 bps, 96.96%, Err 0 (0.0e+00)
824.176 .... 3120 packets received, 7757 bps, 96.96%, Err 0 (0.0e+00)
826.282 .... 3128 packets received, 7757 bps, 96.96%, Err 0 (0.0e+00)
828.400 .... 3136 packets received, 7757 bps, 96.96%, Err 0 (0.0e+00)
830.501 .... 3144 packets received, 7757 bps, 96.96%, Err 0 (0.0e+00)
832.624 .... 3152 packets received, 7757 bps, 96.96%, Err 0 (0.0e+00)
834.712 .... 3160 packets received, 7757 bps, 96.96%, Err 0 (0.0e+00)
836.865 .... 3168 packets received, 7756 bps, 96.96%, Err 0 (0.0e+00)
838.966 .... 3176 packets received, 7757 bps, 96.96%, Err 0 (0.0e+00)
841.100 .... 3184 packets received, 7756 bps, 96.95%, Err 0 (0.0e+00)
843.186 .... 3192 packets received, 7757 bps, 96.96%, Err 0 (0.0e+00)
845.292 .... 3200 packets received, 7757 bps, 96.96%, Err 0 (0.0e+00)
847.386 .... 3208 packets received, 7757 bps, 96.96%, Err 0 (0.0e+00)
849.524 .... 3216 packets received, 7757 bps, 96.96%, Err 0 (0.0e+00)
851.629 .... 3224 packets received, 7757 bps, 96.96%, Err 0 (0.0e+00)
853.735 .... 3232 packets received, 7757 bps, 96.96%, Err 0 (0.0e+00)
855.856 .... 3240 packets received, 7757 bps, 96.96%, Err 0 (0.0e+00)
857.972 .... 3248 packets received, 7757 bps, 96.96%, Err 0 (0.0e+00)
860.057 .... 3256 packets received, 7757 bps, 96.96%, Err 0 (0.0e+00)
862.203 .... 3264 packets received, 7757 bps, 96.96%, Err 0 (0.0e+00)
864.322 .... 3272 packets received, 7756 bps, 96.96%, Err 0 (0.0e+00)
866.409 .... 3280 packets received, 7757 bps, 96.96%, Err 0 (0.0e+00)
868.502 .... 3288 packets received, 7757 bps, 96.96%, Err 0 (0.0e+00)
870.621 .... 3296 packets received, 7757 bps, 96.96%, Err 0 (0.0e+00)
872.739 .... 3304 packets received, 7757 bps, 96.96%, Err 0 (0.0e+00)
874.857 .... 3312 packets received, 7757 bps, 96.96%, Err 0 (0.0e+00)
876.964 .... 3320 packets received, 7757 bps, 96.96%, Err 0 (0.0e+00)
879.093 .... 3328 packets received, 7757 bps, 96.96%, Err 0 (0.0e+00)
881.204 .... 3336 packets received, 7757 bps, 96.96%, Err 0 (0.0e+00)
883.319 .... 3344 packets received, 7757 bps, 96.96%, Err 0 (0.0e+00)
885.431 .... 3352 packets received, 7757 bps, 96.96%, Err 0 (0.0e+00)
887.544 .... 3360 packets received, 7757 bps, 96.96%, Err 0 (0.0e+00)
889.648 .... 3368 packets received, 7757 bps, 96.96%, Err 0 (0.0e+00)
891.751 .... 3376 packets received, 7757 bps, 96.96%, Err 0 (0.0e+00)
893.870 .... 3384 packets received, 7757 bps, 96.96%, Err 0 (0.0e+00)
895.992 .... 3392 packets received, 7757 bps, 96.96%, Err 0 (0.0e+00)
898.079 .... 3400 packets received, 7757 bps, 96.96%, Err 0 (0.0e+00)
900.211 .... 3408 packets received, 7757 bps, 96.96%, Err 0 (0.0e+00)
902.311 .... 3416 packets received, 7757 bps, 96.96%, Err 0 (0.0e+00)
904.439 .... 3424 packets received, 7757 bps, 96.96%, Err 0 (0.0e+00)
906.528 .... 3432 packets received, 7757 bps, 96.96%, Err 0 (0.0e+00)
908.682 .... 3440 packets received, 7756 bps, 96.96%, Err 0 (0.0e+00)
910.761 .... 3448 packets received, 7757 bps, 96.96%, Err 0 (0.0e+00)
912.886 .... 3456 packets received, 7757 bps, 96.96%, Err 0 (0.0e+00)
914.992 .... 3464 packets received, 7757 bps, 96.96%, Err 0 (0.0e+00)
917.104 .... 3472 packets received, 7757 bps, 96.96%, Err 0 (0.0e+00)
919.214 .... 3480 packets received, 7757 bps, 96.96%, Err 0 (0.0e+00)
921.333 .... 3488 packets received, 7757 bps, 96.96%, Err 0 (0.0e+00)
923.419 .... 3496 packets received, 7757 bps, 96.96%, Err 0 (0.0e+00)
925.543 .... 3504 packets received, 7757 bps, 96.96%, Err 0 (0.0e+00)
927.675 .... 3512 packets received, 7757 bps, 96.96%, Err 0 (0.0e+00)
929.778 .... 3520 packets received, 7757 bps, 96.96%, Err 0 (0.0e+00)
931.882 .... 3528 packets received, 7757 bps, 96.96%, Err 0 (0.0e+00)
934.036 .... 3536 packets received, 7756 bps, 96.96%, Err 0 (0.0e+00)
936.105 .... 3544 packets received, 7757 bps, 96.96%, Err 0 (0.0e+00)
938.225 .... 3552 packets received, 7757 bps, 96.96%, Err 0 (0.0e+00)
940.339 .... 3560 packets received, 7757 bps, 96.96%, Err 0 (0.0e+00)
942.477 .... 3568 packets received, 7756 bps, 96.96%, Err 0 (0.0e+00)
944.568 .... 3576 packets received, 7757 bps, 96.96%, Err 0 (0.0e+00)
946.678 .... 3584 packets received, 7757 bps, 96.96%, Err 0 (0.0e+00)
948.811 .... 3592 packets received, 7757 bps, 96.96%, Err 0 (0.0e+00)
950.890 .... 3600 packets received, 7757 bps, 96.96%, Err 0 (0.0e+00)
953.014 .... 3608 packets received, 7757 bps, 96.96%, Err 0 (0.0e+00)
955.131 .... 3616 packets received, 7757 bps, 96.96%, Err 0 (0.0e+00)
957.249 .... 3624 packets received, 7757 bps, 96.96%, Err 0 (0.0e+00)
959.352 .... 3632 packets received, 7757 bps, 96.96%, Err 0 (0.0e+00)
961.446 .... 3640 packets received, 7757 bps, 96.96%, Err 0 (0.0e+00)
963.568 .... 3648 packets received, 7757 bps, 96.96%, Err 0 (0.0e+00)
965.670 .... 3656 packets received, 7757 bps, 96.96%, Err 0 (0.0e+00)
967.778 .... 3664 packets received, 7757 bps, 96.96%, Err 0 (0.0e+00)
969.920 .... 3672 packets received, 7757 bps, 96.96%, Err 0 (0.0e+00)
972.025 .... 3680 packets received, 7757 bps, 96.96%, Err 0 (0.0e+00)
974.155 .... 3688 packets received, 7757 bps, 96.96%, Err 0 (0.0e+00)
976.248 .... 3696 packets received, 7757 bps, 96.96%, Err 0 (0.0e+00)
978.362 .... 3704 packets received, 7757 bps, 96.96%, Err 0 (0.0e+00)
980.469 .... 3712 packets received, 7757 bps, 96.96%, Err 0 (0.0e+00)
982.610 .... 3720 packets received, 7756 bps, 96.96%, Err 0 (0.0e+00)
984.677 .... 3728 packets received, 7757 bps, 96.96%, Err 0 (0.0e+00)
986.800 .... 3736 packets received, 7757 bps, 96.96%, Err 0 (0.0e+00)
988.903 .... 3744 packets received, 7757 bps, 96.96%, Err 0 (0.0e+00)
991.020 .... 3752 packets received, 7757 bps, 96.96%, Err 0 (0.0e+00)
993.166 .... 3760 packets received, 7757 bps, 96.96%, Err 0 (0.0e+00)
995.255 .... 3768 packets received, 7757 bps, 96.96%, Err 0 (0.0e+00)
997.407 .... 3776 packets received, 7756 bps, 96.96%, Err 0 (0.0e+00)
999.459 .... 3784 packets received, 7757 bps, 96.96%, Err 0 (0.0e+00)
1001.614 .... 3792 packets received, 7757 bps, 96.96%, Err 0 (0.0e+00)
1003.690 .... 3800 packets received, 7757 bps, 96.96%, Err 0 (0.0e+00)
1005.856 .... 3808 packets received, 7756 bps, 96.96%, Err 0 (0.0e+00)
1007.961 .... 3816 packets received, 7756 bps, 96.96%, Err 0 (0.0e+00)
1010.023 .... 3824 packets received, 7757 bps, 96.96%, Err 0 (0.0e+00)
1012.144 .... 3832 packets received, 7757 bps, 96.96%, Err 0 (0.0e+00)
1014.277 .... 3840 packets received, 7757 bps, 96.96%, Err 0 (0.0e+00)
1016.381 .... 3848 packets received, 7757 bps, 96.96%, Err 0 (0.0e+00)
1018.516 .... 3856 packets received, 7757 bps, 96.96%, Err 0 (0.0e+00)
1020.599 .... 3864 packets received, 7757 bps, 96.96%, Err 0 (0.0e+00)
1022.717 .... 3872 packets received, 7757 bps, 96.96%, Err 0 (0.0e+00)
1024.833 .... 3880 packets received, 7757 bps, 96.96%, Err 0 (0.0e+00)
1026.939 .... 3888 packets received, 7757 bps, 96.96%, Err 0 (0.0e+00)
1029.076 .... 3896 packets received, 7757 bps, 96.96%, Err 0 (0.0e+00)
1031.169 .... 3904 packets received, 7757 bps, 96.96%, Err 0 (0.0e+00)
1033.259 .... 3912 packets received, 7757 bps, 96.96%, Err 0 (0.0e+00)
1035.379 .... 3920 packets received, 7757 bps, 96.96%, Err 0 (0.0e+00)
1037.498 .... 3928 packets received, 7757 bps, 96.96%, Err 0 (0.0e+00)
1039.620 .... 3936 packets received, 7757 bps, 96.96%, Err 0 (0.0e+00)
1041.721 .... 3944 packets received, 7757 bps, 96.96%, Err 0 (0.0e+00)
1043.842 .... 3952 packets received, 7757 bps, 96.96%, Err 0 (0.0e+00)
1045.944 .... 3960 packets received, 7757 bps, 96.96%, Err 0 (0.0e+00)
1048.045 .... 3968 packets received, 7757 bps, 96.96%, Err 0 (0.0e+00)
1050.184 .... 3976 packets received, 7757 bps, 96.96%, Err 0 (0.0e+00)
1052.280 .... 3984 packets received, 7757 bps, 96.96%, Err 0 (0.0e+00)
1054.399 .... 3992 packets received, 7757 bps, 96.96%, Err 0 (0.0e+00)
1056.520 .... 4000 packets received, 7757 bps, 96.96%, Err 0 (0.0e+00)
1058.658 .... 4008 packets received, 7756 bps, 96.96%, Err 0 (0.0e+00)
1060.721 .... 4016 packets received, 7757 bps, 96.96%, Err 0 (0.0e+00)
1062.850 .... 4024 packets received, 7757 bps, 96.96%, Err 0 (0.0e+00)
1064.946 .... 4032 packets received, 7757 bps, 96.96%, Err 0 (0.0e+00)
1067.068 .... 4040 packets received, 7757 bps, 96.96%, Err 0 (0.0e+00)
1069.204 .... 4048 packets received, 7757 bps, 96.96%, Err 0 (0.0e+00)
1071.292 .... 4056 packets received, 7757 bps, 96.96%, Err 0 (0.0e+00)
1073.407 .... 4064 packets received, 7757 bps, 96.96%, Err 0 (0.0e+00)
1075.539 .... 4072 packets received, 7757 bps, 96.96%, Err 0 (0.0e+00)
1077.634 .... 4080 packets received, 7757 bps, 96.96%, Err 0 (0.0e+00)
1079.739 .... 4088 packets received, 7757 bps, 96.96%, Err 0 (0.0e+00)
1081.845 .... 4096 packets received, 7757 bps, 96.96%, Err 0 (0.0e+00)
1083.968 .... 4104 packets received, 7757 bps, 96.96%, Err 0 (0.0e+00)
1086.076 .... 4112 packets received, 7757 bps, 96.96%, Err 0 (0.0e+00)
1088.201 .... 4120 packets received, 7757 bps, 96.96%, Err 0 (0.0e+00)
1090.326 .... 4128 packets received, 7757 bps, 96.96%, Err 0 (0.0e+00)
1092.413 .... 4136 packets received, 7757 bps, 96.96%, Err 0 (0.0e+00)
1094.521 .... 4144 packets received, 7757 bps, 96.96%, Err 0 (0.0e+00)
1096.663 .... 4152 packets received, 7757 bps, 96.96%, Err 0 (0.0e+00)
1098.775 .... 4160 packets received, 7757 bps, 96.96%, Err 0 (0.0e+00)
1100.865 .... 4168 packets received, 7757 bps, 96.96%, Err 0 (0.0e+00)
1102.998 .... 4176 packets received, 7757 bps, 96.96%, Err 0 (0.0e+00)
1105.076 .... 4184 packets received, 7757 bps, 96.96%, Err 0 (0.0e+00)
1107.194 .... 4192 packets received, 7757 bps, 96.96%, Err 0 (0.0e+00)
1109.324 .... 4200 packets received, 7757 bps, 96.96%, Err 0 (0.0e+00)
1111.433 .... 4208 packets received, 7757 bps, 96.96%, Err 0 (0.0e+00)
1113.548 .... 4216 packets received, 7757 bps, 96.96%, Err 0 (0.0e+00)
1115.655 .... 4224 packets received, 7757 bps, 96.96%, Err 0 (0.0e+00)
1117.751 .... 4232 packets received, 7757 bps, 96.96%, Err 0 (0.0e+00)
1119.906 .... 4240 packets received, 7757 bps, 96.96%, Err 0 (0.0e+00)
1121.996 .... 4248 packets received, 7757 bps, 96.96%, Err 0 (0.0e+00)
1124.115 .... 4256 packets received, 7757 bps, 96.96%, Err 0 (0.0e+00)
1126.215 .... 4264 packets received, 7757 bps, 96.96%, Err 0 (0.0e+00)
1128.344 .... 4272 packets received, 7757 bps, 96.96%, Err 0 (0.0e+00)
1130.436 .... 4280 packets received, 7757 bps, 96.96%, Err 0 (0.0e+00)
1132.535 .... 4288 packets received, 7757 bps, 96.96%, Err 0 (0.0e+00)
1134.652 .... 4296 packets received, 7757 bps, 96.96%, Err 0 (0.0e+00)
1136.789 .... 4304 packets received, 7757 bps, 96.96%, Err 0 (0.0e+00)
1138.907 .... 4312 packets received, 7757 bps, 96.96%, Err 0 (0.0e+00)
1140.996 .... 4320 packets received, 7757 bps, 96.96%, Err 0 (0.0e+00)
1143.130 .... 4328 packets received, 7757 bps, 96.96%, Err 0 (0.0e+00)
1145.204 .... 4336 packets received, 7757 bps, 96.96%, Err 0 (0.0e+00)
1147.360 .... 4344 packets received, 7757 bps, 96.96%, Err 0 (0.0e+00)
1149.434 .... 4352 packets received, 7757 bps, 96.96%, Err 0 (0.0e+00)
1151.538 .... 4360 packets received, 7757 bps, 96.96%, Err 0 (0.0e+00)
1153.656 .... 4368 packets received, 7757 bps, 96.96%, Err 0 (0.0e+00)
1155.781 .... 4376 packets received, 7757 bps, 96.96%, Err 0 (0.0e+00)
1157.875 .... 4384 packets received, 7757 bps, 96.96%, Err 0 (0.0e+00)
1160.027 .... 4392 packets received, 7757 bps, 96.96%, Err 0 (0.0e+00)
1162.133 .... 4400 packets received, 7757 bps, 96.96%, Err 0 (0.0e+00)
1164.218 .... 4408 packets received, 7757 bps, 96.96%, Err 0 (0.0e+00)
1166.324 .... 4416 packets received, 7757 bps, 96.96%, Err 0 (0.0e+00)
1168.463 .... 4424 packets received, 7757 bps, 96.96%, Err 0 (0.0e+00)
1170.565 .... 4432 packets received, 7757 bps, 96.96%, Err 0 (0.0e+00)
1172.700 .... 4440 packets received, 7757 bps, 96.96%, Err 0 (0.0e+00)
1174.785 .... 4448 packets received, 7757 bps, 96.96%, Err 0 (0.0e+00)
1176.908 .... 4456 packets received, 7757 bps, 96.96%, Err 0 (0.0e+00)
1179.027 .... 4464 packets received, 7757 bps, 96.96%, Err 0 (0.0e+00)
1181.135 .... 4472 packets received, 7757 bps, 96.96%, Err 0 (0.0e+00)
1183.249 .... 4480 packets received, 7757 bps, 96.96%, Err 0 (0.0e+00)
1185.351 .... 4488 packets received, 7757 bps, 96.96%, Err 0 (0.0e+00)
1187.458 .... 4496 packets received, 7757 bps, 96.96%, Err 0 (0.0e+00)
1189.597 .... 4504 packets received, 7757 bps, 96.96%, Err 0 (0.0e+00)
1191.672 .... 4512 packets received, 7757 bps, 96.96%, Err 0 (0.0e+00)
1193.791 .... 4520 packets received, 7757 bps, 96.96%, Err 0 (0.0e+00)
1195.928 .... 4528 packets received, 7757 bps, 96.96%, Err 0 (0.0e+00)
1198.018 .... 4536 packets received, 7757 bps, 96.96%, Err 0 (0.0e+00)
1200.155 .... 4544 packets received, 7757 bps, 96.96%, Err 0 (0.0e+00)
1202.276 .... 4552 packets received, 7757 bps, 96.96%, Err 0 (0.0e+00)
1204.365 .... 4560 packets received, 7757 bps, 96.96%, Err 0 (0.0e+00)
1206.491 .... 4568 packets received, 7757 bps, 96.96%, Err 0 (0.0e+00)
1208.578 .... 4576 packets received, 7757 bps, 96.96%, Err 0 (0.0e+00)
1210.723 .... 4584 packets received, 7757 bps, 96.96%, Err 0 (0.0e+00)
1212.828 .... 4592 packets received, 7757 bps, 96.96%, Err 0 (0.0e+00)
1214.917 .... 4600 packets received, 7757 bps, 96.96%, Err 0 (0.0e+00)
1217.030 .... 4608 packets received, 7757 bps, 96.96%, Err 0 (0.0e+00)
1219.153 .... 4616 packets received, 7757 bps, 96.96%, Err 0 (0.0e+00)
1221.269 .... 4624 packets received, 7757 bps, 96.96%, Err 0 (0.0e+00)
1223.380 .... 4632 packets received, 7757 bps, 96.96%, Err 0 (0.0e+00)
1225.472 .... 4640 packets received, 7757 bps, 96.96%, Err 0 (0.0e+00)
1227.625 .... 4648 packets received, 7757 bps, 96.96%, Err 0 (0.0e+00)
1229.714 .... 4656 packets received, 7757 bps, 96.96%, Err 0 (0.0e+00)
1231.871 .... 4664 packets received, 7756 bps, 96.96%, Err 0 (0.0e+00)
1233.951 .... 4672 packets received, 7757 bps, 96.96%, Err 0 (0.0e+00)
1236.036 .... 4680 packets received, 7757 bps, 96.96%, Err 0 (0.0e+00)
1238.171 .... 4688 packets received, 7757 bps, 96.96%, Err 0 (0.0e+00)
1240.261 .... 4696 packets received, 7757 bps, 96.96%, Err 0 (0.0e+00)
1242.410 .... 4704 packets received, 7757 bps, 96.96%, Err 0 (0.0e+00)
1244.502 .... 4712 packets received, 7757 bps, 96.96%, Err 0 (0.0e+00)
1246.595 .... 4720 packets received, 7757 bps, 96.96%, Err 0 (0.0e+00)
1248.713 .... 4728 packets received, 7757 bps, 96.96%, Err 0 (0.0e+00)
1250.822 .... 4736 packets received, 7757 bps, 96.96%, Err 0 (0.0e+00)
1252.962 .... 4744 packets received, 7757 bps, 96.96%, Err 0 (0.0e+00)
1255.048 .... 4752 packets received, 7757 bps, 96.96%, Err 0 (0.0e+00)
1257.177 .... 4760 packets received, 7757 bps, 96.96%, Err 0 (0.0e+00)
1259.285 .... 4768 packets received, 7757 bps, 96.96%, Err 0 (0.0e+00)
1261.404 .... 4776 packets received, 7757 bps, 96.96%, Err 0 (0.0e+00)
1263.495 .... 4784 packets received, 7757 bps, 96.96%, Err 0 (0.0e+00)
1265.628 .... 4792 packets received, 7757 bps, 96.96%, Err 0 (0.0e+00)
1267.730 .... 4800 packets received, 7757 bps, 96.96%, Err 0 (0.0e+00)
1269.853 .... 4808 packets received, 7757 bps, 96.96%, Err 0 (0.0e+00)
1271.957 .... 4816 packets received, 7757 bps, 96.96%, Err 0 (0.0e+00)
1274.076 .... 4824 packets received, 7757 bps, 96.96%, Err 0 (0.0e+00)
1276.183 .... 4832 packets received, 7757 bps, 96.96%, Err 0 (0.0e+00)
1278.313 .... 4840 packets received, 7757 bps, 96.96%, Err 0 (0.0e+00)
1280.404 .... 4848 packets received, 7757 bps, 96.96%, Err 0 (0.0e+00)
1282.521 .... 4856 packets received, 7757 bps, 96.96%, Err 0 (0.0e+00)
1284.611 .... 4864 packets received, 7757 bps, 96.96%, Err 0 (0.0e+00)
1286.730 .... 4872 packets received, 7757 bps, 96.96%, Err 0 (0.0e+00)
1288.832 .... 4880 packets received, 7757 bps, 96.96%, Err 0 (0.0e+00)
1290.968 .... 4888 packets received, 7757 bps, 96.96%, Err 0 (0.0e+00)
1293.094 .... 4896 packets received, 7757 bps, 96.96%, Err 0 (0.0e+00)
1295.199 .... 4904 packets received, 7757 bps, 96.96%, Err 0 (0.0e+00)
1297.305 .... 4912 packets received, 7757 bps, 96.96%, Err 0 (0.0e+00)
1299.405 .... 4920 packets received, 7757 bps, 96.96%, Err 0 (0.0e+00)
1301.510 .... 4928 packets received, 7757 bps, 96.96%, Err 0 (0.0e+00)
1303.642 .... 4936 packets received, 7757 bps, 96.96%, Err 0 (0.0e+00)
1305.730 .... 4944 packets received, 7757 bps, 96.96%, Err 0 (0.0e+00)
1307.849 .... 4952 packets received, 7757 bps, 96.96%, Err 0 (0.0e+00)
1310.000 .... 4960 packets received, 7757 bps, 96.96%, Err 0 (0.0e+00)
1312.098 .... 4968 packets received, 7757 bps, 96.96%, Err 0 (0.0e+00)
1314.203 .... 4976 packets received, 7757 bps, 96.96%, Err 0 (0.0e+00)
1316.292 .... 4984 packets received, 7757 bps, 96.96%, Err 0 (0.0e+00)
1318.413 .... 4992 packets received, 7757 bps, 96.96%, Err 0 (0.0e+00)
1320.521 .... 5000 packets received, 7757 bps, 96.96%, Err 0 (0.0e+00)
1322.624 .... 5008 packets received, 7757 bps, 96.96%, Err 0 (0.0e+00)
1324.753 .... 5016 packets received, 7757 bps, 96.96%, Err 0 (0.0e+00)
1326.887 .... 5024 packets received, 7757 bps, 96.96%, Err 0 (0.0e+00)
1328.984 .... 5032 packets received, 7757 bps, 96.96%, Err 0 (0.0e+00)
1331.108 .... 5040 packets received, 7757 bps, 96.96%, Err 0 (0.0e+00)
1333.202 .... 5048 packets received, 7757 bps, 96.96%, Err 0 (0.0e+00)
1335.317 .... 5056 packets received, 7757 bps, 96.96%, Err 0 (0.0e+00)
1337.423 .... 5064 packets received, 7757 bps, 96.96%, Err 0 (0.0e+00)
1339.538 .... 5072 packets received, 7757 bps, 96.96%, Err 0 (0.0e+00)
1341.659 .... 5080 packets received, 7757 bps, 96.96%, Err 0 (0.0e+00)
1343.802 .... 5088 packets received, 7757 bps, 96.96%, Err 0 (0.0e+00)
1345.892 .... 5096 packets received, 7757 bps, 96.96%, Err 0 (0.0e+00)
1347.995 .... 5104 packets received, 7757 bps, 96.96%, Err 0 (0.0e+00)
1350.116 .... 5112 packets received, 7757 bps, 96.96%, Err 0 (0.0e+00)
1352.217 .... 5120 packets received, 7757 bps, 96.96%, Err 0 (0.0e+00)
1354.334 .... 5128 packets received, 7757 bps, 96.96%, Err 0 (0.0e+00)
1356.469 .... 5136 packets received, 7757 bps, 96.96%, Err 0 (0.0e+00)
1358.556 .... 5144 packets received, 7757 bps, 96.96%, Err 0 (0.0e+00)
1360.659 .... 5152 packets received, 7757 bps, 96.96%, Err 0 (0.0e+00)
1362.769 .... 5160 packets received, 7757 bps, 96.96%, Err 0 (0.0e+00)
1364.885 .... 5168 packets received, 7757 bps, 96.96%, Err 0 (0.0e+00)
1367.005 .... 5176 packets received, 7757 bps, 96.96%, Err 0 (0.0e+00)
1369.092 .... 5184 packets received, 7757 bps, 96.96%, Err 0 (0.0e+00)
1371.235 .... 5192 packets received, 7757 bps, 96.96%, Err 0 (0.0e+00)
1373.356 .... 5200 packets received, 7757 bps, 96.96%, Err 0 (0.0e+00)
1375.432 .... 5208 packets received, 7757 bps, 96.96%, Err 0 (0.0e+00)
1377.563 .... 5216 packets received, 7757 bps, 96.96%, Err 0 (0.0e+00)
1379.673 .... 5224 packets received, 7757 bps, 96.96%, Err 0 (0.0e+00)
1381.768 .... 5232 packets received, 7757 bps, 96.96%, Err 0 (0.0e+00)
1383.917 .... 5240 packets received, 7757 bps, 96.96%, Err 0 (0.0e+00)
1386.009 .... 5248 packets received, 7757 bps, 96.96%, Err 0 (0.0e+00)
1388.129 .... 5256 packets received, 7757 bps, 96.96%, Err 0 (0.0e+00)
1390.244 .... 5264 packets received, 7757 bps, 96.96%, Err 0 (0.0e+00)
1392.352 .... 5272 packets received, 7757 bps, 96.96%, Err 0 (0.0e+00)
1394.488 .... 5280 packets received, 7757 bps, 96.96%, Err 0 (0.0e+00)
1396.554 .... 5288 packets received, 7757 bps, 96.96%, Err 0 (0.0e+00)
1398.680 .... 5296 packets received, 7757 bps, 96.96%, Err 0 (0.0e+00)
1400.780 .... 5304 packets received, 7757 bps, 96.96%, Err 0 (0.0e+00)
1402.908 .... 5312 packets received, 7757 bps, 96.96%, Err 0 (0.0e+00)
1405.025 .... 5320 packets received, 7757 bps, 96.96%, Err 0 (0.0e+00)
1407.154 .... 5328 packets received, 7757 bps, 96.96%, Err 0 (0.0e+00)
1409.267 .... 5336 packets received, 7757 bps, 96.96%, Err 0 (0.0e+00)
1411.364 .... 5344 packets received, 7757 bps, 96.96%, Err 0 (0.0e+00)
1413.504 .... 5352 packets received, 7757 bps, 96.96%, Err 0 (0.0e+00)
1415.614 .... 5360 packets received, 7757 bps, 96.96%, Err 0 (0.0e+00)
