000.000 =============================================================
000.000                     Station B                               
000.000 -------------------------------------------------------------
000.000 Protocol.lib, version 4.0, jiangyanjun0718@bupt.edu.cn
000.000 Channel: 8000 bps, 270 ms propagation delay, bit error rate 1.0E-05
000.000 Log file "F:\Code\20250418(network lab1)\upload\SR-MAX-B.log", TCP port 59144, debug mask 0x00
000.000 Station B is connecting station A (TCP port 59144) ... Done.
000.120 New epoch: Tue May  6 11:28:04 2025
000.120 =================================================================
000.120 
000.121 SR-3, 构建时间: May  5 2025  21:24:47
002.506 .... 8 packets received, 7710 bps, 96.38%, Err 0 (0.0e+00)
004.651 .... 16 packets received, 7674 bps, 95.93%, Err 0 (0.0e+00)
007.011 .... 20 packets received, 6178 bps, 77.22%, Err 1 (1.8e-05)
009.122 .... 32 packets received, 7498 bps, 93.72%, Err 1 (1.4e-05)
011.216 .... 40 packets received, 7561 bps, 94.51%, Err 1 (1.1e-05)
013.361 .... 48 packets received, 7573 bps, 94.67%, Err 1 (9.5e-06)
015.476 .... 56 packets received, 7598 bps, 94.97%, Err 1 (8.2e-06)
017.569 .... 64 packets received, 7626 bps, 95.32%, Err 1 (7.2e-06)
019.668 .... 72 packets received, 7645 bps, 95.57%, Err 1 (6.4e-06)
021.788 .... 80 packets received, 7654 bps, 95.67%, Err 1 (5.8e-06)
023.930 .... 88 packets received, 7653 bps, 95.66%, Err 2 (1.1e-05)
026.275 .... 92 packets received, 7276 bps, 90.96%, Err 3 (1.4e-05)
028.376 .... 104 packets received, 7608 bps, 95.10%, Err 3 (1.3e-05)
030.503 .... 112 packets received, 7615 bps, 95.19%, Err 3 (1.2e-05)
033.434 .... 118 packets received, 7311 bps, 91.39%, Err 4 (1.5e-05)
035.512 .... 130 packets received, 7578 bps, 94.73%, Err 4 (1.4e-05)
037.638 .... 138 packets received, 7586 bps, 94.82%, Err 4 (1.3e-05)
040.042 .... 142 packets received, 7333 bps, 91.66%, Err 6 (1.9e-05)
042.152 .... 154 packets received, 7551 bps, 94.38%, Err 6 (1.8e-05)
044.232 .... 162 packets received, 7566 bps, 94.57%, Err 6 (1.7e-05)
046.377 .... 170 packets received, 7569 bps, 94.62%, Err 6 (1.6e-05)
049.000 .... 176 packets received, 7414 bps, 92.67%, Err 8 (2.0e-05)
051.112 .... 186 packets received, 7509 bps, 93.86%, Err 8 (2.0e-05)
053.233 .... 194 packets received, 7517 bps, 93.97%, Err 8 (1.9e-05)
055.350 .... 202 packets received, 7526 bps, 94.07%, Err 8 (1.8e-05)
057.441 .... 210 packets received, 7537 bps, 94.22%, Err 8 (1.7e-05)
059.825 .... 214 packets received, 7373 bps, 92.16%, Err 9 (1.9e-05)
062.221 .... 222 packets received, 7352 bps, 91.90%, Err 10 (2.0e-05)
064.327 .... 234 packets received, 7494 bps, 93.68%, Err 10 (1.9e-05)
066.444 .... 242 packets received, 7502 bps, 93.78%, Err 10 (1.9e-05)
068.536 .... 250 packets received, 7512 bps, 93.90%, Err 10 (1.8e-05)
070.657 .... 258 packets received, 7519 bps, 93.98%, Err 10 (1.8e-05)
072.764 .... 266 packets received, 7526 bps, 94.08%, Err 10 (1.7e-05)
074.881 .... 274 packets received, 7532 bps, 94.15%, Err 10 (1.7e-05)
077.000 .... 282 packets received, 7538 bps, 94.22%, Err 10 (1.6e-05)
079.091 .... 290 packets received, 7546 bps, 94.32%, Err 10 (1.6e-05)
081.215 .... 298 packets received, 7550 bps, 94.38%, Err 10 (1.5e-05)
083.331 .... 306 packets received, 7555 bps, 94.44%, Err 10 (1.5e-05)
085.465 .... 314 packets received, 7558 bps, 94.48%, Err 10 (1.5e-05)
087.548 .... 322 packets received, 7566 bps, 94.57%, Err 10 (1.4e-05)
095.140 .... 325 packets received, 7024 bps, 87.80%, Err 13 (1.7e-05)
097.277 .... 343 packets received, 7250 bps, 90.62%, Err 13 (1.7e-05)
099.394 .... 351 packets received, 7260 bps, 90.75%, Err 13 (1.7e-05)
101.493 .... 359 packets received, 7271 bps, 90.89%, Err 13 (1.6e-05)
103.605 .... 367 packets received, 7281 bps, 91.02%, Err 13 (1.6e-05)
105.722 .... 375 packets received, 7291 bps, 91.13%, Err 13 (1.6e-05)
107.838 .... 383 packets received, 7300 bps, 91.24%, Err 13 (1.5e-05)
109.961 .... 391 packets received, 7308 bps, 91.35%, Err 13 (1.5e-05)
112.065 .... 399 packets received, 7317 bps, 91.46%, Err 13 (1.5e-05)
114.183 .... 407 packets received, 7324 bps, 91.56%, Err 13 (1.4e-05)
116.314 .... 415 packets received, 7331 bps, 91.64%, Err 13 (1.4e-05)
118.385 .... 423 packets received, 7341 bps, 91.77%, Err 13 (1.4e-05)
120.505 .... 431 packets received, 7348 bps, 91.85%, Err 13 (1.4e-05)
122.639 .... 439 packets received, 7354 bps, 91.92%, Err 13 (1.3e-05)
124.745 .... 447 packets received, 7361 bps, 92.01%, Err 13 (1.3e-05)
126.864 .... 455 packets received, 7367 bps, 92.09%, Err 13 (1.3e-05)
128.954 .... 463 packets received, 7375 bps, 92.19%, Err 13 (1.3e-05)
131.110 .... 471 packets received, 7379 bps, 92.23%, Err 13 (1.3e-05)
133.213 .... 479 packets received, 7385 bps, 92.32%, Err 13 (1.2e-05)
135.306 .... 487 packets received, 7392 bps, 92.40%, Err 13 (1.2e-05)
137.409 .... 495 packets received, 7398 bps, 92.48%, Err 13 (1.2e-05)
139.548 .... 503 packets received, 7402 bps, 92.53%, Err 13 (1.2e-05)
141.667 .... 511 packets received, 7407 bps, 92.59%, Err 13 (1.2e-05)
143.778 .... 519 packets received, 7412 bps, 92.65%, Err 13 (1.1e-05)
145.866 .... 527 packets received, 7419 bps, 92.73%, Err 13 (1.1e-05)
149.054 .... 535 packets received, 7370 bps, 92.12%, Err 14 (1.2e-05)
151.428 .... 543 packets received, 7362 bps, 92.03%, Err 15 (1.3e-05)
153.517 .... 554 packets received, 7409 bps, 92.61%, Err 15 (1.2e-05)
155.636 .... 562 packets received, 7413 bps, 92.67%, Err 15 (1.2e-05)
157.757 .... 570 packets received, 7418 bps, 92.72%, Err 15 (1.2e-05)
159.879 .... 578 packets received, 7422 bps, 92.77%, Err 15 (1.2e-05)
161.978 .... 585 packets received, 7414 bps, 92.67%, Err 16 (1.2e-05)
164.110 .... 593 packets received, 7418 bps, 92.72%, Err 16 (1.2e-05)
166.218 .... 601 packets received, 7422 bps, 92.78%, Err 16 (1.2e-05)
168.325 .... 609 packets received, 7426 bps, 92.83%, Err 16 (1.2e-05)
170.450 .... 617 packets received, 7430 bps, 92.88%, Err 16 (1.2e-05)
172.555 .... 625 packets received, 7434 bps, 92.93%, Err 16 (1.2e-05)
174.673 .... 633 packets received, 7438 bps, 92.98%, Err 16 (1.2e-05)
176.765 .... 641 packets received, 7443 bps, 93.03%, Err 16 (1.1e-05)
178.886 .... 649 packets received, 7446 bps, 93.08%, Err 16 (1.1e-05)
181.003 .... 657 packets received, 7449 bps, 93.12%, Err 17 (1.2e-05)
183.107 .... 665 packets received, 7453 bps, 93.17%, Err 17 (1.2e-05)
185.780 .... 671 packets received, 7412 bps, 92.65%, Err 18 (1.2e-05)
187.868 .... 682 packets received, 7450 bps, 93.12%, Err 18 (1.2e-05)
189.987 .... 690 packets received, 7453 bps, 93.16%, Err 19 (1.3e-05)
192.092 .... 697 packets received, 7446 bps, 93.07%, Err 19 (1.2e-05)
194.209 .... 705 packets received, 7449 bps, 93.11%, Err 19 (1.2e-05)
196.338 .... 713 packets received, 7452 bps, 93.15%, Err 19 (1.2e-05)
198.468 .... 721 packets received, 7454 bps, 93.18%, Err 19 (1.2e-05)
200.593 .... 729 packets received, 7457 bps, 93.21%, Err 19 (1.2e-05)
202.696 .... 737 packets received, 7461 bps, 93.26%, Err 19 (1.2e-05)
204.774 .... 745 packets received, 7465 bps, 93.31%, Err 19 (1.2e-05)
206.913 .... 753 packets received, 7467 bps, 93.34%, Err 19 (1.2e-05)
209.017 .... 761 packets received, 7470 bps, 93.38%, Err 19 (1.1e-05)
211.148 .... 769 packets received, 7472 bps, 93.40%, Err 19 (1.1e-05)
213.254 .... 776 packets received, 7466 bps, 93.32%, Err 20 (1.2e-05)
215.395 .... 784 packets received, 7468 bps, 93.34%, Err 20 (1.2e-05)
217.502 .... 792 packets received, 7471 bps, 93.38%, Err 20 (1.2e-05)
219.589 .... 799 packets received, 7465 bps, 93.31%, Err 21 (1.2e-05)
221.718 .... 807 packets received, 7467 bps, 93.34%, Err 21 (1.2e-05)
223.835 .... 815 packets received, 7470 bps, 93.37%, Err 21 (1.2e-05)
225.960 .... 823 packets received, 7472 bps, 93.40%, Err 21 (1.2e-05)
228.076 .... 831 packets received, 7474 bps, 93.43%, Err 21 (1.2e-05)
230.208 .... 839 packets received, 7476 bps, 93.45%, Err 21 (1.1e-05)
232.310 .... 847 packets received, 7479 bps, 93.49%, Err 21 (1.1e-05)
234.424 .... 854 packets received, 7473 bps, 93.41%, Err 22 (1.2e-05)
236.531 .... 862 packets received, 7476 bps, 93.45%, Err 22 (1.2e-05)
238.663 .... 870 packets received, 7478 bps, 93.47%, Err 22 (1.2e-05)
240.749 .... 878 packets received, 7481 bps, 93.51%, Err 22 (1.2e-05)
242.875 .... 886 packets received, 7483 bps, 93.53%, Err 22 (1.1e-05)
244.995 .... 894 packets received, 7485 bps, 93.56%, Err 22 (1.1e-05)
247.078 .... 902 packets received, 7488 bps, 93.60%, Err 22 (1.1e-05)
249.191 .... 910 packets received, 7490 bps, 93.63%, Err 22 (1.1e-05)
251.316 .... 918 packets received, 7492 bps, 93.65%, Err 22 (1.1e-05)
253.411 .... 926 packets received, 7495 bps, 93.69%, Err 22 (1.1e-05)
255.564 .... 934 packets received, 7496 bps, 93.70%, Err 22 (1.1e-05)
257.653 .... 942 packets received, 7499 bps, 93.73%, Err 22 (1.1e-05)
259.807 .... 950 packets received, 7500 bps, 93.75%, Err 22 (1.1e-05)
261.870 .... 958 packets received, 7503 bps, 93.79%, Err 22 (1.1e-05)
264.000 .... 966 packets received, 7505 bps, 93.81%, Err 22 (1.0e-05)
266.099 .... 974 packets received, 7507 bps, 93.84%, Err 22 (1.0e-05)
268.237 .... 982 packets received, 7508 bps, 93.85%, Err 22 (1.0e-05)
270.325 .... 990 packets received, 7511 bps, 93.89%, Err 22 (1.0e-05)
272.434 .... 998 packets received, 7513 bps, 93.91%, Err 22 (1.0e-05)
274.566 .... 1006 packets received, 7514 bps, 93.93%, Err 22 (1.0e-05)
276.684 .... 1014 packets received, 7516 bps, 93.95%, Err 22 (1.0e-05)
746.531 TCP Disconnected.
