000.000 =============================================================
000.000                     Station A                               
000.000 -------------------------------------------------------------
000.000 Protocol.lib, version 4.0, jiangyanjun0718@bupt.edu.cn
000.000 Channel: 8000 bps, 270 ms propagation delay, bit error rate 1.0E-04
000.000 Log file "F:\Code\20250418(network lab1)\Lab1-Windows-VS2017\debug\datalink-A.log", TCP port 59144, debug mask 0x00
000.000 Station A is waiting for station B on TCP port 59144 ... Done.
000.622 New epoch: Tue May  6 22:50:58 2025
000.622 =================================================================
000.622 
000.622 SR-3, 构建时间: May  6 2025  22:50:05
003.814 .... 3 packets received, 2119 bps, 26.48%, Err 4 (1.6e-04)
006.201 .... 10 packets received, 3874 bps, 48.42%, Err 7 (1.6e-04)
008.339 .... 12 packets received, 3310 bps, 41.37%, Err 8 (1.3e-04)
010.713 .... 20 packets received, 4180 bps, 52.25%, Err 9 (1.1e-04)
012.849 .... 26 packets received, 4461 bps, 55.77%, Err 10 (1.0e-04)
016.827 .... 27 packets received, 3475 bps, 43.44%, Err 13 (1.0e-04)
018.972 .... 37 packets received, 4196 bps, 52.45%, Err 14 (9.6e-05)
023.202 .... 39 packets received, 3584 bps, 44.80%, Err 17 (9.4e-05)
025.324 .... 50 packets received, 4195 bps, 52.44%, Err 19 (9.6e-05)
028.246 .... 56 packets received, 4196 bps, 52.45%, Err 23 (1.0e-04)
033.298 .... 58 packets received, 3668 bps, 45.85%, Err 31 (1.2e-04)
035.927 .... 68 packets received, 3977 bps, 49.72%, Err 33 (1.2e-04)
038.059 .... 74 packets received, 4080 bps, 51.00%, Err 33 (1.1e-04)
040.444 .... 81 packets received, 4197 bps, 52.46%, Err 34 (1.1e-04)
043.633 .... 86 packets received, 4123 bps, 51.54%, Err 36 (1.0e-04)
045.742 .... 95 packets received, 4340 bps, 54.25%, Err 37 (1.0e-04)
048.929 .... 98 packets received, 4180 bps, 52.25%, Err 39 (1.0e-04)
051.055 .... 105 packets received, 4289 bps, 53.61%, Err 41 (1.0e-04)
053.179 .... 113 packets received, 4428 bps, 55.35%, Err 41 (9.8e-05)
055.302 .... 121 packets received, 4556 bps, 56.95%, Err 42 (9.6e-05)
057.427 .... 128 packets received, 4639 bps, 57.98%, Err 43 (9.5e-05)
059.784 .... 134 packets received, 4662 bps, 58.27%, Err 43 (9.1e-05)
061.912 .... 141 packets received, 4734 bps, 59.18%, Err 45 (9.2e-05)
064.542 .... 145 packets received, 4667 bps, 58.34%, Err 49 (9.6e-05)
068.531 .... 148 packets received, 4483 bps, 56.03%, Err 55 (1.0e-04)
070.947 .... 157 packets received, 4591 bps, 57.39%, Err 56 (1.0e-04)
074.119 .... 164 packets received, 4588 bps, 57.35%, Err 57 (9.7e-05)
076.238 .... 174 packets received, 4731 bps, 59.14%, Err 57 (9.4e-05)
079.422 .... 180 packets received, 4696 bps, 58.69%, Err 60 (9.5e-05)
082.880 .... 188 packets received, 4697 bps, 58.72%, Err 65 (9.9e-05)
084.987 .... 192 packets received, 4677 bps, 58.46%, Err 67 (9.9e-05)
087.144 .... 198 packets received, 4703 bps, 58.78%, Err 68 (9.8e-05)
090.059 .... 202 packets received, 4641 bps, 58.01%, Err 71 (9.9e-05)
092.443 .... 211 packets received, 4721 bps, 59.02%, Err 73 (9.9e-05)
094.540 .... 214 packets received, 4681 bps, 58.51%, Err 75 (1.0e-04)
097.748 .... 222 packets received, 4695 bps, 58.69%, Err 78 (1.0e-04)
099.864 .... 230 packets received, 4760 bps, 59.50%, Err 78 (9.8e-05)
102.008 .... 237 packets received, 4801 bps, 60.02%, Err 81 (1.0e-04)
104.107 .... 242 packets received, 4803 bps, 60.04%, Err 82 (9.9e-05)
106.243 .... 245 packets received, 4764 bps, 59.55%, Err 83 (9.8e-05)
110.209 .... 251 packets received, 4703 bps, 58.79%, Err 88 (1.0e-04)
113.405 .... 260 packets received, 4734 bps, 59.17%, Err 89 (9.9e-05)
117.385 .... 264 packets received, 4642 bps, 58.03%, Err 94 (1.0e-04)
119.508 .... 275 packets received, 4749 bps, 59.36%, Err 95 (1.0e-04)
121.619 .... 282 packets received, 4785 bps, 59.81%, Err 96 (9.9e-05)
124.297 .... 286 packets received, 4747 bps, 59.34%, Err 99 (1.0e-04)
126.952 .... 290 packets received, 4712 bps, 58.90%, Err 100 (9.9e-05)
129.060 .... 297 packets received, 4747 bps, 59.33%, Err 103 (1.0e-04)
137.013 .... 302 packets received, 4544 bps, 56.81%, Err 108 (9.9e-05)
143.124 .... 312 packets received, 4493 bps, 56.16%, Err 114 (1.0e-04)
145.538 .... 322 packets received, 4560 bps, 57.00%, Err 115 (9.9e-05)
149.786 .... 325 packets received, 4471 bps, 55.89%, Err 120 (1.0e-04)
151.878 .... 335 packets received, 4545 bps, 56.81%, Err 120 (9.9e-05)
154.019 .... 342 packets received, 4575 bps, 57.18%, Err 122 (9.9e-05)
156.949 .... 348 packets received, 4568 bps, 57.09%, Err 125 (1.0e-04)
159.590 .... 353 packets received, 4556 bps, 56.95%, Err 126 (9.9e-05)
161.970 .... 362 packets received, 4603 bps, 57.54%, Err 129 (1.0e-04)
164.102 .... 366 packets received, 4593 bps, 57.42%, Err 132 (1.0e-04)
167.812 .... 367 packets received, 4503 bps, 56.29%, Err 137 (1.0e-04)
169.933 .... 376 packets received, 4556 bps, 56.95%, Err 137 (1.0e-04)
172.578 .... 379 packets received, 4522 bps, 56.52%, Err 138 (1.0e-04)
175.247 .... 387 packets received, 4546 bps, 56.83%, Err 140 (1.0e-04)
178.947 .... 391 packets received, 4498 bps, 56.22%, Err 146 (1.0e-04)
181.053 .... 400 packets received, 4548 bps, 56.84%, Err 148 (1.0e-04)
183.208 .... 406 packets received, 4561 bps, 57.02%, Err 148 (1.0e-04)
185.316 .... 411 packets received, 4565 bps, 57.06%, Err 150 (1.0e-04)
187.702 .... 418 packets received, 4583 bps, 57.29%, Err 152 (1.0e-04)
191.429 .... 419 packets received, 4504 bps, 56.30%, Err 154 (1.0e-04)
193.789 .... 428 packets received, 4545 bps, 56.81%, Err 155 (1.0e-04)
198.560 .... 432 packets received, 4476 bps, 55.95%, Err 165 (1.0e-04)
201.751 .... 439 packets received, 4477 bps, 55.96%, Err 168 (1.0e-04)
203.856 .... 449 packets received, 4531 bps, 56.64%, Err 168 (1.0e-04)
210.503 .... 452 packets received, 4417 bps, 55.21%, Err 178 (1.1e-04)
212.654 .... 464 packets received, 4488 bps, 56.10%, Err 181 (1.1e-04)
215.280 .... 470 packets received, 4490 bps, 56.13%, Err 182 (1.1e-04)
217.686 .... 478 packets received, 4516 bps, 56.45%, Err 184 (1.1e-04)
220.331 .... 486 packets received, 4536 bps, 56.70%, Err 186 (1.1e-04)
222.446 .... 497 packets received, 4595 bps, 57.43%, Err 186 (1.0e-04)
224.550 .... 504 packets received, 4616 bps, 57.69%, Err 187 (1.0e-04)
226.653 .... 512 packets received, 4645 bps, 58.06%, Err 187 (1.0e-04)
229.580 .... 519 packets received, 4648 bps, 58.10%, Err 188 (1.0e-04)
231.703 .... 530 packets received, 4703 bps, 58.79%, Err 189 (1.0e-04)
234.077 .... 534 packets received, 4690 bps, 58.63%, Err 190 (1.0e-04)
237.295 .... 542 packets received, 4696 bps, 58.70%, Err 193 (1.0e-04)
239.662 .... 551 packets received, 4727 bps, 59.08%, Err 193 (1.0e-04)
241.789 .... 555 packets received, 4719 bps, 58.98%, Err 194 (1.0e-04)
247.059 .... 560 packets received, 4659 bps, 58.24%, Err 199 (1.0e-04)
249.199 .... 569 packets received, 4693 bps, 58.67%, Err 201 (1.0e-04)
251.354 .... 575 packets received, 4702 bps, 58.78%, Err 201 (1.0e-04)
253.442 .... 581 packets received, 4712 bps, 58.90%, Err 203 (1.0e-04)
256.081 .... 586 packets received, 4703 bps, 58.79%, Err 205 (1.0e-04)
258.244 .... 595 packets received, 4735 bps, 59.19%, Err 206 (1.0e-04)
260.602 .... 600 packets received, 4732 bps, 59.15%, Err 207 (1.0e-04)
262.722 .... 605 packets received, 4733 bps, 59.16%, Err 210 (1.0e-04)
265.351 .... 608 packets received, 4709 bps, 58.86%, Err 212 (1.0e-04)
267.488 .... 617 packets received, 4740 bps, 59.25%, Err 213 (1.0e-04)
269.594 .... 625 packets received, 4764 bps, 59.55%, Err 215 (1.0e-04)
272.243 .... 628 packets received, 4740 bps, 59.25%, Err 217 (1.0e-04)
275.171 .... 637 packets received, 4757 bps, 59.46%, Err 218 (9.9e-05)
277.286 .... 643 packets received, 4765 bps, 59.56%, Err 224 (1.0e-04)
280.457 .... 651 packets received, 4769 bps, 59.62%, Err 225 (1.0e-04)
282.578 .... 659 packets received, 4792 bps, 59.90%, Err 225 (1.0e-04)
284.694 .... 666 packets received, 4806 bps, 60.08%, Err 226 (9.9e-05)
287.586 .... 669 packets received, 4779 bps, 59.74%, Err 232 (1.0e-04)
290.265 .... 674 packets received, 4771 bps, 59.63%, Err 233 (1.0e-04)
293.460 .... 682 packets received, 4774 bps, 59.68%, Err 235 (1.0e-04)
295.592 .... 687 packets received, 4775 bps, 59.68%, Err 238 (1.0e-04)
297.693 .... 695 packets received, 4796 bps, 59.95%, Err 238 (1.0e-04)
299.794 .... 699 packets received, 4790 bps, 59.87%, Err 238 (9.9e-05)
301.937 .... 705 packets received, 4796 bps, 59.96%, Err 240 (1.0e-04)
304.076 .... 708 packets received, 4783 bps, 59.79%, Err 241 (9.9e-05)
306.982 .... 713 packets received, 4771 bps, 59.64%, Err 245 (1.0e-04)
309.379 .... 720 packets received, 4780 bps, 59.75%, Err 246 (1.0e-04)
311.513 .... 728 packets received, 4800 bps, 60.00%, Err 247 (9.9e-05)
314.693 .... 736 packets received, 4804 bps, 60.05%, Err 249 (9.9e-05)
317.081 .... 744 packets received, 4819 bps, 60.24%, Err 252 (1.0e-04)
319.185 .... 752 packets received, 4839 bps, 60.49%, Err 254 (1.0e-04)
323.939 .... 754 packets received, 4780 bps, 59.76%, Err 259 (1.0e-04)
329.514 .... 762 packets received, 4749 bps, 59.36%, Err 269 (1.0e-04)
331.631 .... 772 packets received, 4781 bps, 59.76%, Err 269 (1.0e-04)
334.537 .... 775 packets received, 4757 bps, 59.47%, Err 274 (1.0e-04)
338.288 .... 777 packets received, 4717 bps, 58.96%, Err 278 (1.0e-04)
340.431 .... 788 packets received, 4753 bps, 59.42%, Err 279 (1.0e-04)
343.091 .... 791 packets received, 4734 bps, 59.18%, Err 280 (1.0e-04)
345.157 .... 799 packets received, 4753 bps, 59.42%, Err 282 (1.0e-04)
347.824 .... 801 packets received, 4729 bps, 59.11%, Err 283 (1.0e-04)
349.944 .... 811 packets received, 4759 bps, 59.48%, Err 283 (1.0e-04)
352.876 .... 818 packets received, 4760 bps, 59.50%, Err 284 (1.0e-04)
354.989 .... 829 packets received, 4795 bps, 59.94%, Err 285 (1.0e-04)
357.886 .... 836 packets received, 4796 bps, 59.95%, Err 286 (1.0e-04)
361.081 .... 846 packets received, 4811 bps, 60.13%, Err 288 (1.0e-04)
363.172 .... 854 packets received, 4828 bps, 60.35%, Err 289 (1.0e-04)
365.336 .... 858 packets received, 4822 bps, 60.27%, Err 290 (9.9e-05)
367.419 .... 862 packets received, 4817 bps, 60.21%, Err 293 (1.0e-04)
369.540 .... 869 packets received, 4828 bps, 60.35%, Err 293 (9.9e-05)
374.577 .... 873 packets received, 4785 bps, 59.81%, Err 300 (1.0e-04)
379.110 .... 883 packets received, 4782 bps, 59.77%, Err 302 (1.0e-04)
381.216 .... 893 packets received, 4809 bps, 60.11%, Err 304 (1.0e-04)
383.349 .... 901 packets received, 4825 bps, 60.31%, Err 304 (9.9e-05)
386.492 .... 909 packets received, 4828 bps, 60.35%, Err 308 (1.0e-04)
391.818 .... 912 packets received, 4778 bps, 59.73%, Err 314 (1.0e-04)
393.947 .... 923 packets received, 4810 bps, 60.12%, Err 315 (1.0e-04)
396.589 .... 926 packets received, 4793 bps, 59.91%, Err 316 (1.0e-04)
399.463 .... 935 packets received, 4805 bps, 60.06%, Err 318 (1.0e-04)
401.627 .... 943 packets received, 4820 bps, 60.24%, Err 319 (9.9e-05)
404.272 .... 945 packets received, 4798 bps, 59.98%, Err 323 (1.0e-04)
407.478 .... 952 packets received, 4796 bps, 59.94%, Err 325 (1.0e-04)
409.845 .... 955 packets received, 4783 bps, 59.79%, Err 328 (1.0e-04)
412.735 .... 961 packets received, 4779 bps, 59.74%, Err 329 (1.0e-04)
417.793 .... 965 packets received, 4741 bps, 59.26%, Err 336 (1.0e-04)
421.261 .... 974 packets received, 4745 bps, 59.32%, Err 337 (1.0e-04)
423.618 .... 979 packets received, 4743 bps, 59.29%, Err 339 (1.0e-04)
426.534 .... 987 packets received, 4749 bps, 59.37%, Err 341 (1.0e-04)
429.470 .... 994 packets received, 4750 bps, 59.38%, Err 342 (1.0e-04)
432.615 .... 1003 packets received, 4758 bps, 59.48%, Err 347 (1.0e-04)
435.031 .... 1007 packets received, 4751 bps, 59.38%, Err 348 (1.0e-04)
438.197 .... 1012 packets received, 4740 bps, 59.25%, Err 350 (1.0e-04)
440.869 .... 1018 packets received, 4739 bps, 59.24%, Err 352 (1.0e-04)
443.786 .... 1026 packets received, 4745 bps, 59.31%, Err 355 (1.0e-04)
445.869 .... 1032 packets received, 4750 bps, 59.37%, Err 356 (1.0e-04)
454.097 .... 1037 packets received, 4686 bps, 58.58%, Err 363 (1.0e-04)
456.244 .... 1048 packets received, 4714 bps, 58.92%, Err 364 (1.0e-04)
460.766 .... 1050 packets received, 4676 bps, 58.45%, Err 367 (1.0e-04)
462.860 .... 1060 packets received, 4699 bps, 58.74%, Err 369 (1.0e-04)
465.257 .... 1064 packets received, 4693 bps, 58.66%, Err 372 (1.0e-04)
467.398 .... 1073 packets received, 4711 bps, 58.88%, Err 372 (1.0e-04)
469.783 .... 1076 packets received, 4700 bps, 58.75%, Err 375 (1.0e-04)
472.957 .... 1082 packets received, 4694 bps, 58.68%, Err 377 (1.0e-04)
476.149 .... 1089 packets received, 4693 bps, 58.66%, Err 382 (1.0e-04)
478.291 .... 1097 packets received, 4706 bps, 58.83%, Err 383 (1.0e-04)
481.712 .... 1100 packets received, 4686 bps, 58.57%, Err 385 (1.0e-04)
484.890 .... 1110 packets received, 4697 bps, 58.71%, Err 387 (1.0e-04)
487.039 .... 1118 packets received, 4710 bps, 58.88%, Err 388 (1.0e-04)
489.151 .... 1121 packets received, 4702 bps, 58.78%, Err 390 (1.0e-04)
496.045 .... 1123 packets received, 4645 bps, 58.06%, Err 398 (1.0e-04)
498.667 .... 1133 packets received, 4662 bps, 58.27%, Err 400 (1.0e-04)
500.846 .... 1143 packets received, 4682 bps, 58.53%, Err 401 (1.0e-04)
502.935 .... 1148 packets received, 4683 bps, 58.54%, Err 403 (1.0e-04)
505.594 .... 1151 packets received, 4671 bps, 58.38%, Err 408 (1.0e-04)
507.733 .... 1157 packets received, 4675 bps, 58.44%, Err 408 (1.0e-04)
509.860 .... 1164 packets received, 4684 bps, 58.55%, Err 408 (1.0e-04)
511.959 .... 1170 packets received, 4689 bps, 58.61%, Err 408 (1.0e-04)
516.495 .... 1174 packets received, 4663 bps, 58.29%, Err 410 (9.9e-05)
519.936 .... 1182 packets received, 4664 bps, 58.30%, Err 414 (1.0e-04)
522.324 .... 1186 packets received, 4658 bps, 58.23%, Err 417 (1.0e-04)
525.237 .... 1192 packets received, 4656 bps, 58.20%, Err 421 (1.0e-04)
527.379 .... 1201 packets received, 4672 bps, 58.40%, Err 422 (1.0e-04)
532.399 .... 1208 packets received, 4655 bps, 58.19%, Err 429 (1.0e-04)
534.536 .... 1217 packets received, 4671 bps, 58.38%, Err 430 (1.0e-04)
536.624 .... 1221 packets received, 4668 bps, 58.35%, Err 430 (1.0e-04)
539.266 .... 1227 packets received, 4668 bps, 58.35%, Err 430 (1.0e-04)
542.226 .... 1232 packets received, 4661 bps, 58.26%, Err 431 (9.9e-05)
544.350 .... 1241 packets received, 4677 bps, 58.46%, Err 433 (1.0e-04)
548.581 .... 1244 packets received, 4652 bps, 58.15%, Err 435 (9.9e-05)
552.271 .... 1253 packets received, 4654 bps, 58.18%, Err 439 (9.9e-05)
554.406 .... 1260 packets received, 4662 bps, 58.28%, Err 442 (1.0e-04)
556.542 .... 1263 packets received, 4655 bps, 58.19%, Err 444 (1.0e-04)
559.474 .... 1270 packets received, 4657 bps, 58.21%, Err 447 (1.0e-04)
562.117 .... 1276 packets received, 4657 bps, 58.21%, Err 449 (1.0e-04)
565.319 .... 1285 packets received, 4663 bps, 58.28%, Err 450 (1.0e-04)
567.445 .... 1292 packets received, 4671 bps, 58.38%, Err 453 (1.0e-04)
570.367 .... 1300 packets received, 4675 bps, 58.44%, Err 456 (1.0e-04)
572.440 .... 1307 packets received, 4683 bps, 58.54%, Err 458 (1.0e-04)
574.602 .... 1313 packets received, 4687 bps, 58.59%, Err 459 (1.0e-04)
576.710 .... 1321 packets received, 4699 bps, 58.73%, Err 460 (1.0e-04)
579.597 .... 1324 packets received, 4686 bps, 58.57%, Err 465 (1.0e-04)
581.712 .... 1330 packets received, 4690 bps, 58.62%, Err 466 (1.0e-04)
584.909 .... 1336 packets received, 4685 bps, 58.56%, Err 468 (1.0e-04)
589.130 .... 1341 packets received, 4669 bps, 58.36%, Err 476 (1.0e-04)
591.268 .... 1350 packets received, 4683 bps, 58.54%, Err 476 (1.0e-04)
593.420 .... 1356 packets received, 4687 bps, 58.59%, Err 476 (1.0e-04)
595.796 .... 1360 packets received, 4682 bps, 58.53%, Err 479 (1.0e-04)
602.154 .... 1361 packets received, 4636 bps, 57.95%, Err 482 (1.0e-04)
604.831 .... 1371 packets received, 4649 bps, 58.12%, Err 483 (1.0e-04)
607.222 .... 1379 packets received, 4658 bps, 58.23%, Err 486 (1.0e-04)
612.754 .... 1389 packets received, 4649 bps, 58.12%, Err 491 (1.0e-04)
615.176 .... 1398 packets received, 4661 bps, 58.26%, Err 493 (1.0e-04)
617.312 .... 1406 packets received, 4671 bps, 58.39%, Err 494 (1.0e-04)
619.379 .... 1413 packets received, 4679 bps, 58.49%, Err 495 (1.0e-04)
622.829 .... 1420 packets received, 4676 bps, 58.45%, Err 498 (1.0e-04)
625.227 .... 1430 packets received, 4691 bps, 58.64%, Err 499 (1.0e-04)
628.154 .... 1434 packets received, 4682 bps, 58.53%, Err 502 (1.0e-04)
630.795 .... 1440 packets received, 4682 bps, 58.53%, Err 504 (1.0e-04)
633.972 .... 1448 packets received, 4684 bps, 58.56%, Err 505 (1.0e-04)
636.103 .... 1458 packets received, 4701 bps, 58.76%, Err 505 (9.9e-05)
642.979 .... 1462 packets received, 4663 bps, 58.29%, Err 510 (9.9e-05)
645.132 .... 1473 packets received, 4683 bps, 58.53%, Err 511 (9.9e-05)
648.039 .... 1478 packets received, 4678 bps, 58.47%, Err 515 (9.9e-05)
651.765 .... 1480 packets received, 4657 bps, 58.21%, Err 522 (1.0e-04)
653.875 .... 1489 packets received, 4670 bps, 58.38%, Err 523 (1.0e-04)
655.998 .... 1495 packets received, 4674 bps, 58.42%, Err 523 (1.0e-04)
658.918 .... 1500 packets received, 4669 bps, 58.36%, Err 528 (1.0e-04)
662.102 .... 1510 packets received, 4677 bps, 58.46%, Err 530 (1.0e-04)
664.210 .... 1520 packets received, 4693 bps, 58.66%, Err 530 (1.0e-04)
666.578 .... 1525 packets received, 4692 bps, 58.65%, Err 533 (1.0e-04)
668.684 .... 1528 packets received, 4686 bps, 58.58%, Err 534 (1.0e-04)
672.142 .... 1533 packets received, 4677 bps, 58.47%, Err 537 (1.0e-04)
677.711 .... 1541 packets received, 4663 bps, 58.29%, Err 542 (1.0e-04)
680.871 .... 1552 packets received, 4675 bps, 58.43%, Err 545 (1.0e-04)
684.336 .... 1555 packets received, 4660 bps, 58.25%, Err 548 (1.0e-04)
689.628 .... 1565 packets received, 4654 bps, 58.17%, Err 552 (1.0e-04)
691.741 .... 1576 packets received, 4672 bps, 58.40%, Err 552 (1.0e-04)
694.688 .... 1580 packets received, 4664 bps, 58.30%, Err 554 (1.0e-04)
696.797 .... 1590 packets received, 4679 bps, 58.49%, Err 556 (1.0e-04)
699.438 .... 1596 packets received, 4679 bps, 58.49%, Err 558 (1.0e-04)
702.367 .... 1602 packets received, 4677 bps, 58.47%, Err 562 (1.0e-04)
705.029 .... 1607 packets received, 4674 bps, 58.43%, Err 565 (1.0e-04)
710.049 .... 1613 packets received, 4658 bps, 58.23%, Err 570 (1.0e-04)
712.966 .... 1623 packets received, 4668 bps, 58.35%, Err 572 (1.0e-04)
717.738 .... 1631 packets received, 4660 bps, 58.25%, Err 576 (1.0e-04)
719.862 .... 1641 packets received, 4675 bps, 58.43%, Err 576 (1.0e-04)
721.984 .... 1647 packets received, 4678 bps, 58.47%, Err 577 (1.0e-04)
724.865 .... 1652 packets received, 4673 bps, 58.42%, Err 582 (1.0e-04)
728.604 .... 1656 packets received, 4661 bps, 58.26%, Err 586 (1.0e-04)
730.716 .... 1667 packets received, 4678 bps, 58.48%, Err 587 (1.0e-04)
732.836 .... 1675 packets received, 4687 bps, 58.59%, Err 587 (1.0e-04)
734.941 .... 1682 packets received, 4693 bps, 58.66%, Err 589 (1.0e-04)
738.938 .... 1683 packets received, 4670 bps, 58.38%, Err 592 (1.0e-04)
741.048 .... 1692 packets received, 4682 bps, 58.52%, Err 596 (1.0e-04)
743.153 .... 1699 packets received, 4688 bps, 58.60%, Err 596 (1.0e-04)
747.418 .... 1702 packets received, 4669 bps, 58.37%, Err 599 (1.0e-04)
749.550 .... 1713 packets received, 4686 bps, 58.58%, Err 599 (1.0e-04)
752.734 .... 1719 packets received, 4683 bps, 58.53%, Err 602 (1.0e-04)
755.933 .... 1730 packets received, 4693 bps, 58.66%, Err 604 (1.0e-04)
758.564 .... 1735 packets received, 4690 bps, 58.62%, Err 608 (1.0e-04)
760.661 .... 1740 packets received, 4690 bps, 58.63%, Err 608 (1.0e-04)
762.818 .... 1746 packets received, 4693 bps, 58.67%, Err 609 (1.0e-04)
767.591 .... 1750 packets received, 4675 bps, 58.43%, Err 615 (1.0e-04)
769.711 .... 1759 packets received, 4686 bps, 58.57%, Err 615 (1.0e-04)
772.645 .... 1762 packets received, 4676 bps, 58.45%, Err 618 (1.0e-04)
775.305 .... 1770 packets received, 4681 bps, 58.51%, Err 621 (1.0e-04)
778.999 .... 1773 packets received, 4667 bps, 58.33%, Err 627 (1.0e-04)
783.231 .... 1775 packets received, 4647 bps, 58.08%, Err 629 (1.0e-04)
785.364 .... 1787 packets received, 4665 bps, 58.32%, Err 630 (1.0e-04)
787.484 .... 1795 packets received, 4674 bps, 58.42%, Err 630 (1.0e-04)
790.926 .... 1803 packets received, 4674 bps, 58.43%, Err 633 (1.0e-04)
793.823 .... 1813 packets received, 4683 bps, 58.53%, Err 634 (1.0e-04)
797.824 .... 1817 packets received, 4670 bps, 58.37%, Err 640 (1.0e-04)
799.918 .... 1826 packets received, 4680 bps, 58.50%, Err 641 (1.0e-04)
802.041 .... 1833 packets received, 4686 bps, 58.57%, Err 641 (1.0e-04)
804.716 .... 1839 packets received, 4686 bps, 58.57%, Err 643 (1.0e-04)
807.341 .... 1847 packets received, 4691 bps, 58.63%, Err 645 (1.0e-04)
809.486 .... 1853 packets received, 4693 bps, 58.67%, Err 646 (1.0e-04)
813.461 .... 1858 packets received, 4683 bps, 58.54%, Err 651 (1.0e-04)
816.366 .... 1866 packets received, 4686 bps, 58.58%, Err 655 (1.0e-04)
818.781 .... 1870 packets received, 4683 bps, 58.53%, Err 655 (1.0e-04)
821.725 .... 1878 packets received, 4686 bps, 58.57%, Err 659 (1.0e-04)
823.801 .... 1889 packets received, 4701 bps, 58.77%, Err 660 (1.0e-04)
827.546 .... 1890 packets received, 4683 bps, 58.53%, Err 662 (1.0e-04)
829.645 .... 1901 packets received, 4698 bps, 58.72%, Err 663 (1.0e-04)
832.010 .... 1905 packets received, 4694 bps, 58.68%, Err 667 (1.0e-04)
834.133 .... 1913 packets received, 4702 bps, 58.78%, Err 668 (1.0e-04)
836.796 .... 1915 packets received, 4692 bps, 58.65%, Err 669 (1.0e-04)
839.149 .... 1923 packets received, 4698 bps, 58.73%, Err 672 (1.0e-04)
841.289 .... 1931 packets received, 4706 bps, 58.82%, Err 673 (1.0e-04)
843.928 .... 1934 packets received, 4698 bps, 58.73%, Err 676 (1.0e-04)
846.573 .... 1942 packets received, 4703 bps, 58.79%, Err 679 (1.0e-04)
848.721 .... 1950 packets received, 4711 bps, 58.88%, Err 679 (1.0e-04)
851.610 .... 1956 packets received, 4709 bps, 58.86%, Err 681 (1.0e-04)
855.341 .... 1957 packets received, 4691 bps, 58.63%, Err 684 (1.0e-04)
857.463 .... 1967 packets received, 4703 bps, 58.79%, Err 685 (1.0e-04)
859.568 .... 1971 packets received, 4701 bps, 58.76%, Err 688 (1.0e-04)
861.693 .... 1981 packets received, 4713 bps, 58.92%, Err 688 (1.0e-04)
864.342 .... 1985 packets received, 4708 bps, 58.85%, Err 691 (1.0e-04)
866.434 .... 1995 packets received, 4721 bps, 59.01%, Err 691 (1.0e-04)
869.090 .... 2000 packets received, 4718 bps, 58.97%, Err 694 (1.0e-04)
871.214 .... 2010 packets received, 4730 bps, 59.12%, Err 695 (1.0e-04)
875.183 .... 2012 packets received, 4713 bps, 58.91%, Err 701 (1.0e-04)
877.321 .... 2021 packets received, 4723 bps, 59.03%, Err 701 (1.0e-04)
879.452 .... 2027 packets received, 4725 bps, 59.07%, Err 701 (1.0e-04)
881.569 .... 2030 packets received, 4721 bps, 59.01%, Err 705 (1.0e-04)
884.714 .... 2040 packets received, 4727 bps, 59.09%, Err 707 (1.0e-04)
887.386 .... 2047 packets received, 4729 bps, 59.11%, Err 709 (1.0e-04)
890.018 .... 2053 packets received, 4729 bps, 59.11%, Err 712 (1.0e-04)
892.149 .... 2061 packets received, 4736 bps, 59.20%, Err 713 (1.0e-04)
894.275 .... 2064 packets received, 4732 bps, 59.15%, Err 716 (1.0e-04)
896.354 .... 2073 packets received, 4741 bps, 59.27%, Err 717 (1.0e-04)
898.483 .... 2076 packets received, 4737 bps, 59.21%, Err 720 (1.0e-04)
900.616 .... 2082 packets received, 4739 bps, 59.24%, Err 720 (1.0e-04)
905.620 .... 2087 packets received, 4724 bps, 59.05%, Err 725 (1.0e-04)
907.764 .... 2098 packets received, 4738 bps, 59.23%, Err 726 (1.0e-04)
909.892 .... 2102 packets received, 4736 bps, 59.20%, Err 728 (1.0e-04)
912.775 .... 2109 packets received, 4737 bps, 59.21%, Err 731 (1.0e-04)
914.916 .... 2118 packets received, 4746 bps, 59.32%, Err 733 (1.0e-04)
920.516 .... 2122 packets received, 4726 bps, 59.07%, Err 740 (1.0e-04)
924.740 .... 2130 packets received, 4722 bps, 59.02%, Err 742 (1.0e-04)
926.837 .... 2140 packets received, 4733 bps, 59.17%, Err 743 (1.0e-04)
929.766 .... 2144 packets received, 4727 bps, 59.09%, Err 746 (1.0e-04)
932.183 .... 2152 packets received, 4733 bps, 59.16%, Err 747 (1.0e-04)
935.350 .... 2160 packets received, 4734 bps, 59.18%, Err 748 (1.0e-04)
937.745 .... 2168 packets received, 4739 bps, 59.24%, Err 750 (1.0e-04)
941.203 .... 2170 packets received, 4726 bps, 59.08%, Err 752 (1.0e-04)
943.557 .... 2179 packets received, 4734 bps, 59.18%, Err 755 (1.0e-04)
945.694 .... 2187 packets received, 4741 bps, 59.26%, Err 755 (1.0e-04)
955.742 .... 2192 packets received, 4702 bps, 58.77%, Err 764 (1.0e-04)
957.892 .... 2204 packets received, 4717 bps, 58.96%, Err 764 (1.0e-04)
960.016 .... 2208 packets received, 4715 bps, 58.94%, Err 767 (1.0e-04)
963.200 .... 2215 packets received, 4714 bps, 58.93%, Err 769 (1.0e-04)
965.569 .... 2221 packets received, 4715 bps, 58.94%, Err 773 (1.0e-04)
969.289 .... 2222 packets received, 4699 bps, 58.74%, Err 776 (1.0e-04)
971.434 .... 2231 packets received, 4708 bps, 58.85%, Err 777 (1.0e-04)
973.791 .... 2236 packets received, 4707 bps, 58.84%, Err 780 (1.0e-04)
975.929 .... 2246 packets received, 4718 bps, 58.97%, Err 780 (1.0e-04)
978.315 .... 2250 packets received, 4715 bps, 58.93%, Err 782 (1.0e-04)
980.693 .... 2256 packets received, 4716 bps, 58.95%, Err 783 (1.0e-04)
983.623 .... 2263 packets received, 4716 bps, 58.95%, Err 786 (1.0e-04)
987.574 .... 2270 packets received, 4712 bps, 58.90%, Err 790 (1.0e-04)
991.019 .... 2281 packets received, 4718 bps, 58.98%, Err 794 (1.0e-04)
993.179 .... 2289 packets received, 4724 bps, 59.06%, Err 794 (1.0e-04)
995.313 .... 2291 packets received, 4718 bps, 58.98%, Err 796 (1.0e-04)
998.461 .... 2301 packets received, 4724 bps, 59.05%, Err 800 (1.0e-04)
1000.565 .... 2310 packets received, 4733 bps, 59.16%, Err 800 (1.0e-04)
1002.721 .... 2314 packets received, 4731 bps, 59.13%, Err 802 (1.0e-04)
1005.154 .... 2317 packets received, 4725 bps, 59.06%, Err 803 (1.0e-04)
1008.298 .... 2323 packets received, 4723 bps, 59.03%, Err 808 (1.0e-04)
1010.386 .... 2331 packets received, 4729 bps, 59.11%, Err 808 (1.0e-04)
1013.576 .... 2335 packets received, 4722 bps, 59.03%, Err 810 (1.0e-04)
1015.685 .... 2344 packets received, 4731 bps, 59.13%, Err 810 (1.0e-04)
1018.075 .... 2349 packets received, 4730 bps, 59.12%, Err 812 (1.0e-04)
1023.665 .... 2352 packets received, 4710 bps, 58.87%, Err 820 (1.0e-04)
1025.761 .... 2363 packets received, 4722 bps, 59.03%, Err 821 (1.0e-04)
1028.429 .... 2369 packets received, 4722 bps, 59.02%, Err 822 (1.0e-04)
1030.554 .... 2377 packets received, 4728 bps, 59.10%, Err 823 (1.0e-04)
1033.478 .... 2381 packets received, 4723 bps, 59.03%, Err 826 (1.0e-04)
1035.596 .... 2389 packets received, 4729 bps, 59.11%, Err 828 (1.0e-04)
1038.790 .... 2393 packets received, 4722 bps, 59.03%, Err 830 (1.0e-04)
1048.822 .... 2399 packets received, 4689 bps, 58.61%, Err 841 (1.0e-04)
1052.010 .... 2410 packets received, 4696 bps, 58.70%, Err 845 (1.0e-04)
1054.144 .... 2418 packets received, 4702 bps, 58.77%, Err 846 (1.0e-04)
1056.530 .... 2421 packets received, 4697 bps, 58.71%, Err 848 (1.0e-04)
1059.172 .... 2429 packets received, 4701 bps, 58.76%, Err 849 (1.0e-04)
1061.293 .... 2440 packets received, 4713 bps, 58.91%, Err 850 (1.0e-04)
1063.944 .... 2443 packets received, 4707 bps, 58.83%, Err 851 (1.0e-04)
1071.100 .... 2451 packets received, 4690 bps, 58.63%, Err 861 (1.0e-04)
1073.242 .... 2463 packets received, 4704 bps, 58.80%, Err 862 (1.0e-04)
1075.341 .... 2470 packets received, 4708 bps, 58.85%, Err 865 (1.0e-04)
1078.023 .... 2472 packets received, 4700 bps, 58.75%, Err 866 (1.0e-04)
1080.397 .... 2482 packets received, 4709 bps, 58.86%, Err 866 (1.0e-04)
1082.524 .... 2489 packets received, 4713 bps, 58.91%, Err 868 (1.0e-04)
1084.639 .... 2495 packets received, 4715 bps, 58.94%, Err 869 (1.0e-04)
1089.645 .... 2500 packets received, 4703 bps, 58.78%, Err 877 (1.0e-04)
1091.815 .... 2509 packets received, 4710 bps, 58.88%, Err 879 (1.0e-04)
1093.892 .... 2515 packets received, 4713 bps, 58.91%, Err 880 (1.0e-04)
1096.045 .... 2521 packets received, 4715 bps, 58.93%, Err 880 (1.0e-04)
1098.671 .... 2526 packets received, 4713 bps, 58.91%, Err 882 (1.0e-04)
1104.522 .... 2532 packets received, 4699 bps, 58.73%, Err 887 (1.0e-04)
1106.642 .... 2541 packets received, 4706 bps, 58.83%, Err 889 (1.0e-04)
1108.767 .... 2547 packets received, 4708 bps, 58.86%, Err 890 (1.0e-04)
1111.705 .... 2553 packets received, 4707 bps, 58.84%, Err 895 (1.0e-04)
1113.839 .... 2562 packets received, 4715 bps, 58.93%, Err 895 (1.0e-04)
1115.906 .... 2567 packets received, 4715 bps, 58.94%, Err 895 (1.0e-04)
1118.865 .... 2573 packets received, 4714 bps, 58.92%, Err 897 (1.0e-04)
1123.615 .... 2580 packets received, 4706 bps, 58.83%, Err 902 (1.0e-04)
1125.736 .... 2590 packets received, 4716 bps, 58.95%, Err 902 (1.0e-04)
1128.390 .... 2594 packets received, 4712 bps, 58.90%, Err 904 (1.0e-04)
1130.533 .... 2604 packets received, 4721 bps, 59.01%, Err 904 (1.0e-04)
1132.673 .... 2607 packets received, 4718 bps, 58.97%, Err 905 (1.0e-04)
1137.951 .... 2613 packets received, 4706 bps, 58.83%, Err 910 (1.0e-04)
1141.150 .... 2622 packets received, 4709 bps, 58.87%, Err 912 (1.0e-04)
1144.864 .... 2625 packets received, 4700 bps, 58.74%, Err 916 (1.0e-04)
1147.262 .... 2634 packets received, 4706 bps, 58.82%, Err 918 (1.0e-04)
1149.409 .... 2640 packets received, 4708 bps, 58.85%, Err 918 (1.0e-04)
1154.153 .... 2644 packets received, 4695 bps, 58.69%, Err 923 (1.0e-04)
1159.466 .... 2654 packets received, 4692 bps, 58.64%, Err 927 (1.0e-04)
1161.575 .... 2664 packets received, 4701 bps, 58.76%, Err 927 (1.0e-04)
1164.756 .... 2671 packets received, 4700 bps, 58.75%, Err 931 (1.0e-04)
1168.201 .... 2679 packets received, 4700 bps, 58.75%, Err 936 (1.0e-04)
1170.298 .... 2687 packets received, 4706 bps, 58.82%, Err 936 (1.0e-04)
1173.463 .... 2694 packets received, 4705 bps, 58.82%, Err 938 (1.0e-04)
1176.663 .... 2704 packets received, 4710 bps, 58.88%, Err 940 (1.0e-04)
1178.833 .... 2715 packets received, 4720 bps, 59.01%, Err 941 (1.0e-04)
1180.891 .... 2723 packets received, 4726 bps, 59.08%, Err 941 (1.0e-04)
1183.048 .... 2730 packets received, 4730 bps, 59.12%, Err 942 (1.0e-04)
1185.147 .... 2737 packets received, 4733 bps, 59.17%, Err 943 (1.0e-04)
1187.846 .... 2743 packets received, 4733 bps, 59.16%, Err 945 (1.0e-04)
1190.476 .... 2748 packets received, 4731 bps, 59.14%, Err 947 (9.9e-05)
1193.408 .... 2756 packets received, 4733 bps, 59.16%, Err 949 (9.9e-05)
1196.052 .... 2763 packets received, 4735 bps, 59.18%, Err 950 (9.9e-05)
1198.430 .... 2773 packets received, 4742 bps, 59.28%, Err 951 (9.9e-05)
1200.566 .... 2779 packets received, 4744 bps, 59.30%, Err 951 (9.9e-05)
1204.791 .... 2782 packets received, 4733 bps, 59.16%, Err 958 (9.9e-05)
1211.455 .... 2788 packets received, 4717 bps, 58.96%, Err 966 (1.0e-04)
1213.587 .... 2799 packets received, 4727 bps, 59.09%, Err 966 (1.0e-04)
1215.712 .... 2807 packets received, 4732 bps, 59.15%, Err 968 (1.0e-04)
1218.358 .... 2811 packets received, 4729 bps, 59.11%, Err 971 (1.0e-04)
1223.368 .... 2817 packets received, 4719 bps, 58.99%, Err 979 (1.0e-04)
1226.572 .... 2827 packets received, 4724 bps, 59.05%, Err 981 (1.0e-04)
1229.727 .... 2835 packets received, 4725 bps, 59.06%, Err 987 (1.0e-04)
1231.881 .... 2843 packets received, 4730 bps, 59.12%, Err 987 (1.0e-04)
1235.029 .... 2850 packets received, 4730 bps, 59.12%, Err 989 (1.0e-04)
1237.936 .... 2858 packets received, 4732 bps, 59.15%, Err 992 (1.0e-04)
1240.844 .... 2862 packets received, 4727 bps, 59.09%, Err 994 (1.0e-04)
1242.970 .... 2869 packets received, 4731 bps, 59.13%, Err 995 (1.0e-04)
1245.079 .... 2875 packets received, 4732 bps, 59.16%, Err 995 (1.0e-04)
1247.226 .... 2881 packets received, 4734 bps, 59.18%, Err 995 (1.0e-04)
1250.911 .... 2882 packets received, 4722 bps, 59.02%, Err 1000 (1.0e-04)
1253.852 .... 2892 packets received, 4727 bps, 59.09%, Err 1002 (1.0e-04)
1258.621 .... 2900 packets received, 4722 bps, 59.03%, Err 1009 (1.0e-04)
1261.012 .... 2909 packets received, 4728 bps, 59.10%, Err 1013 (1.0e-04)
1263.125 .... 2916 packets received, 4731 bps, 59.14%, Err 1014 (1.0e-04)
1265.239 .... 2920 packets received, 4730 bps, 59.12%, Err 1015 (1.0e-04)
1267.375 .... 2931 packets received, 4740 bps, 59.25%, Err 1015 (1.0e-04)
1269.510 .... 2939 packets received, 4745 bps, 59.31%, Err 1016 (1.0e-04)
1275.080 .... 2944 packets received, 4732 bps, 59.15%, Err 1023 (1.0e-04)
1277.193 .... 2954 packets received, 4740 bps, 59.25%, Err 1025 (1.0e-04)
1279.327 .... 2961 packets received, 4743 bps, 59.29%, Err 1025 (1.0e-04)
1281.460 .... 2967 packets received, 4745 bps, 59.31%, Err 1026 (1.0e-04)
1283.571 .... 2970 packets received, 4742 bps, 59.28%, Err 1030 (1.0e-04)
1286.211 .... 2975 packets received, 4740 bps, 59.25%, Err 1032 (1.0e-04)
1292.826 .... 2979 packets received, 4722 bps, 59.03%, Err 1037 (1.0e-04)
1295.255 .... 2989 packets received, 4729 bps, 59.12%, Err 1039 (1.0e-04)
1297.362 .... 2998 packets received, 4736 bps, 59.20%, Err 1039 (1.0e-04)
1299.489 .... 3002 packets received, 4734 bps, 59.18%, Err 1040 (1.0e-04)
1301.588 .... 3012 packets received, 4743 bps, 59.28%, Err 1041 (1.0e-04)
1304.802 .... 3020 packets received, 4743 bps, 59.29%, Err 1043 (1.0e-04)
1309.853 .... 3026 packets received, 4735 bps, 59.18%, Err 1048 (1.0e-04)
1311.941 .... 3037 packets received, 4744 bps, 59.30%, Err 1049 (1.0e-04)
1319.896 .... 3042 packets received, 4723 bps, 59.04%, Err 1057 (1.0e-04)
1322.546 .... 3052 packets received, 4729 bps, 59.12%, Err 1058 (1.0e-04)
1324.960 .... 3059 packets received, 4732 bps, 59.14%, Err 1060 (1.0e-04)
1327.348 .... 3067 packets received, 4735 bps, 59.19%, Err 1060 (1.0e-04)
1330.551 .... 3073 packets received, 4733 bps, 59.17%, Err 1063 (1.0e-04)
1336.887 .... 3074 packets received, 4712 bps, 58.90%, Err 1071 (1.0e-04)
1339.053 .... 3084 packets received, 4720 bps, 59.00%, Err 1071 (1.0e-04)
1341.156 .... 3088 packets received, 4719 bps, 58.98%, Err 1074 (1.0e-04)
1344.089 .... 3093 packets received, 4716 bps, 58.95%, Err 1076 (1.0e-04)
1349.906 .... 3097 packets received, 4702 bps, 58.77%, Err 1085 (1.0e-04)
1352.312 .... 3106 packets received, 4707 bps, 58.84%, Err 1087 (1.0e-04)
1354.417 .... 3109 packets received, 4704 bps, 58.80%, Err 1089 (1.0e-04)
1356.567 .... 3119 packets received, 4712 bps, 58.90%, Err 1089 (1.0e-04)
1359.726 .... 3123 packets received, 4707 bps, 58.84%, Err 1092 (1.0e-04)
1362.405 .... 3130 packets received, 4708 bps, 58.85%, Err 1095 (1.0e-04)
1366.077 .... 3138 packets received, 4708 bps, 58.84%, Err 1099 (1.0e-04)
1368.205 .... 3145 packets received, 4711 bps, 58.88%, Err 1099 (1.0e-04)
1370.307 .... 3146 packets received, 4705 bps, 58.81%, Err 1101 (1.0e-04)
1373.264 .... 3154 packets received, 4707 bps, 58.84%, Err 1103 (1.0e-04)
1375.628 .... 3160 packets received, 4708 bps, 58.85%, Err 1105 (1.0e-04)
1378.534 .... 3168 packets received, 4710 bps, 58.87%, Err 1108 (1.0e-04)
1381.437 .... 3175 packets received, 4710 bps, 58.88%, Err 1111 (1.0e-04)
1384.061 .... 3182 packets received, 4712 bps, 58.89%, Err 1113 (1.0e-04)
1386.482 .... 3193 packets received, 4720 bps, 58.99%, Err 1114 (1.0e-04)
1389.114 .... 3198 packets received, 4718 bps, 58.97%, Err 1115 (1.0e-04)
1391.236 .... 3208 packets received, 4726 bps, 59.07%, Err 1115 (1.0e-04)
1393.612 .... 3213 packets received, 4725 bps, 59.06%, Err 1116 (1.0e-04)
1395.706 .... 3224 packets received, 4734 bps, 59.17%, Err 1116 (1.0e-04)
1397.855 .... 3231 packets received, 4737 bps, 59.21%, Err 1117 (1.0e-04)
1399.951 .... 3237 packets received, 4739 bps, 59.23%, Err 1120 (1.0e-04)
1402.079 .... 3245 packets received, 4743 bps, 59.29%, Err 1121 (1.0e-04)
1407.136 .... 3248 packets received, 4730 bps, 59.13%, Err 1126 (1.0e-04)
1410.307 .... 3258 packets received, 4734 bps, 59.18%, Err 1130 (1.0e-04)
1412.432 .... 3269 packets received, 4743 bps, 59.29%, Err 1131 (1.0e-04)
1415.083 .... 3272 packets received, 4739 bps, 59.23%, Err 1132 (1.0e-04)
1417.206 .... 3280 packets received, 4743 bps, 59.29%, Err 1134 (1.0e-04)
1420.375 .... 3289 packets received, 4745 bps, 59.32%, Err 1136 (1.0e-04)
1422.763 .... 3297 packets received, 4749 bps, 59.36%, Err 1138 (1.0e-04)
1426.458 .... 3300 packets received, 4741 bps, 59.26%, Err 1141 (1.0e-04)
1428.574 .... 3311 packets received, 4750 bps, 59.37%, Err 1143 (1.0e-04)
1430.715 .... 3319 packets received, 4754 bps, 59.43%, Err 1143 (1.0e-04)
1432.857 .... 3327 packets received, 4758 bps, 59.48%, Err 1143 (1.0e-04)
1434.972 .... 3331 packets received, 4757 bps, 59.46%, Err 1147 (1.0e-04)
1438.692 .... 3332 packets received, 4746 bps, 59.33%, Err 1152 (1.0e-04)
1442.136 .... 3341 packets received, 4748 bps, 59.35%, Err 1153 (1.0e-04)
1444.251 .... 3351 packets received, 4755 bps, 59.44%, Err 1155 (1.0e-04)
1447.165 .... 3357 packets received, 4754 bps, 59.42%, Err 1158 (1.0e-04)
1450.863 .... 3360 packets received, 4746 bps, 59.32%, Err 1162 (1.0e-04)
1453.003 .... 3370 packets received, 4753 bps, 59.41%, Err 1164 (1.0e-04)
1455.116 .... 3378 packets received, 4757 bps, 59.47%, Err 1165 (1.0e-04)
1457.257 .... 3385 packets received, 4760 bps, 59.50%, Err 1165 (1.0e-04)
1459.322 .... 3391 packets received, 4762 bps, 59.52%, Err 1168 (1.0e-04)
1461.708 .... 3398 packets received, 4764 bps, 59.55%, Err 1169 (1.0e-04)
1463.844 .... 3404 packets received, 4765 bps, 59.57%, Err 1169 (1.0e-04)
1465.991 .... 3412 packets received, 4770 bps, 59.62%, Err 1171 (1.0e-04)
1468.600 .... 3416 packets received, 4767 bps, 59.58%, Err 1174 (1.0e-04)
1474.704 .... 3419 packets received, 4751 bps, 59.39%, Err 1179 (1.0e-04)
1477.334 .... 3429 packets received, 4757 bps, 59.46%, Err 1183 (1.0e-04)
1479.450 .... 3439 packets received, 4764 bps, 59.54%, Err 1184 (1.0e-04)
